[ 2016-05-05T14:11:26+08:00 ] ::1 /register_system/index.php/Admin/Enter/lotNum.html
INFO: [ app_begin ] --START--
INFO: Run Behavior\ReadHtmlCacheBehavior [ RunTime:0.015469s ]
INFO: [ app_begin ] --END-- [ RunTime:0.027102s ]
SQL: SHOW COLUMNS FROM `setting` [ RunTime:0.0276s ]
SQL: SELECT * FROM `setting` LIMIT 1   [ RunTime:0.0004s ]
SQL: SHOW COLUMNS FROM `register` [ RunTime:0.0063s ]
SQL: UPDATE `register` SET `civil_status`='1' WHERE `civil_junior` = 12 AND `id` IN ('1','3','5') [ RunTime:0.1109s ]

[ 2016-05-05T14:11:35+08:00 ] ::1 /register_system/index.php/Admin/Enter/NlotNum.html
INFO: [ app_begin ] --START--
INFO: Run Behavior\ReadHtmlCacheBehavior [ RunTime:0.000773s ]
INFO: [ app_begin ] --END-- [ RunTime:0.001377s ]
SQL: SHOW COLUMNS FROM `setting` [ RunTime:0.0056s ]
SQL: SELECT * FROM `setting` LIMIT 1   [ RunTime:0.0002s ]
SQL: SHOW COLUMNS FROM `register` [ RunTime:0.0058s ]
SQL: UPDATE `register` SET `civil_status`='3' WHERE `civil_junior` = 12 AND `id` IN ('2','4','6') [ RunTime:0.0456s ]

[ 2016-05-05T14:11:45+08:00 ] ::1 /register_system/index.php/Admin/Enter/cilil_issued_lot.html
INFO: [ app_begin ] --START--
INFO: Run Behavior\ReadHtmlCacheBehavior [ RunTime:0.001100s ]
INFO: [ app_begin ] --END-- [ RunTime:0.001841s ]
SQL: SHOW COLUMNS FROM `setting` [ RunTime:0.0053s ]
SQL: SELECT * FROM `setting` LIMIT 1   [ RunTime:0.0003s ]
SQL: SHOW COLUMNS FROM `register` [ RunTime:0.0060s ]
SQL: UPDATE `register` SET `lot_release`='1' WHERE `civil_junior` = 12 AND `civil_status` = 1 [ RunTime:0.0004s ]
SQL: UPDATE `register` SET `lot_release`='1',`civil_release`='1' WHERE `civil_junior` = 12 AND `civil_status` = 3 [ RunTime:0.0002s ]

[ 2016-05-05T14:12:07+08:00 ] ::1 /register_system/index.php/Admin/Enter/civil_admis.html
INFO: [ app_begin ] --START--
INFO: Run Behavior\ReadHtmlCacheBehavior [ RunTime:0.000830s ]
INFO: [ app_begin ] --END-- [ RunTime:0.001469s ]
SQL: SHOW COLUMNS FROM `setting` [ RunTime:0.0076s ]
SQL: SELECT * FROM `setting` LIMIT 1   [ RunTime:0.0003s ]
SQL: SHOW COLUMNS FROM `register` [ RunTime:0.0051s ]
SQL: UPDATE `register` SET `civil_status`='2' WHERE `id` IN ('1') AND `civil_junior` = 12 [ RunTime:0.0517s ]

[ 2016-05-05T14:12:17+08:00 ] ::1 /register_system/index.php/Admin/Enter/civil_Nadmis.html
INFO: [ app_begin ] --START--
INFO: Run Behavior\ReadHtmlCacheBehavior [ RunTime:0.000575s ]
INFO: [ app_begin ] --END-- [ RunTime:0.001052s ]
SQL: SHOW COLUMNS FROM `setting` [ RunTime:0.0166s ]
SQL: SELECT * FROM `setting` LIMIT 1   [ RunTime:0.0002s ]

[ 2016-05-05T14:12:26+08:00 ] ::1 /register_system/index.php/Admin/Enter/civil_admis.html
INFO: [ app_begin ] --START--
INFO: Run Behavior\ReadHtmlCacheBehavior [ RunTime:0.000858s ]
INFO: [ app_begin ] --END-- [ RunTime:0.001400s ]
SQL: SHOW COLUMNS FROM `setting` [ RunTime:0.0505s ]
SQL: SELECT * FROM `setting` LIMIT 1   [ RunTime:0.0002s ]

[ 2016-05-05T14:13:45+08:00 ] ::1 /register_system/index.php/Admin/Enter/civil_Nadmis.html
INFO: [ app_begin ] --START--
INFO: Run Behavior\ReadHtmlCacheBehavior [ RunTime:0.000617s ]
INFO: [ app_begin ] --END-- [ RunTime:0.001093s ]
SQL: SHOW COLUMNS FROM `setting` [ RunTime:0.0072s ]
SQL: SELECT * FROM `setting` LIMIT 1   [ RunTime:0.0004s ]

[ 2016-05-05T14:14:21+08:00 ] ::1 /register_system/index.php/Admin/Enter/civil_Nadmis.html
INFO: [ app_begin ] --START--
INFO: Run Behavior\ReadHtmlCacheBehavior [ RunTime:0.001089s ]
INFO: [ app_begin ] --END-- [ RunTime:0.001859s ]
SQL: SHOW COLUMNS FROM `setting` [ RunTime:0.0055s ]
SQL: SELECT * FROM `setting` LIMIT 1   [ RunTime:0.0002s ]

[ 2016-05-05T14:14:28+08:00 ] ::1 /register_system/index.php/Admin/Enter/civil_Nadmis.html
INFO: [ app_begin ] --START--
INFO: Run Behavior\ReadHtmlCacheBehavior [ RunTime:0.000904s ]
INFO: [ app_begin ] --END-- [ RunTime:0.001650s ]
SQL: SHOW COLUMNS FROM `setting` [ RunTime:0.0060s ]
SQL: SELECT * FROM `setting` LIMIT 1   [ RunTime:0.0003s ]

[ 2016-05-05T14:14:59+08:00 ] ::1 /register_system/index.php/Admin/Enter/civil_Nadmis.html
INFO: [ app_begin ] --START--
INFO: Run Behavior\ReadHtmlCacheBehavior [ RunTime:0.000998s ]
INFO: [ app_begin ] --END-- [ RunTime:0.001643s ]
SQL: SHOW COLUMNS FROM `setting` [ RunTime:0.0166s ]
SQL: SELECT * FROM `setting` LIMIT 1   [ RunTime:0.0003s ]

[ 2016-05-05T14:15:22+08:00 ] ::1 /register_system/index.php/Admin/Enter/civil_Nadmis.html
INFO: [ app_begin ] --START--
INFO: Run Behavior\ReadHtmlCacheBehavior [ RunTime:0.001027s ]
INFO: [ app_begin ] --END-- [ RunTime:0.001802s ]
SQL: SHOW COLUMNS FROM `setting` [ RunTime:0.0165s ]
SQL: SELECT * FROM `setting` LIMIT 1   [ RunTime:0.0002s ]

[ 2016-05-05T14:15:47+08:00 ] ::1 /register_system/index.php/Admin/Enter/civil_admis.html
INFO: [ app_begin ] --START--
INFO: Run Behavior\ReadHtmlCacheBehavior [ RunTime:0.001332s ]
INFO: [ app_begin ] --END-- [ RunTime:0.002094s ]
SQL: SHOW COLUMNS FROM `setting` [ RunTime:0.0417s ]
SQL: SELECT * FROM `setting` LIMIT 1   [ RunTime:0.0003s ]
SQL: SHOW COLUMNS FROM `register` [ RunTime:0.0065s ]
SQL: UPDATE `register` SET `civil_status`='2' WHERE `id` IN ('1') AND `civil_junior` = 12 [ RunTime:0.0767s ]

[ 2016-05-05T14:15:51+08:00 ] ::1 /register_system/index.php/Admin/Enter/civil_Nadmis.html
INFO: [ app_begin ] --START--
INFO: Run Behavior\ReadHtmlCacheBehavior [ RunTime:0.000578s ]
INFO: [ app_begin ] --END-- [ RunTime:0.001050s ]
SQL: SHOW COLUMNS FROM `setting` [ RunTime:0.0053s ]
SQL: SELECT * FROM `setting` LIMIT 1   [ RunTime:0.0002s ]
SQL: SHOW COLUMNS FROM `register` [ RunTime:0.0053s ]
SQL: UPDATE `register` SET `civil_status`='3' WHERE `civil_junior` = 12 AND `id` IN ('1') [ RunTime:0.0694s ]
NOTIC: [8] Undefined index: auccess D:\wamp\www\register_system\Application\Admin\Controller\EnterController.class.php 第 350 行.

[ 2016-05-05T14:16:00+08:00 ] ::1 /register_system/index.php/Admin/Enter/civil_Nadmis.html
INFO: [ app_begin ] --START--
INFO: Run Behavior\ReadHtmlCacheBehavior [ RunTime:0.000619s ]
INFO: [ app_begin ] --END-- [ RunTime:0.001177s ]
SQL: SHOW COLUMNS FROM `setting` [ RunTime:0.0056s ]
SQL: SELECT * FROM `setting` LIMIT 1   [ RunTime:0.0064s ]
SQL: SHOW COLUMNS FROM `register` [ RunTime:0.0062s ]
SQL: UPDATE `register` SET `civil_status`='3' WHERE `civil_junior` = 12 AND `id` IN ('3') [ RunTime:0.0545s ]
NOTIC: [8] Undefined index: auccess D:\wamp\www\register_system\Application\Admin\Controller\EnterController.class.php 第 350 行.

[ 2016-05-05T14:16:02+08:00 ] ::1 /register_system/index.php/Admin/Enter/civil_admis.html
INFO: [ app_begin ] --START--
INFO: Run Behavior\ReadHtmlCacheBehavior [ RunTime:0.001114s ]
INFO: [ app_begin ] --END-- [ RunTime:0.001682s ]
SQL: SHOW COLUMNS FROM `setting` [ RunTime:0.0167s ]
SQL: SELECT * FROM `setting` LIMIT 1   [ RunTime:0.0003s ]
SQL: SHOW COLUMNS FROM `register` [ RunTime:0.0056s ]
SQL: UPDATE `register` SET `civil_status`='2' WHERE `id` IN ('5') AND `civil_junior` = 12 [ RunTime:0.0608s ]

[ 2016-05-05T14:16:09+08:00 ] ::1 /register_system/index.php/Admin/Enter/civil_admis.html
INFO: [ app_begin ] --START--
INFO: Run Behavior\ReadHtmlCacheBehavior [ RunTime:0.000777s ]
INFO: [ app_begin ] --END-- [ RunTime:0.001422s ]
SQL: SHOW COLUMNS FROM `setting` [ RunTime:0.0087s ]
SQL: SELECT * FROM `setting` LIMIT 1   [ RunTime:0.0003s ]
SQL: SHOW COLUMNS FROM `register` [ RunTime:0.0062s ]
SQL: UPDATE `register` SET `civil_status`='2' WHERE `id` IN ('1') AND `civil_junior` = 12 [ RunTime:0.0546s ]

[ 2016-05-05T14:21:35+08:00 ] ::1 /register_system/index.php/Admin/Enter/civil_issued_admis.html
INFO: [ app_begin ] --START--
INFO: Run Behavior\ReadHtmlCacheBehavior [ RunTime:0.001133s ]
INFO: [ app_begin ] --END-- [ RunTime:0.001734s ]
SQL: SHOW COLUMNS FROM `setting` [ RunTime:0.0223s ]
SQL: SELECT * FROM `setting` LIMIT 1   [ RunTime:0.0004s ]
SQL: SHOW COLUMNS FROM `register` [ RunTime:0.0060s ]
SQL: UPDATE `register` SET `civil_release`='1' WHERE `civil_junior` = 12 AND `civil_status` IN ('2','3') [ RunTime:0.0544s ]

[ 2016-05-05T20:59:28+08:00 ] ::1 /register_system/index.php/Admin/Enter/pub_admis.html
INFO: [ app_begin ] --START--
INFO: Run Behavior\ReadHtmlCacheBehavior [ RunTime:0.001020s ]
INFO: [ app_begin ] --END-- [ RunTime:0.001847s ]
SQL: SHOW COLUMNS FROM `setting` [ RunTime:0.0071s ]
SQL: SELECT * FROM `setting` LIMIT 1   [ RunTime:0.0005s ]
SQL: SHOW COLUMNS FROM `register` [ RunTime:0.0064s ]
SQL: UPDATE `register` SET `pub_status`='1' WHERE `id` IN ('3') AND `pub_junior` = 9 [ RunTime:0.2573s ]

[ 2016-05-05T21:06:48+08:00 ] ::1 /register_system/index.php/Admin/Enter/pub_admis.html
INFO: [ app_begin ] --START--
INFO: Run Behavior\ReadHtmlCacheBehavior [ RunTime:0.000836s ]
INFO: [ app_begin ] --END-- [ RunTime:0.001561s ]
SQL: SHOW COLUMNS FROM `setting` [ RunTime:0.0064s ]
SQL: SELECT * FROM `setting` LIMIT 1   [ RunTime:0.0003s ]
SQL: SHOW COLUMNS FROM `register` [ RunTime:0.0052s ]
SQL: UPDATE `register` SET `pub_status`='1' WHERE `id` IN ('4') AND `pub_junior` = 9 [ RunTime:0.0560s ]

[ 2016-05-05T21:06:52+08:00 ] ::1 /register_system/index.php/Admin/Enter/pub_admis.html
INFO: [ app_begin ] --START--
INFO: Run Behavior\ReadHtmlCacheBehavior [ RunTime:0.001690s ]
INFO: [ app_begin ] --END-- [ RunTime:0.002620s ]
SQL: SHOW COLUMNS FROM `setting` [ RunTime:0.0079s ]
SQL: SELECT * FROM `setting` LIMIT 1   [ RunTime:0.0003s ]
SQL: SHOW COLUMNS FROM `register` [ RunTime:0.0067s ]
SQL: UPDATE `register` SET `pub_status`='1' WHERE `id` IN ('6') AND `pub_junior` = 9 [ RunTime:0.1236s ]

[ 2016-05-05T21:06:58+08:00 ] ::1 /register_system/index.php/Admin/Enter/pub_Nadmis.html
INFO: [ app_begin ] --START--
INFO: Run Behavior\ReadHtmlCacheBehavior [ RunTime:0.000693s ]
INFO: [ app_begin ] --END-- [ RunTime:0.001184s ]
SQL: SHOW COLUMNS FROM `setting` [ RunTime:0.0343s ]
SQL: SELECT * FROM `setting` LIMIT 1   [ RunTime:0.0003s ]
SQL: SHOW COLUMNS FROM `register` [ RunTime:0.0052s ]
SQL: UPDATE `register` SET `pub_status`='2' WHERE `pub_junior` = 9 AND `id` IN ('3') [ RunTime:0.0481s ]
NOTIC: [8] Undefined index: auccess D:\wamp\www\register_system\Application\Admin\Controller\EnterController.class.php 第 169 行.

[ 2016-05-05T21:07:04+08:00 ] ::1 /register_system/index.php/Admin/Enter/pub_Nadmis.html
INFO: [ app_begin ] --START--
INFO: Run Behavior\ReadHtmlCacheBehavior [ RunTime:0.000808s ]
INFO: [ app_begin ] --END-- [ RunTime:0.001355s ]
SQL: SHOW COLUMNS FROM `setting` [ RunTime:0.0199s ]
SQL: SELECT * FROM `setting` LIMIT 1   [ RunTime:0.0003s ]
SQL: SHOW COLUMNS FROM `register` [ RunTime:0.0059s ]
SQL: UPDATE `register` SET `pub_status`='2' WHERE `pub_junior` = 9 AND `id` IN ('4') [ RunTime:0.0615s ]
NOTIC: [8] Undefined index: auccess D:\wamp\www\register_system\Application\Admin\Controller\EnterController.class.php 第 169 行.

[ 2016-05-05T21:07:06+08:00 ] ::1 /register_system/index.php/Admin/Enter/pub_Nadmis.html
INFO: [ app_begin ] --START--
INFO: Run Behavior\ReadHtmlCacheBehavior [ RunTime:0.001536s ]
INFO: [ app_begin ] --END-- [ RunTime:0.002364s ]
SQL: SHOW COLUMNS FROM `setting` [ RunTime:0.0134s ]
SQL: SELECT * FROM `setting` LIMIT 1   [ RunTime:0.0002s ]
SQL: SHOW COLUMNS FROM `register` [ RunTime:0.0054s ]
SQL: UPDATE `register` SET `pub_status`='2' WHERE `pub_junior` = 9 AND `id` IN ('6') [ RunTime:0.0487s ]
NOTIC: [8] Undefined index: auccess D:\wamp\www\register_system\Application\Admin\Controller\EnterController.class.php 第 169 行.

[ 2016-05-05T21:07:15+08:00 ] ::1 /register_system/index.php/Admin/Enter/pub_admis.html
INFO: [ app_begin ] --START--
INFO: Run Behavior\ReadHtmlCacheBehavior [ RunTime:0.000839s ]
INFO: [ app_begin ] --END-- [ RunTime:0.001434s ]
SQL: SHOW COLUMNS FROM `setting` [ RunTime:0.0054s ]
SQL: SELECT * FROM `setting` LIMIT 1   [ RunTime:0.0003s ]
SQL: SHOW COLUMNS FROM `register` [ RunTime:0.0050s ]
NOTIC: [8] Array to string conversion D:\wamp\www\register_system\Application\Admin\Model\EnterModel.class.php 第 178 行.
SQL: UPDATE `register` SET `pub_status`='1' WHERE `id` IN ('Array') AND `pub_junior` = 9 [ RunTime:0.0004s ]

[ 2016-05-05T21:07:26+08:00 ] ::1 /register_system/index.php/Admin/Enter/pub_admis.html
INFO: [ app_begin ] --START--
INFO: Run Behavior\ReadHtmlCacheBehavior [ RunTime:0.000847s ]
INFO: [ app_begin ] --END-- [ RunTime:0.001543s ]
SQL: SHOW COLUMNS FROM `setting` [ RunTime:0.0122s ]
SQL: SELECT * FROM `setting` LIMIT 1   [ RunTime:0.0003s ]
SQL: SHOW COLUMNS FROM `register` [ RunTime:0.0063s ]
NOTIC: [8] Array to string conversion D:\wamp\www\register_system\Application\Admin\Model\EnterModel.class.php 第 178 行.
SQL: UPDATE `register` SET `pub_status`='1' WHERE `id` IN ('Array') AND `pub_junior` = 9 [ RunTime:0.0005s ]

[ 2016-05-05T21:07:35+08:00 ] ::1 /register_system/index.php/Admin/Enter/pub_Nadmis.html
INFO: [ app_begin ] --START--
INFO: Run Behavior\ReadHtmlCacheBehavior [ RunTime:0.000733s ]
INFO: [ app_begin ] --END-- [ RunTime:0.001251s ]
SQL: SHOW COLUMNS FROM `setting` [ RunTime:0.0053s ]
SQL: SELECT * FROM `setting` LIMIT 1   [ RunTime:0.0003s ]
SQL: SHOW COLUMNS FROM `register` [ RunTime:0.0056s ]
NOTIC: [8] Array to string conversion D:\wamp\www\register_system\Application\Admin\Model\EnterModel.class.php 第 200 行.
SQL: UPDATE `register` SET `pub_status`='2' WHERE `pub_junior` = 9 AND `id` IN ('Array') [ RunTime:0.0004s ]
NOTIC: [8] Undefined index: auccess D:\wamp\www\register_system\Application\Admin\Controller\EnterController.class.php 第 169 行.

[ 2016-05-05T21:33:20+08:00 ] ::1 /register_system/index.php/Admin/Enter/pub_admis.html
INFO: [ app_begin ] --START--
INFO: Run Behavior\ReadHtmlCacheBehavior [ RunTime:0.000656s ]
INFO: [ app_begin ] --END-- [ RunTime:0.001287s ]
SQL: SHOW COLUMNS FROM `setting` [ RunTime:0.0314s ]
SQL: SELECT * FROM `setting` LIMIT 1   [ RunTime:0.0003s ]
SQL: SHOW COLUMNS FROM `register` [ RunTime:0.0054s ]
NOTIC: [8] Array to string conversion D:\wamp\www\register_system\Application\Admin\Model\EnterModel.class.php 第 176 行.
SQL: UPDATE `register` SET `pub_status`='1' WHERE `id` IN ('Array') AND `pub_junior` = 9 [ RunTime:0.0007s ]

[ 2016-05-05T21:33:26+08:00 ] ::1 /register_system/index.php/Admin/Enter/pub_Nadmis.html
INFO: [ app_begin ] --START--
INFO: Run Behavior\ReadHtmlCacheBehavior [ RunTime:0.000579s ]
INFO: [ app_begin ] --END-- [ RunTime:0.001078s ]
SQL: SHOW COLUMNS FROM `setting` [ RunTime:0.0129s ]
SQL: SELECT * FROM `setting` LIMIT 1   [ RunTime:0.0003s ]
SQL: SHOW COLUMNS FROM `register` [ RunTime:0.0053s ]
NOTIC: [8] Array to string conversion D:\wamp\www\register_system\Application\Admin\Model\EnterModel.class.php 第 194 行.
SQL: UPDATE `register` SET `pub_status`='2' WHERE `pub_junior` = 9 AND `id` IN ('Array') [ RunTime:0.0004s ]
NOTIC: [8] Undefined index: auccess D:\wamp\www\register_system\Application\Admin\Controller\EnterController.class.php 第 169 行.

[ 2016-05-05T21:33:31+08:00 ] ::1 /register_system/index.php/Admin/Enter/pub_admis.html
INFO: [ app_begin ] --START--
INFO: Run Behavior\ReadHtmlCacheBehavior [ RunTime:0.000826s ]
INFO: [ app_begin ] --END-- [ RunTime:0.001320s ]
SQL: SHOW COLUMNS FROM `setting` [ RunTime:0.0296s ]
SQL: SELECT * FROM `setting` LIMIT 1   [ RunTime:0.0002s ]
SQL: SHOW COLUMNS FROM `register` [ RunTime:0.0084s ]
SQL: UPDATE `register` SET `pub_status`='1' WHERE `id` IN ('3') AND `pub_junior` = 9 [ RunTime:0.0600s ]

[ 2016-05-05T21:33:34+08:00 ] ::1 /register_system/index.php/Admin/Enter/pub_admis.html
INFO: [ app_begin ] --START--
INFO: Run Behavior\ReadHtmlCacheBehavior [ RunTime:0.000959s ]
INFO: [ app_begin ] --END-- [ RunTime:0.001832s ]
SQL: SHOW COLUMNS FROM `setting` [ RunTime:0.0294s ]
SQL: SELECT * FROM `setting` LIMIT 1   [ RunTime:0.0002s ]
SQL: SHOW COLUMNS FROM `register` [ RunTime:0.0063s ]
SQL: UPDATE `register` SET `pub_status`='1' WHERE `id` IN ('4') AND `pub_junior` = 9 [ RunTime:0.0407s ]

[ 2016-05-05T21:33:36+08:00 ] ::1 /register_system/index.php/Admin/Enter/pub_admis.html
INFO: [ app_begin ] --START--
INFO: Run Behavior\ReadHtmlCacheBehavior [ RunTime:0.000805s ]
INFO: [ app_begin ] --END-- [ RunTime:0.001450s ]
SQL: SHOW COLUMNS FROM `setting` [ RunTime:0.0204s ]
SQL: SELECT * FROM `setting` LIMIT 1   [ RunTime:0.0004s ]
SQL: SHOW COLUMNS FROM `register` [ RunTime:0.0061s ]
SQL: UPDATE `register` SET `pub_status`='1' WHERE `id` IN ('6') AND `pub_junior` = 9 [ RunTime:0.1099s ]

[ 2016-05-05T21:33:44+08:00 ] ::1 /register_system/index.php/Admin/Enter/pub_Nadmis.html
INFO: [ app_begin ] --START--
INFO: Run Behavior\ReadHtmlCacheBehavior [ RunTime:0.000960s ]
INFO: [ app_begin ] --END-- [ RunTime:0.001809s ]
SQL: SHOW COLUMNS FROM `setting` [ RunTime:0.0272s ]
SQL: SELECT * FROM `setting` LIMIT 1   [ RunTime:0.0004s ]
SQL: SHOW COLUMNS FROM `register` [ RunTime:0.0070s ]
NOTIC: [8] Array to string conversion D:\wamp\www\register_system\Application\Admin\Model\EnterModel.class.php 第 194 行.
SQL: UPDATE `register` SET `pub_status`='2' WHERE `pub_junior` = 9 AND `id` IN ('Array') [ RunTime:0.0005s ]
NOTIC: [8] Undefined index: auccess D:\wamp\www\register_system\Application\Admin\Controller\EnterController.class.php 第 169 行.

[ 2016-05-05T21:45:01+08:00 ] ::1 /register_system/index.php/Admin/Enter/pub_Nadmis.html
INFO: [ app_begin ] --START--
INFO: Run Behavior\ReadHtmlCacheBehavior [ RunTime:0.000795s ]
INFO: [ app_begin ] --END-- [ RunTime:0.001358s ]
SQL: SHOW COLUMNS FROM `setting` [ RunTime:0.0074s ]
SQL: SELECT * FROM `setting` LIMIT 1   [ RunTime:0.0003s ]
SQL: SHOW COLUMNS FROM `register` [ RunTime:0.0055s ]
NOTIC: [8] Array to string conversion D:\wamp\www\register_system\Application\Admin\Model\EnterModel.class.php 第 194 行.
SQL: UPDATE `register` SET `pub_status`='2' WHERE `pub_junior` = 9 AND `id` IN ('Array') [ RunTime:0.0008s ]
NOTIC: [8] Undefined index: auccess D:\wamp\www\register_system\Application\Admin\Controller\EnterController.class.php 第 169 行.

[ 2016-05-05T21:45:21+08:00 ] ::1 /register_system/index.php/Admin/Enter/pub_Nadmis.html
INFO: [ app_begin ] --START--
INFO: Run Behavior\ReadHtmlCacheBehavior [ RunTime:0.000574s ]
INFO: [ app_begin ] --END-- [ RunTime:0.001044s ]
SQL: SHOW COLUMNS FROM `setting` [ RunTime:0.0064s ]
SQL: SELECT * FROM `setting` LIMIT 1   [ RunTime:0.0003s ]
SQL: SHOW COLUMNS FROM `register` [ RunTime:0.0055s ]
NOTIC: [8] Array to string conversion D:\wamp\www\register_system\Application\Admin\Model\EnterModel.class.php 第 194 行.
SQL: UPDATE `register` SET `pub_status`='2' WHERE `pub_junior` = 9 AND `id` IN ('Array') [ RunTime:0.0004s ]
NOTIC: [8] Undefined index: auccess D:\wamp\www\register_system\Application\Admin\Controller\EnterController.class.php 第 169 行.

[ 2016-05-05T22:21:36+08:00 ] ::1 /register_system/index.php/Admin/Enter/pub_Nadmis.html
INFO: [ app_begin ] --START--
INFO: Run Behavior\ReadHtmlCacheBehavior [ RunTime:0.000772s ]
INFO: [ app_begin ] --END-- [ RunTime:0.001349s ]
SQL: SHOW COLUMNS FROM `setting` [ RunTime:0.0068s ]
SQL: SELECT * FROM `setting` LIMIT 1   [ RunTime:0.0005s ]
SQL: SHOW COLUMNS FROM `register` [ RunTime:0.0062s ]
NOTIC: [8] Array to string conversion D:\wamp\www\register_system\Application\Admin\Model\EnterModel.class.php 第 194 行.
SQL: UPDATE `register` SET `pub_status`='2' WHERE `pub_junior` = 9 AND `id` IN ('Array') [ RunTime:0.0010s ]
NOTIC: [8] Undefined index: auccess D:\wamp\www\register_system\Application\Admin\Controller\EnterController.class.php 第 169 行.

[ 2016-05-05T22:22:09+08:00 ] ::1 /register_system/index.php/Admin/Enter/pub_Nadmis.html
INFO: [ app_begin ] --START--
INFO: Run Behavior\ReadHtmlCacheBehavior [ RunTime:0.002444s ]
INFO: [ app_begin ] --END-- [ RunTime:0.004452s ]
SQL: SHOW COLUMNS FROM `setting` [ RunTime:0.0210s ]
SQL: SELECT * FROM `setting` LIMIT 1   [ RunTime:0.0008s ]

[ 2016-05-05T22:24:09+08:00 ] ::1 /register_system/index.php/Admin/Enter/pub_Nadmis.html
INFO: [ app_begin ] --START--
INFO: Run Behavior\ReadHtmlCacheBehavior [ RunTime:0.000910s ]
INFO: [ app_begin ] --END-- [ RunTime:0.001627s ]
SQL: SHOW COLUMNS FROM `setting` [ RunTime:0.0185s ]
SQL: SELECT * FROM `setting` LIMIT 1   [ RunTime:0.0002s ]
SQL: SHOW COLUMNS FROM `register` [ RunTime:0.0058s ]
NOTIC: [8] Array to string conversion D:\wamp\www\register_system\Application\Admin\Model\EnterModel.class.php 第 194 行.
SQL: UPDATE `register` SET `pub_status`='2' WHERE `pub_junior` = 9 AND `id` IN ('Array') [ RunTime:0.0005s ]

[ 2016-05-05T22:25:41+08:00 ] ::1 /register_system/index.php/Admin/Enter/pub_Nadmis.html
INFO: [ app_begin ] --START--
INFO: Run Behavior\ReadHtmlCacheBehavior [ RunTime:0.000607s ]
INFO: [ app_begin ] --END-- [ RunTime:0.001196s ]
SQL: SHOW COLUMNS FROM `setting` [ RunTime:0.0149s ]
SQL: SELECT * FROM `setting` LIMIT 1   [ RunTime:0.0003s ]
SQL: SHOW COLUMNS FROM `register` [ RunTime:0.0068s ]
NOTIC: [8] Array to string conversion D:\wamp\www\register_system\Application\Admin\Model\EnterModel.class.php 第 194 行.
SQL: UPDATE `register` SET `pub_status`='2' WHERE `pub_junior` = 9 AND `id` IN ('Array') [ RunTime:0.0005s ]

[ 2016-05-05T22:25:56+08:00 ] ::1 /register_system/index.php/Admin/Enter/pub_admis.html
INFO: [ app_begin ] --START--
INFO: Run Behavior\ReadHtmlCacheBehavior [ RunTime:0.000643s ]
INFO: [ app_begin ] --END-- [ RunTime:0.001296s ]
SQL: SHOW COLUMNS FROM `setting` [ RunTime:0.0247s ]
SQL: SELECT * FROM `setting` LIMIT 1   [ RunTime:0.0002s ]
SQL: SHOW COLUMNS FROM `register` [ RunTime:0.0060s ]
NOTIC: [8] Array to string conversion D:\wamp\www\register_system\Application\Admin\Model\EnterModel.class.php 第 176 行.
SQL: UPDATE `register` SET `pub_status`='1' WHERE `id` IN ('Array') AND `pub_junior` = 9 [ RunTime:0.0004s ]

[ 2016-05-05T22:26:04+08:00 ] ::1 /register_system/index.php/Admin/Enter/pub_admis.html
INFO: [ app_begin ] --START--
INFO: Run Behavior\ReadHtmlCacheBehavior [ RunTime:0.001547s ]
INFO: [ app_begin ] --END-- [ RunTime:0.002599s ]
SQL: SHOW COLUMNS FROM `setting` [ RunTime:0.0048s ]
SQL: SELECT * FROM `setting` LIMIT 1   [ RunTime:0.0003s ]
SQL: SHOW COLUMNS FROM `register` [ RunTime:0.0095s ]
SQL: UPDATE `register` SET `pub_status`='1' WHERE `id` IN ('3') AND `pub_junior` = 9 [ RunTime:0.0716s ]

[ 2016-05-05T22:26:07+08:00 ] ::1 /register_system/index.php/Admin/Enter/pub_admis.html
INFO: [ app_begin ] --START--
INFO: Run Behavior\ReadHtmlCacheBehavior [ RunTime:0.000697s ]
INFO: [ app_begin ] --END-- [ RunTime:0.001363s ]
SQL: SHOW COLUMNS FROM `setting` [ RunTime:0.0065s ]
SQL: SELECT * FROM `setting` LIMIT 1   [ RunTime:0.0003s ]
SQL: SHOW COLUMNS FROM `register` [ RunTime:0.0108s ]
SQL: UPDATE `register` SET `pub_status`='1' WHERE `id` IN ('4') AND `pub_junior` = 9 [ RunTime:0.0474s ]

[ 2016-05-05T22:26:10+08:00 ] ::1 /register_system/index.php/Admin/Enter/pub_admis.html
INFO: [ app_begin ] --START--
INFO: Run Behavior\ReadHtmlCacheBehavior [ RunTime:0.000591s ]
INFO: [ app_begin ] --END-- [ RunTime:0.001078s ]
SQL: SHOW COLUMNS FROM `setting` [ RunTime:0.0708s ]
SQL: SELECT * FROM `setting` LIMIT 1   [ RunTime:0.0003s ]
SQL: SHOW COLUMNS FROM `register` [ RunTime:0.0049s ]
SQL: UPDATE `register` SET `pub_status`='1' WHERE `id` IN ('6') AND `pub_junior` = 9 [ RunTime:0.0408s ]

[ 2016-05-05T22:26:19+08:00 ] ::1 /register_system/index.php/Admin/Enter/pub_Nadmis.html
INFO: [ app_begin ] --START--
INFO: Run Behavior\ReadHtmlCacheBehavior [ RunTime:0.000868s ]
INFO: [ app_begin ] --END-- [ RunTime:0.001661s ]
SQL: SHOW COLUMNS FROM `setting` [ RunTime:0.0220s ]
SQL: SELECT * FROM `setting` LIMIT 1   [ RunTime:0.0007s ]
SQL: SHOW COLUMNS FROM `register` [ RunTime:0.0062s ]
SQL: UPDATE `register` SET `pub_status`='2' WHERE `pub_junior` = 9 AND `id` IN ('3') [ RunTime:0.0644s ]

[ 2016-05-05T22:26:21+08:00 ] ::1 /register_system/index.php/Admin/Enter/pub_Nadmis.html
INFO: [ app_begin ] --START--
INFO: Run Behavior\ReadHtmlCacheBehavior [ RunTime:0.000847s ]
INFO: [ app_begin ] --END-- [ RunTime:0.001528s ]
SQL: SHOW COLUMNS FROM `setting` [ RunTime:0.0069s ]
SQL: SELECT * FROM `setting` LIMIT 1   [ RunTime:0.0003s ]
SQL: SHOW COLUMNS FROM `register` [ RunTime:0.0053s ]
SQL: UPDATE `register` SET `pub_status`='2' WHERE `pub_junior` = 9 AND `id` IN ('4') [ RunTime:0.0405s ]

[ 2016-05-05T22:26:23+08:00 ] ::1 /register_system/index.php/Admin/Enter/pub_Nadmis.html
INFO: [ app_begin ] --START--
INFO: Run Behavior\ReadHtmlCacheBehavior [ RunTime:0.000717s ]
INFO: [ app_begin ] --END-- [ RunTime:0.001902s ]
SQL: SHOW COLUMNS FROM `setting` [ RunTime:0.0183s ]
SQL: SELECT * FROM `setting` LIMIT 1   [ RunTime:0.0003s ]
SQL: SHOW COLUMNS FROM `register` [ RunTime:0.0054s ]
SQL: UPDATE `register` SET `pub_status`='2' WHERE `pub_junior` = 9 AND `id` IN ('6') [ RunTime:0.0700s ]

[ 2016-05-05T22:32:28+08:00 ] ::1 /register_system/index.php/Admin/Enter/pub_Nadmis.html
INFO: [ app_begin ] --START--
INFO: Run Behavior\ReadHtmlCacheBehavior [ RunTime:0.000782s ]
INFO: [ app_begin ] --END-- [ RunTime:0.001619s ]
SQL: SHOW COLUMNS FROM `setting` [ RunTime:0.0157s ]
SQL: SELECT * FROM `setting` LIMIT 1   [ RunTime:0.0003s ]
SQL: SHOW COLUMNS FROM `register` [ RunTime:0.0055s ]
NOTIC: [8] Array to string conversion D:\wamp\www\register_system\Application\Admin\Model\EnterModel.class.php 第 194 行.
SQL: UPDATE `register` SET `pub_status`='2' WHERE `pub_junior` = 9 AND `id` IN ('Array') [ RunTime:0.0004s ]

[ 2016-05-05T22:34:10+08:00 ] ::1 /register_system/index.php/Admin/Enter/pub_admis.html
INFO: [ app_begin ] --START--
INFO: Run Behavior\ReadHtmlCacheBehavior [ RunTime:0.000918s ]
INFO: [ app_begin ] --END-- [ RunTime:0.001661s ]
SQL: SHOW COLUMNS FROM `setting` [ RunTime:0.0064s ]
SQL: SELECT * FROM `setting` LIMIT 1   [ RunTime:0.0004s ]
INFO: [ app_end ] --START--
INFO: Run Behavior\ShowPageTraceBehavior [ RunTime:0.000982s ]
INFO: [ app_end ] --END-- [ RunTime:0.001181s ]

[ 2016-05-05T22:34:15+08:00 ] ::1 /register_system/index.php/Admin/Enter/pub_admis.html
INFO: [ app_begin ] --START--
INFO: Run Behavior\ReadHtmlCacheBehavior [ RunTime:0.000803s ]
INFO: [ app_begin ] --END-- [ RunTime:0.001698s ]
SQL: SHOW COLUMNS FROM `setting` [ RunTime:0.0069s ]
SQL: SELECT * FROM `setting` LIMIT 1   [ RunTime:0.0003s ]
INFO: [ app_end ] --START--
INFO: Run Behavior\ShowPageTraceBehavior [ RunTime:0.000733s ]
INFO: [ app_end ] --END-- [ RunTime:0.000854s ]

[ 2016-05-05T22:34:18+08:00 ] ::1 /register_system/index.php/Admin/Enter/pub_admis.html
INFO: [ app_begin ] --START--
INFO: Run Behavior\ReadHtmlCacheBehavior [ RunTime:0.000581s ]
INFO: [ app_begin ] --END-- [ RunTime:0.001049s ]
SQL: SHOW COLUMNS FROM `setting` [ RunTime:0.0418s ]
SQL: SELECT * FROM `setting` LIMIT 1   [ RunTime:0.0002s ]
INFO: [ app_end ] --START--
INFO: Run Behavior\ShowPageTraceBehavior [ RunTime:0.001148s ]
INFO: [ app_end ] --END-- [ RunTime:0.001303s ]

[ 2016-05-05T22:34:28+08:00 ] ::1 /register_system/index.php/Admin/Enter/pub_admis.html
INFO: [ app_begin ] --START--
INFO: Run Behavior\ReadHtmlCacheBehavior [ RunTime:0.000635s ]
INFO: [ app_begin ] --END-- [ RunTime:0.001210s ]
SQL: SHOW COLUMNS FROM `setting` [ RunTime:0.0276s ]
SQL: SELECT * FROM `setting` LIMIT 1   [ RunTime:0.0002s ]
INFO: [ app_end ] --START--
INFO: Run Behavior\ShowPageTraceBehavior [ RunTime:0.000697s ]
INFO: [ app_end ] --END-- [ RunTime:0.000811s ]

[ 2016-05-05T22:35:12+08:00 ] ::1 /register_system/index.php/Admin/Enter/pub_admis.html
INFO: [ app_begin ] --START--
INFO: Run Behavior\ReadHtmlCacheBehavior [ RunTime:0.000575s ]
INFO: [ app_begin ] --END-- [ RunTime:0.001046s ]
SQL: SHOW COLUMNS FROM `setting` [ RunTime:0.0065s ]
SQL: SELECT * FROM `setting` LIMIT 1   [ RunTime:0.0004s ]
INFO: [ app_end ] --START--
INFO: Run Behavior\ShowPageTraceBehavior [ RunTime:0.000990s ]
INFO: [ app_end ] --END-- [ RunTime:0.001156s ]

[ 2016-05-05T22:35:13+08:00 ] ::1 /register_system/index.php/Admin/Enter/pub_Nadmis.html
INFO: [ app_begin ] --START--
INFO: Run Behavior\ReadHtmlCacheBehavior [ RunTime:0.000700s ]
INFO: [ app_begin ] --END-- [ RunTime:0.001332s ]
SQL: SHOW COLUMNS FROM `setting` [ RunTime:0.0188s ]
SQL: SELECT * FROM `setting` LIMIT 1   [ RunTime:0.0004s ]
SQL: SHOW COLUMNS FROM `register` [ RunTime:0.0052s ]
NOTIC: [8] Array to string conversion D:\wamp\www\register_system\Application\Admin\Model\EnterModel.class.php 第 194 行.
SQL: UPDATE `register` SET `pub_status`='2' WHERE `pub_junior` = 9 AND `id` IN ('Array') [ RunTime:0.0004s ]

[ 2016-05-05T22:36:20+08:00 ] ::1 /register_system/index.php/Admin/Enter/pub_Nadmis.html
INFO: [ app_begin ] --START--
INFO: Run Behavior\ReadHtmlCacheBehavior [ RunTime:0.001522s ]
INFO: [ app_begin ] --END-- [ RunTime:0.002316s ]
SQL: SHOW COLUMNS FROM `setting` [ RunTime:0.0061s ]
SQL: SELECT * FROM `setting` LIMIT 1   [ RunTime:0.0003s ]

[ 2016-05-05T22:36:21+08:00 ] ::1 /register_system/index.php/Admin/Enter/pub_admis.html
INFO: [ app_begin ] --START--
INFO: Run Behavior\ReadHtmlCacheBehavior [ RunTime:0.000639s ]
INFO: [ app_begin ] --END-- [ RunTime:0.001278s ]
SQL: SHOW COLUMNS FROM `setting` [ RunTime:0.0063s ]
SQL: SELECT * FROM `setting` LIMIT 1   [ RunTime:0.0003s ]
INFO: [ app_end ] --START--
INFO: Run Behavior\ShowPageTraceBehavior [ RunTime:0.000698s ]
INFO: [ app_end ] --END-- [ RunTime:0.000811s ]

[ 2016-05-05T22:36:32+08:00 ] ::1 /register_system/index.php/Admin/Enter/pub_admis.html
INFO: [ app_begin ] --START--
INFO: Run Behavior\ReadHtmlCacheBehavior [ RunTime:0.001596s ]
INFO: [ app_begin ] --END-- [ RunTime:0.002341s ]
SQL: SHOW COLUMNS FROM `setting` [ RunTime:0.0067s ]
SQL: SELECT * FROM `setting` LIMIT 1   [ RunTime:0.0003s ]
INFO: [ app_end ] --START--
INFO: Run Behavior\ShowPageTraceBehavior [ RunTime:0.000994s ]
INFO: [ app_end ] --END-- [ RunTime:0.001184s ]

[ 2016-05-05T22:36:49+08:00 ] ::1 /register_system/index.php/Admin/Enter/pub_admis.html
INFO: [ app_begin ] --START--
INFO: Run Behavior\ReadHtmlCacheBehavior [ RunTime:0.000930s ]
INFO: [ app_begin ] --END-- [ RunTime:0.001456s ]
SQL: SHOW COLUMNS FROM `setting` [ RunTime:0.0393s ]
SQL: SELECT * FROM `setting` LIMIT 1   [ RunTime:0.0003s ]

[ 2016-05-05T22:38:28+08:00 ] ::1 /register_system/index.php/Admin/Enter/pub_admis.html
INFO: [ app_begin ] --START--
INFO: Run Behavior\ReadHtmlCacheBehavior [ RunTime:0.000573s ]
INFO: [ app_begin ] --END-- [ RunTime:0.001028s ]
SQL: SHOW COLUMNS FROM `setting` [ RunTime:0.0130s ]
SQL: SELECT * FROM `setting` LIMIT 1   [ RunTime:0.0003s ]
SQL: SHOW COLUMNS FROM `register` [ RunTime:0.0050s ]
SQL: UPDATE `register` SET `pub_status`='1' WHERE `id` IN ('3','4','6') AND `pub_junior` = 9 [ RunTime:0.1314s ]

[ 2016-05-05T22:38:56+08:00 ] ::1 /register_system/index.php/Admin/Enter/pub_Nadmis.html
INFO: [ app_begin ] --START--
INFO: Run Behavior\ReadHtmlCacheBehavior [ RunTime:0.000725s ]
INFO: [ app_begin ] --END-- [ RunTime:0.001324s ]
SQL: SHOW COLUMNS FROM `setting` [ RunTime:0.0070s ]
SQL: SELECT * FROM `setting` LIMIT 1   [ RunTime:0.0005s ]
SQL: SHOW COLUMNS FROM `register` [ RunTime:0.0074s ]
NOTIC: [8] Array to string conversion D:\wamp\www\register_system\Application\Admin\Model\EnterModel.class.php 第 194 行.
SQL: UPDATE `register` SET `pub_status`='2' WHERE `pub_junior` = 9 AND `id` IN ('Array') [ RunTime:0.0005s ]

[ 2016-05-05T22:39:21+08:00 ] ::1 /register_system/index.php/Admin/Enter/pub_Nadmis.html
INFO: [ app_begin ] --START--
INFO: Run Behavior\ReadHtmlCacheBehavior [ RunTime:0.000824s ]
INFO: [ app_begin ] --END-- [ RunTime:0.001460s ]
SQL: SHOW COLUMNS FROM `setting` [ RunTime:0.0098s ]
SQL: SELECT * FROM `setting` LIMIT 1   [ RunTime:0.0002s ]
SQL: SHOW COLUMNS FROM `register` [ RunTime:0.0050s ]
SQL: UPDATE `register` SET `pub_status`='2' WHERE `pub_junior` = 9 AND `id` IN ('3','4','6') [ RunTime:0.0522s ]

[ 2016-05-05T22:40:03+08:00 ] ::1 /register_system/index.php/Admin/Enter/lotNum.html
INFO: [ app_begin ] --START--
INFO: Run Behavior\ReadHtmlCacheBehavior [ RunTime:0.000566s ]
INFO: [ app_begin ] --END-- [ RunTime:0.001043s ]
SQL: SHOW COLUMNS FROM `setting` [ RunTime:0.0341s ]
SQL: SELECT * FROM `setting` LIMIT 1   [ RunTime:0.0002s ]
SQL: SHOW COLUMNS FROM `register` [ RunTime:0.0049s ]
SQL: UPDATE `register` SET `civil_status`='1' WHERE `civil_junior` = 12 AND `id` IN ('9') [ RunTime:0.0488s ]

[ 2016-05-05T22:40:08+08:00 ] ::1 /register_system/index.php/Admin/Enter/cilil_issued_lot.html
INFO: [ app_begin ] --START--
INFO: Run Behavior\ReadHtmlCacheBehavior [ RunTime:0.000715s ]
INFO: [ app_begin ] --END-- [ RunTime:0.001377s ]
SQL: SHOW COLUMNS FROM `setting` [ RunTime:0.0187s ]
SQL: SELECT * FROM `setting` LIMIT 1   [ RunTime:0.0002s ]
SQL: SHOW COLUMNS FROM `register` [ RunTime:0.0080s ]
SQL: UPDATE `register` SET `lot_release`='1' WHERE `civil_junior` = 12 AND `civil_status` = 1 [ RunTime:0.0004s ]
SQL: UPDATE `register` SET `lot_release`='1',`civil_release`='1' WHERE `civil_junior` = 12 AND `civil_status` = 3 [ RunTime:0.0003s ]

[ 2016-05-05T22:40:29+08:00 ] ::1 /register_system/index.php/Admin/Enter/civil_admis.html
INFO: [ app_begin ] --START--
INFO: Run Behavior\ReadHtmlCacheBehavior [ RunTime:0.001047s ]
INFO: [ app_begin ] --END-- [ RunTime:0.002112s ]
SQL: SHOW COLUMNS FROM `setting` [ RunTime:0.0334s ]
SQL: SELECT * FROM `setting` LIMIT 1   [ RunTime:0.0002s ]

[ 2016-05-05T22:40:32+08:00 ] ::1 /register_system/index.php/Admin/Enter/civil_admis.html
INFO: [ app_begin ] --START--
INFO: Run Behavior\ReadHtmlCacheBehavior [ RunTime:0.000647s ]
INFO: [ app_begin ] --END-- [ RunTime:0.001104s ]
SQL: SHOW COLUMNS FROM `setting` [ RunTime:0.0215s ]
SQL: SELECT * FROM `setting` LIMIT 1   [ RunTime:0.0003s ]

[ 2016-05-05T22:40:41+08:00 ] ::1 /register_system/index.php/Admin/Enter/civil_admis.html
INFO: [ app_begin ] --START--
INFO: Run Behavior\ReadHtmlCacheBehavior [ RunTime:0.000569s ]
INFO: [ app_begin ] --END-- [ RunTime:0.001034s ]
SQL: SHOW COLUMNS FROM `setting` [ RunTime:0.0242s ]
SQL: SELECT * FROM `setting` LIMIT 1   [ RunTime:0.0003s ]

[ 2016-05-05T22:42:07+08:00 ] ::1 /register_system/index.php/Admin/Enter/civil_admis.html
INFO: [ app_begin ] --START--
INFO: Run Behavior\ReadHtmlCacheBehavior [ RunTime:0.000577s ]
INFO: [ app_begin ] --END-- [ RunTime:0.001047s ]
SQL: SHOW COLUMNS FROM `setting` [ RunTime:0.0050s ]
SQL: SELECT * FROM `setting` LIMIT 1   [ RunTime:0.0002s ]
SQL: SHOW COLUMNS FROM `register` [ RunTime:0.0049s ]
NOTIC: [8] Array to string conversion D:\wamp\www\register_system\Application\Admin\Model\EnterModel.class.php 第 168 行.
SQL: UPDATE `register` SET `civil_status`='2' WHERE `id` IN ('Array') AND `civil_junior` = 12 [ RunTime:0.0004s ]

[ 2016-05-05T22:42:33+08:00 ] ::1 /register_system/index.php/Admin/Enter/civil_admis.html
INFO: [ app_begin ] --START--
INFO: Run Behavior\ReadHtmlCacheBehavior [ RunTime:0.001009s ]
INFO: [ app_begin ] --END-- [ RunTime:0.001737s ]
SQL: SHOW COLUMNS FROM `setting` [ RunTime:0.0507s ]
SQL: SELECT * FROM `setting` LIMIT 1   [ RunTime:0.0002s ]
SQL: SHOW COLUMNS FROM `register` [ RunTime:0.0061s ]
SQL: UPDATE `register` SET `civil_status`='2' WHERE `id` IN ('9') AND `civil_junior` = 12 [ RunTime:0.0514s ]

[ 2016-05-05T22:42:38+08:00 ] ::1 /register_system/index.php/Admin/Enter/civil_Nadmis.html
INFO: [ app_begin ] --START--
INFO: Run Behavior\ReadHtmlCacheBehavior [ RunTime:0.000841s ]
INFO: [ app_begin ] --END-- [ RunTime:0.001486s ]
SQL: SHOW COLUMNS FROM `setting` [ RunTime:0.0058s ]
SQL: SELECT * FROM `setting` LIMIT 1   [ RunTime:0.0003s ]

[ 2016-05-05T22:42:42+08:00 ] ::1 /register_system/index.php/Admin/Enter/civil_Nadmis.html
INFO: [ app_begin ] --START--
INFO: Run Behavior\ReadHtmlCacheBehavior [ RunTime:0.000586s ]
INFO: [ app_begin ] --END-- [ RunTime:0.001047s ]
SQL: SHOW COLUMNS FROM `setting` [ RunTime:0.0431s ]
SQL: SELECT * FROM `setting` LIMIT 1   [ RunTime:0.0003s ]

[ 2016-05-05T22:42:46+08:00 ] ::1 /register_system/index.php/Admin/Enter/civil_Nadmis.html
INFO: [ app_begin ] --START--
INFO: Run Behavior\ReadHtmlCacheBehavior [ RunTime:0.000576s ]
INFO: [ app_begin ] --END-- [ RunTime:0.001031s ]
SQL: SHOW COLUMNS FROM `setting` [ RunTime:0.0237s ]
SQL: SELECT * FROM `setting` LIMIT 1   [ RunTime:0.0003s ]

[ 2016-05-05T22:43:15+08:00 ] ::1 /register_system/index.php/Admin/Enter/civil_Nadmis.html
INFO: [ app_begin ] --START--
INFO: Run Behavior\ReadHtmlCacheBehavior [ RunTime:0.000582s ]
INFO: [ app_begin ] --END-- [ RunTime:0.001188s ]
SQL: SHOW COLUMNS FROM `setting` [ RunTime:0.0048s ]
SQL: SELECT * FROM `setting` LIMIT 1   [ RunTime:0.0003s ]

[ 2016-05-05T22:43:18+08:00 ] ::1 /register_system/index.php/Admin/Enter/civil_Nadmis.html
INFO: [ app_begin ] --START--
INFO: Run Behavior\ReadHtmlCacheBehavior [ RunTime:0.000651s ]
INFO: [ app_begin ] --END-- [ RunTime:0.001340s ]
SQL: SHOW COLUMNS FROM `setting` [ RunTime:0.0421s ]
SQL: SELECT * FROM `setting` LIMIT 1   [ RunTime:0.0002s ]
SQL: SHOW COLUMNS FROM `register` [ RunTime:0.0050s ]
SQL: UPDATE `register` SET `civil_status`='3' WHERE `civil_junior` = 12 AND `id` IN ('9') [ RunTime:0.0486s ]
NOTIC: [8] Undefined index: auccess D:\wamp\www\register_system\Application\Admin\Controller\EnterController.class.php 第 377 行.

[ 2016-05-05T22:43:23+08:00 ] ::1 /register_system/index.php/Admin/Enter/civil_Nadmis.html
INFO: [ app_begin ] --START--
INFO: Run Behavior\ReadHtmlCacheBehavior [ RunTime:0.000593s ]
INFO: [ app_begin ] --END-- [ RunTime:0.001103s ]
SQL: SHOW COLUMNS FROM `setting` [ RunTime:0.0050s ]
SQL: SELECT * FROM `setting` LIMIT 1   [ RunTime:0.0002s ]
SQL: SHOW COLUMNS FROM `register` [ RunTime:0.0060s ]
SQL: UPDATE `register` SET `civil_status`='3' WHERE `civil_junior` = 12 AND `id` IN ('9') [ RunTime:0.0499s ]
NOTIC: [8] Undefined index: auccess D:\wamp\www\register_system\Application\Admin\Controller\EnterController.class.php 第 377 行.

[ 2016-05-05T22:43:26+08:00 ] ::1 /register_system/index.php/Admin/Enter/civil_admis.html
INFO: [ app_begin ] --START--
INFO: Run Behavior\ReadHtmlCacheBehavior [ RunTime:0.000572s ]
INFO: [ app_begin ] --END-- [ RunTime:0.001119s ]
SQL: SHOW COLUMNS FROM `setting` [ RunTime:0.0158s ]
SQL: SELECT * FROM `setting` LIMIT 1   [ RunTime:0.0003s ]
SQL: SHOW COLUMNS FROM `register` [ RunTime:0.0057s ]
SQL: UPDATE `register` SET `civil_status`='2' WHERE `id` IN ('9') AND `civil_junior` = 12 [ RunTime:0.0568s ]

[ 2016-05-05T22:43:32+08:00 ] ::1 /register_system/index.php/Admin/Enter/civil_admis.html
INFO: [ app_begin ] --START--
INFO: Run Behavior\ReadHtmlCacheBehavior [ RunTime:0.000837s ]
INFO: [ app_begin ] --END-- [ RunTime:0.001478s ]
SQL: SHOW COLUMNS FROM `setting` [ RunTime:0.0195s ]
SQL: SELECT * FROM `setting` LIMIT 1   [ RunTime:0.0003s ]
SQL: SHOW COLUMNS FROM `register` [ RunTime:0.0055s ]
SQL: UPDATE `register` SET `civil_status`='2' WHERE `id` IN ('9') AND `civil_junior` = 12 [ RunTime:0.0473s ]

[ 2016-05-05T22:43:35+08:00 ] ::1 /register_system/index.php/Admin/Enter/civil_Nadmis.html
INFO: [ app_begin ] --START--
INFO: Run Behavior\ReadHtmlCacheBehavior [ RunTime:0.000725s ]
INFO: [ app_begin ] --END-- [ RunTime:0.001667s ]
SQL: SHOW COLUMNS FROM `setting` [ RunTime:0.0267s ]
SQL: SELECT * FROM `setting` LIMIT 1   [ RunTime:0.0003s ]
SQL: SHOW COLUMNS FROM `register` [ RunTime:0.0054s ]
SQL: UPDATE `register` SET `civil_status`='3' WHERE `civil_junior` = 12 AND `id` IN ('9') [ RunTime:0.0411s ]
NOTIC: [8] Undefined index: auccess D:\wamp\www\register_system\Application\Admin\Controller\EnterController.class.php 第 377 行.

[ 2016-05-05T22:46:31+08:00 ] ::1 /register_system/index.php/Admin/Enter/pub_admis.html
INFO: [ app_begin ] --START--
INFO: Run Behavior\ReadHtmlCacheBehavior [ RunTime:0.000838s ]
INFO: [ app_begin ] --END-- [ RunTime:0.001493s ]
SQL: SHOW COLUMNS FROM `setting` [ RunTime:0.0309s ]
SQL: SELECT * FROM `setting` LIMIT 1   [ RunTime:0.0002s ]
SQL: SHOW COLUMNS FROM `register` [ RunTime:0.0070s ]
SQL: UPDATE `register` SET `pub_status`='1' WHERE `id` IN ('3','6') AND `pub_junior` = 9 [ RunTime:0.0621s ]

[ 2016-05-05T22:46:37+08:00 ] ::1 /register_system/index.php/Admin/Enter/pub_Nadmis.html
INFO: [ app_begin ] --START--
INFO: Run Behavior\ReadHtmlCacheBehavior [ RunTime:0.000597s ]
INFO: [ app_begin ] --END-- [ RunTime:0.001123s ]
SQL: SHOW COLUMNS FROM `setting` [ RunTime:0.0057s ]
SQL: SELECT * FROM `setting` LIMIT 1   [ RunTime:0.0003s ]
SQL: SHOW COLUMNS FROM `register` [ RunTime:0.0043s ]
SQL: UPDATE `register` SET `pub_status`='2' WHERE `pub_junior` = 9 AND `id` IN ('3','6') [ RunTime:0.0679s ]

[ 2016-05-05T22:46:43+08:00 ] ::1 /register_system/index.php/Admin/Enter/pub_Nadmis.html
INFO: [ app_begin ] --START--
INFO: Run Behavior\ReadHtmlCacheBehavior [ RunTime:0.000726s ]
INFO: [ app_begin ] --END-- [ RunTime:0.001245s ]
SQL: SHOW COLUMNS FROM `setting` [ RunTime:0.0322s ]
SQL: SELECT * FROM `setting` LIMIT 1   [ RunTime:0.0002s ]
SQL: SHOW COLUMNS FROM `register` [ RunTime:0.0056s ]
SQL: UPDATE `register` SET `pub_status`='2' WHERE `pub_junior` = 9 AND `id` IN ('3','4','6') [ RunTime:0.0483s ]

[ 2016-05-05T22:46:48+08:00 ] ::1 /register_system/index.php/Admin/Enter/pub_admis.html
INFO: [ app_begin ] --START--
INFO: Run Behavior\ReadHtmlCacheBehavior [ RunTime:0.000572s ]
INFO: [ app_begin ] --END-- [ RunTime:0.001038s ]
SQL: SHOW COLUMNS FROM `setting` [ RunTime:0.0057s ]
SQL: SELECT * FROM `setting` LIMIT 1   [ RunTime:0.0003s ]
SQL: SHOW COLUMNS FROM `register` [ RunTime:0.0059s ]
SQL: UPDATE `register` SET `pub_status`='1' WHERE `id` IN ('3','4','6') AND `pub_junior` = 9 [ RunTime:0.1023s ]

[ 2016-05-05T22:46:52+08:00 ] ::1 /register_system/index.php/Admin/Enter/pub_admis.html
INFO: [ app_begin ] --START--
INFO: Run Behavior\ReadHtmlCacheBehavior [ RunTime:0.000584s ]
INFO: [ app_begin ] --END-- [ RunTime:0.001161s ]
SQL: SHOW COLUMNS FROM `setting` [ RunTime:0.0216s ]
SQL: SELECT * FROM `setting` LIMIT 1   [ RunTime:0.0004s ]
SQL: SHOW COLUMNS FROM `register` [ RunTime:0.0049s ]
SQL: UPDATE `register` SET `pub_status`='1' WHERE `id` IN ('4') AND `pub_junior` = 9 [ RunTime:0.0475s ]

[ 2016-05-05T22:46:55+08:00 ] ::1 /register_system/index.php/Admin/Enter/pub_Nadmis.html
INFO: [ app_begin ] --START--
INFO: Run Behavior\ReadHtmlCacheBehavior [ RunTime:0.000715s ]
INFO: [ app_begin ] --END-- [ RunTime:0.001952s ]
SQL: SHOW COLUMNS FROM `setting` [ RunTime:0.0070s ]
SQL: SELECT * FROM `setting` LIMIT 1   [ RunTime:0.0006s ]
SQL: SHOW COLUMNS FROM `register` [ RunTime:0.0060s ]
SQL: UPDATE `register` SET `pub_status`='2' WHERE `pub_junior` = 9 AND `id` IN ('4') [ RunTime:0.0342s ]

[ 2016-05-05T22:47:02+08:00 ] ::1 /register_system/index.php/Admin/ExportExel/get_exel.html
ERR: 无法加载控制器:ExportExel

[ 2016-05-05T22:53:15+08:00 ] ::1 /register_system/index.php/Admin/Enter/pub_issued_admis.html
INFO: [ app_begin ] --START--
INFO: Run Behavior\ReadHtmlCacheBehavior [ RunTime:0.000579s ]
INFO: [ app_begin ] --END-- [ RunTime:0.001034s ]
SQL: SHOW COLUMNS FROM `setting` [ RunTime:0.0050s ]
SQL: SELECT * FROM `setting` LIMIT 1   [ RunTime:0.0003s ]
SQL: SHOW COLUMNS FROM `register` [ RunTime:0.0052s ]
SQL: UPDATE `register` SET `pub_release`='1' WHERE `pub_junior` = 9 AND `pub_status` IN ('1','2') [ RunTime:0.0706s ]

