[ 2016-07-21T18:34:28+08:00 ] ::1 /register_system/index.php/Admin/Enter/civilreginfo.html
INFO: [ app_init ] --START--
INFO: Run Behavior\BuildLiteBehavior [ RunTime:0.000052s ]
INFO: [ app_init ] --END-- [ RunTime:0.016444s ]
INFO: [ app_begin ] --START--
INFO: Run Behavior\ReadHtmlCacheBehavior [ RunTime:0.006814s ]
INFO: [ app_begin ] --END-- [ RunTime:0.007033s ]

[ 2016-07-21T18:34:28+08:00 ] ::1 /register_system/index.php/Admin/Login/index.html
INFO: [ app_init ] --START--
INFO: Run Behavior\BuildLiteBehavior [ RunTime:0.000050s ]
INFO: [ app_init ] --END-- [ RunTime:0.000829s ]
INFO: [ app_begin ] --START--
INFO: Run Behavior\ReadHtmlCacheBehavior [ RunTime:0.001277s ]
INFO: [ app_begin ] --END-- [ RunTime:0.001495s ]
INFO: [ view_parse ] --START--
INFO: [ template_filter ] --START--
INFO: Run Behavior\ContentReplaceBehavior [ RunTime:0.019650s ]
INFO: [ template_filter ] --END-- [ RunTime:0.019899s ]
INFO: Run Behavior\ParseTemplateBehavior [ RunTime:0.084587s ]
INFO: [ view_parse ] --END-- [ RunTime:0.084788s ]
INFO: [ view_filter ] --START--
INFO: Run Behavior\WriteHtmlCacheBehavior [ RunTime:0.019656s ]
INFO: [ view_filter ] --END-- [ RunTime:0.019864s ]
INFO: [ app_end ] --START--
INFO: Run Behavior\ShowPageTraceBehavior [ RunTime:0.016220s ]
INFO: [ app_end ] --END-- [ RunTime:0.016433s ]

[ 2016-07-21T18:34:29+08:00 ] ::1 /register_system/index.php/Admin/Login/verify.html
INFO: [ app_init ] --START--
INFO: Run Behavior\BuildLiteBehavior [ RunTime:0.000085s ]
INFO: [ app_init ] --END-- [ RunTime:0.000969s ]
INFO: [ app_begin ] --START--
INFO: Run Behavior\ReadHtmlCacheBehavior [ RunTime:0.003604s ]
INFO: [ app_begin ] --END-- [ RunTime:0.004006s ]
INFO: [ app_end ] --START--
INFO: Run Behavior\ShowPageTraceBehavior [ RunTime:0.000910s ]
INFO: [ app_end ] --END-- [ RunTime:0.001075s ]

[ 2016-07-21T18:34:55+08:00 ] ::1 /register_system/index.php/Admin/Login/login.html
INFO: [ app_init ] --START--
INFO: Run Behavior\BuildLiteBehavior [ RunTime:0.000029s ]
INFO: [ app_init ] --END-- [ RunTime:0.000492s ]
INFO: [ app_begin ] --START--
INFO: Run Behavior\ReadHtmlCacheBehavior [ RunTime:0.000716s ]
INFO: [ app_begin ] --END-- [ RunTime:0.000825s ]
SQL: SHOW COLUMNS FROM `user` [ RunTime:0.2556s ]
SQL: SELECT `id`,`pass`,`oid` FROM `user` WHERE `account` = 'xinxiangshi' AND `status` = 0 LIMIT 1   [ RunTime:0.0441s ]

[ 2016-07-21T18:34:55+08:00 ] ::1 /register_system/index.php/Admin/Login/verify.html?0.39951854175483215
INFO: [ app_init ] --START--
INFO: Run Behavior\BuildLiteBehavior [ RunTime:0.000030s ]
INFO: [ app_init ] --END-- [ RunTime:0.000488s ]
INFO: [ app_begin ] --START--
INFO: Run Behavior\ReadHtmlCacheBehavior [ RunTime:0.000861s ]
INFO: [ app_begin ] --END-- [ RunTime:0.001008s ]
INFO: [ app_end ] --START--
INFO: Run Behavior\ShowPageTraceBehavior [ RunTime:0.000914s ]
INFO: [ app_end ] --END-- [ RunTime:0.001067s ]

[ 2016-07-21T18:55:04+08:00 ] ::1 /register_system/index.php/Admin/Enter/civilreginfo.html
INFO: [ app_init ] --START--
INFO: Run Behavior\BuildLiteBehavior [ RunTime:0.000035s ]
INFO: [ app_init ] --END-- [ RunTime:0.000665s ]
INFO: [ app_begin ] --START--
INFO: Run Behavior\ReadHtmlCacheBehavior [ RunTime:0.000916s ]
INFO: [ app_begin ] --END-- [ RunTime:0.001068s ]

[ 2016-07-21T18:55:04+08:00 ] ::1 /register_system/index.php/Admin/Login/index.html
INFO: [ app_init ] --START--
INFO: Run Behavior\BuildLiteBehavior [ RunTime:0.000055s ]
INFO: [ app_init ] --END-- [ RunTime:0.000765s ]
INFO: [ app_begin ] --START--
INFO: Run Behavior\ReadHtmlCacheBehavior [ RunTime:0.001405s ]
INFO: [ app_begin ] --END-- [ RunTime:0.001644s ]
INFO: [ view_parse ] --START--
INFO: [ template_filter ] --START--
INFO: Run Behavior\ContentReplaceBehavior [ RunTime:0.000114s ]
INFO: [ template_filter ] --END-- [ RunTime:0.000247s ]
INFO: Run Behavior\ParseTemplateBehavior [ RunTime:0.009427s ]
INFO: [ view_parse ] --END-- [ RunTime:0.009663s ]
INFO: [ view_filter ] --START--
INFO: Run Behavior\WriteHtmlCacheBehavior [ RunTime:0.000592s ]
INFO: [ view_filter ] --END-- [ RunTime:0.000710s ]
INFO: [ app_end ] --START--
INFO: Run Behavior\ShowPageTraceBehavior [ RunTime:0.000855s ]
INFO: [ app_end ] --END-- [ RunTime:0.001008s ]

[ 2016-07-21T18:55:05+08:00 ] ::1 /register_system/index.php/Admin/Login/verify.html
INFO: [ app_init ] --START--
INFO: Run Behavior\BuildLiteBehavior [ RunTime:0.000052s ]
INFO: [ app_init ] --END-- [ RunTime:0.000746s ]
INFO: [ app_begin ] --START--
INFO: Run Behavior\ReadHtmlCacheBehavior [ RunTime:0.001404s ]
INFO: [ app_begin ] --END-- [ RunTime:0.001655s ]
INFO: [ app_end ] --START--
INFO: Run Behavior\ShowPageTraceBehavior [ RunTime:0.001246s ]
INFO: [ app_end ] --END-- [ RunTime:0.001467s ]

[ 2016-07-21T18:56:49+08:00 ] ::1 /register_system/index.php/Admin/Login/verify.html?0.08407036352570896
INFO: [ app_init ] --START--
INFO: Run Behavior\BuildLiteBehavior [ RunTime:0.000043s ]
INFO: [ app_init ] --END-- [ RunTime:0.000558s ]
INFO: [ app_begin ] --START--
INFO: Run Behavior\ReadHtmlCacheBehavior [ RunTime:0.000860s ]
INFO: [ app_begin ] --END-- [ RunTime:0.000990s ]
INFO: [ app_end ] --START--
INFO: Run Behavior\ShowPageTraceBehavior [ RunTime:0.000797s ]
INFO: [ app_end ] --END-- [ RunTime:0.001006s ]

[ 2016-07-21T18:56:56+08:00 ] ::1 /register_system/index.php/Admin/Login/login.html
INFO: [ app_init ] --START--
INFO: Run Behavior\BuildLiteBehavior [ RunTime:0.000059s ]
INFO: [ app_init ] --END-- [ RunTime:0.000543s ]
INFO: [ app_begin ] --START--
INFO: Run Behavior\ReadHtmlCacheBehavior [ RunTime:0.000718s ]
INFO: [ app_begin ] --END-- [ RunTime:0.000853s ]
SQL: SHOW COLUMNS FROM `user` [ RunTime:0.0073s ]
SQL: SELECT `id`,`pass`,`oid` FROM `user` WHERE `account` = '4567891' AND `status` = 0 LIMIT 1   [ RunTime:0.0004s ]
SQL: SHOW COLUMNS FROM `organ` [ RunTime:0.0037s ]
SQL: SELECT `name`,`rank`,`pid` FROM `organ` WHERE `id` = 1 AND `status` = 0 LIMIT 1   [ RunTime:0.0277s ]
INFO: Login => user_id :12name :新乡市
NOTIC: [2] Missing argument 1 for Admin\Controller\LoginController::json_response(), called in D:\wamp\www\register_system\Application\Admin\Controller\LoginController.class.php on line 64 and defined D:\wamp\www\register_system\Application\Admin\Controller\LoginController.class.php 第 90 行.

[ 2016-07-21T18:56:56+08:00 ] ::1 /register_system/index.php/Admin/Index/index.html
INFO: [ app_init ] --START--
INFO: Run Behavior\BuildLiteBehavior [ RunTime:0.000039s ]
INFO: [ app_init ] --END-- [ RunTime:0.000502s ]
INFO: [ app_begin ] --START--
INFO: Run Behavior\ReadHtmlCacheBehavior [ RunTime:0.001309s ]
INFO: [ app_begin ] --END-- [ RunTime:0.001585s ]
SQL: SHOW COLUMNS FROM `setting` [ RunTime:0.0043s ]
SQL: SELECT * FROM `setting` LIMIT 1   [ RunTime:0.0003s ]
SQL: SHOW COLUMNS FROM `organ` [ RunTime:0.0036s ]
SQL: SELECT `name` FROM `organ` WHERE `id` = 1 LIMIT 1   [ RunTime:0.0003s ]
NOTIC: [8] Undefined property: Admin\Model\IndexModel::$oids D:\wamp\www\register_system\Application\Admin\Model\IndexModel.class.php 第 105 行.
SQL: SHOW COLUMNS FROM `student` [ RunTime:0.0290s ]
SQL: SELECT count(*) as count FROM `student` WHERE `origin` = 1 AND `status` = 1 AND `oid` > 0  [ RunTime:0.0356s ]
SQL: SELECT count(*) as count FROM `student` WHERE `origin` = 0 AND `status` = 1 AND `oid` > 0  [ RunTime:0.0005s ]
SQL: SHOW COLUMNS FROM `register` [ RunTime:0.0072s ]
SQL: SELECT count(*) as count FROM `register` right join student on register.sid = student.id and register.status <> 1  WHERE student.status = 1 AND student.oid > 0  [ RunTime:0.0249s ]
SQL: SELECT count(*) as count FROM `register` right join student on register.sid = student.id and register.status <> 1  WHERE student.status = 1 AND student.oid > 0 AND ( (pub_release = 1 and pub_status= 1) or register.status = 3 )  [ RunTime:0.0009s ]
SQL: SELECT count(*) as count FROM `register` right join student on register.sid = student.id and register.status <> 1  WHERE student.status = 1 AND student.oid > 0 AND `lot_release` = 1 AND `civil_release` = 1 AND `civil_status` = 2  [ RunTime:0.0006s ]
SQL: SHOW COLUMNS FROM `setting` [ RunTime:0.0082s ]
SQL: SELECT `register_end_time` FROM `setting` LIMIT 1   [ RunTime:0.0005s ]
SQL: SELECT `introduction` FROM `organ` WHERE `id` = 1 LIMIT 1   [ RunTime:0.0004s ]
INFO: [ view_parse ] --START--
INFO: [ template_filter ] --START--
INFO: Run Behavior\ContentReplaceBehavior [ RunTime:0.000512s ]
INFO: [ template_filter ] --END-- [ RunTime:0.000848s ]
NOTIC: [8] Undefined offset: 1 D:\wamp\www\register_system\Application\Runtime\Cache\Admin\b595b808c2ebeeeb0478ffc30bb4e87a.php 第 222 行.
NOTIC: [8] Undefined index: url D:\wamp\www\register_system\Application\Runtime\Cache\Admin\b595b808c2ebeeeb0478ffc30bb4e87a.php 第 222 行.
NOTIC: [8] Undefined index: url D:\wamp\www\register_system\Application\Runtime\Cache\Admin\b595b808c2ebeeeb0478ffc30bb4e87a.php 第 222 行.
NOTIC: [8] Undefined index: url D:\wamp\www\register_system\Application\Runtime\Cache\Admin\b595b808c2ebeeeb0478ffc30bb4e87a.php 第 222 行.
INFO: Run Behavior\ParseTemplateBehavior [ RunTime:0.117082s ]
INFO: [ view_parse ] --END-- [ RunTime:0.117415s ]
INFO: [ view_filter ] --START--
INFO: Run Behavior\WriteHtmlCacheBehavior [ RunTime:0.000804s ]
INFO: [ view_filter ] --END-- [ RunTime:0.000985s ]
INFO: [ app_end ] --START--
INFO: Run Behavior\ShowPageTraceBehavior [ RunTime:0.001077s ]
INFO: [ app_end ] --END-- [ RunTime:0.001256s ]

[ 2016-07-21T18:56:58+08:00 ] ::1 /register_system/index.php/Admin/Index/notify_info.html
INFO: [ app_init ] --START--
INFO: Run Behavior\BuildLiteBehavior [ RunTime:0.000060s ]
INFO: [ app_init ] --END-- [ RunTime:0.001059s ]
INFO: [ app_begin ] --START--
INFO: Run Behavior\ReadHtmlCacheBehavior [ RunTime:0.001700s ]
INFO: [ app_begin ] --END-- [ RunTime:0.001914s ]
SQL: SHOW COLUMNS FROM `setting` [ RunTime:0.0041s ]
SQL: SELECT * FROM `setting` LIMIT 1   [ RunTime:0.0003s ]
SQL: SHOW COLUMNS FROM `setting` [ RunTime:0.0038s ]
SQL: SELECT * FROM `setting` LIMIT 1   [ RunTime:0.0003s ]
NOTIC: [2] Missing argument 1 for Admin\Controller\BaseController::json_response(), called in D:\wamp\www\register_system\Application\Admin\Controller\IndexController.class.php on line 117 and defined D:\wamp\www\register_system\Application\Admin\Controller\BaseController.class.php 第 77 行.

[ 2016-07-21T18:56:59+08:00 ] ::1 /register_system/index.php/Admin/Org/orginfo.html
INFO: [ app_init ] --START--
INFO: Run Behavior\BuildLiteBehavior [ RunTime:0.000049s ]
INFO: [ app_init ] --END-- [ RunTime:0.001358s ]
INFO: [ app_begin ] --START--
INFO: Run Behavior\ReadHtmlCacheBehavior [ RunTime:0.000763s ]
INFO: [ app_begin ] --END-- [ RunTime:0.000913s ]

[ 2016-07-21T18:57:01+08:00 ] ::1 /register_system/index.php/Admin/Index/notify_info.html
INFO: [ app_init ] --START--
INFO: Run Behavior\BuildLiteBehavior [ RunTime:0.000057s ]
INFO: [ app_init ] --END-- [ RunTime:0.000896s ]
INFO: [ app_begin ] --START--
INFO: Run Behavior\ReadHtmlCacheBehavior [ RunTime:0.001546s ]
INFO: [ app_begin ] --END-- [ RunTime:0.001871s ]
SQL: SHOW COLUMNS FROM `setting` [ RunTime:0.0079s ]
SQL: SELECT * FROM `setting` LIMIT 1   [ RunTime:0.0005s ]
SQL: SHOW COLUMNS FROM `setting` [ RunTime:0.0038s ]
SQL: SELECT * FROM `setting` LIMIT 1   [ RunTime:0.0002s ]
NOTIC: [2] Missing argument 1 for Admin\Controller\BaseController::json_response(), called in D:\wamp\www\register_system\Application\Admin\Controller\IndexController.class.php on line 117 and defined D:\wamp\www\register_system\Application\Admin\Controller\BaseController.class.php 第 77 行.

[ 2016-07-21T18:57:02+08:00 ] ::1 /register_system/index.php/Admin/Register/assign_junior.html
INFO: [ app_init ] --START--
INFO: Run Behavior\BuildLiteBehavior [ RunTime:0.000029s ]
INFO: [ app_init ] --END-- [ RunTime:0.000520s ]
INFO: [ app_begin ] --START--
INFO: Run Behavior\ReadHtmlCacheBehavior [ RunTime:0.000856s ]
INFO: [ app_begin ] --END-- [ RunTime:0.001018s ]
SQL: SHOW COLUMNS FROM `setting` [ RunTime:0.0040s ]
SQL: SELECT * FROM `setting` LIMIT 1   [ RunTime:0.0003s ]
SQL: SHOW COLUMNS FROM `student` [ RunTime:0.0044s ]
SQL: SHOW COLUMNS FROM `student` [ RunTime:0.0056s ]
SQL: SELECT a.name as class,a.rank as crank,b.rank as srank,b.name as school,s.original_school,s.id,s.sex,s.name,s.sid_num,s.origin,s.account,s.address,s.status as s_status,s.phone,s.updatetime as s_updatetime,r.updatetime as r_updatetime,r.pub_junior,r.civil_junior,r.pub_status,r.pub_release,r.civil_status,r.civil_release,r.lot_release,r.assign_junior,r.status,r.id as register_id FROM student as s left join organ as a on s.oid=a.id left join organ as b on a.pid=b.id INNER JOIN register as r on r.sid=s.id  WHERE ( s.status=1 and r.status=2 )  [ RunTime:0.0374s ]
SQL: SHOW COLUMNS FROM `organ` [ RunTime:0.0036s ]
SQL: SHOW COLUMNS FROM `organ` [ RunTime:0.0041s ]
SQL: SELECT `id`,`name`,`rank` FROM `organ` WHERE `status` = 0 AND `rank` IN (3,4)  [ RunTime:0.0145s ]
SQL: SELECT `id`,`name`,`rank` FROM `organ` WHERE `status` = 0 AND `rank` IN (3,4)  [ RunTime:0.0005s ]
INFO: [ view_parse ] --START--
INFO: [ template_filter ] --START--
INFO: Run Behavior\ContentReplaceBehavior [ RunTime:0.000293s ]
INFO: [ template_filter ] --END-- [ RunTime:0.000461s ]
NOTIC: [8] Undefined offset: 1 D:\wamp\www\register_system\Application\Runtime\Cache\Admin\7bd5bd34ab2f83bd9cbccee4615df068.php 第 199 行.
NOTIC: [8] Undefined index: url D:\wamp\www\register_system\Application\Runtime\Cache\Admin\7bd5bd34ab2f83bd9cbccee4615df068.php 第 199 行.
NOTIC: [8] Undefined index: url D:\wamp\www\register_system\Application\Runtime\Cache\Admin\7bd5bd34ab2f83bd9cbccee4615df068.php 第 199 行.
NOTIC: [8] Undefined index: url D:\wamp\www\register_system\Application\Runtime\Cache\Admin\7bd5bd34ab2f83bd9cbccee4615df068.php 第 199 行.
INFO: Run Behavior\ParseTemplateBehavior [ RunTime:0.107878s ]
INFO: [ view_parse ] --END-- [ RunTime:0.108039s ]
INFO: [ view_filter ] --START--
INFO: Run Behavior\WriteHtmlCacheBehavior [ RunTime:0.000534s ]
INFO: [ view_filter ] --END-- [ RunTime:0.000723s ]
INFO: [ app_end ] --START--
INFO: Run Behavior\ShowPageTraceBehavior [ RunTime:0.000778s ]
INFO: [ app_end ] --END-- [ RunTime:0.000898s ]

[ 2016-07-21T18:57:05+08:00 ] ::1 /register_system/index.php/Admin/Register/look_student_info.html
INFO: [ app_init ] --START--
INFO: Run Behavior\BuildLiteBehavior [ RunTime:0.000029s ]
INFO: [ app_init ] --END-- [ RunTime:0.000492s ]
INFO: [ app_begin ] --START--
INFO: Run Behavior\ReadHtmlCacheBehavior [ RunTime:0.000742s ]
INFO: [ app_begin ] --END-- [ RunTime:0.000873s ]
SQL: SHOW COLUMNS FROM `setting` [ RunTime:0.0086s ]
SQL: SELECT * FROM `setting` LIMIT 1   [ RunTime:0.0003s ]
SQL: SHOW COLUMNS FROM `organ` [ RunTime:0.0037s ]
SQL: SHOW COLUMNS FROM `organ` [ RunTime:0.0037s ]
SQL: SELECT `id`,`rank`,`name`,`pid` FROM `organ` WHERE (  `status` = 0 AND `rank` > '1' ) AND `rank` NOT IN (3,4)  [ RunTime:0.0273s ]
SQL: SHOW COLUMNS FROM `student` [ RunTime:0.0045s ]
SQL: SHOW COLUMNS FROM `student` [ RunTime:0.0038s ]
SQL: SELECT a.name as class,a.rank as crank,b.rank as srank,b.name as school,s.original_school,s.id,s.sex,s.name,s.sid_num,s.origin,s.account,s.address,s.status as s_status,s.phone,s.updatetime as s_updatetime,r.updatetime as r_updatetime,r.pub_junior,r.civil_junior,r.pub_status,r.pub_release,r.civil_status,r.civil_release,r.lot_release,r.assign_junior,r.status,r.id as register_id FROM student as s left join organ as a on s.oid=a.id left join organ as b on a.pid=b.id INNER JOIN register as r on r.sid=s.id  WHERE ( r.status!=1 and s.status=1 and s.oid in(0,1,3,4,5,6,107,108,109,110,111,112,113,114,146,115,116,117,118,119,120,121,122,123,124,125,126,127,128,133,134,135,136,137,138,140,141,142,143,144,145,129,130,131,132) )  [ RunTime:0.0006s ]
SQL: SELECT `id`,`name`,`rank` FROM `organ` WHERE `status` = 0 AND `rank` IN (3,4)  [ RunTime:0.0005s ]
NOTIC: [8] Undefined index: updatetime D:\wamp\www\register_system\Application\Admin\Controller\RegisterController.class.php 第 725 行.
NOTIC: [8] Undefined index: updatetime D:\wamp\www\register_system\Application\Admin\Controller\RegisterController.class.php 第 725 行.
NOTIC: [8] Undefined index: updatetime D:\wamp\www\register_system\Application\Admin\Controller\RegisterController.class.php 第 725 行.
NOTIC: [8] Undefined index: updatetime D:\wamp\www\register_system\Application\Admin\Controller\RegisterController.class.php 第 725 行.
NOTIC: [8] Undefined index: updatetime D:\wamp\www\register_system\Application\Admin\Controller\RegisterController.class.php 第 725 行.
SQL: SELECT `id`,`name`,`rank` FROM `organ` WHERE `status` = 0 AND `rank` IN (3,4)  [ RunTime:0.0005s ]
INFO: [ view_parse ] --START--
INFO: [ template_filter ] --START--
INFO: Run Behavior\ContentReplaceBehavior [ RunTime:0.000265s ]
INFO: [ template_filter ] --END-- [ RunTime:0.000419s ]
NOTIC: [8] Undefined offset: 1 D:\wamp\www\register_system\Application\Runtime\Cache\Admin\fafda733ff57de443ac73107c9ed84dd.php 第 199 行.
NOTIC: [8] Undefined index: url D:\wamp\www\register_system\Application\Runtime\Cache\Admin\fafda733ff57de443ac73107c9ed84dd.php 第 199 行.
NOTIC: [8] Undefined index: url D:\wamp\www\register_system\Application\Runtime\Cache\Admin\fafda733ff57de443ac73107c9ed84dd.php 第 199 行.
NOTIC: [8] Undefined index: url D:\wamp\www\register_system\Application\Runtime\Cache\Admin\fafda733ff57de443ac73107c9ed84dd.php 第 199 行.
INFO: Run Behavior\ParseTemplateBehavior [ RunTime:0.064226s ]
INFO: [ view_parse ] --END-- [ RunTime:0.064374s ]
INFO: [ view_filter ] --START--
INFO: Run Behavior\WriteHtmlCacheBehavior [ RunTime:0.000491s ]
INFO: [ view_filter ] --END-- [ RunTime:0.000609s ]
INFO: [ app_end ] --START--
INFO: Run Behavior\ShowPageTraceBehavior [ RunTime:0.000737s ]
INFO: [ app_end ] --END-- [ RunTime:0.000858s ]

[ 2016-07-21T18:57:09+08:00 ] ::1 /register_system/index.php/Admin/Register/student_info.html
INFO: [ app_init ] --START--
INFO: Run Behavior\BuildLiteBehavior [ RunTime:0.000029s ]
INFO: [ app_init ] --END-- [ RunTime:0.000508s ]
INFO: [ app_begin ] --START--
INFO: Run Behavior\ReadHtmlCacheBehavior [ RunTime:0.000784s ]
INFO: [ app_begin ] --END-- [ RunTime:0.000914s ]
SQL: SHOW COLUMNS FROM `setting` [ RunTime:0.0035s ]
SQL: SELECT * FROM `setting` LIMIT 1   [ RunTime:0.0004s ]
SQL: SHOW COLUMNS FROM `student` [ RunTime:0.0041s ]
SQL: SHOW COLUMNS FROM `student` [ RunTime:0.0041s ]
SQL: SELECT a.name as class,a.rank as crank,b.rank as srank,b.name as school,s.original_school,s.id,s.sex,s.name,s.sid_num,s.origin,s.account,s.address,s.status as s_status,s.phone,s.updatetime as s_updatetime,r.updatetime as r_updatetime,r.pub_junior,r.civil_junior,r.pub_status,r.pub_release,r.civil_status,r.civil_release,r.lot_release,r.assign_junior,r.status,r.id as register_id FROM student as s left join organ as a on s.oid=a.id left join organ as b on a.pid=b.id INNER JOIN register as r on r.sid=s.id  WHERE ( r.status!=1 and s.status!=2 and s.oid=1 )  [ RunTime:0.0177s ]
SQL: SHOW COLUMNS FROM `organ` [ RunTime:0.0036s ]
SQL: SHOW COLUMNS FROM `organ` [ RunTime:0.0035s ]
SQL: SELECT `id`,`name`,`rank` FROM `organ` WHERE `status` = 0 AND `rank` IN (3,4)  [ RunTime:0.0007s ]
NOTIC: [8] Undefined index: updatetime D:\wamp\www\register_system\Application\Admin\Controller\RegisterController.class.php 第 725 行.
SQL: SELECT `id`,`name`,`rank` FROM `organ` WHERE `status` = 0 AND `rank` IN (3,4)  [ RunTime:0.0004s ]
INFO: [ view_parse ] --START--
INFO: [ template_filter ] --START--
INFO: Run Behavior\ContentReplaceBehavior [ RunTime:0.000223s ]
INFO: [ template_filter ] --END-- [ RunTime:0.000402s ]
NOTIC: [8] Undefined offset: 1 D:\wamp\www\register_system\Application\Runtime\Cache\Admin\608f79eef5a6bac92748fe7d92d9b0bb.php 第 199 行.
NOTIC: [8] Undefined index: url D:\wamp\www\register_system\Application\Runtime\Cache\Admin\608f79eef5a6bac92748fe7d92d9b0bb.php 第 199 行.
NOTIC: [8] Undefined index: url D:\wamp\www\register_system\Application\Runtime\Cache\Admin\608f79eef5a6bac92748fe7d92d9b0bb.php 第 199 行.
NOTIC: [8] Undefined index: url D:\wamp\www\register_system\Application\Runtime\Cache\Admin\608f79eef5a6bac92748fe7d92d9b0bb.php 第 199 行.
INFO: Run Behavior\ParseTemplateBehavior [ RunTime:0.084018s ]
INFO: [ view_parse ] --END-- [ RunTime:0.084152s ]
INFO: [ view_filter ] --START--
INFO: Run Behavior\WriteHtmlCacheBehavior [ RunTime:0.000547s ]
INFO: [ view_filter ] --END-- [ RunTime:0.000664s ]
INFO: [ app_end ] --START--
INFO: Run Behavior\ShowPageTraceBehavior [ RunTime:0.000757s ]
INFO: [ app_end ] --END-- [ RunTime:0.000878s ]

[ 2016-07-21T18:57:12+08:00 ] ::1 /register_system/index.php/Admin/Enter/lot_orginfo.html
INFO: [ app_init ] --START--
INFO: Run Behavior\BuildLiteBehavior [ RunTime:0.000030s ]
INFO: [ app_init ] --END-- [ RunTime:0.000507s ]
INFO: [ app_begin ] --START--
INFO: Run Behavior\ReadHtmlCacheBehavior [ RunTime:0.000758s ]
INFO: [ app_begin ] --END-- [ RunTime:0.000890s ]
NOTIC: [8] Undefined index: lot_orginfo D:\wamp\www\register_system\Application\Admin\Controller\BaseController.class.php 第 55 行.
SQL: SHOW COLUMNS FROM `setting` [ RunTime:0.0192s ]
SQL: SELECT * FROM `setting` LIMIT 1   [ RunTime:0.0003s ]
SQL: SHOW COLUMNS FROM `student` [ RunTime:0.0041s ]
SQL: SELECT register.id as register_id,student.name as stu_name,`sid`,`origin`,`sex`,`sid_num`,organ.name as sch_name,`original_school`,student.phone as phone,`civil_status`,`lot_release`,`civil_release`,register.status FROM `student` INNER JOIN register on student.id = register.sid INNER JOIN organ on civil_junior = organ.id  WHERE `civil_junior` <> '0' AND student.status = 1 ORDER BY register.lot_release asc,civil_status  [ RunTime:0.0005s ]
INFO: [ view_parse ] --START--
INFO: [ template_filter ] --START--
INFO: Run Behavior\ContentReplaceBehavior [ RunTime:0.000473s ]
INFO: [ template_filter ] --END-- [ RunTime:0.000732s ]
NOTIC: [8] Undefined offset: 1 D:\wamp\www\register_system\Application\Runtime\Cache\Admin\5aa16666c5fb3fe3e86f618b1b704a5b.php 第 210 行.
NOTIC: [8] Undefined index: url D:\wamp\www\register_system\Application\Runtime\Cache\Admin\5aa16666c5fb3fe3e86f618b1b704a5b.php 第 210 行.
NOTIC: [8] Undefined index: url D:\wamp\www\register_system\Application\Runtime\Cache\Admin\5aa16666c5fb3fe3e86f618b1b704a5b.php 第 210 行.
NOTIC: [8] Undefined index: url D:\wamp\www\register_system\Application\Runtime\Cache\Admin\5aa16666c5fb3fe3e86f618b1b704a5b.php 第 210 行.
NOTIC: [8] Undefined variable: organization D:\wamp\www\register_system\Application\Runtime\Cache\Admin\5aa16666c5fb3fe3e86f618b1b704a5b.php 第 340 行.
INFO: Run Behavior\ParseTemplateBehavior [ RunTime:0.092058s ]
INFO: [ view_parse ] --END-- [ RunTime:0.092392s ]
INFO: [ view_filter ] --START--
INFO: Run Behavior\WriteHtmlCacheBehavior [ RunTime:0.000970s ]
INFO: [ view_filter ] --END-- [ RunTime:0.001186s ]
INFO: [ app_end ] --START--
INFO: Run Behavior\ShowPageTraceBehavior [ RunTime:0.001416s ]
INFO: [ app_end ] --END-- [ RunTime:0.001643s ]

[ 2016-07-21T18:57:17+08:00 ] ::1 /register_system/index.php/Admin/Org/account/type/1.html
INFO: [ app_init ] --START--
INFO: Run Behavior\BuildLiteBehavior [ RunTime:0.000029s ]
INFO: [ app_init ] --END-- [ RunTime:0.000453s ]
INFO: [ app_begin ] --START--
INFO: Run Behavior\ReadHtmlCacheBehavior [ RunTime:0.000764s ]
INFO: [ app_begin ] --END-- [ RunTime:0.000895s ]

[ 2016-07-21T18:57:20+08:00 ] ::1 /register_system/index.php/Admin/Org/account/type/2.html
INFO: [ app_init ] --START--
INFO: Run Behavior\BuildLiteBehavior [ RunTime:0.000029s ]
INFO: [ app_init ] --END-- [ RunTime:0.000525s ]
INFO: [ app_begin ] --START--
INFO: Run Behavior\ReadHtmlCacheBehavior [ RunTime:0.000870s ]
INFO: [ app_begin ] --END-- [ RunTime:0.001031s ]

[ 2016-07-21T18:57:23+08:00 ] ::1 /register_system/index.php/Admin/Setting/index.html
INFO: [ app_init ] --START--
INFO: Run Behavior\BuildLiteBehavior [ RunTime:0.000031s ]
INFO: [ app_init ] --END-- [ RunTime:0.000596s ]
INFO: [ app_begin ] --START--
INFO: Run Behavior\ReadHtmlCacheBehavior [ RunTime:0.000747s ]
INFO: [ app_begin ] --END-- [ RunTime:0.000910s ]
SQL: SHOW COLUMNS FROM `setting` [ RunTime:0.0037s ]
SQL: SELECT * FROM `setting` LIMIT 1   [ RunTime:0.0003s ]
SQL: SHOW COLUMNS FROM `setting` [ RunTime:0.0036s ]
SQL: SELECT `id`,`register_end_time`,`civil_permit_end_time`,`pub_permit_end_time` FROM `setting` LIMIT 1   [ RunTime:0.0003s ]
INFO: [ view_parse ] --START--
INFO: [ template_filter ] --START--
INFO: Run Behavior\ContentReplaceBehavior [ RunTime:0.000247s ]
INFO: [ template_filter ] --END-- [ RunTime:0.000392s ]
NOTIC: [8] Undefined offset: 1 D:\wamp\www\register_system\Application\Runtime\Cache\Admin\94874399856847a0aef2309f9a226cc8.php 第 220 行.
NOTIC: [8] Undefined index: url D:\wamp\www\register_system\Application\Runtime\Cache\Admin\94874399856847a0aef2309f9a226cc8.php 第 220 行.
NOTIC: [8] Undefined index: url D:\wamp\www\register_system\Application\Runtime\Cache\Admin\94874399856847a0aef2309f9a226cc8.php 第 220 行.
NOTIC: [8] Undefined index: url D:\wamp\www\register_system\Application\Runtime\Cache\Admin\94874399856847a0aef2309f9a226cc8.php 第 220 行.
INFO: Run Behavior\ParseTemplateBehavior [ RunTime:0.044129s ]
INFO: [ view_parse ] --END-- [ RunTime:0.044260s ]
INFO: [ view_filter ] --START--
INFO: Run Behavior\WriteHtmlCacheBehavior [ RunTime:0.000553s ]
INFO: [ view_filter ] --END-- [ RunTime:0.000672s ]
INFO: [ app_end ] --START--
INFO: Run Behavior\ShowPageTraceBehavior [ RunTime:0.000762s ]
INFO: [ app_end ] --END-- [ RunTime:0.000882s ]

[ 2016-07-21T18:57:26+08:00 ] ::1 /register_system/index.php/Admin/Org/account/type/3.html
INFO: [ app_init ] --START--
INFO: Run Behavior\BuildLiteBehavior [ RunTime:0.000029s ]
INFO: [ app_init ] --END-- [ RunTime:0.000454s ]
INFO: [ app_begin ] --START--
INFO: Run Behavior\ReadHtmlCacheBehavior [ RunTime:0.000732s ]
INFO: [ app_begin ] --END-- [ RunTime:0.000891s ]

[ 2016-07-21T18:57:35+08:00 ] ::1 /register_system/index.php/Admin/Login/logout.html
INFO: [ app_init ] --START--
INFO: Run Behavior\BuildLiteBehavior [ RunTime:0.000041s ]
INFO: [ app_init ] --END-- [ RunTime:0.001133s ]
INFO: [ app_begin ] --START--
INFO: Run Behavior\ReadHtmlCacheBehavior [ RunTime:0.000810s ]
INFO: [ app_begin ] --END-- [ RunTime:0.000947s ]
INFO: Logout => user_id :12name :新乡市

[ 2016-07-21T18:57:35+08:00 ] ::1 /register_system/index.php/Admin/Login/index.html
INFO: [ app_init ] --START--
INFO: Run Behavior\BuildLiteBehavior [ RunTime:0.000073s ]
INFO: [ app_init ] --END-- [ RunTime:0.000848s ]
INFO: [ app_begin ] --START--
INFO: Run Behavior\ReadHtmlCacheBehavior [ RunTime:0.000853s ]
INFO: [ app_begin ] --END-- [ RunTime:0.001006s ]
INFO: [ view_parse ] --START--
INFO: [ template_filter ] --START--
INFO: Run Behavior\ContentReplaceBehavior [ RunTime:0.000129s ]
INFO: [ template_filter ] --END-- [ RunTime:0.000285s ]
INFO: Run Behavior\ParseTemplateBehavior [ RunTime:0.007999s ]
INFO: [ view_parse ] --END-- [ RunTime:0.008137s ]
INFO: [ view_filter ] --START--
INFO: Run Behavior\WriteHtmlCacheBehavior [ RunTime:0.000510s ]
INFO: [ view_filter ] --END-- [ RunTime:0.000635s ]
INFO: [ app_end ] --START--
INFO: Run Behavior\ShowPageTraceBehavior [ RunTime:0.001759s ]
INFO: [ app_end ] --END-- [ RunTime:0.001991s ]

[ 2016-07-21T18:57:35+08:00 ] ::1 /register_system/index.php/Admin/Login/verify.html
INFO: [ app_init ] --START--
INFO: Run Behavior\BuildLiteBehavior [ RunTime:0.000049s ]
INFO: [ app_init ] --END-- [ RunTime:0.000708s ]
INFO: [ app_begin ] --START--
INFO: Run Behavior\ReadHtmlCacheBehavior [ RunTime:0.001223s ]
INFO: [ app_begin ] --END-- [ RunTime:0.001470s ]
INFO: [ app_end ] --START--
INFO: Run Behavior\ShowPageTraceBehavior [ RunTime:0.001370s ]
INFO: [ app_end ] --END-- [ RunTime:0.001642s ]

[ 2016-07-21T18:57:48+08:00 ] ::1 /register_system/index.php/Admin/Login/verify.html?0.3515733643848815
INFO: [ app_init ] --START--
INFO: Run Behavior\BuildLiteBehavior [ RunTime:0.000029s ]
INFO: [ app_init ] --END-- [ RunTime:0.000474s ]
INFO: [ app_begin ] --START--
INFO: Run Behavior\ReadHtmlCacheBehavior [ RunTime:0.000755s ]
INFO: [ app_begin ] --END-- [ RunTime:0.000895s ]
INFO: [ app_end ] --START--
INFO: Run Behavior\ShowPageTraceBehavior [ RunTime:0.000865s ]
INFO: [ app_end ] --END-- [ RunTime:0.001013s ]

[ 2016-07-21T18:57:54+08:00 ] ::1 /register_system/index.php/Admin/Login/login.html
INFO: [ app_init ] --START--
INFO: Run Behavior\BuildLiteBehavior [ RunTime:0.000029s ]
INFO: [ app_init ] --END-- [ RunTime:0.000454s ]
INFO: [ app_begin ] --START--
INFO: Run Behavior\ReadHtmlCacheBehavior [ RunTime:0.000745s ]
INFO: [ app_begin ] --END-- [ RunTime:0.000855s ]

[ 2016-07-21T18:57:54+08:00 ] ::1 /register_system/index.php/Admin/Login/verify.html?0.28935434256035686
INFO: [ app_init ] --START--
INFO: Run Behavior\BuildLiteBehavior [ RunTime:0.000030s ]
INFO: [ app_init ] --END-- [ RunTime:0.000473s ]
INFO: [ app_begin ] --START--
INFO: Run Behavior\ReadHtmlCacheBehavior [ RunTime:0.000783s ]
INFO: [ app_begin ] --END-- [ RunTime:0.000915s ]
INFO: [ app_end ] --START--
INFO: Run Behavior\ShowPageTraceBehavior [ RunTime:0.000959s ]
INFO: [ app_end ] --END-- [ RunTime:0.001114s ]

[ 2016-07-21T18:58:06+08:00 ] ::1 /register_system/index.php/Admin/Login/login.html
INFO: [ app_init ] --START--
INFO: Run Behavior\BuildLiteBehavior [ RunTime:0.000029s ]
INFO: [ app_init ] --END-- [ RunTime:0.000494s ]
INFO: [ app_begin ] --START--
INFO: Run Behavior\ReadHtmlCacheBehavior [ RunTime:0.000810s ]
INFO: [ app_begin ] --END-- [ RunTime:0.000941s ]

[ 2016-07-21T18:58:06+08:00 ] ::1 /register_system/index.php/Admin/Login/verify.html?0.09388956409816385
INFO: [ app_init ] --START--
INFO: Run Behavior\BuildLiteBehavior [ RunTime:0.000046s ]
INFO: [ app_init ] --END-- [ RunTime:0.001830s ]
INFO: [ app_begin ] --START--
INFO: Run Behavior\ReadHtmlCacheBehavior [ RunTime:0.001602s ]
INFO: [ app_begin ] --END-- [ RunTime:0.001811s ]
INFO: [ app_end ] --START--
INFO: Run Behavior\ShowPageTraceBehavior [ RunTime:0.001750s ]
INFO: [ app_end ] --END-- [ RunTime:0.001975s ]

[ 2016-07-21T18:58:13+08:00 ] ::1 /register_system/index.php/Admin/Login/login.html
INFO: [ app_init ] --START--
INFO: Run Behavior\BuildLiteBehavior [ RunTime:0.000030s ]
INFO: [ app_init ] --END-- [ RunTime:0.000504s ]
INFO: [ app_begin ] --START--
INFO: Run Behavior\ReadHtmlCacheBehavior [ RunTime:0.001710s ]
INFO: [ app_begin ] --END-- [ RunTime:0.001964s ]
SQL: SHOW COLUMNS FROM `user` [ RunTime:0.0402s ]
SQL: SELECT `id`,`pass`,`oid` FROM `user` WHERE `account` = 'chuzhong39' AND `status` = 0 LIMIT 1   [ RunTime:0.0003s ]
SQL: SHOW COLUMNS FROM `organ` [ RunTime:0.0040s ]
SQL: SELECT `name`,`rank`,`pid` FROM `organ` WHERE `id` = 77 AND `status` = 0 LIMIT 1   [ RunTime:0.0004s ]
INFO: Login => user_id :69name :XX初中
NOTIC: [2] Missing argument 1 for Admin\Controller\LoginController::json_response(), called in D:\wamp\www\register_system\Application\Admin\Controller\LoginController.class.php on line 64 and defined D:\wamp\www\register_system\Application\Admin\Controller\LoginController.class.php 第 90 行.

[ 2016-07-21T18:58:13+08:00 ] ::1 /register_system/index.php/Admin/Index/index.html
INFO: [ app_init ] --START--
INFO: Run Behavior\BuildLiteBehavior [ RunTime:0.000037s ]
INFO: [ app_init ] --END-- [ RunTime:0.000571s ]
INFO: [ app_begin ] --START--
INFO: Run Behavior\ReadHtmlCacheBehavior [ RunTime:0.000911s ]
INFO: [ app_begin ] --END-- [ RunTime:0.001075s ]
SQL: SHOW COLUMNS FROM `setting` [ RunTime:0.0055s ]
SQL: SELECT * FROM `setting` LIMIT 1   [ RunTime:0.0003s ]

[ 2016-07-21T18:58:13+08:00 ] ::1 /register_system/index.php/Admin/Enter/civilindex.html
INFO: [ app_init ] --START--
INFO: Run Behavior\BuildLiteBehavior [ RunTime:0.000030s ]
INFO: [ app_init ] --END-- [ RunTime:0.000530s ]
INFO: [ app_begin ] --START--
INFO: Run Behavior\ReadHtmlCacheBehavior [ RunTime:0.000943s ]
INFO: [ app_begin ] --END-- [ RunTime:0.001096s ]
SQL: SHOW COLUMNS FROM `setting` [ RunTime:0.0034s ]
SQL: SELECT * FROM `setting` LIMIT 1   [ RunTime:0.0003s ]
SQL: SHOW COLUMNS FROM `register` [ RunTime:0.0064s ]
SQL: SELECT register.id as register_id,student.name as stu_name,`sid`,`sex`,`sid_num`,`original_school`,student.address,`origin`,`account`,a.name as civil_name,b.name as assign_name,d.name as oname,c.name as cname,d.rank as drank,student.phone as phone,`lot_release`,`civil_status`,`civil_status`,`civil_release`,`pub_status`,`pub_release` FROM `register` INNER JOIN student on student.id = register.sid and student.status = 1 left join organ as a on civil_junior = a.id left join organ as b on assign_junior = b.id left join organ as c on student.oid = c.id left join organ as d on c.pid = d.id  WHERE `civil_junior` = '77' AND student.status = 1 AND `civil_release` = 0 AND `lot_release` = 1 AND `civil_status` IN (1,2,3)  [ RunTime:0.0008s ]
SQL: SELECT register.id as register_id,student.name as stu_name,`sid`,`sex`,`sid_num`,`original_school`,student.address,`origin`,`account`,a.name as civil_name,b.name as assign_name,d.name as oname,c.name as cname,d.rank as drank,student.phone as phone,`lot_release`,`civil_status`,`civil_status`,`civil_release`,`pub_status`,`pub_release` FROM `register` INNER JOIN student on student.id = register.sid and student.status = 1 left join organ as a on civil_junior = a.id left join organ as b on assign_junior = b.id left join organ as c on student.oid = c.id left join organ as d on c.pid = d.id  WHERE `civil_release` = 1 AND `lot_release` = 1 AND `civil_status` = 2 AND `civil_junior` = '77'  [ RunTime:0.0004s ]
SQL: SELECT register.id as register_id,student.name as stu_name,`sid`,`sex`,`sid_num`,`original_school`,student.address,`origin`,`account`,a.name as civil_name,b.name as assign_name,d.name as oname,c.name as cname,d.rank as drank,student.phone as phone,`lot_release`,`civil_status`,`civil_status`,`civil_release`,`pub_status`,`pub_release` FROM `register` INNER JOIN student on student.id = register.sid and student.status = 1 left join organ as a on civil_junior = a.id left join organ as b on assign_junior = b.id left join organ as c on student.oid = c.id left join organ as d on c.pid = d.id  WHERE `civil_release` = 1 AND `civil_status` = 3 AND `lot_release` = 1 AND `civil_junior` = '77'  [ RunTime:0.0004s ]
NOTIC: [2] Missing argument 1 for Admin\Model\EnterModel::get_civilreginfo(), called in D:\wamp\www\register_system\Application\Admin\Model\EnterModel.class.php on line 86 and defined D:\wamp\www\register_system\Application\Admin\Model\EnterModel.class.php 第 111 行.
NOTIC: [8] Undefined variable: type D:\wamp\www\register_system\Application\Admin\Model\EnterModel.class.php 第 112 行.
SQL: SELECT register.id as register_id,student.name as stu_name,`sid`,`sex`,`sid_num`,`original_school`,student.address,`origin`,`account`,a.name as civil_name,b.name as assign_name,d.name as oname,c.name as cname,d.rank as drank,student.phone as phone,`lot_release`,`civil_status`,`civil_status`,`civil_release`,`pub_status`,`pub_release` FROM `register` INNER JOIN student on student.id = register.sid and student.status = 1 left join organ as a on civil_junior = a.id left join organ as b on assign_junior = b.id left join organ as c on student.oid = c.id left join organ as d on c.pid = d.id  WHERE `civil_junior` = '77'  [ RunTime:0.0005s ]
SQL: SHOW COLUMNS FROM `organ` [ RunTime:0.0049s ]
SQL: SELECT `name` FROM `organ` WHERE `id` = 77 LIMIT 1   [ RunTime:0.0003s ]
SQL: SELECT `introduction` FROM `organ` WHERE `id` = 77 LIMIT 1   [ RunTime:0.0001s ]
SQL: SHOW COLUMNS FROM `setting` [ RunTime:0.0035s ]
SQL: SELECT `register_end_time` FROM `setting` LIMIT 1   [ RunTime:0.0002s ]
INFO: [ view_parse ] --START--
INFO: [ template_filter ] --START--
INFO: Run Behavior\ContentReplaceBehavior [ RunTime:0.000232s ]
INFO: [ template_filter ] --END-- [ RunTime:0.000388s ]
NOTIC: [8] Undefined offset: 1 D:\wamp\www\register_system\Application\Runtime\Cache\Admin\84cd247451ee3939ccb906c563ed0d64.php 第 205 行.
INFO: Run Behavior\ParseTemplateBehavior [ RunTime:0.032751s ]
INFO: [ view_parse ] --END-- [ RunTime:0.032900s ]
INFO: [ view_filter ] --START--
INFO: Run Behavior\WriteHtmlCacheBehavior [ RunTime:0.000516s ]
INFO: [ view_filter ] --END-- [ RunTime:0.000650s ]
INFO: [ app_end ] --START--
INFO: Run Behavior\ShowPageTraceBehavior [ RunTime:0.000770s ]
INFO: [ app_end ] --END-- [ RunTime:0.000901s ]

[ 2016-07-21T18:58:14+08:00 ] ::1 /register_system/index.php/Admin/Index/notify_fail.html
INFO: [ app_init ] --START--
INFO: Run Behavior\BuildLiteBehavior [ RunTime:0.000073s ]
INFO: [ app_init ] --END-- [ RunTime:0.001018s ]
INFO: [ app_begin ] --START--
INFO: Run Behavior\ReadHtmlCacheBehavior [ RunTime:0.001707s ]
INFO: [ app_begin ] --END-- [ RunTime:0.001897s ]
SQL: SHOW COLUMNS FROM `setting` [ RunTime:0.0054s ]
SQL: SELECT * FROM `setting` LIMIT 1   [ RunTime:0.0006s ]
SQL: SHOW COLUMNS FROM `setting` [ RunTime:0.0065s ]
SQL: SELECT * FROM `setting` LIMIT 1   [ RunTime:0.0006s ]
SQL: SHOW COLUMNS FROM `register` [ RunTime:0.0054s ]
SQL: SELECT register.id as register_id,student.name as stu_name,`sid`,`sex`,`sid_num`,`original_school`,student.address,`origin`,`account`,a.name as civil_name,b.name as assign_name,d.name as oname,c.name as cname,d.rank as drank,student.phone as phone,`lot_release`,`civil_status`,`civil_status`,`civil_release`,`pub_status`,`pub_release` FROM `register` INNER JOIN student on student.id = register.sid and student.status = 1 left join organ as a on civil_junior = a.id left join organ as b on assign_junior = b.id left join organ as c on student.oid = c.id left join organ as d on c.pid = d.id  WHERE `civil_junior` = '77' AND student.status = 1 AND `civil_release` = 0 AND `lot_release` = 1 AND `civil_status` IN (1,2,3)  [ RunTime:0.0008s ]

[ 2016-07-21T18:58:19+08:00 ] ::1 /register_system/index.php/Admin/Enter/civilreginfo.html
INFO: [ app_init ] --START--
INFO: Run Behavior\BuildLiteBehavior [ RunTime:0.000030s ]
INFO: [ app_init ] --END-- [ RunTime:0.000463s ]
INFO: [ app_begin ] --START--
INFO: Run Behavior\ReadHtmlCacheBehavior [ RunTime:0.000740s ]
INFO: [ app_begin ] --END-- [ RunTime:0.000870s ]
SQL: SHOW COLUMNS FROM `setting` [ RunTime:0.0097s ]
SQL: SELECT * FROM `setting` LIMIT 1   [ RunTime:0.0003s ]
NOTIC: [2] Missing argument 1 for Admin\Model\EnterModel::get_civilreginfo(), called in D:\wamp\www\register_system\Application\Admin\Controller\EnterController.class.php on line 214 and defined D:\wamp\www\register_system\Application\Admin\Model\EnterModel.class.php 第 111 行.
NOTIC: [8] Undefined variable: type D:\wamp\www\register_system\Application\Admin\Model\EnterModel.class.php 第 112 行.
SQL: SHOW COLUMNS FROM `register` [ RunTime:0.0036s ]
SQL: SELECT register.id as register_id,student.name as stu_name,`sid`,`sex`,`sid_num`,`original_school`,student.address,`origin`,`account`,a.name as civil_name,b.name as assign_name,d.name as oname,c.name as cname,d.rank as drank,student.phone as phone,`lot_release`,`civil_status`,`civil_status`,`civil_release`,`pub_status`,`pub_release` FROM `register` INNER JOIN student on student.id = register.sid and student.status = 1 left join organ as a on civil_junior = a.id left join organ as b on assign_junior = b.id left join organ as c on student.oid = c.id left join organ as d on c.pid = d.id  WHERE `civil_junior` = '77'  [ RunTime:0.0005s ]
INFO: [ view_parse ] --START--
INFO: [ template_filter ] --START--
INFO: Run Behavior\ContentReplaceBehavior [ RunTime:0.000314s ]
INFO: [ template_filter ] --END-- [ RunTime:0.000528s ]
NOTIC: [8] Undefined offset: 1 D:\wamp\www\register_system\Application\Runtime\Cache\Admin\5984b98dcc5e6896f1c0d8eb4b4ef23b.php 第 210 行.
NOTIC: [8] Undefined variable: organization D:\wamp\www\register_system\Application\Runtime\Cache\Admin\5984b98dcc5e6896f1c0d8eb4b4ef23b.php 第 339 行.
INFO: Run Behavior\ParseTemplateBehavior [ RunTime:0.031048s ]
INFO: [ view_parse ] --END-- [ RunTime:0.031244s ]
INFO: [ view_filter ] --START--
INFO: Run Behavior\WriteHtmlCacheBehavior [ RunTime:0.000530s ]
INFO: [ view_filter ] --END-- [ RunTime:0.000647s ]
INFO: [ app_end ] --START--
INFO: Run Behavior\ShowPageTraceBehavior [ RunTime:0.000734s ]
INFO: [ app_end ] --END-- [ RunTime:0.000855s ]

[ 2016-07-21T18:58:20+08:00 ] ::1 /register_system/index.php/Admin/Enter/civilannals.html
INFO: [ app_init ] --START--
INFO: Run Behavior\BuildLiteBehavior [ RunTime:0.000029s ]
INFO: [ app_init ] --END-- [ RunTime:0.000455s ]
INFO: [ app_begin ] --START--
INFO: Run Behavior\ReadHtmlCacheBehavior [ RunTime:0.000887s ]
INFO: [ app_begin ] --END-- [ RunTime:0.001106s ]
SQL: SHOW COLUMNS FROM `setting` [ RunTime:0.0269s ]
SQL: SELECT * FROM `setting` LIMIT 1   [ RunTime:0.0002s ]
SQL: SHOW COLUMNS FROM `register` [ RunTime:0.0036s ]
SQL: SELECT register.id as register_id,student.name as stu_name,`sid`,`sex`,`sid_num`,`original_school`,student.address,`origin`,`account`,a.name as civil_name,b.name as assign_name,d.name as oname,c.name as cname,d.rank as drank,student.phone as phone,`lot_release`,`civil_status`,`civil_status`,`civil_release`,`pub_status`,`pub_release` FROM `register` INNER JOIN student on student.id = register.sid and student.status = 1 left join organ as a on civil_junior = a.id left join organ as b on assign_junior = b.id left join organ as c on student.oid = c.id left join organ as d on c.pid = d.id  WHERE `civil_release` = 1 AND `civil_status` = 3 AND `lot_release` = 1 AND `civil_junior` = '77'  [ RunTime:0.0005s ]
INFO: [ view_parse ] --START--
INFO: [ template_filter ] --START--
INFO: Run Behavior\ContentReplaceBehavior [ RunTime:0.000222s ]
INFO: [ template_filter ] --END-- [ RunTime:0.000365s ]
NOTIC: [8] Undefined offset: 1 D:\wamp\www\register_system\Application\Runtime\Cache\Admin\604951e5d0a30592e436720a58d7f85b.php 第 204 行.
INFO: Run Behavior\ParseTemplateBehavior [ RunTime:0.037629s ]
INFO: [ view_parse ] --END-- [ RunTime:0.037820s ]
INFO: [ view_filter ] --START--
INFO: Run Behavior\WriteHtmlCacheBehavior [ RunTime:0.000553s ]
INFO: [ view_filter ] --END-- [ RunTime:0.000671s ]
INFO: [ app_end ] --START--
INFO: Run Behavior\ShowPageTraceBehavior [ RunTime:0.000713s ]
INFO: [ app_end ] --END-- [ RunTime:0.000833s ]

[ 2016-07-21T18:58:21+08:00 ] ::1 /register_system/index.php/Admin/Org/perfectInfo.html
INFO: [ app_init ] --START--
INFO: Run Behavior\BuildLiteBehavior [ RunTime:0.000029s ]
INFO: [ app_init ] --END-- [ RunTime:0.000511s ]
INFO: [ app_begin ] --START--
INFO: Run Behavior\ReadHtmlCacheBehavior [ RunTime:0.000883s ]
INFO: [ app_begin ] --END-- [ RunTime:0.001035s ]

[ 2016-07-21T18:58:24+08:00 ] ::1 /register_system/index.php/Admin/Enter/civilfail.html
INFO: [ app_init ] --START--
INFO: Run Behavior\BuildLiteBehavior [ RunTime:0.000054s ]
INFO: [ app_init ] --END-- [ RunTime:0.000497s ]
INFO: [ app_begin ] --START--
INFO: Run Behavior\ReadHtmlCacheBehavior [ RunTime:0.000736s ]
INFO: [ app_begin ] --END-- [ RunTime:0.000863s ]
SQL: SHOW COLUMNS FROM `setting` [ RunTime:0.0156s ]
SQL: SELECT * FROM `setting` LIMIT 1   [ RunTime:0.0003s ]
SQL: SHOW COLUMNS FROM `register` [ RunTime:0.0038s ]
SQL: SELECT register.id as register_id,student.name as stu_name,`sid`,`sex`,`sid_num`,`original_school`,student.address,`origin`,`account`,a.name as civil_name,b.name as assign_name,d.name as oname,c.name as cname,d.rank as drank,student.phone as phone,`lot_release`,`civil_status`,`civil_status`,`civil_release`,`pub_status`,`pub_release` FROM `register` INNER JOIN student on student.id = register.sid and student.status = 1 left join organ as a on civil_junior = a.id left join organ as b on assign_junior = b.id left join organ as c on student.oid = c.id left join organ as d on c.pid = d.id  WHERE `civil_junior` = '77' AND student.status = 1 AND `civil_release` = 0 AND `lot_release` = 1 AND `civil_status` IN (1,2,3)  [ RunTime:0.0006s ]
INFO: [ view_parse ] --START--
INFO: [ template_filter ] --START--
INFO: Run Behavior\ContentReplaceBehavior [ RunTime:0.000239s ]
INFO: [ template_filter ] --END-- [ RunTime:0.000373s ]
NOTIC: [8] Undefined offset: 1 D:\wamp\www\register_system\Application\Runtime\Cache\Admin\a17c5f92845432ef5df11974e3dd0936.php 第 213 行.
INFO: Run Behavior\ParseTemplateBehavior [ RunTime:0.046547s ]
INFO: [ view_parse ] --END-- [ RunTime:0.046771s ]
INFO: [ view_filter ] --START--
INFO: Run Behavior\WriteHtmlCacheBehavior [ RunTime:0.000905s ]
INFO: [ view_filter ] --END-- [ RunTime:0.001091s ]
INFO: [ app_end ] --START--
INFO: Run Behavior\ShowPageTraceBehavior [ RunTime:0.001420s ]
INFO: [ app_end ] --END-- [ RunTime:0.001576s ]

