[ 2016-05-17T16:39:07+08:00 ] ::1 /register_system/index.php/Admin/Enter/civilreginfo.html
INFO: [ app_init ] --START--
INFO: Run Behavior\BuildLiteBehavior [ RunTime:0.000084s ]
INFO: [ app_init ] --END-- [ RunTime:0.079739s ]
INFO: [ app_begin ] --START--
INFO: Run Behavior\ReadHtmlCacheBehavior [ RunTime:0.016969s ]
INFO: [ app_begin ] --END-- [ RunTime:0.017472s ]

[ 2016-05-17T16:39:07+08:00 ] ::1 /register_system/index.php/Admin/Login/index.html
INFO: [ app_init ] --START--
INFO: Run Behavior\BuildLiteBehavior [ RunTime:0.000032s ]
INFO: [ app_init ] --END-- [ RunTime:0.000492s ]
INFO: [ app_begin ] --START--
INFO: Run Behavior\ReadHtmlCacheBehavior [ RunTime:0.003387s ]
INFO: [ app_begin ] --END-- [ RunTime:0.003577s ]
INFO: [ view_parse ] --START--
INFO: [ template_filter ] --START--
INFO: Run Behavior\ContentReplaceBehavior [ RunTime:0.039081s ]
INFO: [ template_filter ] --END-- [ RunTime:0.039266s ]
INFO: Run Behavior\ParseTemplateBehavior [ RunTime:0.103360s ]
INFO: [ view_parse ] --END-- [ RunTime:0.103514s ]
INFO: [ view_filter ] --START--
INFO: Run Behavior\WriteHtmlCacheBehavior [ RunTime:0.022760s ]
INFO: [ view_filter ] --END-- [ RunTime:0.022974s ]
INFO: [ app_end ] --START--
INFO: Run Behavior\ShowPageTraceBehavior [ RunTime:0.016264s ]
INFO: [ app_end ] --END-- [ RunTime:0.016490s ]

[ 2016-05-17T16:39:08+08:00 ] ::1 /register_system/index.php/Admin/Login/verify.html
INFO: [ app_init ] --START--
INFO: Run Behavior\BuildLiteBehavior [ RunTime:0.000034s ]
INFO: [ app_init ] --END-- [ RunTime:0.000586s ]
INFO: [ app_begin ] --START--
INFO: Run Behavior\ReadHtmlCacheBehavior [ RunTime:0.001153s ]
INFO: [ app_begin ] --END-- [ RunTime:0.001497s ]
INFO: [ app_end ] --START--
INFO: Run Behavior\ShowPageTraceBehavior [ RunTime:0.000991s ]
INFO: [ app_end ] --END-- [ RunTime:0.001201s ]

[ 2016-05-17T16:39:49+08:00 ] ::1 /register_system/index.php/Admin/Login/login.html
INFO: [ app_init ] --START--
INFO: Run Behavior\BuildLiteBehavior [ RunTime:0.000033s ]
INFO: [ app_init ] --END-- [ RunTime:0.000476s ]
INFO: [ app_begin ] --START--
INFO: Run Behavior\ReadHtmlCacheBehavior [ RunTime:0.000590s ]
INFO: [ app_begin ] --END-- [ RunTime:0.000705s ]
SQL: SHOW COLUMNS FROM `user` [ RunTime:0.0413s ]
SQL: SELECT `id`,`pass`,`oid` FROM `user` WHERE `account` = '4567891' AND `status` = 0 LIMIT 1   [ RunTime:0.0006s ]
SQL: SHOW COLUMNS FROM `organ` [ RunTime:0.0640s ]
SQL: SELECT `name`,`rank`,`pid` FROM `organ` WHERE `id` = 1 AND `status` = 0 LIMIT 1   [ RunTime:0.0003s ]
INFO: Login => user_id :12name :新乡市
NOTIC: [2] Missing argument 1 for Admin\Controller\LoginController::json_response(), called in D:\wamp\www\register_system\Application\Admin\Controller\LoginController.class.php on line 63 and defined D:\wamp\www\register_system\Application\Admin\Controller\LoginController.class.php 第 87 行.

[ 2016-05-17T16:39:50+08:00 ] ::1 /register_system/index.php/Admin/Index/index.html
INFO: [ app_init ] --START--
INFO: Run Behavior\BuildLiteBehavior [ RunTime:0.000041s ]
INFO: [ app_init ] --END-- [ RunTime:0.000563s ]
INFO: [ app_begin ] --START--
INFO: Run Behavior\ReadHtmlCacheBehavior [ RunTime:0.000686s ]
INFO: [ app_begin ] --END-- [ RunTime:0.000830s ]
SQL: SHOW COLUMNS FROM `setting` [ RunTime:0.0621s ]
SQL: SELECT * FROM `setting` LIMIT 1   [ RunTime:0.0003s ]
SQL: SHOW COLUMNS FROM `organ` [ RunTime:0.0090s ]
SQL: SELECT `name` FROM `organ` WHERE `id` = 1 LIMIT 1   [ RunTime:0.0008s ]
SQL: SHOW COLUMNS FROM `student` [ RunTime:0.0290s ]
SQL: SELECT count(*) as count FROM `student` WHERE `origin` = 1 AND `status` = 1  [ RunTime:0.0009s ]
SQL: SELECT count(*) as count FROM `student` WHERE `origin` = 0 AND `status` = 1  [ RunTime:0.0007s ]
SQL: SHOW COLUMNS FROM `register` [ RunTime:0.0750s ]
SQL: SELECT count(*) as count FROM `register` INNER JOIN student on register.sid = student.id  WHERE register.status = 0 AND `pub_release` = 1 AND `pub_status` = 1 AND student.status = 1  [ RunTime:0.0008s ]
SQL: SELECT count(*) as count FROM `register` INNER JOIN student on register.sid = student.id  WHERE register.status = 0 AND `lot_release` = 1 AND `civil_release` = 1 AND `civil_status` = 2 AND student.status = 1  [ RunTime:0.0008s ]
SQL: SELECT count(*) as count FROM `register` INNER JOIN student on register.sid = student.id  WHERE register.status = 0 AND student.status = 1  [ RunTime:0.0007s ]
INFO: [ view_parse ] --START--
INFO: [ template_filter ] --START--
INFO: Run Behavior\ContentReplaceBehavior [ RunTime:0.000850s ]
INFO: [ template_filter ] --END-- [ RunTime:0.001255s ]
NOTIC: [8] Undefined index: url D:\wamp\www\register_system\Application\Runtime\Cache\Admin\b595b808c2ebeeeb0478ffc30bb4e87a.php 第 206 行.
NOTIC: [8] Undefined index: url D:\wamp\www\register_system\Application\Runtime\Cache\Admin\b595b808c2ebeeeb0478ffc30bb4e87a.php 第 206 行.
NOTIC: [8] Undefined index: url D:\wamp\www\register_system\Application\Runtime\Cache\Admin\b595b808c2ebeeeb0478ffc30bb4e87a.php 第 206 行.
INFO: Run Behavior\ParseTemplateBehavior [ RunTime:0.210557s ]
INFO: [ view_parse ] --END-- [ RunTime:0.211099s ]
INFO: [ view_filter ] --START--
INFO: Run Behavior\WriteHtmlCacheBehavior [ RunTime:0.001657s ]
INFO: [ view_filter ] --END-- [ RunTime:0.002044s ]
INFO: [ app_end ] --START--
INFO: Run Behavior\ShowPageTraceBehavior [ RunTime:0.001811s ]
INFO: [ app_end ] --END-- [ RunTime:0.002176s ]

[ 2016-05-17T16:40:15+08:00 ] ::1 /register_system/index.php/Admin/Register/add_student_info.html
INFO: [ app_init ] --START--
INFO: Run Behavior\BuildLiteBehavior [ RunTime:0.000034s ]
INFO: [ app_init ] --END-- [ RunTime:0.000880s ]
INFO: [ app_begin ] --START--
INFO: Run Behavior\ReadHtmlCacheBehavior [ RunTime:0.000966s ]
INFO: [ app_begin ] --END-- [ RunTime:0.001248s ]
SQL: SHOW COLUMNS FROM `setting` [ RunTime:0.0036s ]
SQL: SELECT * FROM `setting` LIMIT 1   [ RunTime:0.0003s ]
SQL: SHOW COLUMNS FROM `organ` [ RunTime:0.0044s ]
SQL: SHOW COLUMNS FROM `organ` [ RunTime:0.0033s ]
SQL: SELECT `id`,`name`,`rank` FROM `organ` WHERE `status` = 0 AND `rank` IN (3,4)  [ RunTime:0.0009s ]
INFO: [ view_parse ] --START--
INFO: [ template_filter ] --START--
INFO: Run Behavior\ContentReplaceBehavior [ RunTime:0.000352s ]
INFO: [ template_filter ] --END-- [ RunTime:0.000531s ]
NOTIC: [8] Undefined index: url D:\wamp\www\register_system\Application\Runtime\Cache\Admin\d14e21b6402597053728dc35b0afb6a4.php 第 189 行.
NOTIC: [8] Undefined index: url D:\wamp\www\register_system\Application\Runtime\Cache\Admin\d14e21b6402597053728dc35b0afb6a4.php 第 189 行.
NOTIC: [8] Undefined index: url D:\wamp\www\register_system\Application\Runtime\Cache\Admin\d14e21b6402597053728dc35b0afb6a4.php 第 189 行.
NOTIC: [8] Undefined variable: where D:\wamp\www\register_system\Application\Runtime\Cache\Admin\d14e21b6402597053728dc35b0afb6a4.php 第 209 行.
NOTIC: [8] Undefined variable: reminder D:\wamp\www\register_system\Application\Runtime\Cache\Admin\d14e21b6402597053728dc35b0afb6a4.php 第 209 行.
NOTIC: [8] Undefined variable: student_info D:\wamp\www\register_system\Application\Runtime\Cache\Admin\d14e21b6402597053728dc35b0afb6a4.php 第 229 行.
NOTIC: [8] Undefined variable: student_info D:\wamp\www\register_system\Application\Runtime\Cache\Admin\d14e21b6402597053728dc35b0afb6a4.php 第 245 行.
NOTIC: [8] Undefined variable: student_info D:\wamp\www\register_system\Application\Runtime\Cache\Admin\d14e21b6402597053728dc35b0afb6a4.php 第 249 行.
NOTIC: [8] Undefined variable: student_info D:\wamp\www\register_system\Application\Runtime\Cache\Admin\d14e21b6402597053728dc35b0afb6a4.php 第 263 行.
NOTIC: [8] Undefined variable: student_info D:\wamp\www\register_system\Application\Runtime\Cache\Admin\d14e21b6402597053728dc35b0afb6a4.php 第 279 行.
NOTIC: [8] Undefined variable: student_info D:\wamp\www\register_system\Application\Runtime\Cache\Admin\d14e21b6402597053728dc35b0afb6a4.php 第 283 行.
NOTIC: [8] Undefined variable: student_info D:\wamp\www\register_system\Application\Runtime\Cache\Admin\d14e21b6402597053728dc35b0afb6a4.php 第 287 行.
NOTIC: [8] Undefined variable: student_info D:\wamp\www\register_system\Application\Runtime\Cache\Admin\d14e21b6402597053728dc35b0afb6a4.php 第 291 行.
NOTIC: [8] Undefined variable: student_info D:\wamp\www\register_system\Application\Runtime\Cache\Admin\d14e21b6402597053728dc35b0afb6a4.php 第 295 行.
NOTIC: [8] Undefined variable: student_info D:\wamp\www\register_system\Application\Runtime\Cache\Admin\d14e21b6402597053728dc35b0afb6a4.php 第 299 行.
NOTIC: [8] Undefined variable: student_info D:\wamp\www\register_system\Application\Runtime\Cache\Admin\d14e21b6402597053728dc35b0afb6a4.php 第 312 行.
NOTIC: [8] Undefined variable: student_info D:\wamp\www\register_system\Application\Runtime\Cache\Admin\d14e21b6402597053728dc35b0afb6a4.php 第 317 行.
NOTIC: [8] Undefined variable: student_info D:\wamp\www\register_system\Application\Runtime\Cache\Admin\d14e21b6402597053728dc35b0afb6a4.php 第 333 行.
NOTIC: [8] Undefined variable: student_info D:\wamp\www\register_system\Application\Runtime\Cache\Admin\d14e21b6402597053728dc35b0afb6a4.php 第 349 行.
NOTIC: [8] Undefined variable: student_info D:\wamp\www\register_system\Application\Runtime\Cache\Admin\d14e21b6402597053728dc35b0afb6a4.php 第 353 行.
NOTIC: [8] Undefined variable: student_info D:\wamp\www\register_system\Application\Runtime\Cache\Admin\d14e21b6402597053728dc35b0afb6a4.php 第 357 行.
NOTIC: [8] Undefined variable: student_info D:\wamp\www\register_system\Application\Runtime\Cache\Admin\d14e21b6402597053728dc35b0afb6a4.php 第 361 行.
NOTIC: [8] Undefined variable: student_info D:\wamp\www\register_system\Application\Runtime\Cache\Admin\d14e21b6402597053728dc35b0afb6a4.php 第 406 行.
NOTIC: [8] Undefined variable: student_info D:\wamp\www\register_system\Application\Runtime\Cache\Admin\d14e21b6402597053728dc35b0afb6a4.php 第 410 行.
NOTIC: [8] Undefined variable: student_info D:\wamp\www\register_system\Application\Runtime\Cache\Admin\d14e21b6402597053728dc35b0afb6a4.php 第 414 行.
NOTIC: [8] Undefined variable: student_info D:\wamp\www\register_system\Application\Runtime\Cache\Admin\d14e21b6402597053728dc35b0afb6a4.php 第 418 行.
NOTIC: [8] Undefined variable: student_info D:\wamp\www\register_system\Application\Runtime\Cache\Admin\d14e21b6402597053728dc35b0afb6a4.php 第 422 行.
NOTIC: [8] Undefined variable: student_info D:\wamp\www\register_system\Application\Runtime\Cache\Admin\d14e21b6402597053728dc35b0afb6a4.php 第 426 行.
NOTIC: [8] Undefined variable: student_info D:\wamp\www\register_system\Application\Runtime\Cache\Admin\d14e21b6402597053728dc35b0afb6a4.php 第 439 行.
NOTIC: [8] Undefined variable: student_info D:\wamp\www\register_system\Application\Runtime\Cache\Admin\d14e21b6402597053728dc35b0afb6a4.php 第 443 行.
NOTIC: [8] Undefined variable: student_info D:\wamp\www\register_system\Application\Runtime\Cache\Admin\d14e21b6402597053728dc35b0afb6a4.php 第 447 行.
NOTIC: [8] Undefined variable: student_info D:\wamp\www\register_system\Application\Runtime\Cache\Admin\d14e21b6402597053728dc35b0afb6a4.php 第 451 行.
NOTIC: [8] Undefined variable: student_info D:\wamp\www\register_system\Application\Runtime\Cache\Admin\d14e21b6402597053728dc35b0afb6a4.php 第 455 行.
NOTIC: [8] Undefined variable: student_info D:\wamp\www\register_system\Application\Runtime\Cache\Admin\d14e21b6402597053728dc35b0afb6a4.php 第 459 行.
NOTIC: [8] Undefined variable: student_info D:\wamp\www\register_system\Application\Runtime\Cache\Admin\d14e21b6402597053728dc35b0afb6a4.php 第 472 行.
NOTIC: [8] Undefined variable: student_info D:\wamp\www\register_system\Application\Runtime\Cache\Admin\d14e21b6402597053728dc35b0afb6a4.php 第 476 行.
NOTIC: [8] Undefined variable: student_info D:\wamp\www\register_system\Application\Runtime\Cache\Admin\d14e21b6402597053728dc35b0afb6a4.php 第 480 行.
NOTIC: [8] Undefined variable: student_info D:\wamp\www\register_system\Application\Runtime\Cache\Admin\d14e21b6402597053728dc35b0afb6a4.php 第 484 行.
NOTIC: [8] Undefined variable: student_info D:\wamp\www\register_system\Application\Runtime\Cache\Admin\d14e21b6402597053728dc35b0afb6a4.php 第 488 行.
NOTIC: [8] Undefined variable: student_info D:\wamp\www\register_system\Application\Runtime\Cache\Admin\d14e21b6402597053728dc35b0afb6a4.php 第 492 行.
NOTIC: [8] Undefined variable: student D:\wamp\www\register_system\Application\Runtime\Cache\Admin\d14e21b6402597053728dc35b0afb6a4.php 第 501 行.
INFO: Run Behavior\ParseTemplateBehavior [ RunTime:0.066843s ]
INFO: [ view_parse ] --END-- [ RunTime:0.067002s ]
INFO: [ view_filter ] --START--
INFO: Run Behavior\WriteHtmlCacheBehavior [ RunTime:0.000482s ]
INFO: [ view_filter ] --END-- [ RunTime:0.000624s ]
INFO: [ app_end ] --START--
INFO: Run Behavior\ShowPageTraceBehavior [ RunTime:0.001073s ]
INFO: [ app_end ] --END-- [ RunTime:0.001254s ]

[ 2016-05-17T16:41:40+08:00 ] ::1 /register_system/index.php/Admin/Login/logout.html
INFO: [ app_init ] --START--
INFO: Run Behavior\BuildLiteBehavior [ RunTime:0.000035s ]
INFO: [ app_init ] --END-- [ RunTime:0.000593s ]
INFO: [ app_begin ] --START--
INFO: Run Behavior\ReadHtmlCacheBehavior [ RunTime:0.000791s ]
INFO: [ app_begin ] --END-- [ RunTime:0.000957s ]
INFO: Logout => user_id :12name :新乡市

[ 2016-05-17T16:41:40+08:00 ] ::1 /register_system/index.php/Admin/Login/index.html
INFO: [ app_init ] --START--
INFO: Run Behavior\BuildLiteBehavior [ RunTime:0.000060s ]
INFO: [ app_init ] --END-- [ RunTime:0.000751s ]
INFO: [ app_begin ] --START--
INFO: Run Behavior\ReadHtmlCacheBehavior [ RunTime:0.000662s ]
INFO: [ app_begin ] --END-- [ RunTime:0.000815s ]
INFO: [ view_parse ] --START--
INFO: [ template_filter ] --START--
INFO: Run Behavior\ContentReplaceBehavior [ RunTime:0.000130s ]
INFO: [ template_filter ] --END-- [ RunTime:0.000289s ]
INFO: Run Behavior\ParseTemplateBehavior [ RunTime:0.012492s ]
INFO: [ view_parse ] --END-- [ RunTime:0.012851s ]
INFO: [ view_filter ] --START--
INFO: Run Behavior\WriteHtmlCacheBehavior [ RunTime:0.000542s ]
INFO: [ view_filter ] --END-- [ RunTime:0.000691s ]
INFO: [ app_end ] --START--
INFO: Run Behavior\ShowPageTraceBehavior [ RunTime:0.000713s ]
INFO: [ app_end ] --END-- [ RunTime:0.000849s ]

[ 2016-05-17T16:41:40+08:00 ] ::1 /register_system/index.php/Admin/Login/verify.html
INFO: [ app_init ] --START--
INFO: Run Behavior\BuildLiteBehavior [ RunTime:0.000033s ]
INFO: [ app_init ] --END-- [ RunTime:0.000526s ]
INFO: [ app_begin ] --START--
INFO: Run Behavior\ReadHtmlCacheBehavior [ RunTime:0.000804s ]
INFO: [ app_begin ] --END-- [ RunTime:0.001005s ]
INFO: [ app_end ] --START--
INFO: Run Behavior\ShowPageTraceBehavior [ RunTime:0.000840s ]
INFO: [ app_end ] --END-- [ RunTime:0.001056s ]

[ 2016-05-17T16:58:59+08:00 ] ::1 /register_system/index.php/Admin/Enter/civilreginfo.html
INFO: [ app_init ] --START--
INFO: Run Behavior\BuildLiteBehavior [ RunTime:0.000035s ]
INFO: [ app_init ] --END-- [ RunTime:0.000624s ]
INFO: [ app_begin ] --START--
INFO: Run Behavior\ReadHtmlCacheBehavior [ RunTime:0.000809s ]
INFO: [ app_begin ] --END-- [ RunTime:0.000967s ]

[ 2016-05-17T16:58:59+08:00 ] ::1 /register_system/index.php/Admin/Login/index.html
INFO: [ app_init ] --START--
INFO: Run Behavior\BuildLiteBehavior [ RunTime:0.000032s ]
INFO: [ app_init ] --END-- [ RunTime:0.000496s ]
INFO: [ app_begin ] --START--
INFO: Run Behavior\ReadHtmlCacheBehavior [ RunTime:0.000624s ]
INFO: [ app_begin ] --END-- [ RunTime:0.000774s ]
INFO: [ view_parse ] --START--
INFO: [ template_filter ] --START--
INFO: Run Behavior\ContentReplaceBehavior [ RunTime:0.000190s ]
INFO: [ template_filter ] --END-- [ RunTime:0.000737s ]
INFO: Run Behavior\ParseTemplateBehavior [ RunTime:0.018733s ]
INFO: [ view_parse ] --END-- [ RunTime:0.018885s ]
INFO: [ view_filter ] --START--
INFO: Run Behavior\WriteHtmlCacheBehavior [ RunTime:0.000469s ]
INFO: [ view_filter ] --END-- [ RunTime:0.000618s ]
INFO: [ app_end ] --START--
INFO: Run Behavior\ShowPageTraceBehavior [ RunTime:0.000668s ]
INFO: [ app_end ] --END-- [ RunTime:0.000808s ]

[ 2016-05-17T16:58:59+08:00 ] ::1 /register_system/index.php/Admin/Login/verify.html
INFO: [ app_init ] --START--
INFO: Run Behavior\BuildLiteBehavior [ RunTime:0.000056s ]
INFO: [ app_init ] --END-- [ RunTime:0.000837s ]
INFO: [ app_begin ] --START--
INFO: Run Behavior\ReadHtmlCacheBehavior [ RunTime:0.001262s ]
INFO: [ app_begin ] --END-- [ RunTime:0.001573s ]
INFO: [ app_end ] --START--
INFO: Run Behavior\ShowPageTraceBehavior [ RunTime:0.000767s ]
INFO: [ app_end ] --END-- [ RunTime:0.000954s ]

[ 2016-05-17T16:59:12+08:00 ] ::1 /register_system/index.php/Admin/Login/login.html
INFO: [ app_init ] --START--
INFO: Run Behavior\BuildLiteBehavior [ RunTime:0.000030s ]
INFO: [ app_init ] --END-- [ RunTime:0.000518s ]
INFO: [ app_begin ] --START--
INFO: Run Behavior\ReadHtmlCacheBehavior [ RunTime:0.001177s ]
INFO: [ app_begin ] --END-- [ RunTime:0.001328s ]

[ 2016-05-17T16:59:12+08:00 ] ::1 /register_system/index.php/Admin/Login/verify.html?0.9485482548400075
INFO: [ app_init ] --START--
INFO: Run Behavior\BuildLiteBehavior [ RunTime:0.000033s ]
INFO: [ app_init ] --END-- [ RunTime:0.000591s ]
INFO: [ app_begin ] --START--
INFO: Run Behavior\ReadHtmlCacheBehavior [ RunTime:0.000601s ]
INFO: [ app_begin ] --END-- [ RunTime:0.000749s ]
INFO: [ app_end ] --START--
INFO: Run Behavior\ShowPageTraceBehavior [ RunTime:0.000846s ]
INFO: [ app_end ] --END-- [ RunTime:0.001012s ]

[ 2016-05-17T16:59:15+08:00 ] ::1 /register_system/index.php/Admin/Login/verify.html?0.169237519277468
INFO: [ app_init ] --START--
INFO: Run Behavior\BuildLiteBehavior [ RunTime:0.000031s ]
INFO: [ app_init ] --END-- [ RunTime:0.000483s ]
INFO: [ app_begin ] --START--
INFO: Run Behavior\ReadHtmlCacheBehavior [ RunTime:0.000575s ]
INFO: [ app_begin ] --END-- [ RunTime:0.000718s ]
INFO: [ app_end ] --START--
INFO: Run Behavior\ShowPageTraceBehavior [ RunTime:0.000696s ]
INFO: [ app_end ] --END-- [ RunTime:0.000860s ]

[ 2016-05-17T16:59:21+08:00 ] ::1 /register_system/index.php/Admin/Login/verify.html?0.7219588842599971
INFO: [ app_init ] --START--
INFO: Run Behavior\BuildLiteBehavior [ RunTime:0.000049s ]
INFO: [ app_init ] --END-- [ RunTime:0.000471s ]
INFO: [ app_begin ] --START--
INFO: Run Behavior\ReadHtmlCacheBehavior [ RunTime:0.001165s ]
INFO: [ app_begin ] --END-- [ RunTime:0.001473s ]
INFO: [ app_end ] --START--
INFO: Run Behavior\ShowPageTraceBehavior [ RunTime:0.000694s ]
INFO: [ app_end ] --END-- [ RunTime:0.000891s ]

[ 2016-05-17T16:59:28+08:00 ] ::1 /register_system/index.php/Admin/Login/login.html
INFO: [ app_init ] --START--
INFO: Run Behavior\BuildLiteBehavior [ RunTime:0.000029s ]
INFO: [ app_init ] --END-- [ RunTime:0.000487s ]
INFO: [ app_begin ] --START--
INFO: Run Behavior\ReadHtmlCacheBehavior [ RunTime:0.000718s ]
INFO: [ app_begin ] --END-- [ RunTime:0.000852s ]

[ 2016-05-17T16:59:28+08:00 ] ::1 /register_system/index.php/Admin/Login/verify.html?0.7706387764221543
INFO: [ app_init ] --START--
INFO: Run Behavior\BuildLiteBehavior [ RunTime:0.000032s ]
INFO: [ app_init ] --END-- [ RunTime:0.000487s ]
INFO: [ app_begin ] --START--
INFO: Run Behavior\ReadHtmlCacheBehavior [ RunTime:0.001275s ]
INFO: [ app_begin ] --END-- [ RunTime:0.001933s ]
INFO: [ app_end ] --START--
INFO: Run Behavior\ShowPageTraceBehavior [ RunTime:0.000720s ]
INFO: [ app_end ] --END-- [ RunTime:0.000883s ]

[ 2016-05-17T16:59:35+08:00 ] ::1 /register_system/index.php/Admin/Login/login.html
INFO: [ app_init ] --START--
INFO: Run Behavior\BuildLiteBehavior [ RunTime:0.000057s ]
INFO: [ app_init ] --END-- [ RunTime:0.001198s ]
INFO: [ app_begin ] --START--
INFO: Run Behavior\ReadHtmlCacheBehavior [ RunTime:0.000833s ]
INFO: [ app_begin ] --END-- [ RunTime:0.001021s ]
SQL: SHOW COLUMNS FROM `user` [ RunTime:0.0062s ]
SQL: SELECT `id`,`pass`,`oid` FROM `user` WHERE `account` = '4567891' AND `status` = 0 LIMIT 1   [ RunTime:0.0009s ]
SQL: SHOW COLUMNS FROM `organ` [ RunTime:0.0049s ]
SQL: SELECT `name`,`rank`,`pid` FROM `organ` WHERE `id` = 1 AND `status` = 0 LIMIT 1   [ RunTime:0.0004s ]
INFO: Login => user_id :12name :新乡市
NOTIC: [2] Missing argument 1 for Admin\Controller\LoginController::json_response(), called in D:\wamp\www\register_system\Application\Admin\Controller\LoginController.class.php on line 63 and defined D:\wamp\www\register_system\Application\Admin\Controller\LoginController.class.php 第 87 行.

[ 2016-05-17T16:59:35+08:00 ] ::1 /register_system/index.php/Admin/Index/index.html
INFO: [ app_init ] --START--
INFO: Run Behavior\BuildLiteBehavior [ RunTime:0.000031s ]
INFO: [ app_init ] --END-- [ RunTime:0.000483s ]
INFO: [ app_begin ] --START--
INFO: Run Behavior\ReadHtmlCacheBehavior [ RunTime:0.001019s ]
INFO: [ app_begin ] --END-- [ RunTime:0.001256s ]
SQL: SHOW COLUMNS FROM `setting` [ RunTime:0.0036s ]
SQL: SELECT * FROM `setting` LIMIT 1   [ RunTime:0.0003s ]
SQL: SHOW COLUMNS FROM `organ` [ RunTime:0.0055s ]
SQL: SELECT `name` FROM `organ` WHERE `id` = 1 LIMIT 1   [ RunTime:0.0006s ]
SQL: SHOW COLUMNS FROM `student` [ RunTime:0.0054s ]
NOTIC: [8] Undefined property: Admin\Model\IndexModel::$oids D:\wamp\www\register_system\Application\Admin\Model\IndexModel.class.php 第 82 行.
SQL: SELECT count(*) as count FROM `student` WHERE `origin` = 1 AND `status` = 1 AND `oid` > 0  [ RunTime:0.0007s ]
SQL: SELECT count(*) as count FROM `student` WHERE `origin` = 0 AND `status` = 1 AND `oid` > 0  [ RunTime:0.0005s ]
SQL: SHOW COLUMNS FROM `register` [ RunTime:0.0042s ]
SQL: SELECT count(*) as count FROM `register` INNER JOIN student on register.sid = student.id  WHERE register.status = 0 AND student.status = 1 AND student.oid > 0  [ RunTime:0.0004s ]
SQL: SELECT count(*) as count FROM `register` INNER JOIN student on register.sid = student.id  WHERE register.status = 0 AND student.status = 1 AND student.oid > 0 AND `pub_release` = 1 AND `pub_status` = 1  [ RunTime:0.0002s ]
SQL: SELECT count(*) as count FROM `register` INNER JOIN student on register.sid = student.id  WHERE register.status = 0 AND student.status = 1 AND student.oid > 0 AND `lot_release` = 1 AND `civil_release` = 1 AND `civil_status` = 2  [ RunTime:0.0002s ]
INFO: [ view_parse ] --START--
INFO: [ template_filter ] --START--
INFO: Run Behavior\ContentReplaceBehavior [ RunTime:0.000226s ]
INFO: [ template_filter ] --END-- [ RunTime:0.000447s ]
NOTIC: [8] Undefined offset: 1 D:\wamp\www\register_system\Application\Runtime\Cache\Admin\b595b808c2ebeeeb0478ffc30bb4e87a.php 第 206 行.
NOTIC: [8] Undefined index: url D:\wamp\www\register_system\Application\Runtime\Cache\Admin\b595b808c2ebeeeb0478ffc30bb4e87a.php 第 206 行.
NOTIC: [8] Undefined index: url D:\wamp\www\register_system\Application\Runtime\Cache\Admin\b595b808c2ebeeeb0478ffc30bb4e87a.php 第 206 行.
NOTIC: [8] Undefined index: url D:\wamp\www\register_system\Application\Runtime\Cache\Admin\b595b808c2ebeeeb0478ffc30bb4e87a.php 第 206 行.
INFO: Run Behavior\ParseTemplateBehavior [ RunTime:0.044066s ]
INFO: [ view_parse ] --END-- [ RunTime:0.044219s ]
INFO: [ view_filter ] --START--
INFO: Run Behavior\WriteHtmlCacheBehavior [ RunTime:0.000668s ]
INFO: [ view_filter ] --END-- [ RunTime:0.000818s ]
INFO: [ app_end ] --START--
INFO: Run Behavior\ShowPageTraceBehavior [ RunTime:0.000661s ]
INFO: [ app_end ] --END-- [ RunTime:0.000798s ]

[ 2016-05-17T16:59:43+08:00 ] ::1 /register_system/index.php/Admin/Register/student_info.html
INFO: [ app_init ] --START--
INFO: Run Behavior\BuildLiteBehavior [ RunTime:0.000045s ]
INFO: [ app_init ] --END-- [ RunTime:0.000579s ]
INFO: [ app_begin ] --START--
INFO: Run Behavior\ReadHtmlCacheBehavior [ RunTime:0.001184s ]
INFO: [ app_begin ] --END-- [ RunTime:0.001469s ]
SQL: SHOW COLUMNS FROM `setting` [ RunTime:0.0042s ]
SQL: SELECT * FROM `setting` LIMIT 1   [ RunTime:0.0004s ]
SQL: SHOW COLUMNS FROM `student` [ RunTime:0.0040s ]
SQL: SHOW COLUMNS FROM `student` [ RunTime:0.0037s ]
SQL: SELECT s.id,s.sex,s.name,s.sid_num,s.updatetime,r.pub_junior,r.civil_junior,r.pub_status,r.civil_status,r.lot_release FROM student as s INNER JOIN register as r on r.sid=s.id  WHERE ( r.status=0 and s.status!=2 and s.oid=1 )  [ RunTime:0.0009s ]
SQL: SHOW COLUMNS FROM `organ` [ RunTime:0.0041s ]
SQL: SHOW COLUMNS FROM `organ` [ RunTime:0.0040s ]
SQL: SELECT `id`,`name`,`rank` FROM `organ` WHERE `status` = 0 AND `rank` IN (3,4)  [ RunTime:0.0005s ]
SQL: SELECT `id`,`name`,`rank` FROM `organ` WHERE `status` = 0 AND `rank` IN (3,4)  [ RunTime:0.0006s ]
INFO: [ view_parse ] --START--
INFO: [ template_filter ] --START--
INFO: Run Behavior\ContentReplaceBehavior [ RunTime:0.000318s ]
INFO: [ template_filter ] --END-- [ RunTime:0.000542s ]
NOTIC: [8] Undefined offset: 1 D:\wamp\www\register_system\Application\Runtime\Cache\Admin\608f79eef5a6bac92748fe7d92d9b0bb.php 第 188 行.
NOTIC: [8] Undefined index: url D:\wamp\www\register_system\Application\Runtime\Cache\Admin\608f79eef5a6bac92748fe7d92d9b0bb.php 第 188 行.
NOTIC: [8] Undefined index: url D:\wamp\www\register_system\Application\Runtime\Cache\Admin\608f79eef5a6bac92748fe7d92d9b0bb.php 第 188 行.
NOTIC: [8] Undefined index: url D:\wamp\www\register_system\Application\Runtime\Cache\Admin\608f79eef5a6bac92748fe7d92d9b0bb.php 第 188 行.
INFO: Run Behavior\ParseTemplateBehavior [ RunTime:0.067691s ]
INFO: [ view_parse ] --END-- [ RunTime:0.067833s ]
INFO: [ view_filter ] --START--
INFO: Run Behavior\WriteHtmlCacheBehavior [ RunTime:0.000469s ]
INFO: [ view_filter ] --END-- [ RunTime:0.000590s ]
INFO: [ app_end ] --START--
INFO: Run Behavior\ShowPageTraceBehavior [ RunTime:0.000553s ]
INFO: [ app_end ] --END-- [ RunTime:0.000676s ]

[ 2016-05-17T16:59:44+08:00 ] ::1 /register_system/index.php/Admin/Register/add_student_info.html
INFO: [ app_init ] --START--
INFO: Run Behavior\BuildLiteBehavior [ RunTime:0.000029s ]
INFO: [ app_init ] --END-- [ RunTime:0.000531s ]
INFO: [ app_begin ] --START--
INFO: Run Behavior\ReadHtmlCacheBehavior [ RunTime:0.000687s ]
INFO: [ app_begin ] --END-- [ RunTime:0.000821s ]
SQL: SHOW COLUMNS FROM `setting` [ RunTime:0.0064s ]
SQL: SELECT * FROM `setting` LIMIT 1   [ RunTime:0.0002s ]
SQL: SHOW COLUMNS FROM `organ` [ RunTime:0.0039s ]
SQL: SHOW COLUMNS FROM `organ` [ RunTime:0.0036s ]
SQL: SELECT `id`,`name`,`rank` FROM `organ` WHERE `status` = 0 AND `rank` IN (3,4)  [ RunTime:0.0005s ]
INFO: [ view_parse ] --START--
INFO: [ template_filter ] --START--
INFO: Run Behavior\ContentReplaceBehavior [ RunTime:0.000370s ]
INFO: [ template_filter ] --END-- [ RunTime:0.000517s ]
NOTIC: [8] Undefined offset: 1 D:\wamp\www\register_system\Application\Runtime\Cache\Admin\d14e21b6402597053728dc35b0afb6a4.php 第 189 行.
NOTIC: [8] Undefined index: url D:\wamp\www\register_system\Application\Runtime\Cache\Admin\d14e21b6402597053728dc35b0afb6a4.php 第 189 行.
NOTIC: [8] Undefined index: url D:\wamp\www\register_system\Application\Runtime\Cache\Admin\d14e21b6402597053728dc35b0afb6a4.php 第 189 行.
NOTIC: [8] Undefined index: url D:\wamp\www\register_system\Application\Runtime\Cache\Admin\d14e21b6402597053728dc35b0afb6a4.php 第 189 行.
NOTIC: [8] Undefined variable: student_info D:\wamp\www\register_system\Application\Runtime\Cache\Admin\d14e21b6402597053728dc35b0afb6a4.php 第 229 行.
NOTIC: [8] Undefined variable: student_info D:\wamp\www\register_system\Application\Runtime\Cache\Admin\d14e21b6402597053728dc35b0afb6a4.php 第 245 行.
NOTIC: [8] Undefined variable: student_info D:\wamp\www\register_system\Application\Runtime\Cache\Admin\d14e21b6402597053728dc35b0afb6a4.php 第 249 行.
NOTIC: [8] Undefined variable: student_info D:\wamp\www\register_system\Application\Runtime\Cache\Admin\d14e21b6402597053728dc35b0afb6a4.php 第 263 行.
NOTIC: [8] Undefined variable: student_info D:\wamp\www\register_system\Application\Runtime\Cache\Admin\d14e21b6402597053728dc35b0afb6a4.php 第 279 行.
NOTIC: [8] Undefined variable: student_info D:\wamp\www\register_system\Application\Runtime\Cache\Admin\d14e21b6402597053728dc35b0afb6a4.php 第 283 行.
NOTIC: [8] Undefined variable: student_info D:\wamp\www\register_system\Application\Runtime\Cache\Admin\d14e21b6402597053728dc35b0afb6a4.php 第 287 行.
NOTIC: [8] Undefined variable: student_info D:\wamp\www\register_system\Application\Runtime\Cache\Admin\d14e21b6402597053728dc35b0afb6a4.php 第 291 行.
NOTIC: [8] Undefined variable: student_info D:\wamp\www\register_system\Application\Runtime\Cache\Admin\d14e21b6402597053728dc35b0afb6a4.php 第 295 行.
NOTIC: [8] Undefined variable: student_info D:\wamp\www\register_system\Application\Runtime\Cache\Admin\d14e21b6402597053728dc35b0afb6a4.php 第 299 行.
NOTIC: [8] Undefined variable: student_info D:\wamp\www\register_system\Application\Runtime\Cache\Admin\d14e21b6402597053728dc35b0afb6a4.php 第 312 行.
NOTIC: [8] Undefined variable: student_info D:\wamp\www\register_system\Application\Runtime\Cache\Admin\d14e21b6402597053728dc35b0afb6a4.php 第 317 行.
NOTIC: [8] Undefined variable: student_info D:\wamp\www\register_system\Application\Runtime\Cache\Admin\d14e21b6402597053728dc35b0afb6a4.php 第 333 行.
NOTIC: [8] Undefined variable: student_info D:\wamp\www\register_system\Application\Runtime\Cache\Admin\d14e21b6402597053728dc35b0afb6a4.php 第 349 行.
NOTIC: [8] Undefined variable: student_info D:\wamp\www\register_system\Application\Runtime\Cache\Admin\d14e21b6402597053728dc35b0afb6a4.php 第 353 行.
NOTIC: [8] Undefined variable: student_info D:\wamp\www\register_system\Application\Runtime\Cache\Admin\d14e21b6402597053728dc35b0afb6a4.php 第 357 行.
NOTIC: [8] Undefined variable: student_info D:\wamp\www\register_system\Application\Runtime\Cache\Admin\d14e21b6402597053728dc35b0afb6a4.php 第 361 行.
NOTIC: [8] Undefined variable: student_info D:\wamp\www\register_system\Application\Runtime\Cache\Admin\d14e21b6402597053728dc35b0afb6a4.php 第 406 行.
NOTIC: [8] Undefined variable: student_info D:\wamp\www\register_system\Application\Runtime\Cache\Admin\d14e21b6402597053728dc35b0afb6a4.php 第 410 行.
NOTIC: [8] Undefined variable: student_info D:\wamp\www\register_system\Application\Runtime\Cache\Admin\d14e21b6402597053728dc35b0afb6a4.php 第 414 行.
NOTIC: [8] Undefined variable: student_info D:\wamp\www\register_system\Application\Runtime\Cache\Admin\d14e21b6402597053728dc35b0afb6a4.php 第 418 行.
NOTIC: [8] Undefined variable: student_info D:\wamp\www\register_system\Application\Runtime\Cache\Admin\d14e21b6402597053728dc35b0afb6a4.php 第 422 行.
NOTIC: [8] Undefined variable: student_info D:\wamp\www\register_system\Application\Runtime\Cache\Admin\d14e21b6402597053728dc35b0afb6a4.php 第 426 行.
NOTIC: [8] Undefined variable: student_info D:\wamp\www\register_system\Application\Runtime\Cache\Admin\d14e21b6402597053728dc35b0afb6a4.php 第 439 行.
NOTIC: [8] Undefined variable: student_info D:\wamp\www\register_system\Application\Runtime\Cache\Admin\d14e21b6402597053728dc35b0afb6a4.php 第 443 行.
NOTIC: [8] Undefined variable: student_info D:\wamp\www\register_system\Application\Runtime\Cache\Admin\d14e21b6402597053728dc35b0afb6a4.php 第 447 行.
NOTIC: [8] Undefined variable: student_info D:\wamp\www\register_system\Application\Runtime\Cache\Admin\d14e21b6402597053728dc35b0afb6a4.php 第 451 行.
NOTIC: [8] Undefined variable: student_info D:\wamp\www\register_system\Application\Runtime\Cache\Admin\d14e21b6402597053728dc35b0afb6a4.php 第 455 行.
NOTIC: [8] Undefined variable: student_info D:\wamp\www\register_system\Application\Runtime\Cache\Admin\d14e21b6402597053728dc35b0afb6a4.php 第 459 行.
NOTIC: [8] Undefined variable: student_info D:\wamp\www\register_system\Application\Runtime\Cache\Admin\d14e21b6402597053728dc35b0afb6a4.php 第 472 行.
NOTIC: [8] Undefined variable: student_info D:\wamp\www\register_system\Application\Runtime\Cache\Admin\d14e21b6402597053728dc35b0afb6a4.php 第 476 行.
NOTIC: [8] Undefined variable: student_info D:\wamp\www\register_system\Application\Runtime\Cache\Admin\d14e21b6402597053728dc35b0afb6a4.php 第 480 行.
NOTIC: [8] Undefined variable: student_info D:\wamp\www\register_system\Application\Runtime\Cache\Admin\d14e21b6402597053728dc35b0afb6a4.php 第 484 行.
NOTIC: [8] Undefined variable: student_info D:\wamp\www\register_system\Application\Runtime\Cache\Admin\d14e21b6402597053728dc35b0afb6a4.php 第 488 行.
NOTIC: [8] Undefined variable: student_info D:\wamp\www\register_system\Application\Runtime\Cache\Admin\d14e21b6402597053728dc35b0afb6a4.php 第 492 行.
NOTIC: [8] Undefined variable: student D:\wamp\www\register_system\Application\Runtime\Cache\Admin\d14e21b6402597053728dc35b0afb6a4.php 第 501 行.
INFO: Run Behavior\ParseTemplateBehavior [ RunTime:0.060499s ]
INFO: [ view_parse ] --END-- [ RunTime:0.060674s ]
INFO: [ view_filter ] --START--
INFO: Run Behavior\WriteHtmlCacheBehavior [ RunTime:0.000815s ]
INFO: [ view_filter ] --END-- [ RunTime:0.001075s ]
INFO: [ app_end ] --START--
INFO: Run Behavior\ShowPageTraceBehavior [ RunTime:0.001026s ]
INFO: [ app_end ] --END-- [ RunTime:0.001242s ]

[ 2016-05-17T17:00:55+08:00 ] ::1 /register_system/index.php/Admin/User/change_passwd.html
INFO: [ app_init ] --START--
INFO: Run Behavior\BuildLiteBehavior [ RunTime:0.000163s ]
INFO: [ app_init ] --END-- [ RunTime:0.001291s ]
INFO: [ app_begin ] --START--
INFO: Run Behavior\ReadHtmlCacheBehavior [ RunTime:0.000700s ]
INFO: [ app_begin ] --END-- [ RunTime:0.000904s ]
SQL: SHOW COLUMNS FROM `setting` [ RunTime:0.0055s ]
SQL: SELECT * FROM `setting` LIMIT 1   [ RunTime:0.0005s ]
INFO: [ view_parse ] --START--
INFO: [ template_filter ] --START--
INFO: Run Behavior\ContentReplaceBehavior [ RunTime:0.000178s ]
INFO: [ template_filter ] --END-- [ RunTime:0.000312s ]
NOTIC: [8] Undefined offset: 1 D:\wamp\www\register_system\Application\Runtime\Cache\Admin\d1451d539d885c54c4285e5f163c4f1e.php 第 186 行.
NOTIC: [8] Undefined index: url D:\wamp\www\register_system\Application\Runtime\Cache\Admin\d1451d539d885c54c4285e5f163c4f1e.php 第 186 行.
NOTIC: [8] Undefined index: url D:\wamp\www\register_system\Application\Runtime\Cache\Admin\d1451d539d885c54c4285e5f163c4f1e.php 第 186 行.
NOTIC: [8] Undefined index: url D:\wamp\www\register_system\Application\Runtime\Cache\Admin\d1451d539d885c54c4285e5f163c4f1e.php 第 186 行.
INFO: Run Behavior\ParseTemplateBehavior [ RunTime:0.048847s ]
INFO: [ view_parse ] --END-- [ RunTime:0.049012s ]
INFO: [ view_filter ] --START--
INFO: Run Behavior\WriteHtmlCacheBehavior [ RunTime:0.000373s ]
INFO: [ view_filter ] --END-- [ RunTime:0.000510s ]
INFO: [ app_end ] --START--
INFO: Run Behavior\ShowPageTraceBehavior [ RunTime:0.000599s ]
INFO: [ app_end ] --END-- [ RunTime:0.000804s ]

[ 2016-05-17T17:02:58+08:00 ] ::1 /register_system/index.php/Admin/Org/perfectInfo.html
INFO: [ app_init ] --START--
INFO: Run Behavior\BuildLiteBehavior [ RunTime:0.000030s ]
INFO: [ app_init ] --END-- [ RunTime:0.000512s ]
INFO: [ app_begin ] --START--
INFO: Run Behavior\ReadHtmlCacheBehavior [ RunTime:0.000726s ]
INFO: [ app_begin ] --END-- [ RunTime:0.000865s ]

[ 2016-05-17T17:03:03+08:00 ] ::1 /register_system/index.php/Admin/Setting/index.html
INFO: [ app_init ] --START--
INFO: Run Behavior\BuildLiteBehavior [ RunTime:0.000031s ]
INFO: [ app_init ] --END-- [ RunTime:0.000480s ]
INFO: [ app_begin ] --START--
INFO: Run Behavior\ReadHtmlCacheBehavior [ RunTime:0.000578s ]
INFO: [ app_begin ] --END-- [ RunTime:0.000722s ]
SQL: SHOW COLUMNS FROM `setting` [ RunTime:0.0058s ]
SQL: SELECT * FROM `setting` LIMIT 1   [ RunTime:0.0003s ]
INFO: [ view_parse ] --START--
INFO: [ template_filter ] --START--
INFO: Run Behavior\ContentReplaceBehavior [ RunTime:0.000193s ]
INFO: [ template_filter ] --END-- [ RunTime:0.000337s ]
NOTIC: [8] Undefined offset: 1 D:\wamp\www\register_system\Application\Runtime\Cache\Admin\94874399856847a0aef2309f9a226cc8.php 第 209 行.
NOTIC: [8] Undefined index: url D:\wamp\www\register_system\Application\Runtime\Cache\Admin\94874399856847a0aef2309f9a226cc8.php 第 209 行.
NOTIC: [8] Undefined index: url D:\wamp\www\register_system\Application\Runtime\Cache\Admin\94874399856847a0aef2309f9a226cc8.php 第 209 行.
NOTIC: [8] Undefined index: url D:\wamp\www\register_system\Application\Runtime\Cache\Admin\94874399856847a0aef2309f9a226cc8.php 第 209 行.
INFO: Run Behavior\ParseTemplateBehavior [ RunTime:0.051220s ]
INFO: [ view_parse ] --END-- [ RunTime:0.051358s ]
INFO: [ view_filter ] --START--
INFO: Run Behavior\WriteHtmlCacheBehavior [ RunTime:0.000426s ]
INFO: [ view_filter ] --END-- [ RunTime:0.000598s ]
INFO: [ app_end ] --START--
INFO: Run Behavior\ShowPageTraceBehavior [ RunTime:0.000670s ]
INFO: [ app_end ] --END-- [ RunTime:0.000801s ]

[ 2016-05-17T17:03:04+08:00 ] ::1 /register_system/index.php/Admin/Org/orginfo.html
INFO: [ app_init ] --START--
INFO: Run Behavior\BuildLiteBehavior [ RunTime:0.000033s ]
INFO: [ app_init ] --END-- [ RunTime:0.001205s ]
INFO: [ app_begin ] --START--
INFO: Run Behavior\ReadHtmlCacheBehavior [ RunTime:0.000890s ]
INFO: [ app_begin ] --END-- [ RunTime:0.001031s ]

[ 2016-05-17T17:03:07+08:00 ] ::1 /register_system/index.php/Admin/Register/student_info.html
INFO: [ app_init ] --START--
INFO: Run Behavior\BuildLiteBehavior [ RunTime:0.000031s ]
INFO: [ app_init ] --END-- [ RunTime:0.000444s ]
INFO: [ app_begin ] --START--
INFO: Run Behavior\ReadHtmlCacheBehavior [ RunTime:0.000600s ]
INFO: [ app_begin ] --END-- [ RunTime:0.000811s ]
SQL: SHOW COLUMNS FROM `setting` [ RunTime:0.0057s ]
SQL: SELECT * FROM `setting` LIMIT 1   [ RunTime:0.0003s ]
SQL: SHOW COLUMNS FROM `student` [ RunTime:0.0043s ]
SQL: SHOW COLUMNS FROM `student` [ RunTime:0.0038s ]
SQL: SELECT s.id,s.sex,s.name,s.sid_num,s.updatetime,r.pub_junior,r.civil_junior,r.pub_status,r.civil_status,r.lot_release FROM student as s INNER JOIN register as r on r.sid=s.id  WHERE ( r.status=0 and s.status!=2 and s.oid=1 )  [ RunTime:0.0006s ]
SQL: SHOW COLUMNS FROM `organ` [ RunTime:0.0037s ]
SQL: SHOW COLUMNS FROM `organ` [ RunTime:0.0049s ]
SQL: SELECT `id`,`name`,`rank` FROM `organ` WHERE `status` = 0 AND `rank` IN (3,4)  [ RunTime:0.0007s ]
SQL: SELECT `id`,`name`,`rank` FROM `organ` WHERE `status` = 0 AND `rank` IN (3,4)  [ RunTime:0.0006s ]
INFO: [ view_parse ] --START--
INFO: [ template_filter ] --START--
INFO: Run Behavior\ContentReplaceBehavior [ RunTime:0.000224s ]
INFO: [ template_filter ] --END-- [ RunTime:0.000363s ]
NOTIC: [8] Undefined offset: 1 D:\wamp\www\register_system\Application\Runtime\Cache\Admin\608f79eef5a6bac92748fe7d92d9b0bb.php 第 188 行.
NOTIC: [8] Undefined index: url D:\wamp\www\register_system\Application\Runtime\Cache\Admin\608f79eef5a6bac92748fe7d92d9b0bb.php 第 188 行.
NOTIC: [8] Undefined index: url D:\wamp\www\register_system\Application\Runtime\Cache\Admin\608f79eef5a6bac92748fe7d92d9b0bb.php 第 188 行.
NOTIC: [8] Undefined index: url D:\wamp\www\register_system\Application\Runtime\Cache\Admin\608f79eef5a6bac92748fe7d92d9b0bb.php 第 188 行.
INFO: Run Behavior\ParseTemplateBehavior [ RunTime:0.018337s ]
INFO: [ view_parse ] --END-- [ RunTime:0.018560s ]
INFO: [ view_filter ] --START--
INFO: Run Behavior\WriteHtmlCacheBehavior [ RunTime:0.000552s ]
INFO: [ view_filter ] --END-- [ RunTime:0.000781s ]
INFO: [ app_end ] --START--
INFO: Run Behavior\ShowPageTraceBehavior [ RunTime:0.000640s ]
INFO: [ app_end ] --END-- [ RunTime:0.000771s ]

[ 2016-05-17T17:03:08+08:00 ] ::1 /register_system/index.php/Admin/Register/look_student_info.html
INFO: [ app_init ] --START--
INFO: Run Behavior\BuildLiteBehavior [ RunTime:0.000030s ]
INFO: [ app_init ] --END-- [ RunTime:0.000498s ]
INFO: [ app_begin ] --START--
INFO: Run Behavior\ReadHtmlCacheBehavior [ RunTime:0.000590s ]
INFO: [ app_begin ] --END-- [ RunTime:0.000747s ]
SQL: SHOW COLUMNS FROM `setting` [ RunTime:0.0048s ]
SQL: SELECT * FROM `setting` LIMIT 1   [ RunTime:0.0003s ]
SQL: SHOW COLUMNS FROM `organ` [ RunTime:0.0033s ]
SQL: SHOW COLUMNS FROM `organ` [ RunTime:0.0036s ]
SQL: SELECT `id`,`rank`,`name`,`pid` FROM `organ` WHERE (  `status` = 0 AND `rank` > '1' ) AND `rank` NOT IN (3,4)  [ RunTime:0.0005s ]
SQL: SHOW COLUMNS FROM `student` [ RunTime:0.0038s ]
SQL: SHOW COLUMNS FROM `student` [ RunTime:0.0043s ]
SQL: SELECT s.id,s.sex,s.name,s.sid_num,s.updatetime,r.pub_junior,r.civil_junior,r.pub_status,r.civil_status,r.lot_release FROM student as s INNER JOIN register as r on r.sid=s.id  WHERE ( r.status=0 and s.status!=2 and s.oid in(0,1,3,4,5,6,107,108,109,110,111,112,113,114,146,115,116,117,118,119,120,121,122,123,124,125,126,127,128,133,134,135,136,137,138,140,141,142,143,144,145,129,130,131,132) )  [ RunTime:0.0005s ]
SQL: SELECT `id`,`name`,`rank` FROM `organ` WHERE `status` = 0 AND `rank` IN (3,4)  [ RunTime:0.0004s ]
NOTIC: [8] Undefined index: civil_release D:\wamp\www\register_system\Application\Admin\Controller\RegisterController.class.php 第 372 行.
NOTIC: [8] Undefined index: pub_release D:\wamp\www\register_system\Application\Admin\Controller\RegisterController.class.php 第 374 行.
NOTIC: [8] Undefined index: civil_release D:\wamp\www\register_system\Application\Admin\Controller\RegisterController.class.php 第 372 行.
NOTIC: [8] Undefined index: pub_release D:\wamp\www\register_system\Application\Admin\Controller\RegisterController.class.php 第 374 行.
NOTIC: [8] Undefined index: civil_release D:\wamp\www\register_system\Application\Admin\Controller\RegisterController.class.php 第 372 行.
NOTIC: [8] Undefined index: pub_release D:\wamp\www\register_system\Application\Admin\Controller\RegisterController.class.php 第 374 行.
NOTIC: [8] Undefined index: civil_release D:\wamp\www\register_system\Application\Admin\Controller\RegisterController.class.php 第 372 行.
NOTIC: [8] Undefined index: pub_release D:\wamp\www\register_system\Application\Admin\Controller\RegisterController.class.php 第 374 行.
INFO: [ view_parse ] --START--
INFO: [ template_filter ] --START--
INFO: Run Behavior\ContentReplaceBehavior [ RunTime:0.000225s ]
INFO: [ template_filter ] --END-- [ RunTime:0.000384s ]
NOTIC: [8] Undefined offset: 1 D:\wamp\www\register_system\Application\Runtime\Cache\Admin\fafda733ff57de443ac73107c9ed84dd.php 第 188 行.
NOTIC: [8] Undefined index: url D:\wamp\www\register_system\Application\Runtime\Cache\Admin\fafda733ff57de443ac73107c9ed84dd.php 第 188 行.
NOTIC: [8] Undefined index: url D:\wamp\www\register_system\Application\Runtime\Cache\Admin\fafda733ff57de443ac73107c9ed84dd.php 第 188 行.
NOTIC: [8] Undefined index: url D:\wamp\www\register_system\Application\Runtime\Cache\Admin\fafda733ff57de443ac73107c9ed84dd.php 第 188 行.
INFO: Run Behavior\ParseTemplateBehavior [ RunTime:0.079174s ]
INFO: [ view_parse ] --END-- [ RunTime:0.079312s ]
INFO: [ view_filter ] --START--
INFO: Run Behavior\WriteHtmlCacheBehavior [ RunTime:0.000389s ]
INFO: [ view_filter ] --END-- [ RunTime:0.000509s ]
INFO: [ app_end ] --START--
INFO: Run Behavior\ShowPageTraceBehavior [ RunTime:0.000565s ]
INFO: [ app_end ] --END-- [ RunTime:0.000705s ]

[ 2016-05-17T17:03:09+08:00 ] ::1 /register_system/index.php/Admin/Index/index.html
INFO: [ app_init ] --START--
INFO: Run Behavior\BuildLiteBehavior [ RunTime:0.000051s ]
INFO: [ app_init ] --END-- [ RunTime:0.000619s ]
INFO: [ app_begin ] --START--
INFO: Run Behavior\ReadHtmlCacheBehavior [ RunTime:0.000622s ]
INFO: [ app_begin ] --END-- [ RunTime:0.000774s ]
SQL: SHOW COLUMNS FROM `setting` [ RunTime:0.0042s ]
SQL: SELECT * FROM `setting` LIMIT 1   [ RunTime:0.0002s ]
SQL: SHOW COLUMNS FROM `organ` [ RunTime:0.0035s ]
SQL: SELECT `name` FROM `organ` WHERE `id` = 1 LIMIT 1   [ RunTime:0.0003s ]
SQL: SHOW COLUMNS FROM `student` [ RunTime:0.0036s ]
NOTIC: [8] Undefined property: Admin\Model\IndexModel::$oids D:\wamp\www\register_system\Application\Admin\Model\IndexModel.class.php 第 82 行.
SQL: SELECT count(*) as count FROM `student` WHERE `origin` = 1 AND `status` = 1 AND `oid` > 0  [ RunTime:0.0003s ]
SQL: SELECT count(*) as count FROM `student` WHERE `origin` = 0 AND `status` = 1 AND `oid` > 0  [ RunTime:0.0002s ]
SQL: SHOW COLUMNS FROM `register` [ RunTime:0.0037s ]
SQL: SELECT count(*) as count FROM `register` INNER JOIN student on register.sid = student.id  WHERE register.status = 0 AND student.status = 1 AND student.oid > 0  [ RunTime:0.0004s ]
SQL: SELECT count(*) as count FROM `register` INNER JOIN student on register.sid = student.id  WHERE register.status = 0 AND student.status = 1 AND student.oid > 0 AND `pub_release` = 1 AND `pub_status` = 1  [ RunTime:0.0004s ]
SQL: SELECT count(*) as count FROM `register` INNER JOIN student on register.sid = student.id  WHERE register.status = 0 AND student.status = 1 AND student.oid > 0 AND `lot_release` = 1 AND `civil_release` = 1 AND `civil_status` = 2  [ RunTime:0.0004s ]
INFO: [ view_parse ] --START--
INFO: [ template_filter ] --START--
INFO: Run Behavior\ContentReplaceBehavior [ RunTime:0.000231s ]
INFO: [ template_filter ] --END-- [ RunTime:0.000402s ]
NOTIC: [8] Undefined offset: 1 D:\wamp\www\register_system\Application\Runtime\Cache\Admin\b595b808c2ebeeeb0478ffc30bb4e87a.php 第 206 行.
NOTIC: [8] Undefined index: url D:\wamp\www\register_system\Application\Runtime\Cache\Admin\b595b808c2ebeeeb0478ffc30bb4e87a.php 第 206 行.
NOTIC: [8] Undefined index: url D:\wamp\www\register_system\Application\Runtime\Cache\Admin\b595b808c2ebeeeb0478ffc30bb4e87a.php 第 206 行.
NOTIC: [8] Undefined index: url D:\wamp\www\register_system\Application\Runtime\Cache\Admin\b595b808c2ebeeeb0478ffc30bb4e87a.php 第 206 行.
INFO: Run Behavior\ParseTemplateBehavior [ RunTime:0.015513s ]
INFO: [ view_parse ] --END-- [ RunTime:0.015658s ]
INFO: [ view_filter ] --START--
INFO: Run Behavior\WriteHtmlCacheBehavior [ RunTime:0.000336s ]
INFO: [ view_filter ] --END-- [ RunTime:0.000455s ]
INFO: [ app_end ] --START--
INFO: Run Behavior\ShowPageTraceBehavior [ RunTime:0.000675s ]
INFO: [ app_end ] --END-- [ RunTime:0.000807s ]

