[ 2016-04-29T09:18:18+08:00 ] ::1 /register_system/index.php/Admin/Enter/profile.html
ERR: 非法操作:profile

[ 2016-04-29T10:49:54+08:00 ] ::1 /register_system/index.php/Admin/Register/Index/index
ERR: 非法操作:Index

[ 2016-04-29T13:27:15+08:00 ] ::1 /register_system/index.php/Admin/Enter/pubreginfo.html
ERR: 模板不存在:./Application/Admin/View/Enter/look_student_info.html

[ 2016-04-29T13:27:51+08:00 ] ::1 /register_system/index.php/Admin/Enter/pubreginfo
ERR: 模板不存在:./Application/Admin/View/Enter/look_student_info.html

[ 2016-04-29T13:28:33+08:00 ] ::1 /register_system/index.php/Admin/Enter/pubreginfo
ERR: 模板不存在:./Application/Admin/View/Enter/look_student_info.html

[ 2016-04-29T13:29:26+08:00 ] ::1 /register_system/index.php/Admin/Enter/pubreginfo
ERR: 模板不存在:./Application/Admin/View/Enter/look_student_info.html

[ 2016-04-29T13:29:55+08:00 ] ::1 /register_system/index.php/Admin/Enter/pubreginfo.html
ERR: 模板不存在:./Application/Admin/View/Enter/look_student_info.html

[ 2016-04-29T13:30:06+08:00 ] ::1 /register_system/index.php/Admin/Enter/pubreginfo.html
ERR: 模板不存在:./Application/Admin/View/Enter/look_student_info.html

[ 2016-04-29T13:30:14+08:00 ] ::1 /register_system/index.php/Admin/Enter/pubreginfo.html
ERR: 模板不存在:./Application/Admin/View/Enter/look_student_info.html

[ 2016-04-29T13:31:30+08:00 ] ::1 /register_system/index.php/Admin/Enter/pubreginfo.html
ERR: 模板不存在:./Application/Admin/View/Enter/look_student_info.html

[ 2016-04-29T13:31:30+08:00 ] ::1 /register_system/index.php/Admin/Enter/pubreginfo.html
ERR: 模板不存在:./Application/Admin/View/Enter/look_student_info.html

[ 2016-04-29T13:31:30+08:00 ] ::1 /register_system/index.php/Admin/Enter/pubreginfo.html
ERR: 模板不存在:./Application/Admin/View/Enter/look_student_info.html

[ 2016-04-29T13:31:30+08:00 ] ::1 /register_system/index.php/Admin/Enter/pubreginfo.html
ERR: 模板不存在:./Application/Admin/View/Enter/look_student_info.html

[ 2016-04-29T13:31:30+08:00 ] ::1 /register_system/index.php/Admin/Enter/pubreginfo.html
ERR: 模板不存在:./Application/Admin/View/Enter/look_student_info.html

[ 2016-04-29T13:31:31+08:00 ] ::1 /register_system/index.php/Admin/Enter/pubreginfo.html
ERR: 模板不存在:./Application/Admin/View/Enter/look_student_info.html

[ 2016-04-29T13:31:32+08:00 ] ::1 /register_system/index.php/Admin/Enter/pubreginfo.html
ERR: 模板不存在:./Application/Admin/View/Enter/look_student_info.html

[ 2016-04-29T13:31:34+08:00 ] ::1 /register_system/index.php/Admin/Enter/pubreginfo.html
ERR: 模板不存在:./Application/Admin/View/Enter/look_student_info.html

[ 2016-04-29T13:31:35+08:00 ] ::1 /register_system/index.php/Admin/Enter/pubreginfo.html
ERR: 模板不存在:./Application/Admin/View/Enter/look_student_info.html

[ 2016-04-29T13:31:35+08:00 ] ::1 /register_system/index.php/Admin/Enter/pubreginfo.html
ERR: 模板不存在:./Application/Admin/View/Enter/look_student_info.html

[ 2016-04-29T13:31:36+08:00 ] ::1 /register_system/index.php/Admin/Enter/pubreginfo.html
ERR: 模板不存在:./Application/Admin/View/Enter/look_student_info.html

[ 2016-04-29T13:31:36+08:00 ] ::1 /register_system/index.php/Admin/Enter/pubreginfo.html
ERR: 模板不存在:./Application/Admin/View/Enter/look_student_info.html

[ 2016-04-29T13:31:36+08:00 ] ::1 /register_system/index.php/Admin/Enter/pubreginfo.html
ERR: 模板不存在:./Application/Admin/View/Enter/look_student_info.html

[ 2016-04-29T13:31:36+08:00 ] ::1 /register_system/index.php/Admin/Enter/pubreginfo.html
ERR: 模板不存在:./Application/Admin/View/Enter/look_student_info.html

[ 2016-04-29T13:31:36+08:00 ] ::1 /register_system/index.php/Admin/Enter/pubreginfo.html
ERR: 模板不存在:./Application/Admin/View/Enter/look_student_info.html

[ 2016-04-29T13:31:36+08:00 ] ::1 /register_system/index.php/Admin/Enter/pubreginfo.html
ERR: 模板不存在:./Application/Admin/View/Enter/look_student_info.html

[ 2016-04-29T13:31:37+08:00 ] ::1 /register_system/index.php/Admin/Enter/pubreginfo.html
ERR: 模板不存在:./Application/Admin/View/Enter/look_student_info.html

[ 2016-04-29T13:31:37+08:00 ] ::1 /register_system/index.php/Admin/Enter/pubreginfo.html
ERR: 模板不存在:./Application/Admin/View/Enter/look_student_info.html

[ 2016-04-29T13:31:37+08:00 ] ::1 /register_system/index.php/Admin/Enter/pubreginfo.html
ERR: 模板不存在:./Application/Admin/View/Enter/look_student_info.html

[ 2016-04-29T13:32:07+08:00 ] ::1 /register_system/index.php/Admin/Enter/pubreginfo.html
ERR: 模板不存在:./Application/Admin/View/Enter/look_student_info.html

[ 2016-04-29T13:32:08+08:00 ] ::1 /register_system/index.php/Admin/Enter/pubreginfo.html
ERR: 模板不存在:./Application/Admin/View/Enter/look_student_info.html

[ 2016-04-29T13:32:08+08:00 ] ::1 /register_system/index.php/Admin/Enter/pubreginfo.html
ERR: 模板不存在:./Application/Admin/View/Enter/look_student_info.html

[ 2016-04-29T13:32:40+08:00 ] ::1 /register_system/index.php/Admin/Enter/pubreginfo.html
ERR: 模板不存在:./Application/Admin/View/Enter/look_student_info.html

[ 2016-04-29T13:32:41+08:00 ] ::1 /register_system/index.php/Admin/Enter/pubreginfo.html
ERR: 模板不存在:./Application/Admin/View/Enter/look_student_info.html

[ 2016-04-29T13:32:42+08:00 ] ::1 /register_system/index.php/Admin/Enter/pubreginfo.html
ERR: 模板不存在:./Application/Admin/View/Enter/look_student_info.html

[ 2016-04-29T13:32:42+08:00 ] ::1 /register_system/index.php/Admin/Enter/pubreginfo.html
ERR: 模板不存在:./Application/Admin/View/Enter/look_student_info.html

[ 2016-04-29T13:33:16+08:00 ] ::1 /register_system/index.php/Admin/Enter/pubreginfo.html
ERR: 模板不存在:./Application/Admin/View/Enter/look_student_info.html

[ 2016-04-29T13:33:17+08:00 ] ::1 /register_system/index.php/Admin/Enter/pubreginfo.html
ERR: 模板不存在:./Application/Admin/View/Enter/look_student_info.html

[ 2016-04-29T13:33:17+08:00 ] ::1 /register_system/index.php/Admin/Enter/pubreginfo.html
ERR: 模板不存在:./Application/Admin/View/Enter/look_student_info.html

[ 2016-04-29T13:33:17+08:00 ] ::1 /register_system/index.php/Admin/Enter/pubreginfo.html
ERR: 模板不存在:./Application/Admin/View/Enter/look_student_info.html

[ 2016-04-29T13:33:18+08:00 ] ::1 /register_system/index.php/Admin/Enter/pubreginfo.html
ERR: 模板不存在:./Application/Admin/View/Enter/look_student_info.html

[ 2016-04-29T13:34:57+08:00 ] ::1 /register_system/index.php/Admin/Enter/pubreginfo.html
ERR: 模板不存在:./Application/Admin/View/Enter/look_student_info.html

[ 2016-04-29T13:35:20+08:00 ] ::1 /register_system/index.php/Admin/Enter/pubreginfo.html
ERR: 模板不存在:./Application/Admin/View/Enter/look_student_info.html

[ 2016-04-29T13:49:38+08:00 ] ::1 /register_system/index.php/Admin/ExportExel/get_exel.html
ERR: 无法加载控制器:ExportExel

[ 2016-04-29T16:14:14+08:00 ] ::1 /register_system/index.php/Admin/Register/look_student_info.html
ERR: SQLSTATE[HY000] [1045] Access denied for user 'root'@'localhost' (using password: YES)

[ 2016-04-29T16:14:14+08:00 ] ::1 /register_system/index.php/Admin/Register/look_student_info.html
ERR: SQLSTATE[HY000] [1045] Access denied for user 'root'@'localhost' (using password: YES)

[ 2016-04-29T16:49:02+08:00 ] ::1 /register_system/index.php/Admin/ExportExel/get_exel.html
ERR: 无法加载控制器:ExportExel

