[ 2016-05-11T10:37:20+08:00 ] ::1 /register_system/index.php/Admin/Enter/civil_admis.html
INFO: [ app_begin ] --START--
INFO: Run Behavior\ReadHtmlCacheBehavior [ RunTime:0.000957s ]
INFO: [ app_begin ] --END-- [ RunTime:0.001456s ]
SQL: SHOW COLUMNS FROM `setting` [ RunTime:0.0049s ]
SQL: SELECT * FROM `setting` LIMIT 1   [ RunTime:0.0002s ]
SQL: SHOW COLUMNS FROM `register` [ RunTime:0.0046s ]
SQL: UPDATE `register` SET `civil_status`='2' WHERE `id` IN ('1','3','9') AND `civil_junior` = 12 [ RunTime:0.0703s ]

[ 2016-05-11T10:37:30+08:00 ] ::1 /register_system/index.php/Admin/Enter/civil_Nadmis.html
INFO: [ app_begin ] --START--
INFO: Run Behavior\ReadHtmlCacheBehavior [ RunTime:0.000798s ]
INFO: [ app_begin ] --END-- [ RunTime:0.001294s ]
SQL: SHOW COLUMNS FROM `setting` [ RunTime:0.0109s ]
SQL: SELECT * FROM `setting` LIMIT 1   [ RunTime:0.0003s ]
SQL: SHOW COLUMNS FROM `register` [ RunTime:0.0038s ]
SQL: UPDATE `register` SET `civil_status`='3' WHERE `civil_junior` = 12 AND `id` IN ('1','5','9') [ RunTime:0.0513s ]
NOTIC: [8] Undefined index: auccess D:\wamp\www\register_system\Application\Admin\Controller\EnterController.class.php 第 393 行.

[ 2016-05-11T10:37:32+08:00 ] ::1 /register_system/index.php/Admin/Enter/civil_issued_admis.html
INFO: [ app_begin ] --START--
INFO: Run Behavior\ReadHtmlCacheBehavior [ RunTime:0.000721s ]
INFO: [ app_begin ] --END-- [ RunTime:0.001182s ]
SQL: SHOW COLUMNS FROM `setting` [ RunTime:0.0529s ]
SQL: SELECT * FROM `setting` LIMIT 1   [ RunTime:0.0003s ]
SQL: SHOW COLUMNS FROM `register` [ RunTime:0.0874s ]
SQL: UPDATE `register` SET `civil_release`='1' WHERE `civil_junior` = 12 AND `civil_status` IN ('2','3') [ RunTime:0.0368s ]

[ 2016-05-11T11:54:49+08:00 ] ::1 /register_system/index.php/Admin/Enter/pub_admis.html
INFO: [ app_begin ] --START--
INFO: Run Behavior\ReadHtmlCacheBehavior [ RunTime:0.000710s ]
INFO: [ app_begin ] --END-- [ RunTime:0.001182s ]
SQL: SHOW COLUMNS FROM `setting` [ RunTime:0.0155s ]
SQL: SELECT * FROM `setting` LIMIT 1   [ RunTime:0.0003s ]
SQL: SHOW COLUMNS FROM `register` [ RunTime:0.0038s ]
SQL: UPDATE `register` SET `pub_status`='1' WHERE `id` IN ('1') AND `pub_junior` = 9 [ RunTime:0.0644s ]

[ 2016-05-11T11:54:53+08:00 ] ::1 /register_system/index.php/Admin/Enter/pub_issued_admis.html
INFO: [ app_begin ] --START--
INFO: Run Behavior\ReadHtmlCacheBehavior [ RunTime:0.000754s ]
INFO: [ app_begin ] --END-- [ RunTime:0.001226s ]
SQL: SHOW COLUMNS FROM `setting` [ RunTime:0.0283s ]
SQL: SELECT * FROM `setting` LIMIT 1   [ RunTime:0.0002s ]
SQL: SHOW COLUMNS FROM `register` [ RunTime:0.0042s ]
SQL: UPDATE `register` SET `pub_release`='1' WHERE `pub_junior` = 9 AND `pub_status` IN ('1','2') [ RunTime:0.0453s ]

[ 2016-05-11T11:58:49+08:00 ] ::1 /register_system/index.php/Admin/Enter/pub_Nadmis.html
INFO: [ app_begin ] --START--
INFO: Run Behavior\ReadHtmlCacheBehavior [ RunTime:0.000952s ]
INFO: [ app_begin ] --END-- [ RunTime:0.001605s ]
SQL: SHOW COLUMNS FROM `setting` [ RunTime:0.0050s ]
SQL: SELECT * FROM `setting` LIMIT 1   [ RunTime:0.0002s ]
SQL: SHOW COLUMNS FROM `register` [ RunTime:0.0041s ]
SQL: UPDATE `register` SET `pub_status`='2' WHERE `pub_junior` = 9 AND `id` IN ('5','9','14','15') [ RunTime:0.0621s ]

[ 2016-05-11T11:58:52+08:00 ] ::1 /register_system/index.php/Admin/Enter/pub_issued_admis.html
INFO: [ app_begin ] --START--
INFO: Run Behavior\ReadHtmlCacheBehavior [ RunTime:0.000733s ]
INFO: [ app_begin ] --END-- [ RunTime:0.001229s ]
SQL: SHOW COLUMNS FROM `setting` [ RunTime:0.0370s ]
SQL: SELECT * FROM `setting` LIMIT 1   [ RunTime:0.0002s ]
SQL: SHOW COLUMNS FROM `register` [ RunTime:0.0036s ]
SQL: UPDATE `register` SET `pub_release`='1' WHERE `pub_junior` = 9 AND `pub_status` IN ('1','2') [ RunTime:0.0702s ]

[ 2016-05-11T12:00:51+08:00 ] ::1 /register_system/index.php/Admin/Org/insert_org.html
INFO: [ app_begin ] --START--
INFO: Run Behavior\ReadHtmlCacheBehavior [ RunTime:0.001009s ]
INFO: [ app_begin ] --END-- [ RunTime:0.002055s ]
SQL: SHOW COLUMNS FROM `setting` [ RunTime:0.0043s ]
SQL: SELECT * FROM `setting` LIMIT 1   [ RunTime:0.0002s ]
SQL: SHOW COLUMNS FROM `organ` [ RunTime:0.0040s ]

[ 2016-05-11T12:00:55+08:00 ] ::1 /register_system/index.php/Admin/Org/insert_org.html
INFO: [ app_begin ] --START--
INFO: Run Behavior\ReadHtmlCacheBehavior [ RunTime:0.001741s ]
INFO: [ app_begin ] --END-- [ RunTime:0.002601s ]
SQL: SHOW COLUMNS FROM `setting` [ RunTime:0.0332s ]
SQL: SELECT * FROM `setting` LIMIT 1   [ RunTime:0.0002s ]
SQL: SHOW COLUMNS FROM `organ` [ RunTime:0.0038s ]

[ 2016-05-11T12:01:21+08:00 ] ::1 /register_system/index.php/Admin/Org/insert_org.html
INFO: [ app_begin ] --START--
INFO: Run Behavior\ReadHtmlCacheBehavior [ RunTime:0.000712s ]
INFO: [ app_begin ] --END-- [ RunTime:0.001208s ]
SQL: SHOW COLUMNS FROM `setting` [ RunTime:0.0057s ]
SQL: SELECT * FROM `setting` LIMIT 1   [ RunTime:0.0003s ]
SQL: SHOW COLUMNS FROM `organ` [ RunTime:0.0051s ]

[ 2016-05-11T12:02:03+08:00 ] ::1 /register_system/index.php/Admin/Org/insert_org.html
INFO: [ app_begin ] --START--
INFO: Run Behavior\ReadHtmlCacheBehavior [ RunTime:0.000710s ]
INFO: [ app_begin ] --END-- [ RunTime:0.001195s ]
SQL: SHOW COLUMNS FROM `setting` [ RunTime:0.0060s ]
SQL: SELECT * FROM `setting` LIMIT 1   [ RunTime:0.0002s ]
SQL: SHOW COLUMNS FROM `organ` [ RunTime:0.0039s ]

[ 2016-05-11T12:02:13+08:00 ] ::1 /register_system/index.php/Admin/Org/insert_org.html
INFO: [ app_begin ] --START--
INFO: Run Behavior\ReadHtmlCacheBehavior [ RunTime:0.001036s ]
INFO: [ app_begin ] --END-- [ RunTime:0.001886s ]
SQL: SHOW COLUMNS FROM `setting` [ RunTime:0.0053s ]
SQL: SELECT * FROM `setting` LIMIT 1   [ RunTime:0.0002s ]
SQL: SHOW COLUMNS FROM `organ` [ RunTime:0.0058s ]

[ 2016-05-11T12:14:01+08:00 ] ::1 /register_system/index.php/Admin/Enter/civilreginfo.html
INFO: [ app_begin ] --START--
INFO: Run Behavior\ReadHtmlCacheBehavior [ RunTime:0.001115s ]
INFO: [ app_begin ] --END-- [ RunTime:0.002171s ]
SQL: SHOW COLUMNS FROM `setting` [ RunTime:0.0039s ]
SQL: SELECT * FROM `setting` LIMIT 1   [ RunTime:0.0002s ]
SQL: SHOW COLUMNS FROM `student` [ RunTime:0.0049s ]
SQL: SELECT register.id as register_id,student.name as stu_name,`sex`,`sid_num`,organ.name as sch_name,student.phone as phone,`civil_status`,`civil_release`,`lot_release` FROM `student` INNER JOIN register on student.id = register.sid INNER JOIN organ on student.oid = organ.id  WHERE `civil_junior` = 9 AND student.status = 0  [ RunTime:0.0005s ]
SQL: SHOW COLUMNS FROM `user` [ RunTime:0.0040s ]
INFO: [ view_parse ] --START--
INFO: [ template_filter ] --START--
INFO: Run Behavior\ContentReplaceBehavior [ RunTime:0.000310s ]
INFO: [ template_filter ] --END-- [ RunTime:0.000449s ]
NOTIC: [8] Undefined variable: where D:\wamp\www\register_system\Application\Runtime\Cache\Admin\5984b98dcc5e6896f1c0d8eb4b4ef23b.php 第 221 行.
NOTIC: [8] Undefined variable: reminder D:\wamp\www\register_system\Application\Runtime\Cache\Admin\5984b98dcc5e6896f1c0d8eb4b4ef23b.php 第 221 行.
INFO: Run Behavior\ParseTemplateBehavior [ RunTime:0.032889s ]
INFO: [ view_parse ] --END-- [ RunTime:0.033080s ]
INFO: [ view_filter ] --START--
INFO: Run Behavior\WriteHtmlCacheBehavior [ RunTime:0.000669s ]
INFO: [ view_filter ] --END-- [ RunTime:0.000841s ]
INFO: [ app_end ] --START--
INFO: Run Behavior\ShowPageTraceBehavior [ RunTime:0.001019s ]
INFO: [ app_end ] --END-- [ RunTime:0.001194s ]

[ 2016-05-11T12:14:27+08:00 ] ::1 /register_system/index.php/Admin/Enter/civilreginfo.html
INFO: [ app_begin ] --START--
INFO: Run Behavior\ReadHtmlCacheBehavior [ RunTime:0.000741s ]
INFO: [ app_begin ] --END-- [ RunTime:0.001285s ]
SQL: SHOW COLUMNS FROM `setting` [ RunTime:0.0392s ]
SQL: SELECT * FROM `setting` LIMIT 1   [ RunTime:0.0002s ]
SQL: SHOW COLUMNS FROM `student` [ RunTime:0.0038s ]
SQL: SELECT register.id as register_id,student.name as stu_name,`sex`,`sid_num`,organ.name as sch_name,student.phone as phone,`civil_status`,`civil_release`,`lot_release` FROM `student` INNER JOIN register on student.id = register.sid INNER JOIN organ on student.oid = organ.id  WHERE `civil_junior` = 9 AND student.status = 0  [ RunTime:0.0004s ]
SQL: SHOW COLUMNS FROM `user` [ RunTime:0.0057s ]
INFO: [ view_parse ] --START--
INFO: [ template_filter ] --START--
INFO: Run Behavior\ContentReplaceBehavior [ RunTime:0.000306s ]
INFO: [ template_filter ] --END-- [ RunTime:0.000423s ]
NOTIC: [8] Undefined variable: where D:\wamp\www\register_system\Application\Runtime\Cache\Admin\5984b98dcc5e6896f1c0d8eb4b4ef23b.php 第 221 行.
NOTIC: [8] Undefined variable: reminder D:\wamp\www\register_system\Application\Runtime\Cache\Admin\5984b98dcc5e6896f1c0d8eb4b4ef23b.php 第 221 行.
INFO: Run Behavior\ParseTemplateBehavior [ RunTime:0.030052s ]
INFO: [ view_parse ] --END-- [ RunTime:0.030390s ]
INFO: [ view_filter ] --START--
INFO: Run Behavior\WriteHtmlCacheBehavior [ RunTime:0.000912s ]
INFO: [ view_filter ] --END-- [ RunTime:0.001109s ]
INFO: [ app_end ] --START--
INFO: Run Behavior\ShowPageTraceBehavior [ RunTime:0.000754s ]
INFO: [ app_end ] --END-- [ RunTime:0.000885s ]

