[ 2016-04-25T08:46:38+08:00 ] ::1 /register_system/index.php/Admin/Index/index
INFO: [ app_init ] --START--
INFO: Run Behavior\BuildLiteBehavior [ RunTime:0.000037s ]
INFO: [ app_init ] --END-- [ RunTime:0.051361s ]
INFO: [ app_begin ] --START--
INFO: Run Behavior\ReadHtmlCacheBehavior [ RunTime:0.006341s ]
INFO: [ app_begin ] --END-- [ RunTime:0.006499s ]
INFO: [ view_parse ] --START--
INFO: [ template_filter ] --START--
INFO: Run Behavior\ContentReplaceBehavior [ RunTime:0.011554s ]
INFO: [ template_filter ] --END-- [ RunTime:0.011791s ]
NOTIC: [8] Undefined variable: aa D:\wamp\www\register_system\Application\Runtime\Cache\Admin\b595b808c2ebeeeb0478ffc30bb4e87a.php 第 560 行.
INFO: Run Behavior\ParseTemplateBehavior [ RunTime:0.150464s ]
INFO: [ view_parse ] --END-- [ RunTime:0.150836s ]
INFO: [ view_filter ] --START--
INFO: Run Behavior\WriteHtmlCacheBehavior [ RunTime:0.022349s ]
INFO: [ view_filter ] --END-- [ RunTime:0.022534s ]
INFO: [ app_end ] --START--
INFO: Run Behavior\ShowPageTraceBehavior [ RunTime:0.027297s ]
INFO: [ app_end ] --END-- [ RunTime:0.027668s ]

[ 2016-04-25T08:56:14+08:00 ] ::1 /register_system/index.php/Admin/Index/index
INFO: [ app_init ] --START--
INFO: Run Behavior\BuildLiteBehavior [ RunTime:0.013045s ]
INFO: [ app_init ] --END-- [ RunTime:0.070807s ]
INFO: [ app_begin ] --START--
INFO: Run Behavior\ReadHtmlCacheBehavior [ RunTime:0.016606s ]
INFO: [ app_begin ] --END-- [ RunTime:0.017046s ]
INFO: [ view_parse ] --START--
INFO: [ template_filter ] --START--
INFO: Run Behavior\ContentReplaceBehavior [ RunTime:0.015567s ]
INFO: [ template_filter ] --END-- [ RunTime:0.016011s ]
NOTIC: [8] Undefined variable: aa D:\wamp\www\register_system\Application\Runtime\Cache\Admin\b595b808c2ebeeeb0478ffc30bb4e87a.php 第 564 行.
INFO: Run Behavior\ParseTemplateBehavior [ RunTime:0.143899s ]
INFO: [ view_parse ] --END-- [ RunTime:0.144489s ]
INFO: [ view_filter ] --START--
INFO: Run Behavior\WriteHtmlCacheBehavior [ RunTime:0.005850s ]
INFO: [ view_filter ] --END-- [ RunTime:0.006403s ]
INFO: [ app_end ] --START--
INFO: Run Behavior\ShowPageTraceBehavior [ RunTime:0.016109s ]
INFO: [ app_end ] --END-- [ RunTime:0.016554s ]

[ 2016-04-25T09:15:41+08:00 ] ::1 /register_system/index.php/Admin/Index/index
INFO: [ app_init ] --START--
INFO: Run Behavior\BuildLiteBehavior [ RunTime:0.000141s ]
INFO: [ app_init ] --END-- [ RunTime:0.152091s ]
INFO: [ app_begin ] --START--
INFO: Run Behavior\ReadHtmlCacheBehavior [ RunTime:0.043760s ]
INFO: [ app_begin ] --END-- [ RunTime:0.043948s ]
INFO: [ view_parse ] --START--
INFO: [ template_filter ] --START--
INFO: Run Behavior\ContentReplaceBehavior [ RunTime:0.000704s ]
INFO: [ template_filter ] --END-- [ RunTime:0.001131s ]
NOTIC: [8] Undefined variable: aa D:\wamp\www\register_system\Application\Runtime\Cache\Admin\b595b808c2ebeeeb0478ffc30bb4e87a.php 第 560 行.
INFO: Run Behavior\ParseTemplateBehavior [ RunTime:0.226018s ]
INFO: [ view_parse ] --END-- [ RunTime:0.226440s ]
INFO: [ view_filter ] --START--
INFO: Run Behavior\WriteHtmlCacheBehavior [ RunTime:0.073345s ]
INFO: [ view_filter ] --END-- [ RunTime:0.073624s ]
INFO: [ app_end ] --START--
INFO: Run Behavior\ShowPageTraceBehavior [ RunTime:0.073275s ]
INFO: [ app_end ] --END-- [ RunTime:0.073610s ]

[ 2016-04-25T09:16:00+08:00 ] ::1 /register_system/index.php/Admin/Index/index
INFO: [ app_init ] --START--
INFO: Run Behavior\BuildLiteBehavior [ RunTime:0.000048s ]
INFO: [ app_init ] --END-- [ RunTime:0.000736s ]
INFO: [ app_begin ] --START--
INFO: Run Behavior\ReadHtmlCacheBehavior [ RunTime:0.000653s ]
INFO: [ app_begin ] --END-- [ RunTime:0.000803s ]
INFO: [ view_parse ] --START--
INFO: [ template_filter ] --START--
INFO: Run Behavior\ContentReplaceBehavior [ RunTime:0.000635s ]
INFO: [ template_filter ] --END-- [ RunTime:0.001658s ]
NOTIC: [8] Undefined variable: aa D:\wamp\www\register_system\Application\Runtime\Cache\Admin\b595b808c2ebeeeb0478ffc30bb4e87a.php 第 560 行.
INFO: Run Behavior\ParseTemplateBehavior [ RunTime:0.022119s ]
INFO: [ view_parse ] --END-- [ RunTime:0.022257s ]
INFO: [ view_filter ] --START--
INFO: Run Behavior\WriteHtmlCacheBehavior [ RunTime:0.000381s ]
INFO: [ view_filter ] --END-- [ RunTime:0.000506s ]
INFO: [ app_end ] --START--
INFO: Run Behavior\ShowPageTraceBehavior [ RunTime:0.000630s ]
INFO: [ app_end ] --END-- [ RunTime:0.000757s ]

[ 2016-04-25T09:16:28+08:00 ] ::1 /register_system/index.php/Admin/Index/index
INFO: [ app_init ] --START--
INFO: Run Behavior\BuildLiteBehavior [ RunTime:0.000031s ]
INFO: [ app_init ] --END-- [ RunTime:0.000464s ]
INFO: [ app_begin ] --START--
INFO: Run Behavior\ReadHtmlCacheBehavior [ RunTime:0.000553s ]
INFO: [ app_begin ] --END-- [ RunTime:0.000688s ]
INFO: [ view_parse ] --START--
INFO: [ template_filter ] --START--
INFO: Run Behavior\ContentReplaceBehavior [ RunTime:0.000221s ]
INFO: [ template_filter ] --END-- [ RunTime:0.000379s ]
NOTIC: [8] Undefined variable: aa D:\wamp\www\register_system\Application\Runtime\Cache\Admin\b595b808c2ebeeeb0478ffc30bb4e87a.php 第 559 行.
INFO: Run Behavior\ParseTemplateBehavior [ RunTime:0.016965s ]
INFO: [ view_parse ] --END-- [ RunTime:0.017098s ]
INFO: [ view_filter ] --START--
INFO: Run Behavior\WriteHtmlCacheBehavior [ RunTime:0.000276s ]
INFO: [ view_filter ] --END-- [ RunTime:0.000398s ]
INFO: [ app_end ] --START--
INFO: Run Behavior\ShowPageTraceBehavior [ RunTime:0.000547s ]
INFO: [ app_end ] --END-- [ RunTime:0.000675s ]

[ 2016-04-25T09:18:49+08:00 ] ::1 /register_system/index.php/Admin/Index/index
INFO: [ app_init ] --START--
INFO: Run Behavior\BuildLiteBehavior [ RunTime:0.000051s ]
INFO: [ app_init ] --END-- [ RunTime:0.000809s ]
INFO: [ app_begin ] --START--
INFO: Run Behavior\ReadHtmlCacheBehavior [ RunTime:0.000932s ]
INFO: [ app_begin ] --END-- [ RunTime:0.001142s ]
INFO: [ view_parse ] --START--
INFO: [ template_filter ] --START--
INFO: Run Behavior\ContentReplaceBehavior [ RunTime:0.000121s ]
INFO: [ template_filter ] --END-- [ RunTime:0.000249s ]
NOTIC: [8] Undefined variable: aa D:\wamp\www\register_system\Application\Runtime\Cache\Admin\b595b808c2ebeeeb0478ffc30bb4e87a.php 第 131 行.
INFO: Run Behavior\ParseTemplateBehavior [ RunTime:0.010112s ]
INFO: [ view_parse ] --END-- [ RunTime:0.010237s ]
INFO: [ view_filter ] --START--
INFO: Run Behavior\WriteHtmlCacheBehavior [ RunTime:0.000364s ]
INFO: [ view_filter ] --END-- [ RunTime:0.000478s ]
INFO: [ app_end ] --START--
INFO: Run Behavior\ShowPageTraceBehavior [ RunTime:0.000574s ]
INFO: [ app_end ] --END-- [ RunTime:0.000691s ]

[ 2016-04-25T09:19:35+08:00 ] ::1 /register_system/index.php/Admin/Index/index
INFO: [ app_init ] --START--
INFO: Run Behavior\BuildLiteBehavior [ RunTime:0.000047s ]
INFO: [ app_init ] --END-- [ RunTime:0.001111s ]
INFO: [ app_begin ] --START--
INFO: Run Behavior\ReadHtmlCacheBehavior [ RunTime:0.000680s ]
INFO: [ app_begin ] --END-- [ RunTime:0.000821s ]
INFO: [ view_parse ] --START--
INFO: [ template_filter ] --START--
INFO: Run Behavior\ContentReplaceBehavior [ RunTime:0.000124s ]
INFO: [ template_filter ] --END-- [ RunTime:0.000272s ]
NOTIC: [8] Undefined variable: aa D:\wamp\www\register_system\Application\Runtime\Cache\Admin\b595b808c2ebeeeb0478ffc30bb4e87a.php 第 124 行.
INFO: Run Behavior\ParseTemplateBehavior [ RunTime:0.013065s ]
INFO: [ view_parse ] --END-- [ RunTime:0.013203s ]
INFO: [ view_filter ] --START--
INFO: Run Behavior\WriteHtmlCacheBehavior [ RunTime:0.000364s ]
INFO: [ view_filter ] --END-- [ RunTime:0.000488s ]
INFO: [ app_end ] --START--
INFO: Run Behavior\ShowPageTraceBehavior [ RunTime:0.000624s ]
INFO: [ app_end ] --END-- [ RunTime:0.000751s ]

[ 2016-04-25T09:20:11+08:00 ] ::1 /register_system/index.php/Admin/Index/index
INFO: [ app_init ] --START--
INFO: Run Behavior\BuildLiteBehavior [ RunTime:0.000029s ]
INFO: [ app_init ] --END-- [ RunTime:0.000531s ]
INFO: [ app_begin ] --START--
INFO: Run Behavior\ReadHtmlCacheBehavior [ RunTime:0.000745s ]
INFO: [ app_begin ] --END-- [ RunTime:0.000884s ]
INFO: [ view_parse ] --START--
INFO: [ template_filter ] --START--
INFO: Run Behavior\ContentReplaceBehavior [ RunTime:0.000122s ]
INFO: [ template_filter ] --END-- [ RunTime:0.000255s ]
NOTIC: [8] Undefined variable: aa D:\wamp\www\register_system\Application\Runtime\Cache\Admin\b595b808c2ebeeeb0478ffc30bb4e87a.php 第 124 行.
INFO: Run Behavior\ParseTemplateBehavior [ RunTime:0.011095s ]
INFO: [ view_parse ] --END-- [ RunTime:0.011225s ]
INFO: [ view_filter ] --START--
INFO: Run Behavior\WriteHtmlCacheBehavior [ RunTime:0.000362s ]
INFO: [ view_filter ] --END-- [ RunTime:0.000485s ]
INFO: [ app_end ] --START--
INFO: Run Behavior\ShowPageTraceBehavior [ RunTime:0.000621s ]
INFO: [ app_end ] --END-- [ RunTime:0.000769s ]

[ 2016-04-25T09:20:23+08:00 ] ::1 /register_system/index.php/Admin/Index/index
INFO: [ app_init ] --START--
INFO: Run Behavior\BuildLiteBehavior [ RunTime:0.000032s ]
INFO: [ app_init ] --END-- [ RunTime:0.000756s ]
INFO: [ app_begin ] --START--
INFO: Run Behavior\ReadHtmlCacheBehavior [ RunTime:0.000675s ]
INFO: [ app_begin ] --END-- [ RunTime:0.000846s ]
INFO: [ view_parse ] --START--
INFO: [ template_filter ] --START--
INFO: Run Behavior\ContentReplaceBehavior [ RunTime:0.000134s ]
INFO: [ template_filter ] --END-- [ RunTime:0.000280s ]
NOTIC: [8] Undefined variable: aa D:\wamp\www\register_system\Application\Runtime\Cache\Admin\b595b808c2ebeeeb0478ffc30bb4e87a.php 第 124 行.
INFO: Run Behavior\ParseTemplateBehavior [ RunTime:0.011476s ]
INFO: [ view_parse ] --END-- [ RunTime:0.011600s ]
INFO: [ view_filter ] --START--
INFO: Run Behavior\WriteHtmlCacheBehavior [ RunTime:0.000385s ]
INFO: [ view_filter ] --END-- [ RunTime:0.000505s ]
INFO: [ app_end ] --START--
INFO: Run Behavior\ShowPageTraceBehavior [ RunTime:0.000581s ]
INFO: [ app_end ] --END-- [ RunTime:0.000698s ]

[ 2016-04-25T09:20:54+08:00 ] ::1 /register_system/index.php/Admin/Index/index
INFO: [ app_init ] --START--
INFO: Run Behavior\BuildLiteBehavior [ RunTime:0.000041s ]
INFO: [ app_init ] --END-- [ RunTime:0.000648s ]
INFO: [ app_begin ] --START--
INFO: Run Behavior\ReadHtmlCacheBehavior [ RunTime:0.001305s ]
INFO: [ app_begin ] --END-- [ RunTime:0.001500s ]
INFO: [ view_parse ] --START--
INFO: [ template_filter ] --START--
INFO: Run Behavior\ContentReplaceBehavior [ RunTime:0.000126s ]
INFO: [ template_filter ] --END-- [ RunTime:0.000265s ]
NOTIC: [8] Undefined variable: aa D:\wamp\www\register_system\Application\Runtime\Cache\Admin\b595b808c2ebeeeb0478ffc30bb4e87a.php 第 124 行.
INFO: Run Behavior\ParseTemplateBehavior [ RunTime:0.011121s ]
INFO: [ view_parse ] --END-- [ RunTime:0.011252s ]
INFO: [ view_filter ] --START--
INFO: Run Behavior\WriteHtmlCacheBehavior [ RunTime:0.000342s ]
INFO: [ view_filter ] --END-- [ RunTime:0.000456s ]
INFO: [ app_end ] --START--
INFO: Run Behavior\ShowPageTraceBehavior [ RunTime:0.000604s ]
INFO: [ app_end ] --END-- [ RunTime:0.000782s ]

[ 2016-04-25T09:24:39+08:00 ] ::1 /register_system/index.php/Admin/Index/index
INFO: [ app_init ] --START--
INFO: Run Behavior\BuildLiteBehavior [ RunTime:0.000033s ]
INFO: [ app_init ] --END-- [ RunTime:0.000557s ]
INFO: [ app_begin ] --START--
INFO: Run Behavior\ReadHtmlCacheBehavior [ RunTime:0.000686s ]
INFO: [ app_begin ] --END-- [ RunTime:0.000838s ]

[ 2016-04-25T09:25:36+08:00 ] ::1 /register_system/index.php/Admin/Index/index
INFO: [ app_init ] --START--
INFO: Run Behavior\BuildLiteBehavior [ RunTime:0.000058s ]
INFO: [ app_init ] --END-- [ RunTime:0.000968s ]
INFO: [ app_begin ] --START--
INFO: Run Behavior\ReadHtmlCacheBehavior [ RunTime:0.001244s ]
INFO: [ app_begin ] --END-- [ RunTime:0.001505s ]

[ 2016-04-25T09:26:06+08:00 ] ::1 /register_system/index.php/Admin/Index/index
INFO: [ app_init ] --START--
INFO: Run Behavior\BuildLiteBehavior [ RunTime:0.000032s ]
INFO: [ app_init ] --END-- [ RunTime:0.000584s ]
INFO: [ app_begin ] --START--
INFO: Run Behavior\ReadHtmlCacheBehavior [ RunTime:0.000654s ]
INFO: [ app_begin ] --END-- [ RunTime:0.000790s ]

[ 2016-04-25T09:26:36+08:00 ] ::1 /register_system/index.php/Admin/Index/index
INFO: [ app_init ] --START--
INFO: Run Behavior\BuildLiteBehavior [ RunTime:0.000055s ]
INFO: [ app_init ] --END-- [ RunTime:0.000814s ]
INFO: [ app_begin ] --START--
INFO: Run Behavior\ReadHtmlCacheBehavior [ RunTime:0.000944s ]
INFO: [ app_begin ] --END-- [ RunTime:0.001171s ]
INFO: [ view_parse ] --START--
INFO: [ template_filter ] --START--
INFO: Run Behavior\ContentReplaceBehavior [ RunTime:0.000215s ]
INFO: [ template_filter ] --END-- [ RunTime:0.000441s ]
INFO: Run Behavior\ParseTemplateBehavior [ RunTime:0.020865s ]
INFO: [ view_parse ] --END-- [ RunTime:0.021202s ]
INFO: [ view_filter ] --START--
INFO: Run Behavior\WriteHtmlCacheBehavior [ RunTime:0.000951s ]
INFO: [ view_filter ] --END-- [ RunTime:0.001295s ]
INFO: [ app_end ] --START--
INFO: Run Behavior\ShowPageTraceBehavior [ RunTime:0.001060s ]
INFO: [ app_end ] --END-- [ RunTime:0.001274s ]

[ 2016-04-25T09:27:22+08:00 ] ::1 /register_system/index.php/Admin/Index/index
INFO: [ app_init ] --START--
INFO: Run Behavior\BuildLiteBehavior [ RunTime:0.000027s ]
INFO: [ app_init ] --END-- [ RunTime:0.000422s ]
INFO: [ app_begin ] --START--
INFO: Run Behavior\ReadHtmlCacheBehavior [ RunTime:0.000526s ]
INFO: [ app_begin ] --END-- [ RunTime:0.000676s ]
INFO: [ view_parse ] --START--
INFO: [ template_filter ] --START--
INFO: Run Behavior\ContentReplaceBehavior [ RunTime:0.000122s ]
INFO: [ template_filter ] --END-- [ RunTime:0.000284s ]
INFO: Run Behavior\ParseTemplateBehavior [ RunTime:0.010331s ]
INFO: [ view_parse ] --END-- [ RunTime:0.010483s ]
INFO: [ view_filter ] --START--
INFO: Run Behavior\WriteHtmlCacheBehavior [ RunTime:0.000377s ]
INFO: [ view_filter ] --END-- [ RunTime:0.000498s ]
INFO: [ app_end ] --START--
INFO: Run Behavior\ShowPageTraceBehavior [ RunTime:0.000595s ]
INFO: [ app_end ] --END-- [ RunTime:0.000741s ]

[ 2016-04-25T09:27:24+08:00 ] ::1 /register_system/index.php/Admin/Index/index
INFO: [ app_init ] --START--
INFO: Run Behavior\BuildLiteBehavior [ RunTime:0.000028s ]
INFO: [ app_init ] --END-- [ RunTime:0.000448s ]
INFO: [ app_begin ] --START--
INFO: Run Behavior\ReadHtmlCacheBehavior [ RunTime:0.000589s ]
INFO: [ app_begin ] --END-- [ RunTime:0.000713s ]
INFO: [ view_parse ] --START--
INFO: [ template_filter ] --START--
INFO: Run Behavior\ContentReplaceBehavior [ RunTime:0.000120s ]
INFO: [ template_filter ] --END-- [ RunTime:0.000252s ]
INFO: Run Behavior\ParseTemplateBehavior [ RunTime:0.011122s ]
INFO: [ view_parse ] --END-- [ RunTime:0.011260s ]
INFO: [ view_filter ] --START--
INFO: Run Behavior\WriteHtmlCacheBehavior [ RunTime:0.000250s ]
INFO: [ view_filter ] --END-- [ RunTime:0.000364s ]
INFO: [ app_end ] --START--
INFO: Run Behavior\ShowPageTraceBehavior [ RunTime:0.000527s ]
INFO: [ app_end ] --END-- [ RunTime:0.000644s ]

[ 2016-04-25T09:27:55+08:00 ] ::1 /register_system/index.php/Admin/Index/index
INFO: [ app_init ] --START--
INFO: Run Behavior\BuildLiteBehavior [ RunTime:0.000027s ]
INFO: [ app_init ] --END-- [ RunTime:0.000444s ]
INFO: [ app_begin ] --START--
INFO: Run Behavior\ReadHtmlCacheBehavior [ RunTime:0.001411s ]
INFO: [ app_begin ] --END-- [ RunTime:0.001565s ]
INFO: [ view_parse ] --START--
INFO: [ template_filter ] --START--
INFO: Run Behavior\ContentReplaceBehavior [ RunTime:0.000124s ]
INFO: [ template_filter ] --END-- [ RunTime:0.000261s ]
INFO: Run Behavior\ParseTemplateBehavior [ RunTime:0.010485s ]
INFO: [ view_parse ] --END-- [ RunTime:0.010620s ]
INFO: [ view_filter ] --START--
INFO: Run Behavior\WriteHtmlCacheBehavior [ RunTime:0.000251s ]
INFO: [ view_filter ] --END-- [ RunTime:0.000365s ]
INFO: [ app_end ] --START--
INFO: Run Behavior\ShowPageTraceBehavior [ RunTime:0.000538s ]
INFO: [ app_end ] --END-- [ RunTime:0.000655s ]

[ 2016-04-25T09:28:04+08:00 ] ::1 /register_system/index.php/Admin/Index/index
INFO: [ app_init ] --START--
INFO: Run Behavior\BuildLiteBehavior [ RunTime:0.000028s ]
INFO: [ app_init ] --END-- [ RunTime:0.000493s ]
INFO: [ app_begin ] --START--
INFO: Run Behavior\ReadHtmlCacheBehavior [ RunTime:0.000609s ]
INFO: [ app_begin ] --END-- [ RunTime:0.000764s ]
INFO: [ view_parse ] --START--
INFO: [ template_filter ] --START--
INFO: Run Behavior\ContentReplaceBehavior [ RunTime:0.000146s ]
INFO: [ template_filter ] --END-- [ RunTime:0.000274s ]
INFO: Run Behavior\ParseTemplateBehavior [ RunTime:0.010458s ]
INFO: [ view_parse ] --END-- [ RunTime:0.010593s ]
INFO: [ view_filter ] --START--
INFO: Run Behavior\WriteHtmlCacheBehavior [ RunTime:0.000366s ]
INFO: [ view_filter ] --END-- [ RunTime:0.000480s ]
INFO: [ app_end ] --START--
INFO: Run Behavior\ShowPageTraceBehavior [ RunTime:0.000601s ]
INFO: [ app_end ] --END-- [ RunTime:0.000719s ]

[ 2016-04-25T09:28:24+08:00 ] ::1 /register_system/index.php/Admin/Index/index
INFO: [ app_init ] --START--
INFO: Run Behavior\BuildLiteBehavior [ RunTime:0.000054s ]
INFO: [ app_init ] --END-- [ RunTime:0.001140s ]
INFO: [ app_begin ] --START--
INFO: Run Behavior\ReadHtmlCacheBehavior [ RunTime:0.000605s ]
INFO: [ app_begin ] --END-- [ RunTime:0.000737s ]
INFO: [ view_parse ] --START--
INFO: [ template_filter ] --START--
INFO: Run Behavior\ContentReplaceBehavior [ RunTime:0.000117s ]
INFO: [ template_filter ] --END-- [ RunTime:0.000242s ]
INFO: Run Behavior\ParseTemplateBehavior [ RunTime:0.009253s ]
INFO: [ view_parse ] --END-- [ RunTime:0.009415s ]
INFO: [ view_filter ] --START--
INFO: Run Behavior\WriteHtmlCacheBehavior [ RunTime:0.000409s ]
INFO: [ view_filter ] --END-- [ RunTime:0.000614s ]
INFO: [ app_end ] --START--
INFO: Run Behavior\ShowPageTraceBehavior [ RunTime:0.001417s ]
INFO: [ app_end ] --END-- [ RunTime:0.001591s ]

[ 2016-04-25T09:28:32+08:00 ] ::1 /register_system/index.php/Admin/Index/index
INFO: [ app_init ] --START--
INFO: Run Behavior\BuildLiteBehavior [ RunTime:0.000034s ]
INFO: [ app_init ] --END-- [ RunTime:0.000586s ]
INFO: [ app_begin ] --START--
INFO: Run Behavior\ReadHtmlCacheBehavior [ RunTime:0.000721s ]
INFO: [ app_begin ] --END-- [ RunTime:0.000890s ]
INFO: [ view_parse ] --START--
INFO: [ template_filter ] --START--
INFO: Run Behavior\ContentReplaceBehavior [ RunTime:0.000128s ]
INFO: [ template_filter ] --END-- [ RunTime:0.000267s ]
INFO: Run Behavior\ParseTemplateBehavior [ RunTime:0.014714s ]
INFO: [ view_parse ] --END-- [ RunTime:0.014962s ]
INFO: [ view_filter ] --START--
INFO: Run Behavior\WriteHtmlCacheBehavior [ RunTime:0.000419s ]
INFO: [ view_filter ] --END-- [ RunTime:0.000627s ]
INFO: [ app_end ] --START--
INFO: Run Behavior\ShowPageTraceBehavior [ RunTime:0.000913s ]
INFO: [ app_end ] --END-- [ RunTime:0.001204s ]

[ 2016-04-25T09:28:33+08:00 ] ::1 /register_system/index.php/Admin/Index/index
INFO: [ app_init ] --START--
INFO: Run Behavior\BuildLiteBehavior [ RunTime:0.000050s ]
INFO: [ app_init ] --END-- [ RunTime:0.000692s ]
INFO: [ app_begin ] --START--
INFO: Run Behavior\ReadHtmlCacheBehavior [ RunTime:0.000556s ]
INFO: [ app_begin ] --END-- [ RunTime:0.000686s ]
INFO: [ view_parse ] --START--
INFO: [ template_filter ] --START--
INFO: Run Behavior\ContentReplaceBehavior [ RunTime:0.000120s ]
INFO: [ template_filter ] --END-- [ RunTime:0.000278s ]
INFO: Run Behavior\ParseTemplateBehavior [ RunTime:0.009772s ]
INFO: [ view_parse ] --END-- [ RunTime:0.009905s ]
INFO: [ view_filter ] --START--
INFO: Run Behavior\WriteHtmlCacheBehavior [ RunTime:0.000293s ]
INFO: [ view_filter ] --END-- [ RunTime:0.000406s ]
INFO: [ app_end ] --START--
INFO: Run Behavior\ShowPageTraceBehavior [ RunTime:0.000580s ]
INFO: [ app_end ] --END-- [ RunTime:0.000742s ]

[ 2016-04-25T09:28:43+08:00 ] ::1 /register_system/index.php/Admin/Index/index
INFO: [ app_init ] --START--
INFO: Run Behavior\BuildLiteBehavior [ RunTime:0.000107s ]
INFO: [ app_init ] --END-- [ RunTime:0.000820s ]
INFO: [ app_begin ] --START--
INFO: Run Behavior\ReadHtmlCacheBehavior [ RunTime:0.000520s ]
INFO: [ app_begin ] --END-- [ RunTime:0.000646s ]
INFO: [ view_parse ] --START--
INFO: [ template_filter ] --START--
INFO: Run Behavior\ContentReplaceBehavior [ RunTime:0.000197s ]
INFO: [ template_filter ] --END-- [ RunTime:0.000349s ]
INFO: Run Behavior\ParseTemplateBehavior [ RunTime:0.010778s ]
INFO: [ view_parse ] --END-- [ RunTime:0.010930s ]
INFO: [ view_filter ] --START--
INFO: Run Behavior\WriteHtmlCacheBehavior [ RunTime:0.000336s ]
INFO: [ view_filter ] --END-- [ RunTime:0.000485s ]
INFO: [ app_end ] --START--
INFO: Run Behavior\ShowPageTraceBehavior [ RunTime:0.000567s ]
INFO: [ app_end ] --END-- [ RunTime:0.000684s ]

[ 2016-04-25T09:28:53+08:00 ] ::1 /register_system/index.php/Admin/Index/index
INFO: [ app_init ] --START--
INFO: Run Behavior\BuildLiteBehavior [ RunTime:0.000033s ]
INFO: [ app_init ] --END-- [ RunTime:0.000519s ]
INFO: [ app_begin ] --START--
INFO: Run Behavior\ReadHtmlCacheBehavior [ RunTime:0.000629s ]
INFO: [ app_begin ] --END-- [ RunTime:0.000755s ]
INFO: [ view_parse ] --START--
INFO: [ template_filter ] --START--
INFO: Run Behavior\ContentReplaceBehavior [ RunTime:0.000131s ]
INFO: [ template_filter ] --END-- [ RunTime:0.000271s ]
INFO: Run Behavior\ParseTemplateBehavior [ RunTime:0.011976s ]
INFO: [ view_parse ] --END-- [ RunTime:0.012117s ]
INFO: [ view_filter ] --START--
INFO: Run Behavior\WriteHtmlCacheBehavior [ RunTime:0.000338s ]
INFO: [ view_filter ] --END-- [ RunTime:0.000458s ]
INFO: [ app_end ] --START--
INFO: Run Behavior\ShowPageTraceBehavior [ RunTime:0.000569s ]
INFO: [ app_end ] --END-- [ RunTime:0.000688s ]

[ 2016-04-25T09:29:34+08:00 ] ::1 /register_system/index.php/Admin/Index/index
INFO: [ app_init ] --START--
INFO: Run Behavior\BuildLiteBehavior [ RunTime:0.000047s ]
INFO: [ app_init ] --END-- [ RunTime:0.000708s ]
INFO: [ app_begin ] --START--
INFO: Run Behavior\ReadHtmlCacheBehavior [ RunTime:0.000617s ]
INFO: [ app_begin ] --END-- [ RunTime:0.000744s ]
INFO: [ view_parse ] --START--
INFO: [ template_filter ] --START--
INFO: Run Behavior\ContentReplaceBehavior [ RunTime:0.000115s ]
INFO: [ template_filter ] --END-- [ RunTime:0.000242s ]
INFO: Run Behavior\ParseTemplateBehavior [ RunTime:0.011422s ]
INFO: [ view_parse ] --END-- [ RunTime:0.011570s ]
INFO: [ view_filter ] --START--
INFO: Run Behavior\WriteHtmlCacheBehavior [ RunTime:0.000399s ]
INFO: [ view_filter ] --END-- [ RunTime:0.000538s ]
INFO: [ app_end ] --START--
INFO: Run Behavior\ShowPageTraceBehavior [ RunTime:0.000600s ]
INFO: [ app_end ] --END-- [ RunTime:0.000731s ]

[ 2016-04-25T09:29:58+08:00 ] ::1 /register_system/index.php/Admin/Index/index
INFO: [ app_init ] --START--
INFO: Run Behavior\BuildLiteBehavior [ RunTime:0.000030s ]
INFO: [ app_init ] --END-- [ RunTime:0.000462s ]
INFO: [ app_begin ] --START--
INFO: Run Behavior\ReadHtmlCacheBehavior [ RunTime:0.000533s ]
INFO: [ app_begin ] --END-- [ RunTime:0.000658s ]
INFO: [ view_parse ] --START--
INFO: [ template_filter ] --START--
INFO: Run Behavior\ContentReplaceBehavior [ RunTime:0.000117s ]
INFO: [ template_filter ] --END-- [ RunTime:0.000269s ]
INFO: Run Behavior\ParseTemplateBehavior [ RunTime:0.011127s ]
INFO: [ view_parse ] --END-- [ RunTime:0.011308s ]
INFO: [ view_filter ] --START--
INFO: Run Behavior\WriteHtmlCacheBehavior [ RunTime:0.000344s ]
INFO: [ view_filter ] --END-- [ RunTime:0.000474s ]
INFO: [ app_end ] --START--
INFO: Run Behavior\ShowPageTraceBehavior [ RunTime:0.000611s ]
INFO: [ app_end ] --END-- [ RunTime:0.000730s ]

[ 2016-04-25T09:30:26+08:00 ] ::1 /register_system/index.php/Admin/Index/index
INFO: [ app_init ] --START--
INFO: Run Behavior\BuildLiteBehavior [ RunTime:0.000028s ]
INFO: [ app_init ] --END-- [ RunTime:0.000419s ]
INFO: [ app_begin ] --START--
INFO: Run Behavior\ReadHtmlCacheBehavior [ RunTime:0.000701s ]
INFO: [ app_begin ] --END-- [ RunTime:0.000855s ]
INFO: [ view_parse ] --START--
INFO: [ template_filter ] --START--
INFO: Run Behavior\ContentReplaceBehavior [ RunTime:0.000196s ]
INFO: [ template_filter ] --END-- [ RunTime:0.000403s ]
INFO: Run Behavior\ParseTemplateBehavior [ RunTime:0.010557s ]
INFO: [ view_parse ] --END-- [ RunTime:0.010718s ]
INFO: [ view_filter ] --START--
INFO: Run Behavior\WriteHtmlCacheBehavior [ RunTime:0.000258s ]
INFO: [ view_filter ] --END-- [ RunTime:0.000370s ]
INFO: [ app_end ] --START--
INFO: Run Behavior\ShowPageTraceBehavior [ RunTime:0.000527s ]
INFO: [ app_end ] --END-- [ RunTime:0.000643s ]

[ 2016-04-25T09:31:51+08:00 ] ::1 /register_system/index.php/Admin/Index/index
INFO: [ app_init ] --START--
INFO: Run Behavior\BuildLiteBehavior [ RunTime:0.000029s ]
INFO: [ app_init ] --END-- [ RunTime:0.000513s ]
INFO: [ app_begin ] --START--
INFO: Run Behavior\ReadHtmlCacheBehavior [ RunTime:0.000742s ]
INFO: [ app_begin ] --END-- [ RunTime:0.000908s ]
INFO: [ view_parse ] --START--
INFO: [ template_filter ] --START--
INFO: Run Behavior\ContentReplaceBehavior [ RunTime:0.000119s ]
INFO: [ template_filter ] --END-- [ RunTime:0.000252s ]

[ 2016-04-25T09:32:42+08:00 ] ::1 /register_system/index.php/Admin/Index/index
INFO: [ app_init ] --START--
INFO: Run Behavior\BuildLiteBehavior [ RunTime:0.000028s ]
INFO: [ app_init ] --END-- [ RunTime:0.000492s ]
INFO: [ app_begin ] --START--
INFO: Run Behavior\ReadHtmlCacheBehavior [ RunTime:0.000599s ]
INFO: [ app_begin ] --END-- [ RunTime:0.000723s ]
INFO: [ view_parse ] --START--
INFO: [ template_filter ] --START--
INFO: Run Behavior\ContentReplaceBehavior [ RunTime:0.000117s ]
INFO: [ template_filter ] --END-- [ RunTime:0.000247s ]
INFO: Run Behavior\ParseTemplateBehavior [ RunTime:0.016198s ]
INFO: [ view_parse ] --END-- [ RunTime:0.016424s ]
INFO: [ view_filter ] --START--
INFO: Run Behavior\WriteHtmlCacheBehavior [ RunTime:0.000833s ]
INFO: [ view_filter ] --END-- [ RunTime:0.001120s ]
INFO: [ app_end ] --START--
INFO: Run Behavior\ShowPageTraceBehavior [ RunTime:0.000680s ]
INFO: [ app_end ] --END-- [ RunTime:0.000805s ]

[ 2016-04-25T10:07:37+08:00 ] ::1 /register_system/index.php/Admin/Index/index
INFO: [ app_init ] --START--
INFO: Run Behavior\BuildLiteBehavior [ RunTime:0.000063s ]
INFO: [ app_init ] --END-- [ RunTime:0.001145s ]
INFO: [ app_begin ] --START--
INFO: Run Behavior\ReadHtmlCacheBehavior [ RunTime:0.001278s ]
INFO: [ app_begin ] --END-- [ RunTime:0.001542s ]
INFO: [ view_parse ] --START--
INFO: [ template_filter ] --START--
INFO: Run Behavior\ContentReplaceBehavior [ RunTime:0.000268s ]
INFO: [ template_filter ] --END-- [ RunTime:0.000527s ]
INFO: Run Behavior\ParseTemplateBehavior [ RunTime:0.022374s ]
INFO: [ view_parse ] --END-- [ RunTime:0.022640s ]
INFO: [ view_filter ] --START--
INFO: Run Behavior\WriteHtmlCacheBehavior [ RunTime:0.000791s ]
INFO: [ view_filter ] --END-- [ RunTime:0.001039s ]
INFO: [ app_end ] --START--
INFO: Run Behavior\ShowPageTraceBehavior [ RunTime:0.001316s ]
INFO: [ app_end ] --END-- [ RunTime:0.001650s ]

[ 2016-04-25T10:09:21+08:00 ] ::1 /register_system/index.php/Admin/Index/index
INFO: [ app_init ] --START--
INFO: Run Behavior\BuildLiteBehavior [ RunTime:0.000030s ]
INFO: [ app_init ] --END-- [ RunTime:0.000551s ]
INFO: [ app_begin ] --START--
INFO: Run Behavior\ReadHtmlCacheBehavior [ RunTime:0.000641s ]
INFO: [ app_begin ] --END-- [ RunTime:0.000794s ]
INFO: [ view_parse ] --START--
INFO: [ template_filter ] --START--
INFO: Run Behavior\ContentReplaceBehavior [ RunTime:0.000119s ]
INFO: [ template_filter ] --END-- [ RunTime:0.000246s ]
NOTIC: [8] Undefined variable: route D:\wamp\www\register_system\Application\Runtime\Cache\Admin\b595b808c2ebeeeb0478ffc30bb4e87a.php 第 116 行.
INFO: Run Behavior\ParseTemplateBehavior [ RunTime:0.073398s ]
INFO: [ view_parse ] --END-- [ RunTime:0.073543s ]
INFO: [ view_filter ] --START--
INFO: Run Behavior\WriteHtmlCacheBehavior [ RunTime:0.000455s ]
INFO: [ view_filter ] --END-- [ RunTime:0.000578s ]
INFO: [ app_end ] --START--
INFO: Run Behavior\ShowPageTraceBehavior [ RunTime:0.000648s ]
INFO: [ app_end ] --END-- [ RunTime:0.000870s ]

[ 2016-04-25T13:21:49+08:00 ] ::1 /register_system/index.php/Admin/Enter/addAcces
INFO: [ app_init ] --START--
INFO: Run Behavior\BuildLiteBehavior [ RunTime:0.000043s ]
INFO: [ app_init ] --END-- [ RunTime:0.016065s ]
INFO: [ app_begin ] --START--
INFO: Run Behavior\ReadHtmlCacheBehavior [ RunTime:0.012977s ]
INFO: [ app_begin ] --END-- [ RunTime:0.013133s ]
ERR: 非法操作:addAcces

[ 2016-04-25T13:22:00+08:00 ] ::1 /register_system/index.php/Admin/Enter/addAccess
INFO: [ app_init ] --START--
INFO: Run Behavior\BuildLiteBehavior [ RunTime:0.000028s ]
INFO: [ app_init ] --END-- [ RunTime:0.000432s ]
INFO: [ app_begin ] --START--
INFO: Run Behavior\ReadHtmlCacheBehavior [ RunTime:0.000953s ]
INFO: [ app_begin ] --END-- [ RunTime:0.001382s ]
ERR: 无法加载数据库驱动: Think\Db\Driver\

[ 2016-04-25T13:22:40+08:00 ] ::1 /register_system/index.php/Admin/Enter/addAccess
INFO: [ app_init ] --START--
INFO: Run Behavior\BuildLiteBehavior [ RunTime:0.000034s ]
INFO: [ app_init ] --END-- [ RunTime:0.000714s ]
INFO: [ app_begin ] --START--
INFO: Run Behavior\ReadHtmlCacheBehavior [ RunTime:0.001917s ]
INFO: [ app_begin ] --END-- [ RunTime:0.002123s ]
ERR: 无法加载数据库驱动: Think\Db\Driver\

[ 2016-04-25T13:22:42+08:00 ] ::1 /register_system/index.php/Admin/Enter/addAccess
INFO: [ app_init ] --START--
INFO: Run Behavior\BuildLiteBehavior [ RunTime:0.000030s ]
INFO: [ app_init ] --END-- [ RunTime:0.000548s ]
INFO: [ app_begin ] --START--
INFO: Run Behavior\ReadHtmlCacheBehavior [ RunTime:0.000510s ]
INFO: [ app_begin ] --END-- [ RunTime:0.000643s ]
ERR: 无法加载数据库驱动: Think\Db\Driver\

[ 2016-04-25T13:22:42+08:00 ] ::1 /register_system/index.php/Admin/Enter/addAccess
INFO: [ app_init ] --START--
INFO: Run Behavior\BuildLiteBehavior [ RunTime:0.000029s ]
INFO: [ app_init ] --END-- [ RunTime:0.000444s ]
INFO: [ app_begin ] --START--
INFO: Run Behavior\ReadHtmlCacheBehavior [ RunTime:0.000504s ]
INFO: [ app_begin ] --END-- [ RunTime:0.000637s ]
ERR: 无法加载数据库驱动: Think\Db\Driver\

[ 2016-04-25T13:22:42+08:00 ] ::1 /register_system/index.php/Admin/Enter/addAccess
INFO: [ app_init ] --START--
INFO: Run Behavior\BuildLiteBehavior [ RunTime:0.000085s ]
INFO: [ app_init ] --END-- [ RunTime:0.000585s ]
INFO: [ app_begin ] --START--
INFO: Run Behavior\ReadHtmlCacheBehavior [ RunTime:0.000814s ]
INFO: [ app_begin ] --END-- [ RunTime:0.001117s ]
ERR: 无法加载数据库驱动: Think\Db\Driver\

[ 2016-04-25T13:22:42+08:00 ] ::1 /register_system/index.php/Admin/Enter/addAccess
INFO: [ app_init ] --START--
INFO: Run Behavior\BuildLiteBehavior [ RunTime:0.000058s ]
INFO: [ app_init ] --END-- [ RunTime:0.001311s ]
INFO: [ app_begin ] --START--
INFO: Run Behavior\ReadHtmlCacheBehavior [ RunTime:0.000668s ]
INFO: [ app_begin ] --END-- [ RunTime:0.000871s ]
ERR: 无法加载数据库驱动: Think\Db\Driver\

[ 2016-04-25T13:22:55+08:00 ] ::1 /register_system/index.php/Admin/Enter/addAccess
INFO: [ app_init ] --START--
INFO: Run Behavior\BuildLiteBehavior [ RunTime:0.000028s ]
INFO: [ app_init ] --END-- [ RunTime:0.000415s ]
INFO: [ app_begin ] --START--
INFO: Run Behavior\ReadHtmlCacheBehavior [ RunTime:0.000511s ]
INFO: [ app_begin ] --END-- [ RunTime:0.000680s ]
ERR: 无法加载数据库驱动: Think\Db\Driver\

[ 2016-04-25T13:23:52+08:00 ] ::1 /register_system/index.php/Admin/Enter/addAccess
INFO: [ app_init ] --START--
INFO: Run Behavior\BuildLiteBehavior [ RunTime:0.000031s ]
INFO: [ app_init ] --END-- [ RunTime:0.000478s ]
INFO: [ app_begin ] --START--
INFO: Run Behavior\ReadHtmlCacheBehavior [ RunTime:0.000662s ]
INFO: [ app_begin ] --END-- [ RunTime:0.000802s ]
INFO: [ app_end ] --START--
INFO: Run Behavior\ShowPageTraceBehavior [ RunTime:0.011192s ]
INFO: [ app_end ] --END-- [ RunTime:0.011368s ]

[ 2016-04-25T13:24:09+08:00 ] ::1 /register_system/index.php/Admin/Enter/addAccess
INFO: [ app_init ] --START--
INFO: Run Behavior\BuildLiteBehavior [ RunTime:0.000029s ]
INFO: [ app_init ] --END-- [ RunTime:0.000461s ]
INFO: [ app_begin ] --START--
INFO: Run Behavior\ReadHtmlCacheBehavior [ RunTime:0.000729s ]
INFO: [ app_begin ] --END-- [ RunTime:0.000918s ]
ERR: 无法加载数据库驱动: Think\Db\Driver\

[ 2016-04-25T13:28:25+08:00 ] ::1 /register_system/index.php/Admin/Enter/addAccess
INFO: [ app_init ] --START--
INFO: Run Behavior\BuildLiteBehavior [ RunTime:0.000030s ]
INFO: [ app_init ] --END-- [ RunTime:0.000562s ]
INFO: [ app_begin ] --START--
INFO: Run Behavior\ReadHtmlCacheBehavior [ RunTime:0.000668s ]
INFO: [ app_begin ] --END-- [ RunTime:0.000853s ]
ERR: 1146:Table 'register_system.enter' doesn't exist
 [ SQL语句 ] : SHOW COLUMNS FROM `enter`
ERR: 1146:Table 'register_system.enter' doesn't exist
 [ SQL语句 ] : SHOW COLUMNS FROM `enter`

[ 2016-04-25T13:29:04+08:00 ] ::1 /register_system/index.php/Admin/Enter/addAccess
INFO: [ app_init ] --START--
INFO: Run Behavior\BuildLiteBehavior [ RunTime:0.000029s ]
INFO: [ app_init ] --END-- [ RunTime:0.000482s ]
INFO: [ app_begin ] --START--
INFO: Run Behavior\ReadHtmlCacheBehavior [ RunTime:0.000547s ]
INFO: [ app_begin ] --END-- [ RunTime:0.000699s ]
ERR: 1146:Table 'register_system.enter' doesn't exist
 [ SQL语句 ] : SHOW COLUMNS FROM `enter`
ERR: 1146:Table 'register_system.enter' doesn't exist
 [ SQL语句 ] : SHOW COLUMNS FROM `enter`

[ 2016-04-25T13:29:05+08:00 ] ::1 /register_system/index.php/Admin/Enter/addAccess
INFO: [ app_init ] --START--
INFO: Run Behavior\BuildLiteBehavior [ RunTime:0.000028s ]
INFO: [ app_init ] --END-- [ RunTime:0.000417s ]
INFO: [ app_begin ] --START--
INFO: Run Behavior\ReadHtmlCacheBehavior [ RunTime:0.000617s ]
INFO: [ app_begin ] --END-- [ RunTime:0.000791s ]
ERR: 1146:Table 'register_system.enter' doesn't exist
 [ SQL语句 ] : SHOW COLUMNS FROM `enter`
ERR: 1146:Table 'register_system.enter' doesn't exist
 [ SQL语句 ] : SHOW COLUMNS FROM `enter`

[ 2016-04-25T13:29:05+08:00 ] ::1 /register_system/index.php/Admin/Enter/addAccess
INFO: [ app_init ] --START--
INFO: Run Behavior\BuildLiteBehavior [ RunTime:0.000029s ]
INFO: [ app_init ] --END-- [ RunTime:0.000418s ]
INFO: [ app_begin ] --START--
INFO: Run Behavior\ReadHtmlCacheBehavior [ RunTime:0.000511s ]
INFO: [ app_begin ] --END-- [ RunTime:0.000667s ]
ERR: 1146:Table 'register_system.enter' doesn't exist
 [ SQL语句 ] : SHOW COLUMNS FROM `enter`
ERR: 1146:Table 'register_system.enter' doesn't exist
 [ SQL语句 ] : SHOW COLUMNS FROM `enter`

[ 2016-04-25T13:34:49+08:00 ] ::1 /register_system/index.php/Admin/Enter/addAccess
INFO: [ app_init ] --START--
INFO: Run Behavior\BuildLiteBehavior [ RunTime:0.000030s ]
INFO: [ app_init ] --END-- [ RunTime:0.000483s ]
INFO: [ app_begin ] --START--
INFO: Run Behavior\ReadHtmlCacheBehavior [ RunTime:0.000701s ]
INFO: [ app_begin ] --END-- [ RunTime:0.000836s ]
ERR: 1146:Table 'register_system.enter' doesn't exist
 [ SQL语句 ] : SHOW COLUMNS FROM `enter`
ERR: 1146:Table 'register_system.enter' doesn't exist
 [ SQL语句 ] : SHOW COLUMNS FROM `enter`

[ 2016-04-25T13:34:50+08:00 ] ::1 /register_system/index.php/Admin/Enter/addAccess
INFO: [ app_init ] --START--
INFO: Run Behavior\BuildLiteBehavior [ RunTime:0.000028s ]
INFO: [ app_init ] --END-- [ RunTime:0.000441s ]
INFO: [ app_begin ] --START--
INFO: Run Behavior\ReadHtmlCacheBehavior [ RunTime:0.001171s ]
INFO: [ app_begin ] --END-- [ RunTime:0.001596s ]
ERR: 1146:Table 'register_system.enter' doesn't exist
 [ SQL语句 ] : SHOW COLUMNS FROM `enter`
ERR: 1146:Table 'register_system.enter' doesn't exist
 [ SQL语句 ] : SHOW COLUMNS FROM `enter`

[ 2016-04-25T13:34:50+08:00 ] ::1 /register_system/index.php/Admin/Enter/addAccess
INFO: [ app_init ] --START--
INFO: Run Behavior\BuildLiteBehavior [ RunTime:0.000029s ]
INFO: [ app_init ] --END-- [ RunTime:0.000416s ]
INFO: [ app_begin ] --START--
INFO: Run Behavior\ReadHtmlCacheBehavior [ RunTime:0.000503s ]
INFO: [ app_begin ] --END-- [ RunTime:0.000631s ]
ERR: 1146:Table 'register_system.enter' doesn't exist
 [ SQL语句 ] : SHOW COLUMNS FROM `enter`
ERR: 1146:Table 'register_system.enter' doesn't exist
 [ SQL语句 ] : SHOW COLUMNS FROM `enter`

[ 2016-04-25T13:34:51+08:00 ] ::1 /register_system/index.php/Admin/Enter/addAccess
INFO: [ app_init ] --START--
INFO: Run Behavior\BuildLiteBehavior [ RunTime:0.000031s ]
INFO: [ app_init ] --END-- [ RunTime:0.000443s ]
INFO: [ app_begin ] --START--
INFO: Run Behavior\ReadHtmlCacheBehavior [ RunTime:0.000619s ]
INFO: [ app_begin ] --END-- [ RunTime:0.000987s ]
ERR: 1146:Table 'register_system.enter' doesn't exist
 [ SQL语句 ] : SHOW COLUMNS FROM `enter`
ERR: 1146:Table 'register_system.enter' doesn't exist
 [ SQL语句 ] : SHOW COLUMNS FROM `enter`

[ 2016-04-25T13:34:51+08:00 ] ::1 /register_system/index.php/Admin/Enter/addAccess
INFO: [ app_init ] --START--
INFO: Run Behavior\BuildLiteBehavior [ RunTime:0.000032s ]
INFO: [ app_init ] --END-- [ RunTime:0.000501s ]
INFO: [ app_begin ] --START--
INFO: Run Behavior\ReadHtmlCacheBehavior [ RunTime:0.000639s ]
INFO: [ app_begin ] --END-- [ RunTime:0.000805s ]
ERR: 1146:Table 'register_system.enter' doesn't exist
 [ SQL语句 ] : SHOW COLUMNS FROM `enter`
ERR: 1146:Table 'register_system.enter' doesn't exist
 [ SQL语句 ] : SHOW COLUMNS FROM `enter`

[ 2016-04-25T13:37:40+08:00 ] ::1 /register_system/index.php/Admin/Enter/addAccess
ERR: 1146:Table 'register_system.enter' doesn't exist
 [ SQL语句 ] : SHOW COLUMNS FROM `enter`

[ 2016-04-25T13:37:44+08:00 ] ::1 /register_system/index.php/Admin/Enter/addAccess
ERR: 1146:Table 'register_system.enter' doesn't exist
 [ SQL语句 ] : SHOW COLUMNS FROM `enter`

[ 2016-04-25T13:37:44+08:00 ] ::1 /register_system/index.php/Admin/Enter/addAccess
ERR: 1146:Table 'register_system.enter' doesn't exist
 [ SQL语句 ] : SHOW COLUMNS FROM `enter`

[ 2016-04-25T13:37:45+08:00 ] ::1 /register_system/index.php/Admin/Enter/addAccess
ERR: 1146:Table 'register_system.enter' doesn't exist
 [ SQL语句 ] : SHOW COLUMNS FROM `enter`

[ 2016-04-25T13:37:45+08:00 ] ::1 /register_system/index.php/Admin/Enter/addAccess
ERR: 1146:Table 'register_system.enter' doesn't exist
 [ SQL语句 ] : SHOW COLUMNS FROM `enter`

[ 2016-04-25T13:37:45+08:00 ] ::1 /register_system/index.php/Admin/Enter/addAccess
ERR: 1146:Table 'register_system.enter' doesn't exist
 [ SQL语句 ] : SHOW COLUMNS FROM `enter`

[ 2016-04-25T13:37:45+08:00 ] ::1 /register_system/index.php/Admin/Enter/addAccess
ERR: 1146:Table 'register_system.enter' doesn't exist
 [ SQL语句 ] : SHOW COLUMNS FROM `enter`

[ 2016-04-25T13:38:45+08:00 ] ::1 /register_system/index.php/Admin/Enter/addAccess
ERR: 1146:Table 'register_system.enter' doesn't exist
 [ SQL语句 ] : SHOW COLUMNS FROM `enter`

[ 2016-04-25T13:39:20+08:00 ] ::1 /register_system/index.php/Admin/Enter/addAccess
ERR: Think\Model:test方法不存在！

[ 2016-04-25T13:40:58+08:00 ] ::1 /register_system/index.php/Admin/Enter/addAccess
ERR: Think\Model:test方法不存在！

[ 2016-04-25T13:41:23+08:00 ] ::1 /register_system/index.php/Admin/Enter/addAccess
ERR: 1146:Table 'register_system.enter' doesn't exist
 [ SQL语句 ] : SHOW COLUMNS FROM `enter`

[ 2016-04-25T13:41:52+08:00 ] ::1 /register_system/index.php/Admin/Enter/addAccess
ERR: 1146:Table 'register_system.enter' doesn't exist
 [ SQL语句 ] : SHOW COLUMNS FROM `enter`

[ 2016-04-25T13:47:50+08:00 ] ::1 /register_system/index.php/Admin/Enter/addAccess
ERR: 1146:Table 'register_system.enter' doesn't exist
 [ SQL语句 ] : SHOW COLUMNS FROM `enter`

[ 2016-04-25T13:50:39+08:00 ] ::1 /register_system/index.php/Admin/Enter/addAccess
ERR: 1146:Table 'register_system.enter' doesn't exist
 [ SQL语句 ] : SHOW COLUMNS FROM `enter`

[ 2016-04-25T13:52:59+08:00 ] ::1 /register_system/index.php/Admin/Enter/addAccess
ERR: 1146:Table 'register_system.order' doesn't exist
 [ SQL语句 ] : SHOW COLUMNS FROM `order`

[ 2016-04-25T13:53:00+08:00 ] ::1 /register_system/index.php/Admin/Enter/addAccess
ERR: 1146:Table 'register_system.order' doesn't exist
 [ SQL语句 ] : SHOW COLUMNS FROM `order`

[ 2016-04-25T13:53:00+08:00 ] ::1 /register_system/index.php/Admin/Enter/addAccess
ERR: 1146:Table 'register_system.order' doesn't exist
 [ SQL语句 ] : SHOW COLUMNS FROM `order`

[ 2016-04-25T13:53:01+08:00 ] ::1 /register_system/index.php/Admin/Enter/addAccess
ERR: 1146:Table 'register_system.order' doesn't exist
 [ SQL语句 ] : SHOW COLUMNS FROM `order`

[ 2016-04-25T13:53:01+08:00 ] ::1 /register_system/index.php/Admin/Enter/addAccess
ERR: 1146:Table 'register_system.order' doesn't exist
 [ SQL语句 ] : SHOW COLUMNS FROM `order`

[ 2016-04-25T14:04:02+08:00 ] ::1 /register_system/index.php/Admin/Enter/addAccess
ERR: 1146:Table 'register_system.enter' doesn't exist
 [ SQL语句 ] : SHOW COLUMNS FROM `enter`

[ 2016-04-25T14:12:27+08:00 ] ::1 /register_system/index.php/Admin/Enter/addAccess
ERR: 1146:Table 'register_system.enter' doesn't exist
 [ SQL语句 ] : SHOW COLUMNS FROM `enter`

[ 2016-04-25T14:14:47+08:00 ] ::1 /register_system/index.php/Admin/Enter/addAccess
ERR: 1146:Table 'register_system.enter' doesn't exist
 [ SQL语句 ] : SHOW COLUMNS FROM `enter`

[ 2016-04-25T14:16:06+08:00 ] ::1 /register_system/index.php/Admin/Enter/addAccess
ERR: 1146:Table 'register_system.enter' doesn't exist
 [ SQL语句 ] : SHOW COLUMNS FROM `enter`

[ 2016-04-25T14:19:06+08:00 ] ::1 /register_system/index.php/Admin/Enter/addAccess
ERR: 1146:Table 'register_system.enter' doesn't exist
 [ SQL语句 ] : SHOW COLUMNS FROM `enter`

[ 2016-04-25T14:19:07+08:00 ] ::1 /register_system/index.php/Admin/Enter/addAccess
ERR: 1146:Table 'register_system.enter' doesn't exist
 [ SQL语句 ] : SHOW COLUMNS FROM `enter`

[ 2016-04-25T14:19:18+08:00 ] ::1 /register_system/index.php/Admin/Enter/addAccess
ERR: 1146:Table 'register_system.enter' doesn't exist
 [ SQL语句 ] : SHOW COLUMNS FROM `enter`

[ 2016-04-25T14:19:44+08:00 ] ::1 /register_system/index.php/Admin/Enter/addAccess
ERR: 1146:Table 'register_system.enter' doesn't exist
 [ SQL语句 ] : SHOW COLUMNS FROM `enter`

[ 2016-04-25T14:19:45+08:00 ] ::1 /register_system/index.php/Admin/Enter/addAccess
ERR: 1146:Table 'register_system.enter' doesn't exist
 [ SQL语句 ] : SHOW COLUMNS FROM `enter`

[ 2016-04-25T18:14:22+08:00 ] ::1 /register_system/index.php/Admin/Enter/addAccess
ERR: 1146:Table 'register_system.enter' doesn't exist
 [ SQL语句 ] : SHOW COLUMNS FROM `enter`

[ 2016-04-25T18:34:01+08:00 ] ::1 /register_system/index.php/Admin/Enter/addAccess
ERR: 1146:Table 'register_system.enter' doesn't exist
 [ SQL语句 ] : SHOW COLUMNS FROM `enter`

[ 2016-04-25T19:50:22+08:00 ] ::1 /register_system/index.php/Admin/Enter/record
ERR: 模板不存在:./Application/Admin/View/Enter/record.html

[ 2016-04-25T19:53:58+08:00 ] ::1 /register_system/index.php/Admin/Enter/Enter/record
ERR: 非法操作:Enter

[ 2016-04-25T19:54:02+08:00 ] ::1 /register_system/index.php/Admin/Enter/Enter/record
ERR: 非法操作:Enter

[ 2016-04-25T19:54:58+08:00 ] ::1 /register_system/index.php/Admin/Enter/Index/index
ERR: 非法操作:Index

[ 2016-04-25T19:55:07+08:00 ] ::1 /register_system/index.php/Admin/Enter/Index/index
ERR: 非法操作:Index

[ 2016-04-25T19:55:38+08:00 ] ::1 /register_system/index.php/Admin/Enter/Index/index
ERR: 非法操作:Index

[ 2016-04-25T19:58:52+08:00 ] ::1 /register_system/index.php/Admin/Enter/record.html
ERR: 非法操作:record

[ 2016-04-25T19:59:11+08:00 ] ::1 /register_system/index.php/Admin/Enter/record.html
ERR: 非法操作:record

[ 2016-04-25T20:04:27+08:00 ] ::1 /register_system/index.php/Admin/Enter/fail.html
ERR: 模板不存在:./Application/Admin/View/Enter/fail.html

[ 2016-04-25T20:50:42+08:00 ] ::1 /register_system/index.php/Admin/Enter/assets/swf/copy_csv_xls_pdf.swf
ERR: 非法操作:assets

[ 2016-04-25T20:50:42+08:00 ] ::1 /register_system/index.php/Admin/Enter/assets/swf/copy_csv_xls_pdf.swf
ERR: 非法操作:assets

[ 2016-04-25T20:50:42+08:00 ] ::1 /register_system/index.php/Admin/Enter/assets/swf/copy_csv_xls_pdf.swf
ERR: 非法操作:assets

[ 2016-04-25T20:50:42+08:00 ] ::1 /register_system/index.php/Admin/Enter/assets/swf/copy_csv_xls_pdf.swf
ERR: 非法操作:assets

[ 2016-04-25T20:51:12+08:00 ] ::1 /register_system/index.php/Admin/Enter/assets/swf/copy_csv_xls_pdf.swf
ERR: 非法操作:assets

[ 2016-04-25T20:51:57+08:00 ] ::1 /register_system/index.php/Admin/Enter/assets/swf/copy_csv_xls_pdf.swf
ERR: 非法操作:assets

[ 2016-04-25T20:51:57+08:00 ] ::1 /register_system/index.php/Admin/Enter/assets/swf/copy_csv_xls_pdf.swf
ERR: 非法操作:assets

[ 2016-04-25T20:51:57+08:00 ] ::1 /register_system/index.php/Admin/Enter/assets/swf/copy_csv_xls_pdf.swf
ERR: 非法操作:assets

[ 2016-04-25T20:51:57+08:00 ] ::1 /register_system/index.php/Admin/Enter/assets/swf/copy_csv_xls_pdf.swf
ERR: 非法操作:assets

[ 2016-04-25T20:52:02+08:00 ] ::1 /register_system/index.php/Admin/Enter/assets/swf/copy_csv_xls_pdf.swf
ERR: 非法操作:assets

[ 2016-04-25T20:52:02+08:00 ] ::1 /register_system/index.php/Admin/Enter/assets/swf/copy_csv_xls_pdf.swf
ERR: 非法操作:assets

[ 2016-04-25T20:52:02+08:00 ] ::1 /register_system/index.php/Admin/Enter/assets/swf/copy_csv_xls_pdf.swf
ERR: 非法操作:assets

[ 2016-04-25T20:52:02+08:00 ] ::1 /register_system/index.php/Admin/Enter/assets/swf/copy_csv_xls_pdf.swf
ERR: 非法操作:assets

[ 2016-04-25T20:52:04+08:00 ] ::1 /register_system/index.php/Admin/Enter/assets/swf/copy_csv_xls_pdf.swf
ERR: 非法操作:assets

[ 2016-04-25T20:52:04+08:00 ] ::1 /register_system/index.php/Admin/Enter/assets/swf/copy_csv_xls_pdf.swf
ERR: 非法操作:assets

[ 2016-04-25T20:52:04+08:00 ] ::1 /register_system/index.php/Admin/Enter/assets/swf/copy_csv_xls_pdf.swf
ERR: 非法操作:assets

[ 2016-04-25T20:52:04+08:00 ] ::1 /register_system/index.php/Admin/Enter/assets/swf/copy_csv_xls_pdf.swf
ERR: 非法操作:assets

[ 2016-04-25T20:52:20+08:00 ] ::1 /register_system/index.php/Admin/Enter/assets/swf/copy_csv_xls_pdf.swf
ERR: 非法操作:assets

[ 2016-04-25T20:52:20+08:00 ] ::1 /register_system/index.php/Admin/Enter/assets/swf/copy_csv_xls_pdf.swf
ERR: 非法操作:assets

[ 2016-04-25T20:52:21+08:00 ] ::1 /register_system/index.php/Admin/Enter/assets/swf/copy_csv_xls_pdf.swf
ERR: 非法操作:assets

[ 2016-04-25T20:52:21+08:00 ] ::1 /register_system/index.php/Admin/Enter/assets/swf/copy_csv_xls_pdf.swf
ERR: 非法操作:assets

[ 2016-04-25T20:54:33+08:00 ] ::1 /register_system/index.php/Admin/Enter/assets/swf/copy_csv_xls_pdf.swf
ERR: 非法操作:assets

[ 2016-04-25T20:54:33+08:00 ] ::1 /register_system/index.php/Admin/Enter/assets/swf/copy_csv_xls_pdf.swf
ERR: 非法操作:assets

[ 2016-04-25T20:54:33+08:00 ] ::1 /register_system/index.php/Admin/Enter/assets/swf/copy_csv_xls_pdf.swf
ERR: 非法操作:assets

[ 2016-04-25T20:54:33+08:00 ] ::1 /register_system/index.php/Admin/Enter/assets/swf/copy_csv_xls_pdf.swf
ERR: 非法操作:assets

[ 2016-04-25T20:54:39+08:00 ] ::1 /register_system/index.php/Admin/Enter/assets/swf/copy_csv_xls_pdf.swf
ERR: 非法操作:assets

[ 2016-04-25T20:54:40+08:00 ] ::1 /register_system/index.php/Admin/Enter/assets/swf/copy_csv_xls_pdf.swf
ERR: 非法操作:assets

[ 2016-04-25T20:54:40+08:00 ] ::1 /register_system/index.php/Admin/Enter/assets/swf/copy_csv_xls_pdf.swf
ERR: 非法操作:assets

[ 2016-04-25T20:54:40+08:00 ] ::1 /register_system/index.php/Admin/Enter/assets/swf/copy_csv_xls_pdf.swf
ERR: 非法操作:assets

[ 2016-04-25T20:57:55+08:00 ] ::1 /register_system/index.php/Admin/Enter/assets/swf/copy_csv_xls_pdf.swf
ERR: 非法操作:assets

[ 2016-04-25T20:57:55+08:00 ] ::1 /register_system/index.php/Admin/Enter/assets/swf/copy_csv_xls_pdf.swf
ERR: 非法操作:assets

[ 2016-04-25T20:57:55+08:00 ] ::1 /register_system/index.php/Admin/Enter/assets/swf/copy_csv_xls_pdf.swf
ERR: 非法操作:assets

[ 2016-04-25T20:57:55+08:00 ] ::1 /register_system/index.php/Admin/Enter/assets/swf/copy_csv_xls_pdf.swf
ERR: 非法操作:assets

[ 2016-04-25T21:03:40+08:00 ] ::1 /register_system/index.php/Admin/Enter/assets/swf/copy_csv_xls_pdf.swf
ERR: 非法操作:assets

[ 2016-04-25T21:03:40+08:00 ] ::1 /register_system/index.php/Admin/Enter/assets/swf/copy_csv_xls_pdf.swf
ERR: 非法操作:assets

[ 2016-04-25T21:03:40+08:00 ] ::1 /register_system/index.php/Admin/Enter/assets/swf/copy_csv_xls_pdf.swf
ERR: 非法操作:assets

[ 2016-04-25T21:03:40+08:00 ] ::1 /register_system/index.php/Admin/Enter/assets/swf/copy_csv_xls_pdf.swf
ERR: 非法操作:assets

[ 2016-04-25T21:03:51+08:00 ] ::1 /register_system/index.php/Admin/Enter/assets/swf/copy_csv_xls_pdf.swf
ERR: 非法操作:assets

[ 2016-04-25T21:03:51+08:00 ] ::1 /register_system/index.php/Admin/Enter/assets/swf/copy_csv_xls_pdf.swf
ERR: 非法操作:assets

[ 2016-04-25T21:03:51+08:00 ] ::1 /register_system/index.php/Admin/Enter/assets/swf/copy_csv_xls_pdf.swf
ERR: 非法操作:assets

[ 2016-04-25T21:03:51+08:00 ] ::1 /register_system/index.php/Admin/Enter/assets/swf/copy_csv_xls_pdf.swf
ERR: 非法操作:assets

[ 2016-04-25T21:03:54+08:00 ] ::1 /register_system/index.php/Admin/Enter/assets/swf/copy_csv_xls_pdf.swf
ERR: 非法操作:assets

[ 2016-04-25T21:03:54+08:00 ] ::1 /register_system/index.php/Admin/Enter/assets/swf/copy_csv_xls_pdf.swf
ERR: 非法操作:assets

[ 2016-04-25T21:03:54+08:00 ] ::1 /register_system/index.php/Admin/Enter/assets/swf/copy_csv_xls_pdf.swf
ERR: 非法操作:assets

[ 2016-04-25T21:03:54+08:00 ] ::1 /register_system/index.php/Admin/Enter/assets/swf/copy_csv_xls_pdf.swf
ERR: 非法操作:assets

[ 2016-04-25T21:04:36+08:00 ] ::1 /register_system/index.php/Admin/Enter/assets/swf/copy_csv_xls_pdf.swf
ERR: 非法操作:assets

[ 2016-04-25T21:04:36+08:00 ] ::1 /register_system/index.php/Admin/Enter/assets/swf/copy_csv_xls_pdf.swf
ERR: 非法操作:assets

[ 2016-04-25T21:04:36+08:00 ] ::1 /register_system/index.php/Admin/Enter/assets/swf/copy_csv_xls_pdf.swf
ERR: 非法操作:assets

[ 2016-04-25T21:04:36+08:00 ] ::1 /register_system/index.php/Admin/Enter/assets/swf/copy_csv_xls_pdf.swf
ERR: 非法操作:assets

[ 2016-04-25T21:07:59+08:00 ] ::1 /register_system/index.php/Admin/Enter/assets/swf/copy_csv_xls_pdf.swf
ERR: 非法操作:assets

[ 2016-04-25T21:07:59+08:00 ] ::1 /register_system/index.php/Admin/Enter/assets/swf/copy_csv_xls_pdf.swf
ERR: 非法操作:assets

[ 2016-04-25T21:07:59+08:00 ] ::1 /register_system/index.php/Admin/Enter/assets/swf/copy_csv_xls_pdf.swf
ERR: 非法操作:assets

[ 2016-04-25T21:07:59+08:00 ] ::1 /register_system/index.php/Admin/Enter/assets/swf/copy_csv_xls_pdf.swf
ERR: 非法操作:assets

[ 2016-04-25T21:09:45+08:00 ] ::1 /register_system/index.php/Admin/Enter/assets/swf/copy_csv_xls_pdf.swf
ERR: 非法操作:assets

[ 2016-04-25T21:09:45+08:00 ] ::1 /register_system/index.php/Admin/Enter/assets/swf/copy_csv_xls_pdf.swf
ERR: 非法操作:assets

[ 2016-04-25T21:09:45+08:00 ] ::1 /register_system/index.php/Admin/Enter/assets/swf/copy_csv_xls_pdf.swf
ERR: 非法操作:assets

[ 2016-04-25T21:40:30+08:00 ] ::1 /register_system/index.php/Admin/ExportExel/get_exel.html
ERR: 无法加载控制器:ExportExel

[ 2016-04-25T21:40:33+08:00 ] ::1 /register_system/index.php/Admin/Register/add_student_info.html
ERR: 非法操作:add_student_info

[ 2016-04-25T21:42:04+08:00 ] ::1 /register_system/index.php/Admin/Register/add_student_info.html
ERR: 非法操作:add_student_info

[ 2016-04-25T21:54:17+08:00 ] ::1 /register_system/index.php/Admin/Enter/assets/css/dataTables.bootstrap.css
ERR: 非法操作:assets

[ 2016-04-25T21:54:17+08:00 ] ::1 /register_system/index.php/Admin/Enter/assets/js/datatable/jquery.dataTables.min.js
ERR: 非法操作:assets

[ 2016-04-25T21:54:17+08:00 ] ::1 /register_system/index.php/Admin/Enter/assets/js/datatable/dataTables.bootstrap.min.js
ERR: 非法操作:assets

[ 2016-04-25T21:54:17+08:00 ] ::1 /register_system/index.php/Admin/Enter/assets/js/datatable/dataTables.tableTools.min.js
ERR: 非法操作:assets

[ 2016-04-25T21:54:17+08:00 ] ::1 /register_system/index.php/Admin/Enter/assets/js/datatable/ZeroClipboard.js
ERR: 非法操作:assets

[ 2016-04-25T21:54:17+08:00 ] ::1 /register_system/index.php/Admin/Enter/assets/js/datatable/datatables-init.js
ERR: 非法操作:assets

[ 2016-04-25T21:54:19+08:00 ] ::1 /register_system/index.php/Admin/Enter/assets/css/dataTables.bootstrap.css
ERR: 非法操作:assets

[ 2016-04-25T21:54:19+08:00 ] ::1 /register_system/index.php/Admin/Enter/assets/js/datatable/datatables-init.js
ERR: 非法操作:assets

[ 2016-04-25T21:54:19+08:00 ] ::1 /register_system/index.php/Admin/Enter/assets/js/datatable/dataTables.bootstrap.min.js
ERR: 非法操作:assets

[ 2016-04-25T21:54:19+08:00 ] ::1 /register_system/index.php/Admin/Enter/assets/js/datatable/jquery.dataTables.min.js
ERR: 非法操作:assets

[ 2016-04-25T21:54:19+08:00 ] ::1 /register_system/index.php/Admin/Enter/assets/js/datatable/ZeroClipboard.js
ERR: 非法操作:assets

[ 2016-04-25T21:54:19+08:00 ] ::1 /register_system/index.php/Admin/Enter/assets/js/datatable/dataTables.tableTools.min.js
ERR: 非法操作:assets

[ 2016-04-25T21:54:25+08:00 ] ::1 /register_system/index.php/Admin/Enter/assets/css/dataTables.bootstrap.css
ERR: 非法操作:assets

[ 2016-04-25T21:54:25+08:00 ] ::1 /register_system/index.php/Admin/Enter/assets/js/datatable/jquery.dataTables.min.js
ERR: 非法操作:assets

[ 2016-04-25T21:54:25+08:00 ] ::1 /register_system/index.php/Admin/Enter/assets/js/datatable/dataTables.bootstrap.min.js
ERR: 非法操作:assets

[ 2016-04-25T21:54:25+08:00 ] ::1 /register_system/index.php/Admin/Enter/assets/js/datatable/ZeroClipboard.js
ERR: 非法操作:assets

[ 2016-04-25T21:54:25+08:00 ] ::1 /register_system/index.php/Admin/Enter/assets/js/datatable/datatables-init.js
ERR: 非法操作:assets

[ 2016-04-25T21:54:25+08:00 ] ::1 /register_system/index.php/Admin/Enter/assets/js/datatable/dataTables.tableTools.min.js
ERR: 非法操作:assets

[ 2016-04-25T22:00:45+08:00 ] ::1 /register_system/index.php/Admin/Enter/assets/css/dataTables.bootstrap.css
ERR: 非法操作:assets

[ 2016-04-25T22:00:45+08:00 ] ::1 /register_system/index.php/Admin/Enter/assets/js/datatable/jquery.dataTables.min.js
ERR: 非法操作:assets

[ 2016-04-25T22:00:45+08:00 ] ::1 /register_system/index.php/Admin/Enter/assets/js/datatable/ZeroClipboard.js
ERR: 非法操作:assets

[ 2016-04-25T22:00:45+08:00 ] ::1 /register_system/index.php/Admin/Enter/assets/js/datatable/dataTables.bootstrap.min.js
ERR: 非法操作:assets

[ 2016-04-25T22:00:45+08:00 ] ::1 /register_system/index.php/Admin/Enter/assets/js/datatable/datatables-init.js
ERR: 非法操作:assets

[ 2016-04-25T22:00:45+08:00 ] ::1 /register_system/index.php/Admin/Enter/assets/js/datatable/dataTables.tableTools.min.js
ERR: 非法操作:assets

[ 2016-04-25T22:00:47+08:00 ] ::1 /register_system/index.php/Admin/Enter/assets/css/dataTables.bootstrap.css
ERR: 非法操作:assets

[ 2016-04-25T22:00:47+08:00 ] ::1 /register_system/index.php/Admin/Enter/assets/js/datatable/ZeroClipboard.js
ERR: 非法操作:assets

[ 2016-04-25T22:00:47+08:00 ] ::1 /register_system/index.php/Admin/Enter/assets/js/datatable/datatables-init.js
ERR: 非法操作:assets

[ 2016-04-25T22:00:47+08:00 ] ::1 /register_system/index.php/Admin/Enter/assets/js/datatable/jquery.dataTables.min.js
ERR: 非法操作:assets

[ 2016-04-25T22:00:47+08:00 ] ::1 /register_system/index.php/Admin/Enter/assets/js/datatable/dataTables.bootstrap.min.js
ERR: 非法操作:assets

[ 2016-04-25T22:00:47+08:00 ] ::1 /register_system/index.php/Admin/Enter/assets/js/datatable/dataTables.tableTools.min.js
ERR: 非法操作:assets

[ 2016-04-25T22:00:48+08:00 ] ::1 /register_system/index.php/Admin/Enter/assets/css/dataTables.bootstrap.css
ERR: 非法操作:assets

[ 2016-04-25T22:00:48+08:00 ] ::1 /register_system/index.php/Admin/Enter/assets/js/datatable/dataTables.tableTools.min.js
ERR: 非法操作:assets

[ 2016-04-25T22:00:48+08:00 ] ::1 /register_system/index.php/Admin/Enter/assets/js/datatable/dataTables.bootstrap.min.js
ERR: 非法操作:assets

[ 2016-04-25T22:00:48+08:00 ] ::1 /register_system/index.php/Admin/Enter/assets/js/datatable/datatables-init.js
ERR: 非法操作:assets

[ 2016-04-25T22:00:48+08:00 ] ::1 /register_system/index.php/Admin/Enter/assets/js/datatable/ZeroClipboard.js
ERR: 非法操作:assets

[ 2016-04-25T22:00:48+08:00 ] ::1 /register_system/index.php/Admin/Enter/assets/js/datatable/jquery.dataTables.min.js
ERR: 非法操作:assets

[ 2016-04-25T22:00:48+08:00 ] ::1 /register_system/index.php/Admin/Enter/assets/css/dataTables.bootstrap.css
ERR: 非法操作:assets

[ 2016-04-25T22:00:48+08:00 ] ::1 /register_system/index.php/Admin/Enter/assets/js/datatable/datatables-init.js
ERR: 非法操作:assets

[ 2016-04-25T22:00:48+08:00 ] ::1 /register_system/index.php/Admin/Enter/assets/js/datatable/dataTables.tableTools.min.js
ERR: 非法操作:assets

[ 2016-04-25T22:00:48+08:00 ] ::1 /register_system/index.php/Admin/Enter/assets/js/datatable/jquery.dataTables.min.js
ERR: 非法操作:assets

[ 2016-04-25T22:00:48+08:00 ] ::1 /register_system/index.php/Admin/Enter/assets/js/datatable/ZeroClipboard.js
ERR: 非法操作:assets

[ 2016-04-25T22:00:48+08:00 ] ::1 /register_system/index.php/Admin/Enter/assets/js/datatable/dataTables.bootstrap.min.js
ERR: 非法操作:assets

[ 2016-04-25T22:00:49+08:00 ] ::1 /register_system/index.php/Admin/Enter/assets/css/dataTables.bootstrap.css
ERR: 非法操作:assets

[ 2016-04-25T22:00:49+08:00 ] ::1 /register_system/index.php/Admin/Enter/assets/js/datatable/jquery.dataTables.min.js
ERR: 非法操作:assets

[ 2016-04-25T22:00:49+08:00 ] ::1 /register_system/index.php/Admin/Enter/assets/js/datatable/ZeroClipboard.js
ERR: 非法操作:assets

[ 2016-04-25T22:00:49+08:00 ] ::1 /register_system/index.php/Admin/Enter/assets/js/datatable/dataTables.bootstrap.min.js
ERR: 非法操作:assets

[ 2016-04-25T22:00:49+08:00 ] ::1 /register_system/index.php/Admin/Enter/assets/js/datatable/datatables-init.js
ERR: 非法操作:assets

[ 2016-04-25T22:00:49+08:00 ] ::1 /register_system/index.php/Admin/Enter/assets/js/datatable/dataTables.tableTools.min.js
ERR: 非法操作:assets

[ 2016-04-25T22:00:49+08:00 ] ::1 /register_system/index.php/Admin/Enter/assets/css/dataTables.bootstrap.css
ERR: 非法操作:assets

[ 2016-04-25T22:00:49+08:00 ] ::1 /register_system/index.php/Admin/Enter/assets/js/datatable/dataTables.tableTools.min.js
ERR: 非法操作:assets

[ 2016-04-25T22:00:49+08:00 ] ::1 /register_system/index.php/Admin/Enter/assets/js/datatable/datatables-init.js
ERR: 非法操作:assets

[ 2016-04-25T22:00:49+08:00 ] ::1 /register_system/index.php/Admin/Enter/assets/js/datatable/ZeroClipboard.js
ERR: 非法操作:assets

[ 2016-04-25T22:00:49+08:00 ] ::1 /register_system/index.php/Admin/Enter/assets/js/datatable/jquery.dataTables.min.js
ERR: 非法操作:assets

[ 2016-04-25T22:00:49+08:00 ] ::1 /register_system/index.php/Admin/Enter/assets/js/datatable/dataTables.bootstrap.min.js
ERR: 非法操作:assets

[ 2016-04-25T22:03:21+08:00 ] ::1 /register_system/index.php/Admin/Enter/assets/js/datatable/dataTables.bootstrap.min.js
ERR: 非法操作:assets

[ 2016-04-25T22:03:21+08:00 ] ::1 /register_system/index.php/Admin/Enter/assets/js/datatable/datatables-init.js
ERR: 非法操作:assets

[ 2016-04-25T22:03:21+08:00 ] ::1 /register_system/index.php/Admin/Enter/assets/js/datatable/jquery.dataTables.min.js
ERR: 非法操作:assets

[ 2016-04-25T22:03:21+08:00 ] ::1 /register_system/index.php/Admin/Enter/assets/js/datatable/dataTables.tableTools.min.js
ERR: 非法操作:assets

[ 2016-04-25T22:03:21+08:00 ] ::1 /register_system/index.php/Admin/Enter/assets/js/datatable/ZeroClipboard.js
ERR: 非法操作:assets

[ 2016-04-25T22:03:22+08:00 ] ::1 /register_system/index.php/Admin/Enter/assets/js/datatable/dataTables.tableTools.min.js
ERR: 非法操作:assets

[ 2016-04-25T22:03:22+08:00 ] ::1 /register_system/index.php/Admin/Enter/assets/js/datatable/datatables-init.js
ERR: 非法操作:assets

[ 2016-04-25T22:03:22+08:00 ] ::1 /register_system/index.php/Admin/Enter/assets/js/datatable/dataTables.bootstrap.min.js
ERR: 非法操作:assets

[ 2016-04-25T22:03:22+08:00 ] ::1 /register_system/index.php/Admin/Enter/assets/js/datatable/ZeroClipboard.js
ERR: 非法操作:assets

[ 2016-04-25T22:03:23+08:00 ] ::1 /register_system/index.php/Admin/Enter/assets/js/datatable/jquery.dataTables.min.js
ERR: 非法操作:assets

[ 2016-04-25T22:44:27+08:00 ] ::1 /register_system/index.php/Admin/Register/add_student_info.html
ERR: 非法操作:add_student_info

[ 2016-04-25T22:44:29+08:00 ] ::1 /register_system/index.php/Admin/ExportExel/get_exel.html
ERR: 无法加载控制器:ExportExel

