[ 2016-05-06T10:08:43+08:00 ] ::1 /register_system/index.php/Admin/Enter/lotNum.html
INFO: [ app_begin ] --START--
INFO: Run Behavior\ReadHtmlCacheBehavior [ RunTime:0.000559s ]
INFO: [ app_begin ] --END-- [ RunTime:0.001011s ]
SQL: SHOW COLUMNS FROM `setting` [ RunTime:0.0063s ]
SQL: SELECT * FROM `setting` LIMIT 1   [ RunTime:0.0002s ]
SQL: SHOW COLUMNS FROM `register` [ RunTime:0.0047s ]
SQL: UPDATE `register` SET `civil_status`='1' WHERE `civil_junior` = 12 AND `id` IN ('1','3','5') [ RunTime:0.0700s ]

[ 2016-05-06T10:08:56+08:00 ] ::1 /register_system/index.php/Admin/Enter/NlotNum.html
INFO: [ app_begin ] --START--
INFO: Run Behavior\ReadHtmlCacheBehavior [ RunTime:0.001183s ]
INFO: [ app_begin ] --END-- [ RunTime:0.002063s ]
SQL: SHOW COLUMNS FROM `setting` [ RunTime:0.0045s ]
SQL: SELECT * FROM `setting` LIMIT 1   [ RunTime:0.0002s ]
SQL: SHOW COLUMNS FROM `register` [ RunTime:0.0043s ]
SQL: UPDATE `register` SET `civil_status`='3' WHERE `civil_junior` = 12 AND `id` IN ('2','4','6') [ RunTime:0.0701s ]

[ 2016-05-06T10:10:43+08:00 ] ::1 /register_system/index.php/Admin/Enter/NlotNum.html
INFO: [ app_begin ] --START--
INFO: Run Behavior\ReadHtmlCacheBehavior [ RunTime:0.001255s ]
INFO: [ app_begin ] --END-- [ RunTime:0.002210s ]
SQL: SHOW COLUMNS FROM `setting` [ RunTime:0.0081s ]
SQL: SELECT * FROM `setting` LIMIT 1   [ RunTime:0.0004s ]
SQL: SHOW COLUMNS FROM `register` [ RunTime:0.0087s ]
SQL: UPDATE `register` SET `civil_status`='3' WHERE `civil_junior` = 12 AND `id` IN ('1') [ RunTime:0.0717s ]

[ 2016-05-06T10:10:50+08:00 ] ::1 /register_system/index.php/Admin/Enter/lotNum.html
INFO: [ app_begin ] --START--
INFO: Run Behavior\ReadHtmlCacheBehavior [ RunTime:0.001243s ]
INFO: [ app_begin ] --END-- [ RunTime:0.002452s ]
SQL: SHOW COLUMNS FROM `setting` [ RunTime:0.0189s ]
SQL: SELECT * FROM `setting` LIMIT 1   [ RunTime:0.0002s ]
SQL: SHOW COLUMNS FROM `register` [ RunTime:0.0091s ]
SQL: UPDATE `register` SET `civil_status`='1' WHERE `civil_junior` = 12 AND `id` IN ('2') [ RunTime:0.0441s ]

[ 2016-05-06T10:10:59+08:00 ] ::1 /register_system/index.php/Admin/Enter/lotNum.html
INFO: [ app_begin ] --START--
INFO: Run Behavior\ReadHtmlCacheBehavior [ RunTime:0.000882s ]
INFO: [ app_begin ] --END-- [ RunTime:0.001581s ]
SQL: SHOW COLUMNS FROM `setting` [ RunTime:0.0273s ]
SQL: SELECT * FROM `setting` LIMIT 1   [ RunTime:0.0003s ]
SQL: SHOW COLUMNS FROM `register` [ RunTime:0.0072s ]
SQL: UPDATE `register` SET `civil_status`='1' WHERE `civil_junior` = 12 AND `id` IN ('1') [ RunTime:0.0714s ]

[ 2016-05-06T10:12:21+08:00 ] ::1 /register_system/index.php/Admin/Enter/NlotNum.html
INFO: [ app_begin ] --START--
INFO: Run Behavior\ReadHtmlCacheBehavior [ RunTime:0.001031s ]
INFO: [ app_begin ] --END-- [ RunTime:0.001930s ]
SQL: SHOW COLUMNS FROM `setting` [ RunTime:0.0047s ]
SQL: SELECT * FROM `setting` LIMIT 1   [ RunTime:0.0003s ]
SQL: SHOW COLUMNS FROM `register` [ RunTime:0.0068s ]
SQL: UPDATE `register` SET `civil_status`='3' WHERE `civil_junior` = 12 AND `id` IN ('1') [ RunTime:0.0635s ]

[ 2016-05-06T10:13:13+08:00 ] ::1 /register_system/index.php/Admin/Enter/cilil_issued_lot.html
INFO: [ app_begin ] --START--
INFO: Run Behavior\ReadHtmlCacheBehavior [ RunTime:0.000726s ]
INFO: [ app_begin ] --END-- [ RunTime:0.001228s ]
SQL: SHOW COLUMNS FROM `setting` [ RunTime:0.0052s ]
SQL: SELECT * FROM `setting` LIMIT 1   [ RunTime:0.0002s ]
SQL: SHOW COLUMNS FROM `register` [ RunTime:0.0048s ]
SQL: UPDATE `register` SET `lot_release`='1' WHERE `civil_junior` = 12 AND `civil_status` = 1 [ RunTime:0.0003s ]
SQL: UPDATE `register` SET `lot_release`='1',`civil_release`='1' WHERE `civil_junior` = 12 AND `civil_status` = 3 [ RunTime:0.0002s ]

[ 2016-05-06T10:14:06+08:00 ] ::1 /register_system/index.php/Admin/Enter/NlotNum.html
INFO: [ app_begin ] --START--
INFO: Run Behavior\ReadHtmlCacheBehavior [ RunTime:0.000739s ]
INFO: [ app_begin ] --END-- [ RunTime:0.001254s ]
SQL: SHOW COLUMNS FROM `setting` [ RunTime:0.0184s ]
SQL: SELECT * FROM `setting` LIMIT 1   [ RunTime:0.0003s ]
SQL: SHOW COLUMNS FROM `register` [ RunTime:0.0050s ]
SQL: UPDATE `register` SET `civil_status`='3' WHERE `civil_junior` = 12 AND `id` IN ('9') [ RunTime:0.0749s ]

[ 2016-05-06T10:14:11+08:00 ] ::1 /register_system/index.php/Admin/Enter/cilil_issued_lot.html
INFO: [ app_begin ] --START--
INFO: Run Behavior\ReadHtmlCacheBehavior [ RunTime:0.001193s ]
INFO: [ app_begin ] --END-- [ RunTime:0.001932s ]
SQL: SHOW COLUMNS FROM `setting` [ RunTime:0.0049s ]
SQL: SELECT * FROM `setting` LIMIT 1   [ RunTime:0.0002s ]
SQL: SHOW COLUMNS FROM `register` [ RunTime:0.0049s ]
SQL: UPDATE `register` SET `lot_release`='1' WHERE `civil_junior` = 12 AND `civil_status` = 1 [ RunTime:0.0003s ]
SQL: UPDATE `register` SET `lot_release`='1',`civil_release`='1' WHERE `civil_junior` = 12 AND `civil_status` = 3 [ RunTime:0.0002s ]

[ 2016-05-06T10:19:56+08:00 ] ::1 /register_system/index.php/Admin/Enter/civil_admis.html
INFO: [ app_begin ] --START--
INFO: Run Behavior\ReadHtmlCacheBehavior [ RunTime:0.000566s ]
INFO: [ app_begin ] --END-- [ RunTime:0.001031s ]
SQL: SHOW COLUMNS FROM `setting` [ RunTime:0.0051s ]
SQL: SELECT * FROM `setting` LIMIT 1   [ RunTime:0.0003s ]
SQL: SHOW COLUMNS FROM `register` [ RunTime:0.0050s ]
SQL: UPDATE `register` SET `civil_status`='2' WHERE `id` IN ('2','3','5') AND `civil_junior` = 12 [ RunTime:0.0624s ]

[ 2016-05-06T10:20:08+08:00 ] ::1 /register_system/index.php/Admin/Enter/civil_Nadmis.html
INFO: [ app_begin ] --START--
INFO: Run Behavior\ReadHtmlCacheBehavior [ RunTime:0.000559s ]
INFO: [ app_begin ] --END-- [ RunTime:0.001003s ]
SQL: SHOW COLUMNS FROM `setting` [ RunTime:0.0198s ]
SQL: SELECT * FROM `setting` LIMIT 1   [ RunTime:0.0002s ]
SQL: SHOW COLUMNS FROM `register` [ RunTime:0.0052s ]
SQL: UPDATE `register` SET `civil_status`='3' WHERE `civil_junior` = 12 AND `id` IN ('2','3','5') [ RunTime:0.0523s ]
NOTIC: [8] Undefined index: auccess D:\wamp\www\register_system\Application\Admin\Controller\EnterController.class.php Á¨¨ 388 Ë°å.

[ 2016-05-06T10:20:14+08:00 ] ::1 /register_system/index.php/Admin/Enter/civil_admis.html
INFO: [ app_begin ] --START--
INFO: Run Behavior\ReadHtmlCacheBehavior [ RunTime:0.000915s ]
INFO: [ app_begin ] --END-- [ RunTime:0.001633s ]
SQL: SHOW COLUMNS FROM `setting` [ RunTime:0.0087s ]
SQL: SELECT * FROM `setting` LIMIT 1   [ RunTime:0.0002s ]
SQL: SHOW COLUMNS FROM `register` [ RunTime:0.0210s ]
SQL: UPDATE `register` SET `civil_status`='2' WHERE `id` IN ('2','3','5') AND `civil_junior` = 12 [ RunTime:0.0834s ]

[ 2016-05-06T10:20:25+08:00 ] ::1 /register_system/index.php/Admin/Enter/civil_Nadmis.html
INFO: [ app_begin ] --START--
INFO: Run Behavior\ReadHtmlCacheBehavior [ RunTime:0.000564s ]
INFO: [ app_begin ] --END-- [ RunTime:0.001016s ]
SQL: SHOW COLUMNS FROM `setting` [ RunTime:0.0054s ]
SQL: SELECT * FROM `setting` LIMIT 1   [ RunTime:0.0003s ]
SQL: SHOW COLUMNS FROM `register` [ RunTime:0.0053s ]
SQL: UPDATE `register` SET `civil_status`='3' WHERE `civil_junior` = 12 AND `id` IN ('2','3','5') [ RunTime:0.0845s ]
NOTIC: [8] Undefined index: auccess D:\wamp\www\register_system\Application\Admin\Controller\EnterController.class.php Á¨¨ 388 Ë°å.

[ 2016-05-06T10:20:31+08:00 ] ::1 /register_system/index.php/Admin/Enter/civil_issued_admis.html
INFO: [ app_begin ] --START--
INFO: Run Behavior\ReadHtmlCacheBehavior [ RunTime:0.000786s ]
INFO: [ app_begin ] --END-- [ RunTime:0.001384s ]
SQL: SHOW COLUMNS FROM `setting` [ RunTime:0.0327s ]
SQL: SELECT * FROM `setting` LIMIT 1   [ RunTime:0.0002s ]
SQL: SHOW COLUMNS FROM `register` [ RunTime:0.0049s ]
SQL: UPDATE `register` SET `civil_release`='1' WHERE `civil_junior` = 12 AND `civil_status` IN ('2','3') [ RunTime:0.0647s ]

[ 2016-05-06T10:24:48+08:00 ] ::1 /register_system/index.php/Admin/Enter/lotNum.html
INFO: [ app_begin ] --START--
INFO: Run Behavior\ReadHtmlCacheBehavior [ RunTime:0.001101s ]
INFO: [ app_begin ] --END-- [ RunTime:0.001842s ]
SQL: SHOW COLUMNS FROM `setting` [ RunTime:0.0048s ]
SQL: SELECT * FROM `setting` LIMIT 1   [ RunTime:0.0002s ]
SQL: SHOW COLUMNS FROM `register` [ RunTime:0.0047s ]
SQL: UPDATE `register` SET `civil_status`='1' WHERE `civil_junior` = 12 AND `id` IN ('1','2','3','4','5','6','9') [ RunTime:0.0714s ]

[ 2016-05-06T10:24:54+08:00 ] ::1 /register_system/index.php/Admin/Enter/cilil_issued_lot.html
INFO: [ app_begin ] --START--
INFO: Run Behavior\ReadHtmlCacheBehavior [ RunTime:0.000556s ]
INFO: [ app_begin ] --END-- [ RunTime:0.001003s ]
SQL: SHOW COLUMNS FROM `setting` [ RunTime:0.0106s ]
SQL: SELECT * FROM `setting` LIMIT 1   [ RunTime:0.0002s ]
SQL: SHOW COLUMNS FROM `register` [ RunTime:0.0054s ]
SQL: UPDATE `register` SET `lot_release`='1' WHERE `civil_junior` = 12 AND `civil_status` = 1 [ RunTime:0.0004s ]
SQL: UPDATE `register` SET `lot_release`='1',`civil_release`='1' WHERE `civil_junior` = 12 AND `civil_status` = 3 [ RunTime:0.0002s ]

[ 2016-05-06T10:25:11+08:00 ] ::1 /register_system/index.php/Admin/Enter/civil_admis.html
INFO: [ app_begin ] --START--
INFO: Run Behavior\ReadHtmlCacheBehavior [ RunTime:0.000584s ]
INFO: [ app_begin ] --END-- [ RunTime:0.001180s ]
SQL: SHOW COLUMNS FROM `setting` [ RunTime:0.0065s ]
SQL: SELECT * FROM `setting` LIMIT 1   [ RunTime:0.0002s ]
SQL: SHOW COLUMNS FROM `register` [ RunTime:0.0049s ]
SQL: UPDATE `register` SET `civil_status`='2' WHERE `id` IN ('1','2','3','4','5','6','9') AND `civil_junior` = 12 [ RunTime:0.0710s ]

[ 2016-05-06T10:25:17+08:00 ] ::1 /register_system/index.php/Admin/Enter/civil_issued_admis.html
INFO: [ app_begin ] --START--
INFO: Run Behavior\ReadHtmlCacheBehavior [ RunTime:0.000577s ]
INFO: [ app_begin ] --END-- [ RunTime:0.001030s ]
SQL: SHOW COLUMNS FROM `setting` [ RunTime:0.0259s ]
SQL: SELECT * FROM `setting` LIMIT 1   [ RunTime:0.0002s ]
SQL: SHOW COLUMNS FROM `register` [ RunTime:0.0298s ]
SQL: UPDATE `register` SET `civil_release`='1' WHERE `civil_junior` = 12 AND `civil_status` IN ('2','3') [ RunTime:0.0592s ]

[ 2016-05-06T10:26:38+08:00 ] ::1 /register_system/index.php/Admin/ExportExel/get_exel.html
ERR: Êó†Ê≥ïÂä†ËΩΩÊéßÂà∂Âô®:ExportExel

[ 2016-05-06T10:31:51+08:00 ] ::1 /register_system/index.php/Admin/org
ERR: ÈùûÊ≥ïÊìç‰Ωú:index

[ 2016-05-06T10:32:02+08:00 ] ::1 /register_system/index.php/Admin/Org/info
ERR: ÈùûÊ≥ïÊìç‰Ωú:info

[ 2016-05-06T10:32:08+08:00 ] ::1 /register_system/index.php/Admin/Orginfo
ERR: Êó†Ê≥ïÂä†ËΩΩÊéßÂà∂Âô®:Orginfo

[ 2016-05-06T10:33:03+08:00 ] ::1 /register_system/index.php/Admin/Orginfo
ERR: Êó†Ê≥ïÂä†ËΩΩÊéßÂà∂Âô®:Orginfo

[ 2016-05-06T10:33:04+08:00 ] ::1 /register_system/index.php/Admin/Org/info
ERR: ÈùûÊ≥ïÊìç‰Ωú:info

[ 2016-05-06T10:33:04+08:00 ] ::1 /register_system/index.php/Admin/org
ERR: ÈùûÊ≥ïÊìç‰Ωú:index

[ 2016-05-06T11:20:03+08:00 ] ::1 /register_system/index.php/Admin/Enter/pub_admis.html
INFO: [ app_begin ] --START--
INFO: Run Behavior\ReadHtmlCacheBehavior [ RunTime:0.000605s ]
INFO: [ app_begin ] --END-- [ RunTime:0.001143s ]
SQL: SHOW COLUMNS FROM `setting` [ RunTime:0.0266s ]
SQL: SELECT * FROM `setting` LIMIT 1   [ RunTime:0.0002s ]
SQL: SHOW COLUMNS FROM `register` [ RunTime:0.0053s ]
SQL: UPDATE `register` SET `pub_status`='1' WHERE `id` IN ('7','8') AND `pub_junior` = 9 [ RunTime:0.1008s ]

[ 2016-05-06T11:20:07+08:00 ] ::1 /register_system/index.php/Admin/Enter/pub_Nadmis.html
INFO: [ app_begin ] --START--
INFO: Run Behavior\ReadHtmlCacheBehavior [ RunTime:0.000700s ]
INFO: [ app_begin ] --END-- [ RunTime:0.001203s ]
SQL: SHOW COLUMNS FROM `setting` [ RunTime:0.0177s ]
SQL: SELECT * FROM `setting` LIMIT 1   [ RunTime:0.0003s ]
SQL: SHOW COLUMNS FROM `register` [ RunTime:0.0055s ]
SQL: UPDATE `register` SET `pub_status`='2' WHERE `pub_junior` = 9 AND `id` IN ('7','8') [ RunTime:0.0521s ]

[ 2016-05-06T11:20:10+08:00 ] ::1 /register_system/index.php/Admin/Enter/pub_issued_admis.html
INFO: [ app_begin ] --START--
INFO: Run Behavior\ReadHtmlCacheBehavior [ RunTime:0.000607s ]
INFO: [ app_begin ] --END-- [ RunTime:0.001105s ]
SQL: SHOW COLUMNS FROM `setting` [ RunTime:0.0175s ]
SQL: SELECT * FROM `setting` LIMIT 1   [ RunTime:0.0002s ]
SQL: SHOW COLUMNS FROM `register` [ RunTime:0.0060s ]
SQL: UPDATE `register` SET `pub_release`='1' WHERE `pub_junior` = 9 AND `pub_status` IN ('1','2') [ RunTime:0.0540s ]

[ 2016-05-06T11:41:49+08:00 ] ::1 /register_system/index.php/Admin/Enter/pub_issued_admis.html
INFO: [ app_begin ] --START--
INFO: Run Behavior\ReadHtmlCacheBehavior [ RunTime:0.000813s ]
INFO: [ app_begin ] --END-- [ RunTime:0.001459s ]
SQL: SHOW COLUMNS FROM `setting` [ RunTime:0.0049s ]
SQL: SELECT * FROM `setting` LIMIT 1   [ RunTime:0.0003s ]
SQL: SHOW COLUMNS FROM `register` [ RunTime:0.0054s ]
SQL: UPDATE `register` SET `pub_release`='1' WHERE `pub_junior` = 9 AND `pub_status` IN ('1','2') [ RunTime:0.0591s ]

[ 2016-05-06T11:43:11+08:00 ] ::1 /register_system/index.php/Admin/Enter/pub_issued_admis.html
INFO: [ app_begin ] --START--
INFO: Run Behavior\ReadHtmlCacheBehavior [ RunTime:0.000892s ]
INFO: [ app_begin ] --END-- [ RunTime:0.001464s ]
SQL: SHOW COLUMNS FROM `setting` [ RunTime:0.0399s ]
SQL: SELECT * FROM `setting` LIMIT 1   [ RunTime:0.0003s ]
SQL: SHOW COLUMNS FROM `register` [ RunTime:0.0051s ]
SQL: UPDATE `register` SET `pub_release`='1' WHERE `pub_junior` = 9 AND `pub_status` IN ('1','2') [ RunTime:0.0628s ]

[ 2016-05-06T11:45:08+08:00 ] ::1 /register_system/index.php/Admin/Enter/pub_admis.html
INFO: [ app_begin ] --START--
INFO: Run Behavior\ReadHtmlCacheBehavior [ RunTime:0.000584s ]
INFO: [ app_begin ] --END-- [ RunTime:0.001115s ]
SQL: SHOW COLUMNS FROM `setting` [ RunTime:0.0068s ]
SQL: SELECT * FROM `setting` LIMIT 1   [ RunTime:0.0003s ]
SQL: SHOW COLUMNS FROM `register` [ RunTime:0.0059s ]
SQL: UPDATE `register` SET `pub_status`='1' WHERE `id` IN ('7','8') AND `pub_junior` = 9 [ RunTime:0.0626s ]

[ 2016-05-06T11:45:13+08:00 ] ::1 /register_system/index.php/Admin/Enter/pub_issued_admis.html
INFO: [ app_begin ] --START--
INFO: Run Behavior\ReadHtmlCacheBehavior [ RunTime:0.000568s ]
INFO: [ app_begin ] --END-- [ RunTime:0.001023s ]
SQL: SHOW COLUMNS FROM `setting` [ RunTime:0.0048s ]
SQL: SELECT * FROM `setting` LIMIT 1   [ RunTime:0.0003s ]
SQL: SHOW COLUMNS FROM `register` [ RunTime:0.0055s ]
SQL: UPDATE `register` SET `pub_release`='1' WHERE `pub_junior` = 9 AND `pub_status` IN ('1','2') [ RunTime:0.0495s ]

[ 2016-05-06T16:18:00+08:00 ] ::1 /register_system/index.php/Admin/Enter/lotNum.html
INFO: [ app_begin ] --START--
INFO: Run Behavior\ReadHtmlCacheBehavior [ RunTime:0.000584s ]
INFO: [ app_begin ] --END-- [ RunTime:0.001068s ]
SQL: SHOW COLUMNS FROM `setting` [ RunTime:0.0047s ]
SQL: SELECT * FROM `setting` LIMIT 1   [ RunTime:0.0003s ]
SQL: SHOW COLUMNS FROM `register` [ RunTime:0.0057s ]
SQL: UPDATE `register` SET `civil_status`='1' WHERE `civil_junior` = 12 AND `id` IN ('1','3','5') [ RunTime:0.0931s ]

[ 2016-05-06T16:18:03+08:00 ] ::1 /register_system/index.php/Admin/Enter/cilil_issued_lot.html
INFO: [ app_begin ] --START--
INFO: Run Behavior\ReadHtmlCacheBehavior [ RunTime:0.000755s ]
INFO: [ app_begin ] --END-- [ RunTime:0.001293s ]
SQL: SHOW COLUMNS FROM `setting` [ RunTime:0.0210s ]
SQL: SELECT * FROM `setting` LIMIT 1   [ RunTime:0.0002s ]
SQL: SHOW COLUMNS FROM `register` [ RunTime:0.0052s ]
SQL: UPDATE `register` SET `lot_release`='1' WHERE `civil_junior` = 12 AND `civil_status` = 1 [ RunTime:0.0003s ]
SQL: UPDATE `register` SET `lot_release`='1',`civil_release`='1' WHERE `civil_junior` = 12 AND `civil_status` = 3 [ RunTime:0.0002s ]

[ 2016-05-06T16:18:08+08:00 ] ::1 /register_system/index.php/Admin/Enter/civil_Nadmis.html
INFO: [ app_begin ] --START--
INFO: Run Behavior\ReadHtmlCacheBehavior [ RunTime:0.001246s ]
INFO: [ app_begin ] --END-- [ RunTime:0.001966s ]
SQL: SHOW COLUMNS FROM `setting` [ RunTime:0.0423s ]
SQL: SELECT * FROM `setting` LIMIT 1   [ RunTime:0.0002s ]
SQL: SHOW COLUMNS FROM `register` [ RunTime:0.0055s ]
SQL: UPDATE `register` SET `civil_status`='3' WHERE `civil_junior` = 12 AND `id` IN ('1') [ RunTime:0.0921s ]
NOTIC: [8] Undefined index: auccess D:\wamp\www\register_system\Application\Admin\Controller\EnterController.class.php Á¨¨ 388 Ë°å.

[ 2016-05-06T16:22:33+08:00 ] ::1 /register_system/index.php/Admin/Enter/civil_Nadmis.html
INFO: [ app_begin ] --START--
INFO: Run Behavior\ReadHtmlCacheBehavior [ RunTime:0.001030s ]
INFO: [ app_begin ] --END-- [ RunTime:0.001808s ]
SQL: SHOW COLUMNS FROM `setting` [ RunTime:0.0102s ]
SQL: SELECT * FROM `setting` LIMIT 1   [ RunTime:0.0003s ]
SQL: SHOW COLUMNS FROM `register` [ RunTime:0.0054s ]
SQL: UPDATE `register` SET `civil_status`='3' WHERE `civil_junior` = 12 AND `id` IN ('1') [ RunTime:0.0641s ]
NOTIC: [8] Undefined index: auccess D:\wamp\www\register_system\Application\Admin\Controller\EnterController.class.php Á¨¨ 388 Ë°å.

[ 2016-05-06T16:22:46+08:00 ] ::1 /register_system/index.php/Admin/Enter/civil_admis.html
INFO: [ app_begin ] --START--
INFO: Run Behavior\ReadHtmlCacheBehavior [ RunTime:0.000769s ]
INFO: [ app_begin ] --END-- [ RunTime:0.001346s ]
SQL: SHOW COLUMNS FROM `setting` [ RunTime:0.0213s ]
SQL: SELECT * FROM `setting` LIMIT 1   [ RunTime:0.0003s ]
SQL: SHOW COLUMNS FROM `register` [ RunTime:0.0056s ]
SQL: UPDATE `register` SET `civil_status`='2' WHERE `id` IN ('1') AND `civil_junior` = 12 [ RunTime:0.0464s ]

[ 2016-05-06T16:23:00+08:00 ] ::1 /register_system/index.php/Admin/Enter/civil_admis.html
INFO: [ app_begin ] --START--
INFO: Run Behavior\ReadHtmlCacheBehavior [ RunTime:0.000921s ]
INFO: [ app_begin ] --END-- [ RunTime:0.001693s ]
SQL: SHOW COLUMNS FROM `setting` [ RunTime:0.0066s ]
SQL: SELECT * FROM `setting` LIMIT 1   [ RunTime:0.0003s ]
SQL: SHOW COLUMNS FROM `register` [ RunTime:0.0059s ]
SQL: UPDATE `register` SET `civil_status`='2' WHERE `id` IN ('1') AND `civil_junior` = 12 [ RunTime:0.0695s ]

[ 2016-05-06T16:24:38+08:00 ] ::1 /register_system/index.php/Admin/Enter/civil_admis.html
INFO: [ app_begin ] --START--
INFO: Run Behavior\ReadHtmlCacheBehavior [ RunTime:0.001001s ]
INFO: [ app_begin ] --END-- [ RunTime:0.001741s ]
SQL: SHOW COLUMNS FROM `setting` [ RunTime:0.0156s ]
SQL: SELECT * FROM `setting` LIMIT 1   [ RunTime:0.0002s ]
SQL: SHOW COLUMNS FROM `register` [ RunTime:0.0052s ]
SQL: UPDATE `register` SET `civil_status`='2' WHERE `id` IN ('1') AND `civil_junior` = 12 [ RunTime:0.0482s ]

[ 2016-05-06T18:15:25+08:00 ] ::1 /register_system/index.php/Admin/Enter/civilfail.html
ERR: SQLSTATE[HY000] [2002] ”…”⁄ƒø±Íº∆À„ª˙ª˝º´æ‹æ¯£¨Œﬁ∑®¡¨Ω”°£


[ 2016-05-06T18:29:26+08:00 ] ::1 /register_system/index.php/Admin/Enter/civil_Nadmis.html
INFO: [ app_begin ] --START--
INFO: Run Behavior\ReadHtmlCacheBehavior [ RunTime:0.000608s ]
INFO: [ app_begin ] --END-- [ RunTime:0.001060s ]
SQL: SHOW COLUMNS FROM `setting` [ RunTime:0.0040s ]
SQL: SELECT * FROM `setting` LIMIT 1   [ RunTime:0.0003s ]
SQL: SHOW COLUMNS FROM `register` [ RunTime:0.0040s ]
SQL: UPDATE `register` SET `civil_status`='3' WHERE `civil_junior` = 12 AND `id` IN ('1') [ RunTime:0.1616s ]
NOTIC: [8] Undefined index: auccess D:\wamp\www\register_system\Application\Admin\Controller\EnterController.class.php Á¨¨ 388 Ë°å.

[ 2016-05-06T18:29:31+08:00 ] ::1 /register_system/index.php/Admin/Enter/civil_Nadmis.html
INFO: [ app_begin ] --START--
INFO: Run Behavior\ReadHtmlCacheBehavior [ RunTime:0.000533s ]
INFO: [ app_begin ] --END-- [ RunTime:0.000953s ]
SQL: SHOW COLUMNS FROM `setting` [ RunTime:0.0457s ]
SQL: SELECT * FROM `setting` LIMIT 1   [ RunTime:0.0002s ]
SQL: SHOW COLUMNS FROM `register` [ RunTime:0.0034s ]
SQL: UPDATE `register` SET `civil_status`='3' WHERE `civil_junior` = 12 AND `id` IN ('1') [ RunTime:0.0457s ]
NOTIC: [8] Undefined index: auccess D:\wamp\www\register_system\Application\Admin\Controller\EnterController.class.php Á¨¨ 388 Ë°å.

[ 2016-05-06T18:29:34+08:00 ] ::1 /register_system/index.php/Admin/Enter/civil_Nadmis.html
INFO: [ app_begin ] --START--
INFO: Run Behavior\ReadHtmlCacheBehavior [ RunTime:0.000526s ]
INFO: [ app_begin ] --END-- [ RunTime:0.000937s ]
SQL: SHOW COLUMNS FROM `setting` [ RunTime:0.0039s ]
SQL: SELECT * FROM `setting` LIMIT 1   [ RunTime:0.0003s ]
SQL: SHOW COLUMNS FROM `register` [ RunTime:0.0047s ]
SQL: UPDATE `register` SET `civil_status`='3' WHERE `civil_junior` = 12 AND `id` IN ('1') [ RunTime:0.0487s ]
NOTIC: [8] Undefined index: auccess D:\wamp\www\register_system\Application\Admin\Controller\EnterController.class.php Á¨¨ 388 Ë°å.

[ 2016-05-06T18:30:18+08:00 ] ::1 /register_system/index.php/Admin/Enter/civil_Nadmis.html
INFO: [ app_begin ] --START--
INFO: Run Behavior\ReadHtmlCacheBehavior [ RunTime:0.000665s ]
INFO: [ app_begin ] --END-- [ RunTime:0.001143s ]
SQL: SHOW COLUMNS FROM `setting` [ RunTime:0.0054s ]
SQL: SELECT * FROM `setting` LIMIT 1   [ RunTime:0.0003s ]
SQL: SHOW COLUMNS FROM `register` [ RunTime:0.0037s ]
SQL: UPDATE `register` SET `civil_status`='3' WHERE `civil_junior` = 12 AND `id` IN ('1') [ RunTime:0.0972s ]
NOTIC: [8] Undefined index: auccess D:\wamp\www\register_system\Application\Admin\Controller\EnterController.class.php Á¨¨ 388 Ë°å.

[ 2016-05-06T18:30:21+08:00 ] ::1 /register_system/index.php/Admin/Enter/civil_Nadmis.html
INFO: [ app_begin ] --START--
INFO: Run Behavior\ReadHtmlCacheBehavior [ RunTime:0.000550s ]
INFO: [ app_begin ] --END-- [ RunTime:0.000985s ]
SQL: SHOW COLUMNS FROM `setting` [ RunTime:0.0085s ]
SQL: SELECT * FROM `setting` LIMIT 1   [ RunTime:0.0002s ]
SQL: SHOW COLUMNS FROM `register` [ RunTime:0.0037s ]
SQL: UPDATE `register` SET `civil_status`='3' WHERE `civil_junior` = 12 AND `id` IN ('3') [ RunTime:0.0467s ]
NOTIC: [8] Undefined index: auccess D:\wamp\www\register_system\Application\Admin\Controller\EnterController.class.php Á¨¨ 388 Ë°å.

[ 2016-05-06T18:30:27+08:00 ] ::1 /register_system/index.php/Admin/Enter/civil_Nadmis.html
INFO: [ app_begin ] --START--
INFO: Run Behavior\ReadHtmlCacheBehavior [ RunTime:0.000703s ]
INFO: [ app_begin ] --END-- [ RunTime:0.001158s ]
SQL: SHOW COLUMNS FROM `setting` [ RunTime:0.0358s ]
SQL: SELECT * FROM `setting` LIMIT 1   [ RunTime:0.0002s ]
SQL: SHOW COLUMNS FROM `register` [ RunTime:0.0046s ]
SQL: UPDATE `register` SET `civil_status`='3' WHERE `civil_junior` = 12 AND `id` IN ('3') [ RunTime:0.0546s ]
NOTIC: [8] Undefined index: auccess D:\wamp\www\register_system\Application\Admin\Controller\EnterController.class.php Á¨¨ 388 Ë°å.

[ 2016-05-06T18:30:30+08:00 ] ::1 /register_system/index.php/Admin/Enter/civil_Nadmis.html
INFO: [ app_begin ] --START--
INFO: Run Behavior\ReadHtmlCacheBehavior [ RunTime:0.000582s ]
INFO: [ app_begin ] --END-- [ RunTime:0.001000s ]
SQL: SHOW COLUMNS FROM `setting` [ RunTime:0.0322s ]
SQL: SELECT * FROM `setting` LIMIT 1   [ RunTime:0.0002s ]
SQL: SHOW COLUMNS FROM `register` [ RunTime:0.0036s ]
SQL: UPDATE `register` SET `civil_status`='3' WHERE `civil_junior` = 12 AND `id` IN ('3') [ RunTime:0.0474s ]
NOTIC: [8] Undefined index: auccess D:\wamp\www\register_system\Application\Admin\Controller\EnterController.class.php Á¨¨ 388 Ë°å.

[ 2016-05-06T18:31:56+08:00 ] ::1 /register_system/index.php/Admin/Enter/civil_admis.html
INFO: [ app_begin ] --START--
INFO: Run Behavior\ReadHtmlCacheBehavior [ RunTime:0.000522s ]
INFO: [ app_begin ] --END-- [ RunTime:0.000942s ]
SQL: SHOW COLUMNS FROM `setting` [ RunTime:0.0034s ]
SQL: SELECT * FROM `setting` LIMIT 1   [ RunTime:0.0004s ]
SQL: SHOW COLUMNS FROM `register` [ RunTime:0.0035s ]
SQL: UPDATE `register` SET `civil_status`='2' WHERE `id` IN ('1','3') AND `civil_junior` = 12 [ RunTime:0.0648s ]

[ 2016-05-06T18:32:13+08:00 ] ::1 /register_system/index.php/Admin/Enter/civil_Nadmis.html
INFO: [ app_begin ] --START--
INFO: Run Behavior\ReadHtmlCacheBehavior [ RunTime:0.000531s ]
INFO: [ app_begin ] --END-- [ RunTime:0.000983s ]
SQL: SHOW COLUMNS FROM `setting` [ RunTime:0.0039s ]
SQL: SELECT * FROM `setting` LIMIT 1   [ RunTime:0.0003s ]
SQL: SHOW COLUMNS FROM `register` [ RunTime:0.0037s ]
SQL: UPDATE `register` SET `civil_status`='3' WHERE `civil_junior` = 12 AND `id` IN ('1','3','5') [ RunTime:0.0896s ]
NOTIC: [8] Undefined index: auccess D:\wamp\www\register_system\Application\Admin\Controller\EnterController.class.php Á¨¨ 388 Ë°å.

[ 2016-05-06T18:33:34+08:00 ] ::1 /register_system/index.php/Admin/Enter/civil_admis.html
INFO: [ app_begin ] --START--
INFO: Run Behavior\ReadHtmlCacheBehavior [ RunTime:0.000555s ]
INFO: [ app_begin ] --END-- [ RunTime:0.000975s ]
SQL: SHOW COLUMNS FROM `setting` [ RunTime:0.0369s ]
SQL: SELECT * FROM `setting` LIMIT 1   [ RunTime:0.0002s ]
SQL: SHOW COLUMNS FROM `register` [ RunTime:0.0038s ]
SQL: UPDATE `register` SET `civil_status`='2' WHERE `id` IN ('1','3','5') AND `civil_junior` = 12 [ RunTime:0.0560s ]

[ 2016-05-06T18:35:19+08:00 ] ::1 /register_system/index.php/Admin/Enter/civil_admis.html
INFO: [ app_begin ] --START--
INFO: Run Behavior\ReadHtmlCacheBehavior [ RunTime:0.000662s ]
INFO: [ app_begin ] --END-- [ RunTime:0.001156s ]
SQL: SHOW COLUMNS FROM `setting` [ RunTime:0.0037s ]
SQL: SELECT * FROM `setting` LIMIT 1   [ RunTime:0.0004s ]
SQL: SHOW COLUMNS FROM `register` [ RunTime:0.0039s ]
SQL: UPDATE `register` SET `civil_status`='2' WHERE `id` IN ('1','3','5') AND `civil_junior` = 12 [ RunTime:0.0762s ]

[ 2016-05-06T18:35:43+08:00 ] ::1 /register_system/index.php/Admin/Enter/civil_Nadmis.html
INFO: [ app_begin ] --START--
INFO: Run Behavior\ReadHtmlCacheBehavior [ RunTime:0.000632s ]
INFO: [ app_begin ] --END-- [ RunTime:0.001108s ]
SQL: SHOW COLUMNS FROM `setting` [ RunTime:0.0486s ]
SQL: SELECT * FROM `setting` LIMIT 1   [ RunTime:0.0002s ]
SQL: SHOW COLUMNS FROM `register` [ RunTime:0.0037s ]
SQL: UPDATE `register` SET `civil_status`='3' WHERE `civil_junior` = 12 AND `id` IN ('1','3','5') [ RunTime:0.0669s ]
NOTIC: [8] Undefined index: auccess D:\wamp\www\register_system\Application\Admin\Controller\EnterController.class.php Á¨¨ 388 Ë°å.

[ 2016-05-06T18:36:32+08:00 ] ::1 /register_system/index.php/Admin/Enter/civil_admis.html
INFO: [ app_begin ] --START--
INFO: Run Behavior\ReadHtmlCacheBehavior [ RunTime:0.000685s ]
INFO: [ app_begin ] --END-- [ RunTime:0.001281s ]
SQL: SHOW COLUMNS FROM `setting` [ RunTime:0.0094s ]
SQL: SELECT * FROM `setting` LIMIT 1   [ RunTime:0.0003s ]
SQL: SHOW COLUMNS FROM `register` [ RunTime:0.0037s ]
SQL: UPDATE `register` SET `civil_status`='2' WHERE `id` IN ('1','3','5') AND `civil_junior` = 12 [ RunTime:0.0589s ]

[ 2016-05-06T18:36:57+08:00 ] ::1 /register_system/index.php/Admin/Enter/civil_admis.html
INFO: [ app_begin ] --START--
INFO: Run Behavior\ReadHtmlCacheBehavior [ RunTime:0.000768s ]
INFO: [ app_begin ] --END-- [ RunTime:0.001245s ]
SQL: SHOW COLUMNS FROM `setting` [ RunTime:0.0153s ]
SQL: SELECT * FROM `setting` LIMIT 1   [ RunTime:0.0002s ]
SQL: SHOW COLUMNS FROM `register` [ RunTime:0.0038s ]
SQL: UPDATE `register` SET `civil_status`='2' WHERE `id` IN ('1','3','5') AND `civil_junior` = 12 [ RunTime:0.0441s ]

[ 2016-05-06T18:37:51+08:00 ] ::1 /register_system/index.php/Admin/Enter/civil_admis.html
INFO: [ app_begin ] --START--
INFO: Run Behavior\ReadHtmlCacheBehavior [ RunTime:0.000547s ]
INFO: [ app_begin ] --END-- [ RunTime:0.000972s ]
SQL: SHOW COLUMNS FROM `setting` [ RunTime:0.0254s ]
SQL: SELECT * FROM `setting` LIMIT 1   [ RunTime:0.0003s ]
SQL: SHOW COLUMNS FROM `register` [ RunTime:0.0036s ]
SQL: UPDATE `register` SET `civil_status`='2' WHERE `id` IN ('1','3','5') AND `civil_junior` = 12 [ RunTime:0.0629s ]

[ 2016-05-06T18:37:59+08:00 ] ::1 /register_system/index.php/Admin/Enter/civil_Nadmis.html
INFO: [ app_begin ] --START--
INFO: Run Behavior\ReadHtmlCacheBehavior [ RunTime:0.000570s ]
INFO: [ app_begin ] --END-- [ RunTime:0.001167s ]
SQL: SHOW COLUMNS FROM `setting` [ RunTime:0.0168s ]
SQL: SELECT * FROM `setting` LIMIT 1   [ RunTime:0.0003s ]
SQL: SHOW COLUMNS FROM `register` [ RunTime:0.0039s ]
SQL: UPDATE `register` SET `civil_status`='3' WHERE `civil_junior` = 12 AND `id` IN ('1','3','5') [ RunTime:0.0685s ]
NOTIC: [8] Undefined index: auccess D:\wamp\www\register_system\Application\Admin\Controller\EnterController.class.php Á¨¨ 388 Ë°å.

[ 2016-05-06T18:41:08+08:00 ] ::1 /register_system/index.php/Admin/Enter/civil_admis.html
INFO: [ app_begin ] --START--
INFO: Run Behavior\ReadHtmlCacheBehavior [ RunTime:0.000825s ]
INFO: [ app_begin ] --END-- [ RunTime:0.001318s ]
SQL: SHOW COLUMNS FROM `setting` [ RunTime:0.0145s ]
SQL: SELECT * FROM `setting` LIMIT 1   [ RunTime:0.0002s ]
SQL: SHOW COLUMNS FROM `register` [ RunTime:0.0036s ]
SQL: UPDATE `register` SET `civil_status`='2' WHERE `id` IN ('1','3','5') AND `civil_junior` = 12 [ RunTime:0.0675s ]

[ 2016-05-06T18:41:48+08:00 ] ::1 /register_system/index.php/Admin/Enter/civil_Nadmis.html
INFO: [ app_begin ] --START--
INFO: Run Behavior\ReadHtmlCacheBehavior [ RunTime:0.000521s ]
INFO: [ app_begin ] --END-- [ RunTime:0.001003s ]
SQL: SHOW COLUMNS FROM `setting` [ RunTime:0.0178s ]
SQL: SELECT * FROM `setting` LIMIT 1   [ RunTime:0.0003s ]
SQL: SHOW COLUMNS FROM `register` [ RunTime:0.0037s ]
SQL: UPDATE `register` SET `civil_status`='3' WHERE `civil_junior` = 12 AND `id` IN ('1','3','5') [ RunTime:0.0674s ]
NOTIC: [8] Undefined index: auccess D:\wamp\www\register_system\Application\Admin\Controller\EnterController.class.php Á¨¨ 388 Ë°å.

[ 2016-05-06T18:41:56+08:00 ] ::1 /register_system/index.php/Admin/Enter/civil_admis.html
INFO: [ app_begin ] --START--
INFO: Run Behavior\ReadHtmlCacheBehavior [ RunTime:0.000533s ]
INFO: [ app_begin ] --END-- [ RunTime:0.001049s ]
SQL: SHOW COLUMNS FROM `setting` [ RunTime:0.0182s ]
SQL: SELECT * FROM `setting` LIMIT 1   [ RunTime:0.0003s ]
SQL: SHOW COLUMNS FROM `register` [ RunTime:0.0037s ]
SQL: UPDATE `register` SET `civil_status`='2' WHERE `id` IN ('1','3','5') AND `civil_junior` = 12 [ RunTime:0.0673s ]

[ 2016-05-06T18:42:05+08:00 ] ::1 /register_system/index.php/Admin/Enter/civil_Nadmis.html
INFO: [ app_begin ] --START--
INFO: Run Behavior\ReadHtmlCacheBehavior [ RunTime:0.000609s ]
INFO: [ app_begin ] --END-- [ RunTime:0.001061s ]
SQL: SHOW COLUMNS FROM `setting` [ RunTime:0.0248s ]
SQL: SELECT * FROM `setting` LIMIT 1   [ RunTime:0.0003s ]
SQL: SHOW COLUMNS FROM `register` [ RunTime:0.0039s ]
SQL: UPDATE `register` SET `civil_status`='3' WHERE `civil_junior` = 12 AND `id` IN ('1','3','5') [ RunTime:0.0432s ]
NOTIC: [8] Undefined index: auccess D:\wamp\www\register_system\Application\Admin\Controller\EnterController.class.php Á¨¨ 388 Ë°å.

[ 2016-05-06T18:42:10+08:00 ] ::1 /register_system/index.php/Admin/Enter/civil_admis.html
INFO: [ app_begin ] --START--
INFO: Run Behavior\ReadHtmlCacheBehavior [ RunTime:0.000687s ]
INFO: [ app_begin ] --END-- [ RunTime:0.001193s ]
SQL: SHOW COLUMNS FROM `setting` [ RunTime:0.0183s ]
SQL: SELECT * FROM `setting` LIMIT 1   [ RunTime:0.0003s ]
SQL: SHOW COLUMNS FROM `register` [ RunTime:0.0052s ]
SQL: UPDATE `register` SET `civil_status`='2' WHERE `id` IN ('1','3','5') AND `civil_junior` = 12 [ RunTime:0.0540s ]

[ 2016-05-06T18:42:16+08:00 ] ::1 /register_system/index.php/Admin/Enter/civil_Nadmis.html
INFO: [ app_begin ] --START--
INFO: Run Behavior\ReadHtmlCacheBehavior [ RunTime:0.000629s ]
INFO: [ app_begin ] --END-- [ RunTime:0.001082s ]
SQL: SHOW COLUMNS FROM `setting` [ RunTime:0.0454s ]
SQL: SELECT * FROM `setting` LIMIT 1   [ RunTime:0.0002s ]
SQL: SHOW COLUMNS FROM `register` [ RunTime:0.0036s ]
SQL: UPDATE `register` SET `civil_status`='3' WHERE `civil_junior` = 12 AND `id` IN ('1','3','5') [ RunTime:0.0529s ]
NOTIC: [8] Undefined index: auccess D:\wamp\www\register_system\Application\Admin\Controller\EnterController.class.php Á¨¨ 388 Ë°å.

[ 2016-05-06T18:42:23+08:00 ] ::1 /register_system/index.php/Admin/Enter/civil_admis.html
INFO: [ app_begin ] --START--
INFO: Run Behavior\ReadHtmlCacheBehavior [ RunTime:0.000510s ]
INFO: [ app_begin ] --END-- [ RunTime:0.000954s ]
SQL: SHOW COLUMNS FROM `setting` [ RunTime:0.0167s ]
SQL: SELECT * FROM `setting` LIMIT 1   [ RunTime:0.0002s ]
SQL: SHOW COLUMNS FROM `register` [ RunTime:0.0040s ]
SQL: UPDATE `register` SET `civil_status`='2' WHERE `id` IN ('1','3','5') AND `civil_junior` = 12 [ RunTime:0.0512s ]

[ 2016-05-06T18:42:30+08:00 ] ::1 /register_system/index.php/Admin/Enter/civil_Nadmis.html
INFO: [ app_begin ] --START--
INFO: Run Behavior\ReadHtmlCacheBehavior [ RunTime:0.000526s ]
INFO: [ app_begin ] --END-- [ RunTime:0.000942s ]
SQL: SHOW COLUMNS FROM `setting` [ RunTime:0.0387s ]
SQL: SELECT * FROM `setting` LIMIT 1   [ RunTime:0.0002s ]
SQL: SHOW COLUMNS FROM `register` [ RunTime:0.0038s ]
SQL: UPDATE `register` SET `civil_status`='3' WHERE `civil_junior` = 12 AND `id` IN ('1','3','5') [ RunTime:0.0672s ]
NOTIC: [8] Undefined index: auccess D:\wamp\www\register_system\Application\Admin\Controller\EnterController.class.php Á¨¨ 388 Ë°å.

[ 2016-05-06T18:42:37+08:00 ] ::1 /register_system/index.php/Admin/Enter/civil_admis.html
INFO: [ app_begin ] --START--
INFO: Run Behavior\ReadHtmlCacheBehavior [ RunTime:0.000552s ]
INFO: [ app_begin ] --END-- [ RunTime:0.000990s ]
SQL: SHOW COLUMNS FROM `setting` [ RunTime:0.0198s ]
SQL: SELECT * FROM `setting` LIMIT 1   [ RunTime:0.0003s ]
SQL: SHOW COLUMNS FROM `register` [ RunTime:0.0037s ]
SQL: UPDATE `register` SET `civil_status`='2' WHERE `id` IN ('1','3','5') AND `civil_junior` = 12 [ RunTime:0.0556s ]

[ 2016-05-06T18:42:41+08:00 ] ::1 /register_system/index.php/Admin/Enter/civil_Nadmis.html
INFO: [ app_begin ] --START--
INFO: Run Behavior\ReadHtmlCacheBehavior [ RunTime:0.000520s ]
INFO: [ app_begin ] --END-- [ RunTime:0.000915s ]
SQL: SHOW COLUMNS FROM `setting` [ RunTime:0.0175s ]
SQL: SELECT * FROM `setting` LIMIT 1   [ RunTime:0.0003s ]

[ 2016-05-06T18:42:46+08:00 ] ::1 /register_system/index.php/Admin/Enter/civil_Nadmis.html
INFO: [ app_begin ] --START--
INFO: Run Behavior\ReadHtmlCacheBehavior [ RunTime:0.000534s ]
INFO: [ app_begin ] --END-- [ RunTime:0.000959s ]
SQL: SHOW COLUMNS FROM `setting` [ RunTime:0.0039s ]
SQL: SELECT * FROM `setting` LIMIT 1   [ RunTime:0.0004s ]
SQL: SHOW COLUMNS FROM `register` [ RunTime:0.0047s ]
SQL: UPDATE `register` SET `civil_status`='3' WHERE `civil_junior` = 12 AND `id` IN ('1','3','5') [ RunTime:0.1276s ]
NOTIC: [8] Undefined index: auccess D:\wamp\www\register_system\Application\Admin\Controller\EnterController.class.php Á¨¨ 388 Ë°å.

[ 2016-05-06T18:42:50+08:00 ] ::1 /register_system/index.php/Admin/Enter/civil_admis.html
INFO: [ app_begin ] --START--
INFO: Run Behavior\ReadHtmlCacheBehavior [ RunTime:0.000674s ]
INFO: [ app_begin ] --END-- [ RunTime:0.001135s ]
SQL: SHOW COLUMNS FROM `setting` [ RunTime:0.0252s ]
SQL: SELECT * FROM `setting` LIMIT 1   [ RunTime:0.0002s ]
SQL: SHOW COLUMNS FROM `register` [ RunTime:0.0037s ]
SQL: UPDATE `register` SET `civil_status`='2' WHERE `id` IN ('1','3','5') AND `civil_junior` = 12 [ RunTime:0.0554s ]

[ 2016-05-06T18:42:55+08:00 ] ::1 /register_system/index.php/Admin/Enter/civil_Nadmis.html
INFO: [ app_begin ] --START--
INFO: Run Behavior\ReadHtmlCacheBehavior [ RunTime:0.000541s ]
INFO: [ app_begin ] --END-- [ RunTime:0.000950s ]
SQL: SHOW COLUMNS FROM `setting` [ RunTime:0.0103s ]
SQL: SELECT * FROM `setting` LIMIT 1   [ RunTime:0.0004s ]
SQL: SHOW COLUMNS FROM `register` [ RunTime:0.0038s ]
SQL: UPDATE `register` SET `civil_status`='3' WHERE `civil_junior` = 12 AND `id` IN ('1','3','5') [ RunTime:0.0536s ]
NOTIC: [8] Undefined index: auccess D:\wamp\www\register_system\Application\Admin\Controller\EnterController.class.php Á¨¨ 388 Ë°å.

[ 2016-05-06T18:43:00+08:00 ] ::1 /register_system/index.php/Admin/Enter/civil_admis.html
INFO: [ app_begin ] --START--
INFO: Run Behavior\ReadHtmlCacheBehavior [ RunTime:0.000520s ]
INFO: [ app_begin ] --END-- [ RunTime:0.000936s ]
SQL: SHOW COLUMNS FROM `setting` [ RunTime:0.0271s ]
SQL: SELECT * FROM `setting` LIMIT 1   [ RunTime:0.0003s ]
SQL: SHOW COLUMNS FROM `register` [ RunTime:0.0038s ]
SQL: UPDATE `register` SET `civil_status`='2' WHERE `id` IN ('1','3','5') AND `civil_junior` = 12 [ RunTime:0.0670s ]

[ 2016-05-06T18:45:41+08:00 ] ::1 /register_system/index.php/Admin/Enter/civil_Nadmis.html
INFO: [ app_begin ] --START--
INFO: Run Behavior\ReadHtmlCacheBehavior [ RunTime:0.000533s ]
INFO: [ app_begin ] --END-- [ RunTime:0.000965s ]
SQL: SHOW COLUMNS FROM `setting` [ RunTime:0.0245s ]
SQL: SELECT * FROM `setting` LIMIT 1   [ RunTime:0.0004s ]
SQL: SHOW COLUMNS FROM `register` [ RunTime:0.0041s ]
SQL: UPDATE `register` SET `civil_status`='3' WHERE `civil_junior` = 12 AND `id` IN ('1','3','5') [ RunTime:0.0537s ]
NOTIC: [8] Undefined index: auccess D:\wamp\www\register_system\Application\Admin\Controller\EnterController.class.php Á¨¨ 388 Ë°å.

[ 2016-05-06T18:45:51+08:00 ] ::1 /register_system/index.php/Admin/Enter/civil_admis.html
INFO: [ app_begin ] --START--
INFO: Run Behavior\ReadHtmlCacheBehavior [ RunTime:0.000540s ]
INFO: [ app_begin ] --END-- [ RunTime:0.001013s ]
SQL: SHOW COLUMNS FROM `setting` [ RunTime:0.0113s ]
SQL: SELECT * FROM `setting` LIMIT 1   [ RunTime:0.0003s ]
SQL: SHOW COLUMNS FROM `register` [ RunTime:0.0040s ]
SQL: UPDATE `register` SET `civil_status`='2' WHERE `id` IN ('1','3','5') AND `civil_junior` = 12 [ RunTime:0.0584s ]

[ 2016-05-06T18:46:17+08:00 ] ::1 /register_system/index.php/Admin/Enter/civil_Nadmis.html
INFO: [ app_begin ] --START--
INFO: Run Behavior\ReadHtmlCacheBehavior [ RunTime:0.000680s ]
INFO: [ app_begin ] --END-- [ RunTime:0.001166s ]
SQL: SHOW COLUMNS FROM `setting` [ RunTime:0.0035s ]
SQL: SELECT * FROM `setting` LIMIT 1   [ RunTime:0.0002s ]
SQL: SHOW COLUMNS FROM `register` [ RunTime:0.0036s ]
SQL: UPDATE `register` SET `civil_status`='3' WHERE `civil_junior` = 12 AND `id` IN ('1','3','5') [ RunTime:0.0632s ]
NOTIC: [8] Undefined index: auccess D:\wamp\www\register_system\Application\Admin\Controller\EnterController.class.php Á¨¨ 388 Ë°å.

[ 2016-05-06T18:46:28+08:00 ] ::1 /register_system/index.php/Admin/Enter/civil_admis.html
INFO: [ app_begin ] --START--
INFO: Run Behavior\ReadHtmlCacheBehavior [ RunTime:0.000533s ]
INFO: [ app_begin ] --END-- [ RunTime:0.000963s ]
SQL: SHOW COLUMNS FROM `setting` [ RunTime:0.0388s ]
SQL: SELECT * FROM `setting` LIMIT 1   [ RunTime:0.0002s ]

[ 2016-05-06T18:46:34+08:00 ] ::1 /register_system/index.php/Admin/Enter/civil_admis.html
INFO: [ app_begin ] --START--
INFO: Run Behavior\ReadHtmlCacheBehavior [ RunTime:0.000537s ]
INFO: [ app_begin ] --END-- [ RunTime:0.000942s ]
SQL: SHOW COLUMNS FROM `setting` [ RunTime:0.0254s ]
SQL: SELECT * FROM `setting` LIMIT 1   [ RunTime:0.0002s ]

[ 2016-05-06T18:46:41+08:00 ] ::1 /register_system/index.php/Admin/Enter/civil_Nadmis.html
INFO: [ app_begin ] --START--
INFO: Run Behavior\ReadHtmlCacheBehavior [ RunTime:0.000532s ]
INFO: [ app_begin ] --END-- [ RunTime:0.000953s ]
SQL: SHOW COLUMNS FROM `setting` [ RunTime:0.0331s ]
SQL: SELECT * FROM `setting` LIMIT 1   [ RunTime:0.0003s ]
SQL: SHOW COLUMNS FROM `register` [ RunTime:0.0045s ]
SQL: UPDATE `register` SET `civil_status`='3' WHERE `civil_junior` = 12 AND `id` IN ('1','3','5') [ RunTime:0.0569s ]
NOTIC: [8] Undefined index: auccess D:\wamp\www\register_system\Application\Admin\Controller\EnterController.class.php Á¨¨ 388 Ë°å.

[ 2016-05-06T18:49:31+08:00 ] ::1 /register_system/index.php/Admin/Enter/civil_Nadmis.html
INFO: [ app_begin ] --START--
INFO: Run Behavior\ReadHtmlCacheBehavior [ RunTime:0.000660s ]
INFO: [ app_begin ] --END-- [ RunTime:0.001082s ]
SQL: SHOW COLUMNS FROM `setting` [ RunTime:0.0263s ]
SQL: SELECT * FROM `setting` LIMIT 1   [ RunTime:0.0002s ]
SQL: SHOW COLUMNS FROM `register` [ RunTime:0.0038s ]
SQL: UPDATE `register` SET `civil_status`='3' WHERE `civil_junior` = 12 AND `id` IN ('1','3','5') [ RunTime:0.0678s ]
NOTIC: [8] Undefined index: auccess D:\wamp\www\register_system\Application\Admin\Controller\EnterController.class.php Á¨¨ 388 Ë°å.

[ 2016-05-06T18:50:06+08:00 ] ::1 /register_system/index.php/Admin/Enter/civil_Nadmis.html
INFO: [ app_begin ] --START--
INFO: Run Behavior\ReadHtmlCacheBehavior [ RunTime:0.000661s ]
INFO: [ app_begin ] --END-- [ RunTime:0.001107s ]
SQL: SHOW COLUMNS FROM `setting` [ RunTime:0.0094s ]
SQL: SELECT * FROM `setting` LIMIT 1   [ RunTime:0.0003s ]
SQL: SHOW COLUMNS FROM `register` [ RunTime:0.0038s ]
SQL: UPDATE `register` SET `civil_status`='3' WHERE `civil_junior` = 12 AND `id` IN ('1','3','5') [ RunTime:0.0585s ]
NOTIC: [8] Undefined index: auccess D:\wamp\www\register_system\Application\Admin\Controller\EnterController.class.php Á¨¨ 388 Ë°å.

[ 2016-05-06T18:54:37+08:00 ] ::1 /register_system/index.php/Admin/Enter/civil_Nadmis.html
INFO: [ app_begin ] --START--
INFO: Run Behavior\ReadHtmlCacheBehavior [ RunTime:0.000603s ]
INFO: [ app_begin ] --END-- [ RunTime:0.001061s ]
SQL: SHOW COLUMNS FROM `setting` [ RunTime:0.0039s ]
SQL: SELECT * FROM `setting` LIMIT 1   [ RunTime:0.0002s ]
SQL: SHOW COLUMNS FROM `register` [ RunTime:0.0036s ]
SQL: UPDATE `register` SET `civil_status`='3' WHERE `civil_junior` = 12 AND `id` IN ('1','3','5') [ RunTime:0.0697s ]
NOTIC: [8] Undefined index: auccess D:\wamp\www\register_system\Application\Admin\Controller\EnterController.class.php Á¨¨ 388 Ë°å.

[ 2016-05-06T18:55:11+08:00 ] ::1 /register_system/index.php/Admin/Enter/civil_Nadmis.html
INFO: [ app_begin ] --START--
INFO: Run Behavior\ReadHtmlCacheBehavior [ RunTime:0.000524s ]
INFO: [ app_begin ] --END-- [ RunTime:0.000952s ]
SQL: SHOW COLUMNS FROM `setting` [ RunTime:0.0209s ]
SQL: SELECT * FROM `setting` LIMIT 1   [ RunTime:0.0003s ]
SQL: SHOW COLUMNS FROM `register` [ RunTime:0.0038s ]
SQL: UPDATE `register` SET `civil_status`='3' WHERE `civil_junior` = 12 AND `id` IN ('1','3','5') [ RunTime:0.0703s ]
NOTIC: [8] Undefined index: auccess D:\wamp\www\register_system\Application\Admin\Controller\EnterController.class.php Á¨¨ 388 Ë°å.

[ 2016-05-06T18:55:16+08:00 ] ::1 /register_system/index.php/Admin/Enter/civil_admis.html
INFO: [ app_begin ] --START--
INFO: Run Behavior\ReadHtmlCacheBehavior [ RunTime:0.000610s ]
INFO: [ app_begin ] --END-- [ RunTime:0.001151s ]
SQL: SHOW COLUMNS FROM `setting` [ RunTime:0.0035s ]
SQL: SELECT * FROM `setting` LIMIT 1   [ RunTime:0.0002s ]
SQL: SHOW COLUMNS FROM `register` [ RunTime:0.0038s ]
SQL: UPDATE `register` SET `civil_status`='2' WHERE `id` IN ('1','3','5') AND `civil_junior` = 12 [ RunTime:0.0639s ]

[ 2016-05-06T18:55:20+08:00 ] ::1 /register_system/index.php/Admin/Enter/civil_Nadmis.html
INFO: [ app_begin ] --START--
INFO: Run Behavior\ReadHtmlCacheBehavior [ RunTime:0.000510s ]
INFO: [ app_begin ] --END-- [ RunTime:0.000992s ]
SQL: SHOW COLUMNS FROM `setting` [ RunTime:0.0160s ]
SQL: SELECT * FROM `setting` LIMIT 1   [ RunTime:0.0003s ]
SQL: SHOW COLUMNS FROM `register` [ RunTime:0.0037s ]
SQL: UPDATE `register` SET `civil_status`='3' WHERE `civil_junior` = 12 AND `id` IN ('1','3','5') [ RunTime:0.0520s ]
NOTIC: [8] Undefined index: auccess D:\wamp\www\register_system\Application\Admin\Controller\EnterController.class.php Á¨¨ 388 Ë°å.

[ 2016-05-06T18:55:26+08:00 ] ::1 /register_system/index.php/Admin/Enter/civil_Nadmis.html
INFO: [ app_begin ] --START--
INFO: Run Behavior\ReadHtmlCacheBehavior [ RunTime:0.000627s ]
INFO: [ app_begin ] --END-- [ RunTime:0.001050s ]
SQL: SHOW COLUMNS FROM `setting` [ RunTime:0.0130s ]
SQL: SELECT * FROM `setting` LIMIT 1   [ RunTime:0.0003s ]
SQL: SHOW COLUMNS FROM `register` [ RunTime:0.0036s ]
SQL: UPDATE `register` SET `civil_status`='3' WHERE `civil_junior` = 12 AND `id` IN ('1','3','5') [ RunTime:0.0679s ]
NOTIC: [8] Undefined index: auccess D:\wamp\www\register_system\Application\Admin\Controller\EnterController.class.php Á¨¨ 388 Ë°å.

[ 2016-05-06T18:55:32+08:00 ] ::1 /register_system/index.php/Admin/Enter/civil_admis.html
INFO: [ app_begin ] --START--
INFO: Run Behavior\ReadHtmlCacheBehavior [ RunTime:0.000687s ]
INFO: [ app_begin ] --END-- [ RunTime:0.001083s ]
SQL: SHOW COLUMNS FROM `setting` [ RunTime:0.0036s ]
SQL: SELECT * FROM `setting` LIMIT 1   [ RunTime:0.0002s ]
SQL: SHOW COLUMNS FROM `register` [ RunTime:0.0037s ]
SQL: UPDATE `register` SET `civil_status`='2' WHERE `id` IN ('1','3','5') AND `civil_junior` = 12 [ RunTime:0.0698s ]

[ 2016-05-06T18:55:55+08:00 ] ::1 /register_system/index.php/Admin/Enter/civil_Nadmis.html
INFO: [ app_begin ] --START--
INFO: Run Behavior\ReadHtmlCacheBehavior [ RunTime:0.000609s ]
INFO: [ app_begin ] --END-- [ RunTime:0.001051s ]
SQL: SHOW COLUMNS FROM `setting` [ RunTime:0.0038s ]
SQL: SELECT * FROM `setting` LIMIT 1   [ RunTime:0.0007s ]
SQL: SHOW COLUMNS FROM `register` [ RunTime:0.0050s ]
SQL: UPDATE `register` SET `civil_status`='3' WHERE `civil_junior` = 12 AND `id` IN ('1','3','5') [ RunTime:0.0935s ]
NOTIC: [8] Undefined index: auccess D:\wamp\www\register_system\Application\Admin\Controller\EnterController.class.php Á¨¨ 388 Ë°å.

[ 2016-05-06T18:55:59+08:00 ] ::1 /register_system/index.php/Admin/Enter/civil_admis.html
INFO: [ app_begin ] --START--
INFO: Run Behavior\ReadHtmlCacheBehavior [ RunTime:0.000625s ]
INFO: [ app_begin ] --END-- [ RunTime:0.001052s ]
SQL: SHOW COLUMNS FROM `setting` [ RunTime:0.0221s ]
SQL: SELECT * FROM `setting` LIMIT 1   [ RunTime:0.0004s ]
SQL: SHOW COLUMNS FROM `register` [ RunTime:0.0035s ]
SQL: UPDATE `register` SET `civil_status`='2' WHERE `id` IN ('1','3','5') AND `civil_junior` = 12 [ RunTime:0.0675s ]

[ 2016-05-06T18:56:12+08:00 ] ::1 /register_system/index.php/Admin/Enter/civil_Nadmis.html
INFO: [ app_begin ] --START--
INFO: Run Behavior\ReadHtmlCacheBehavior [ RunTime:0.000599s ]
INFO: [ app_begin ] --END-- [ RunTime:0.001253s ]
SQL: SHOW COLUMNS FROM `setting` [ RunTime:0.0145s ]
SQL: SELECT * FROM `setting` LIMIT 1   [ RunTime:0.0003s ]
SQL: SHOW COLUMNS FROM `register` [ RunTime:0.0036s ]
SQL: UPDATE `register` SET `civil_status`='3' WHERE `civil_junior` = 12 AND `id` IN ('1','3','5') [ RunTime:0.0703s ]
NOTIC: [8] Undefined index: auccess D:\wamp\www\register_system\Application\Admin\Controller\EnterController.class.php Á¨¨ 388 Ë°å.

[ 2016-05-06T18:56:15+08:00 ] ::1 /register_system/index.php/Admin/Enter/civil_admis.html
INFO: [ app_begin ] --START--
INFO: Run Behavior\ReadHtmlCacheBehavior [ RunTime:0.000627s ]
INFO: [ app_begin ] --END-- [ RunTime:0.001449s ]
SQL: SHOW COLUMNS FROM `setting` [ RunTime:0.0038s ]
SQL: SELECT * FROM `setting` LIMIT 1   [ RunTime:0.0003s ]

[ 2016-05-06T18:56:18+08:00 ] ::1 /register_system/index.php/Admin/Enter/civil_Nadmis.html
INFO: [ app_begin ] --START--
INFO: Run Behavior\ReadHtmlCacheBehavior [ RunTime:0.000496s ]
INFO: [ app_begin ] --END-- [ RunTime:0.000918s ]
SQL: SHOW COLUMNS FROM `setting` [ RunTime:0.0133s ]
SQL: SELECT * FROM `setting` LIMIT 1   [ RunTime:0.0003s ]

[ 2016-05-06T18:56:21+08:00 ] ::1 /register_system/index.php/Admin/Enter/civil_admis.html
INFO: [ app_begin ] --START--
INFO: Run Behavior\ReadHtmlCacheBehavior [ RunTime:0.000502s ]
INFO: [ app_begin ] --END-- [ RunTime:0.000922s ]
SQL: SHOW COLUMNS FROM `setting` [ RunTime:0.0246s ]
SQL: SELECT * FROM `setting` LIMIT 1   [ RunTime:0.0004s ]

[ 2016-05-06T18:56:39+08:00 ] ::1 /register_system/index.php/Admin/Enter/civil_Nadmis.html
INFO: [ app_begin ] --START--
INFO: Run Behavior\ReadHtmlCacheBehavior [ RunTime:0.000605s ]
INFO: [ app_begin ] --END-- [ RunTime:0.001033s ]
SQL: SHOW COLUMNS FROM `setting` [ RunTime:0.0238s ]
SQL: SELECT * FROM `setting` LIMIT 1   [ RunTime:0.0003s ]
SQL: SHOW COLUMNS FROM `register` [ RunTime:0.0036s ]
SQL: UPDATE `register` SET `civil_status`='3' WHERE `civil_junior` = 12 AND `id` IN ('1','3','5') [ RunTime:0.0527s ]
NOTIC: [8] Undefined index: auccess D:\wamp\www\register_system\Application\Admin\Controller\EnterController.class.php Á¨¨ 388 Ë°å.

[ 2016-05-06T18:56:42+08:00 ] ::1 /register_system/index.php/Admin/Enter/civil_admis.html
INFO: [ app_begin ] --START--
INFO: Run Behavior\ReadHtmlCacheBehavior [ RunTime:0.000853s ]
INFO: [ app_begin ] --END-- [ RunTime:0.001311s ]
SQL: SHOW COLUMNS FROM `setting` [ RunTime:0.0133s ]
SQL: SELECT * FROM `setting` LIMIT 1   [ RunTime:0.0002s ]

[ 2016-05-06T18:57:04+08:00 ] ::1 /register_system/index.php/Admin/Enter/lotNum.html
INFO: [ app_begin ] --START--
INFO: Run Behavior\ReadHtmlCacheBehavior [ RunTime:0.000525s ]
INFO: [ app_begin ] --END-- [ RunTime:0.000911s ]
SQL: SHOW COLUMNS FROM `setting` [ RunTime:0.0041s ]
SQL: SELECT * FROM `setting` LIMIT 1   [ RunTime:0.0003s ]
SQL: SHOW COLUMNS FROM `register` [ RunTime:0.0039s ]
SQL: UPDATE `register` SET `civil_status`='1' WHERE `civil_junior` = 12 AND `id` IN ('2','4','6','9') [ RunTime:0.0577s ]

[ 2016-05-06T18:57:09+08:00 ] ::1 /register_system/index.php/Admin/Enter/NlotNum.html
INFO: [ app_begin ] --START--
INFO: Run Behavior\ReadHtmlCacheBehavior [ RunTime:0.000635s ]
INFO: [ app_begin ] --END-- [ RunTime:0.001065s ]
SQL: SHOW COLUMNS FROM `setting` [ RunTime:0.0184s ]
SQL: SELECT * FROM `setting` LIMIT 1   [ RunTime:0.0003s ]
SQL: SHOW COLUMNS FROM `register` [ RunTime:0.0038s ]
SQL: UPDATE `register` SET `civil_status`='3' WHERE `civil_junior` = 12 AND `id` IN ('2','4','6','9') [ RunTime:0.0507s ]

[ 2016-05-06T19:02:07+08:00 ] ::1 /register_system/index.php/Admin/Enter/civil_admis.html
INFO: [ app_begin ] --START--
INFO: Run Behavior\ReadHtmlCacheBehavior [ RunTime:0.000858s ]
INFO: [ app_begin ] --END-- [ RunTime:0.001826s ]
SQL: SHOW COLUMNS FROM `setting` [ RunTime:0.0046s ]
SQL: SELECT * FROM `setting` LIMIT 1   [ RunTime:0.0003s ]
SQL: SHOW COLUMNS FROM `register` [ RunTime:0.0040s ]
SQL: UPDATE `register` SET `civil_status`='2' WHERE `id` IN ('1','3','5') AND `civil_junior` = 12 [ RunTime:0.0574s ]

[ 2016-05-06T19:02:11+08:00 ] ::1 /register_system/index.php/Admin/Enter/civil_Nadmis.html
INFO: [ app_begin ] --START--
INFO: Run Behavior\ReadHtmlCacheBehavior [ RunTime:0.000551s ]
INFO: [ app_begin ] --END-- [ RunTime:0.000953s ]
SQL: SHOW COLUMNS FROM `setting` [ RunTime:0.0034s ]
SQL: SELECT * FROM `setting` LIMIT 1   [ RunTime:0.0002s ]
SQL: SHOW COLUMNS FROM `register` [ RunTime:0.0039s ]
SQL: UPDATE `register` SET `civil_status`='3' WHERE `civil_junior` = 12 AND `id` IN ('1','3','5') [ RunTime:0.2015s ]
NOTIC: [8] Undefined index: auccess D:\wamp\www\register_system\Application\Admin\Controller\EnterController.class.php Á¨¨ 388 Ë°å.

[ 2016-05-06T19:02:16+08:00 ] ::1 /register_system/index.php/Admin/Enter/civil_admis.html
INFO: [ app_begin ] --START--
INFO: Run Behavior\ReadHtmlCacheBehavior [ RunTime:0.000519s ]
INFO: [ app_begin ] --END-- [ RunTime:0.000932s ]
SQL: SHOW COLUMNS FROM `setting` [ RunTime:0.0147s ]
SQL: SELECT * FROM `setting` LIMIT 1   [ RunTime:0.0003s ]
SQL: SHOW COLUMNS FROM `register` [ RunTime:0.0051s ]
SQL: UPDATE `register` SET `civil_status`='2' WHERE `id` IN ('1','3','5') AND `civil_junior` = 12 [ RunTime:0.0648s ]

[ 2016-05-06T19:02:20+08:00 ] ::1 /register_system/index.php/Admin/Enter/civil_Nadmis.html
INFO: [ app_begin ] --START--
INFO: Run Behavior\ReadHtmlCacheBehavior [ RunTime:0.000964s ]
INFO: [ app_begin ] --END-- [ RunTime:0.001702s ]
SQL: SHOW COLUMNS FROM `setting` [ RunTime:0.0097s ]
SQL: SELECT * FROM `setting` LIMIT 1   [ RunTime:0.0003s ]
SQL: SHOW COLUMNS FROM `register` [ RunTime:0.0043s ]
SQL: UPDATE `register` SET `civil_status`='3' WHERE `civil_junior` = 12 AND `id` IN ('1','3','5') [ RunTime:0.0437s ]
NOTIC: [8] Undefined index: auccess D:\wamp\www\register_system\Application\Admin\Controller\EnterController.class.php Á¨¨ 388 Ë°å.

[ 2016-05-06T19:02:23+08:00 ] ::1 /register_system/index.php/Admin/Enter/civil_admis.html
INFO: [ app_begin ] --START--
INFO: Run Behavior\ReadHtmlCacheBehavior [ RunTime:0.000533s ]
INFO: [ app_begin ] --END-- [ RunTime:0.000973s ]
SQL: SHOW COLUMNS FROM `setting` [ RunTime:0.0032s ]
SQL: SELECT * FROM `setting` LIMIT 1   [ RunTime:0.0002s ]
SQL: SHOW COLUMNS FROM `register` [ RunTime:0.0043s ]
SQL: UPDATE `register` SET `civil_status`='2' WHERE `id` IN ('1','3','5') AND `civil_junior` = 12 [ RunTime:0.0610s ]

[ 2016-05-06T19:02:26+08:00 ] ::1 /register_system/index.php/Admin/Enter/civil_Nadmis.html
INFO: [ app_begin ] --START--
INFO: Run Behavior\ReadHtmlCacheBehavior [ RunTime:0.000677s ]
INFO: [ app_begin ] --END-- [ RunTime:0.001167s ]
SQL: SHOW COLUMNS FROM `setting` [ RunTime:0.0155s ]
SQL: SELECT * FROM `setting` LIMIT 1   [ RunTime:0.0002s ]
SQL: SHOW COLUMNS FROM `register` [ RunTime:0.0037s ]
SQL: UPDATE `register` SET `civil_status`='3' WHERE `civil_junior` = 12 AND `id` IN ('1','3','5') [ RunTime:0.0644s ]
NOTIC: [8] Undefined index: auccess D:\wamp\www\register_system\Application\Admin\Controller\EnterController.class.php Á¨¨ 388 Ë°å.

[ 2016-05-06T19:02:29+08:00 ] ::1 /register_system/index.php/Admin/Enter/civil_admis.html
INFO: [ app_begin ] --START--
INFO: Run Behavior\ReadHtmlCacheBehavior [ RunTime:0.000529s ]
INFO: [ app_begin ] --END-- [ RunTime:0.001031s ]
SQL: SHOW COLUMNS FROM `setting` [ RunTime:0.0099s ]
SQL: SELECT * FROM `setting` LIMIT 1   [ RunTime:0.0003s ]
SQL: SHOW COLUMNS FROM `register` [ RunTime:0.0043s ]
SQL: UPDATE `register` SET `civil_status`='2' WHERE `id` IN ('1','3','5') AND `civil_junior` = 12 [ RunTime:0.0589s ]

[ 2016-05-06T19:02:34+08:00 ] ::1 /register_system/index.php/Admin/Enter/civil_Nadmis.html
INFO: [ app_begin ] --START--
INFO: Run Behavior\ReadHtmlCacheBehavior [ RunTime:0.000717s ]
INFO: [ app_begin ] --END-- [ RunTime:0.001240s ]
SQL: SHOW COLUMNS FROM `setting` [ RunTime:0.0253s ]
SQL: SELECT * FROM `setting` LIMIT 1   [ RunTime:0.0003s ]
SQL: SHOW COLUMNS FROM `register` [ RunTime:0.0046s ]
SQL: UPDATE `register` SET `civil_status`='3' WHERE `civil_junior` = 12 AND `id` IN ('1','3','5') [ RunTime:0.0683s ]
NOTIC: [8] Undefined index: auccess D:\wamp\www\register_system\Application\Admin\Controller\EnterController.class.php Á¨¨ 388 Ë°å.

[ 2016-05-06T19:02:41+08:00 ] ::1 /register_system/index.php/Admin/Enter/civil_admis.html
INFO: [ app_begin ] --START--
INFO: Run Behavior\ReadHtmlCacheBehavior [ RunTime:0.000548s ]
INFO: [ app_begin ] --END-- [ RunTime:0.001039s ]
SQL: SHOW COLUMNS FROM `setting` [ RunTime:0.0178s ]
SQL: SELECT * FROM `setting` LIMIT 1   [ RunTime:0.0003s ]
SQL: SHOW COLUMNS FROM `register` [ RunTime:0.0050s ]
SQL: UPDATE `register` SET `civil_status`='2' WHERE `id` IN ('1') AND `civil_junior` = 12 [ RunTime:0.0426s ]

[ 2016-05-06T19:06:10+08:00 ] ::1 /register_system/index.php/Admin/Enter/NlotNum.html
INFO: [ app_begin ] --START--
INFO: Run Behavior\ReadHtmlCacheBehavior [ RunTime:0.000704s ]
INFO: [ app_begin ] --END-- [ RunTime:0.001184s ]
SQL: SHOW COLUMNS FROM `setting` [ RunTime:0.0048s ]
SQL: SELECT * FROM `setting` LIMIT 1   [ RunTime:0.0003s ]
SQL: SHOW COLUMNS FROM `register` [ RunTime:0.0037s ]
SQL: UPDATE `register` SET `civil_status`='3' WHERE `civil_junior` = 12 AND `id` IN ('2','4','6','9') [ RunTime:0.0763s ]

[ 2016-05-06T19:07:39+08:00 ] ::1 /register_system/index.php/Admin/Enter/NlotNum.html
INFO: [ app_begin ] --START--
INFO: Run Behavior\ReadHtmlCacheBehavior [ RunTime:0.000636s ]
INFO: [ app_begin ] --END-- [ RunTime:0.001121s ]
SQL: SHOW COLUMNS FROM `setting` [ RunTime:0.0037s ]
SQL: SELECT * FROM `setting` LIMIT 1   [ RunTime:0.0003s ]
SQL: SHOW COLUMNS FROM `register` [ RunTime:0.0037s ]
SQL: UPDATE `register` SET `civil_status`='3' WHERE `civil_junior` = 12 AND `id` IN ('2','4','6','9') [ RunTime:0.0613s ]

[ 2016-05-06T19:11:05+08:00 ] ::1 /register_system/index.php/Admin/Enter/NlotNum.html
INFO: [ app_begin ] --START--
INFO: Run Behavior\ReadHtmlCacheBehavior [ RunTime:0.000626s ]
INFO: [ app_begin ] --END-- [ RunTime:0.001080s ]
SQL: SHOW COLUMNS FROM `setting` [ RunTime:0.0098s ]
SQL: SELECT * FROM `setting` LIMIT 1   [ RunTime:0.0003s ]
SQL: SHOW COLUMNS FROM `register` [ RunTime:0.0036s ]
SQL: UPDATE `register` SET `civil_status`='3' WHERE `civil_junior` = 12 AND `id` IN ('2','4','6','9') [ RunTime:0.0527s ]

[ 2016-05-06T19:11:10+08:00 ] ::1 /register_system/index.php/Admin/Enter/lotNum.html
INFO: [ app_begin ] --START--
INFO: Run Behavior\ReadHtmlCacheBehavior [ RunTime:0.000651s ]
INFO: [ app_begin ] --END-- [ RunTime:0.001130s ]
SQL: SHOW COLUMNS FROM `setting` [ RunTime:0.0195s ]
SQL: SELECT * FROM `setting` LIMIT 1   [ RunTime:0.0003s ]
SQL: SHOW COLUMNS FROM `register` [ RunTime:0.0038s ]
SQL: UPDATE `register` SET `civil_status`='1' WHERE `civil_junior` = 12 AND `id` IN ('2','4','6','9') [ RunTime:0.0556s ]

[ 2016-05-06T19:11:14+08:00 ] ::1 /register_system/index.php/Admin/Enter/cilil_issued_lot.html
INFO: [ app_begin ] --START--
INFO: Run Behavior\ReadHtmlCacheBehavior [ RunTime:0.000561s ]
INFO: [ app_begin ] --END-- [ RunTime:0.000976s ]
SQL: SHOW COLUMNS FROM `setting` [ RunTime:0.0039s ]
SQL: SELECT * FROM `setting` LIMIT 1   [ RunTime:0.0003s ]
SQL: SHOW COLUMNS FROM `register` [ RunTime:0.0037s ]
SQL: UPDATE `register` SET `lot_release`='1' WHERE `civil_junior` = 12 AND `civil_status` = 1 [ RunTime:0.0003s ]
SQL: UPDATE `register` SET `lot_release`='1',`civil_release`='1' WHERE `civil_junior` = 12 AND `civil_status` = 3 [ RunTime:0.0003s ]

[ 2016-05-06T19:11:31+08:00 ] ::1 /register_system/index.php/Admin/Enter/civil_admis.html
INFO: [ app_begin ] --START--
INFO: Run Behavior\ReadHtmlCacheBehavior [ RunTime:0.000540s ]
INFO: [ app_begin ] --END-- [ RunTime:0.000993s ]
SQL: SHOW COLUMNS FROM `setting` [ RunTime:0.0141s ]
SQL: SELECT * FROM `setting` LIMIT 1   [ RunTime:0.0003s ]
SQL: SHOW COLUMNS FROM `register` [ RunTime:0.0053s ]
SQL: UPDATE `register` SET `civil_status`='2' WHERE `id` IN ('1','2','4','6','9') AND `civil_junior` = 12 [ RunTime:0.0538s ]

[ 2016-05-06T19:11:36+08:00 ] ::1 /register_system/index.php/Admin/Enter/civil_Nadmis.html
INFO: [ app_begin ] --START--
INFO: Run Behavior\ReadHtmlCacheBehavior [ RunTime:0.000523s ]
INFO: [ app_begin ] --END-- [ RunTime:0.000944s ]
SQL: SHOW COLUMNS FROM `setting` [ RunTime:0.0040s ]
SQL: SELECT * FROM `setting` LIMIT 1   [ RunTime:0.0003s ]
SQL: SHOW COLUMNS FROM `register` [ RunTime:0.0039s ]
SQL: UPDATE `register` SET `civil_status`='3' WHERE `civil_junior` = 12 AND `id` IN ('1','2','4','6','9') [ RunTime:0.0590s ]
NOTIC: [8] Undefined index: auccess D:\wamp\www\register_system\Application\Admin\Controller\EnterController.class.php Á¨¨ 388 Ë°å.

[ 2016-05-06T19:11:41+08:00 ] ::1 /register_system/index.php/Admin/Enter/civil_issued_admis.html
INFO: [ app_begin ] --START--
INFO: Run Behavior\ReadHtmlCacheBehavior [ RunTime:0.000563s ]
INFO: [ app_begin ] --END-- [ RunTime:0.000961s ]
SQL: SHOW COLUMNS FROM `setting` [ RunTime:0.0051s ]
SQL: SELECT * FROM `setting` LIMIT 1   [ RunTime:0.0003s ]
SQL: SHOW COLUMNS FROM `register` [ RunTime:0.0039s ]
SQL: UPDATE `register` SET `civil_release`='1' WHERE `civil_junior` = 12 AND `civil_status` IN ('2','3') [ RunTime:0.0513s ]

[ 2016-05-06T19:14:26+08:00 ] ::1 /register_system/index.php/Admin/ExportExel/get_exel.html
ERR: Êó†Ê≥ïÂä†ËΩΩÊéßÂà∂Âô®:ExportExel

[ 2016-05-06T20:09:09+08:00 ] ::1 /register_system/index.php/Admin/Enter/lotNum.html
INFO: [ app_begin ] --START--
INFO: Run Behavior\ReadHtmlCacheBehavior [ RunTime:0.000680s ]
INFO: [ app_begin ] --END-- [ RunTime:0.001142s ]
SQL: SHOW COLUMNS FROM `setting` [ RunTime:0.0045s ]
SQL: SELECT * FROM `setting` LIMIT 1   [ RunTime:0.0003s ]
SQL: SHOW COLUMNS FROM `register` [ RunTime:0.0041s ]
SQL: UPDATE `register` SET `civil_status`='1' WHERE `civil_junior` = 12 AND `id` IN ('1','2','3','4','5','6','7','8','9','10') [ RunTime:0.0531s ]

[ 2016-05-06T20:09:26+08:00 ] ::1 /register_system/index.php/Admin/Enter/NlotNum.html
INFO: [ app_begin ] --START--
INFO: Run Behavior\ReadHtmlCacheBehavior [ RunTime:0.000679s ]
INFO: [ app_begin ] --END-- [ RunTime:0.001140s ]
SQL: SHOW COLUMNS FROM `setting` [ RunTime:0.0124s ]
SQL: SELECT * FROM `setting` LIMIT 1   [ RunTime:0.0003s ]
SQL: SHOW COLUMNS FROM `register` [ RunTime:0.0043s ]
SQL: UPDATE `register` SET `civil_status`='3' WHERE `civil_junior` = 12 AND `id` IN ('1','2','3','4','5','6','7','8','9','10') [ RunTime:0.0630s ]

[ 2016-05-06T20:09:30+08:00 ] ::1 /register_system/index.php/Admin/Enter/lotNum.html
INFO: [ app_begin ] --START--
INFO: Run Behavior\ReadHtmlCacheBehavior [ RunTime:0.000554s ]
INFO: [ app_begin ] --END-- [ RunTime:0.001022s ]
SQL: SHOW COLUMNS FROM `setting` [ RunTime:0.0084s ]
SQL: SELECT * FROM `setting` LIMIT 1   [ RunTime:0.0003s ]
SQL: SHOW COLUMNS FROM `register` [ RunTime:0.0039s ]
SQL: UPDATE `register` SET `civil_status`='1' WHERE `civil_junior` = 12 AND `id` IN ('1') [ RunTime:0.0493s ]

[ 2016-05-06T20:09:48+08:00 ] ::1 /register_system/index.php/Admin/Enter/lotNum.html
INFO: [ app_begin ] --START--
INFO: Run Behavior\ReadHtmlCacheBehavior [ RunTime:0.000524s ]
INFO: [ app_begin ] --END-- [ RunTime:0.000936s ]
SQL: SHOW COLUMNS FROM `setting` [ RunTime:0.0362s ]
SQL: SELECT * FROM `setting` LIMIT 1   [ RunTime:0.0003s ]
SQL: SHOW COLUMNS FROM `register` [ RunTime:0.0038s ]
SQL: UPDATE `register` SET `civil_status`='1' WHERE `civil_junior` = 12 AND `id` IN ('1','2','3','4','5','6','7','8','9','10') [ RunTime:0.0664s ]

[ 2016-05-06T20:09:57+08:00 ] ::1 /register_system/index.php/Admin/Enter/NlotNum.html
INFO: [ app_begin ] --START--
INFO: Run Behavior\ReadHtmlCacheBehavior [ RunTime:0.000506s ]
INFO: [ app_begin ] --END-- [ RunTime:0.000914s ]
SQL: SHOW COLUMNS FROM `setting` [ RunTime:0.0299s ]
SQL: SELECT * FROM `setting` LIMIT 1   [ RunTime:0.0002s ]
SQL: SHOW COLUMNS FROM `register` [ RunTime:0.0037s ]
SQL: UPDATE `register` SET `civil_status`='3' WHERE `civil_junior` = 12 AND `id` IN ('1','2','3','4','5','6','7','8','9','10') [ RunTime:0.0672s ]

[ 2016-05-06T20:10:14+08:00 ] ::1 /register_system/index.php/Admin/Enter/cilil_issued_lot.html
INFO: [ app_begin ] --START--
INFO: Run Behavior\ReadHtmlCacheBehavior [ RunTime:0.000612s ]
INFO: [ app_begin ] --END-- [ RunTime:0.001076s ]
SQL: SHOW COLUMNS FROM `setting` [ RunTime:0.0050s ]
SQL: SELECT * FROM `setting` LIMIT 1   [ RunTime:0.0003s ]
SQL: SHOW COLUMNS FROM `register` [ RunTime:0.0039s ]
SQL: UPDATE `register` SET `lot_release`='1' WHERE `civil_junior` = 12 AND `civil_status` = 1 [ RunTime:0.0003s ]
SQL: UPDATE `register` SET `lot_release`='1',`civil_release`='1' WHERE `civil_junior` = 12 AND `civil_status` = 3 [ RunTime:0.0003s ]

[ 2016-05-06T20:11:34+08:00 ] ::1 /register_system/index.php/Admin/Enter/lotNum.html
INFO: [ app_begin ] --START--
INFO: Run Behavior\ReadHtmlCacheBehavior [ RunTime:0.000670s ]
INFO: [ app_begin ] --END-- [ RunTime:0.001172s ]
SQL: SHOW COLUMNS FROM `setting` [ RunTime:0.0036s ]
SQL: SELECT * FROM `setting` LIMIT 1   [ RunTime:0.0003s ]

[ 2016-05-06T20:11:48+08:00 ] ::1 /register_system/index.php/Admin/Enter/lotNum.html
INFO: [ app_begin ] --START--
INFO: Run Behavior\ReadHtmlCacheBehavior [ RunTime:0.000521s ]
INFO: [ app_begin ] --END-- [ RunTime:0.000958s ]
SQL: SHOW COLUMNS FROM `setting` [ RunTime:0.0195s ]
SQL: SELECT * FROM `setting` LIMIT 1   [ RunTime:0.0003s ]
SQL: SHOW COLUMNS FROM `register` [ RunTime:0.0038s ]
SQL: UPDATE `register` SET `civil_status`='1' WHERE `civil_junior` = 12 AND `id` IN ('1','3','5','7','9') [ RunTime:0.0558s ]

[ 2016-05-06T20:11:56+08:00 ] ::1 /register_system/index.php/Admin/Enter/NlotNum.html
INFO: [ app_begin ] --START--
INFO: Run Behavior\ReadHtmlCacheBehavior [ RunTime:0.000960s ]
INFO: [ app_begin ] --END-- [ RunTime:0.001645s ]
SQL: SHOW COLUMNS FROM `setting` [ RunTime:0.0124s ]
SQL: SELECT * FROM `setting` LIMIT 1   [ RunTime:0.0003s ]
SQL: SHOW COLUMNS FROM `register` [ RunTime:0.0044s ]
SQL: UPDATE `register` SET `civil_status`='3' WHERE `civil_junior` = 12 AND `id` IN ('2') [ RunTime:0.0423s ]

[ 2016-05-06T20:11:58+08:00 ] ::1 /register_system/index.php/Admin/Enter/NlotNum.html
INFO: [ app_begin ] --START--
INFO: Run Behavior\ReadHtmlCacheBehavior [ RunTime:0.000536s ]
INFO: [ app_begin ] --END-- [ RunTime:0.000944s ]
SQL: SHOW COLUMNS FROM `setting` [ RunTime:0.0044s ]
SQL: SELECT * FROM `setting` LIMIT 1   [ RunTime:0.0003s ]
SQL: SHOW COLUMNS FROM `register` [ RunTime:0.0048s ]
SQL: UPDATE `register` SET `civil_status`='3' WHERE `civil_junior` = 12 AND `id` IN ('4') [ RunTime:0.0626s ]

[ 2016-05-06T20:12:00+08:00 ] ::1 /register_system/index.php/Admin/Enter/NlotNum.html
INFO: [ app_begin ] --START--
INFO: Run Behavior\ReadHtmlCacheBehavior [ RunTime:0.000632s ]
INFO: [ app_begin ] --END-- [ RunTime:0.001191s ]
SQL: SHOW COLUMNS FROM `setting` [ RunTime:0.0261s ]
SQL: SELECT * FROM `setting` LIMIT 1   [ RunTime:0.0003s ]
SQL: SHOW COLUMNS FROM `register` [ RunTime:0.0038s ]
SQL: UPDATE `register` SET `civil_status`='3' WHERE `civil_junior` = 12 AND `id` IN ('6') [ RunTime:0.0591s ]

[ 2016-05-06T20:12:02+08:00 ] ::1 /register_system/index.php/Admin/Enter/NlotNum.html
INFO: [ app_begin ] --START--
INFO: Run Behavior\ReadHtmlCacheBehavior [ RunTime:0.000535s ]
INFO: [ app_begin ] --END-- [ RunTime:0.000969s ]
SQL: SHOW COLUMNS FROM `setting` [ RunTime:0.0043s ]
SQL: SELECT * FROM `setting` LIMIT 1   [ RunTime:0.0004s ]
SQL: SHOW COLUMNS FROM `register` [ RunTime:0.0038s ]
SQL: UPDATE `register` SET `civil_status`='3' WHERE `civil_junior` = 12 AND `id` IN ('8') [ RunTime:0.0516s ]

[ 2016-05-06T20:12:06+08:00 ] ::1 /register_system/index.php/Admin/Enter/NlotNum.html
INFO: [ app_begin ] --START--
INFO: Run Behavior\ReadHtmlCacheBehavior [ RunTime:0.000574s ]
INFO: [ app_begin ] --END-- [ RunTime:0.000981s ]
SQL: SHOW COLUMNS FROM `setting` [ RunTime:0.0243s ]
SQL: SELECT * FROM `setting` LIMIT 1   [ RunTime:0.0003s ]
SQL: SHOW COLUMNS FROM `register` [ RunTime:0.0037s ]
SQL: UPDATE `register` SET `civil_status`='3' WHERE `civil_junior` = 12 AND `id` IN ('10') [ RunTime:0.0445s ]

[ 2016-05-06T20:12:40+08:00 ] ::1 /register_system/index.php/Admin/Enter/NlotNum.html
INFO: [ app_begin ] --START--
INFO: Run Behavior\ReadHtmlCacheBehavior [ RunTime:0.000537s ]
INFO: [ app_begin ] --END-- [ RunTime:0.000953s ]
SQL: SHOW COLUMNS FROM `setting` [ RunTime:0.0053s ]
SQL: SELECT * FROM `setting` LIMIT 1   [ RunTime:0.0003s ]
SQL: SHOW COLUMNS FROM `register` [ RunTime:0.0040s ]
SQL: UPDATE `register` SET `civil_status`='3' WHERE `civil_junior` = 12 AND `id` IN ('11','12','13') [ RunTime:0.0733s ]

[ 2016-05-06T20:12:46+08:00 ] ::1 /register_system/index.php/Admin/Enter/cilil_issued_lot.html
INFO: [ app_begin ] --START--
INFO: Run Behavior\ReadHtmlCacheBehavior [ RunTime:0.000532s ]
INFO: [ app_begin ] --END-- [ RunTime:0.000934s ]
SQL: SHOW COLUMNS FROM `setting` [ RunTime:0.0249s ]
SQL: SELECT * FROM `setting` LIMIT 1   [ RunTime:0.0003s ]
SQL: SHOW COLUMNS FROM `register` [ RunTime:0.0040s ]
SQL: UPDATE `register` SET `lot_release`='1' WHERE `civil_junior` = 12 AND `civil_status` = 1 [ RunTime:0.0004s ]
SQL: UPDATE `register` SET `lot_release`='1',`civil_release`='1' WHERE `civil_junior` = 12 AND `civil_status` = 3 [ RunTime:0.0003s ]

[ 2016-05-06T20:13:59+08:00 ] ::1 /register_system/index.php/Admin/Enter/civil_admis.html
INFO: [ app_begin ] --START--
INFO: Run Behavior\ReadHtmlCacheBehavior [ RunTime:0.000857s ]
INFO: [ app_begin ] --END-- [ RunTime:0.001349s ]
SQL: SHOW COLUMNS FROM `setting` [ RunTime:0.0161s ]
SQL: SELECT * FROM `setting` LIMIT 1   [ RunTime:0.0002s ]
SQL: SHOW COLUMNS FROM `register` [ RunTime:0.0041s ]
SQL: UPDATE `register` SET `civil_status`='2' WHERE `id` IN ('3','7') AND `civil_junior` = 12 [ RunTime:0.0773s ]

[ 2016-05-06T20:14:49+08:00 ] ::1 /register_system/index.php/Admin/Enter/civil_admis.html
INFO: [ app_begin ] --START--
INFO: Run Behavior\ReadHtmlCacheBehavior [ RunTime:0.000557s ]
INFO: [ app_begin ] --END-- [ RunTime:0.000954s ]
SQL: SHOW COLUMNS FROM `setting` [ RunTime:0.0131s ]
SQL: SELECT * FROM `setting` LIMIT 1   [ RunTime:0.0002s ]
SQL: SHOW COLUMNS FROM `register` [ RunTime:0.0041s ]
SQL: UPDATE `register` SET `civil_status`='2' WHERE `id` IN ('9') AND `civil_junior` = 12 [ RunTime:0.0538s ]

[ 2016-05-06T20:15:06+08:00 ] ::1 /register_system/index.php/Admin/Enter/civil_Nadmis.html
INFO: [ app_begin ] --START--
INFO: Run Behavior\ReadHtmlCacheBehavior [ RunTime:0.000686s ]
INFO: [ app_begin ] --END-- [ RunTime:0.001173s ]
SQL: SHOW COLUMNS FROM `setting` [ RunTime:0.0158s ]
SQL: SELECT * FROM `setting` LIMIT 1   [ RunTime:0.0002s ]
SQL: SHOW COLUMNS FROM `register` [ RunTime:0.0038s ]
SQL: UPDATE `register` SET `civil_status`='3' WHERE `civil_junior` = 12 AND `id` IN ('1') [ RunTime:0.0798s ]
NOTIC: [8] Undefined index: auccess D:\wamp\www\register_system\Application\Admin\Controller\EnterController.class.php Á¨¨ 388 Ë°å.

[ 2016-05-06T20:15:08+08:00 ] ::1 /register_system/index.php/Admin/Enter/civil_Nadmis.html
INFO: [ app_begin ] --START--
INFO: Run Behavior\ReadHtmlCacheBehavior [ RunTime:0.000664s ]
INFO: [ app_begin ] --END-- [ RunTime:0.001161s ]
SQL: SHOW COLUMNS FROM `setting` [ RunTime:0.0256s ]
SQL: SELECT * FROM `setting` LIMIT 1   [ RunTime:0.0002s ]
SQL: SHOW COLUMNS FROM `register` [ RunTime:0.0052s ]
SQL: UPDATE `register` SET `civil_status`='3' WHERE `civil_junior` = 12 AND `id` IN ('5') [ RunTime:0.0606s ]
NOTIC: [8] Undefined index: auccess D:\wamp\www\register_system\Application\Admin\Controller\EnterController.class.php Á¨¨ 388 Ë°å.

[ 2016-05-06T20:15:15+08:00 ] ::1 /register_system/index.php/Admin/Enter/civil_issued_admis.html
INFO: [ app_begin ] --START--
INFO: Run Behavior\ReadHtmlCacheBehavior [ RunTime:0.000581s ]
INFO: [ app_begin ] --END-- [ RunTime:0.001048s ]
SQL: SHOW COLUMNS FROM `setting` [ RunTime:0.0039s ]
SQL: SELECT * FROM `setting` LIMIT 1   [ RunTime:0.0003s ]
SQL: SHOW COLUMNS FROM `register` [ RunTime:0.0038s ]
SQL: UPDATE `register` SET `civil_release`='1' WHERE `civil_junior` = 12 AND `civil_status` IN ('2','3') [ RunTime:0.0680s ]

[ 2016-05-06T21:47:07+08:00 ] ::1 /register_system/index.php/Admin/Enter/pub_admis.html
INFO: [ app_begin ] --START--
INFO: Run Behavior\ReadHtmlCacheBehavior [ RunTime:0.000518s ]
INFO: [ app_begin ] --END-- [ RunTime:0.000942s ]
SQL: SHOW COLUMNS FROM `setting` [ RunTime:0.0144s ]
SQL: SELECT * FROM `setting` LIMIT 1   [ RunTime:0.0003s ]
SQL: SHOW COLUMNS FROM `register` [ RunTime:0.0036s ]
SQL: UPDATE `register` SET `pub_status`='1' WHERE `id` IN ('1','2','4','5','6') AND `pub_junior` = 9 [ RunTime:0.0454s ]

[ 2016-05-06T21:47:16+08:00 ] ::1 /register_system/index.php/Admin/Enter/pub_admis.html
INFO: [ app_begin ] --START--
INFO: Run Behavior\ReadHtmlCacheBehavior [ RunTime:0.000531s ]
INFO: [ app_begin ] --END-- [ RunTime:0.000949s ]
SQL: SHOW COLUMNS FROM `setting` [ RunTime:0.0054s ]
SQL: SELECT * FROM `setting` LIMIT 1   [ RunTime:0.0003s ]
SQL: SHOW COLUMNS FROM `register` [ RunTime:0.0042s ]
SQL: UPDATE `register` SET `pub_status`='1' WHERE `id` IN ('1','2','4','5','6') AND `pub_junior` = 9 [ RunTime:0.0605s ]

[ 2016-05-06T21:48:03+08:00 ] ::1 /register_system/index.php/Admin/Enter/pub_Nadmis.html
INFO: [ app_begin ] --START--
INFO: Run Behavior\ReadHtmlCacheBehavior [ RunTime:0.000704s ]
INFO: [ app_begin ] --END-- [ RunTime:0.001228s ]
SQL: SHOW COLUMNS FROM `setting` [ RunTime:0.0049s ]
SQL: SELECT * FROM `setting` LIMIT 1   [ RunTime:0.0003s ]
SQL: SHOW COLUMNS FROM `register` [ RunTime:0.0048s ]
SQL: UPDATE `register` SET `pub_status`='2' WHERE `pub_junior` = 9 AND `id` IN ('1') [ RunTime:0.0677s ]

[ 2016-05-06T21:48:07+08:00 ] ::1 /register_system/index.php/Admin/Enter/pub_admis.html
INFO: [ app_begin ] --START--
INFO: Run Behavior\ReadHtmlCacheBehavior [ RunTime:0.000660s ]
INFO: [ app_begin ] --END-- [ RunTime:0.001174s ]
SQL: SHOW COLUMNS FROM `setting` [ RunTime:0.0353s ]
SQL: SELECT * FROM `setting` LIMIT 1   [ RunTime:0.0003s ]
SQL: SHOW COLUMNS FROM `register` [ RunTime:0.0051s ]
SQL: UPDATE `register` SET `pub_status`='1' WHERE `id` IN ('1') AND `pub_junior` = 9 [ RunTime:0.0634s ]

[ 2016-05-06T21:50:45+08:00 ] ::1 /register_system/index.php/Admin/Enter/pub_Nadmis.html
INFO: [ app_begin ] --START--
INFO: Run Behavior\ReadHtmlCacheBehavior [ RunTime:0.000516s ]
INFO: [ app_begin ] --END-- [ RunTime:0.000906s ]
SQL: SHOW COLUMNS FROM `setting` [ RunTime:0.0403s ]
SQL: SELECT * FROM `setting` LIMIT 1   [ RunTime:0.0003s ]
SQL: SHOW COLUMNS FROM `register` [ RunTime:0.0038s ]
SQL: UPDATE `register` SET `pub_status`='2' WHERE `pub_junior` = 9 AND `id` IN ('1','2','4','5','6') [ RunTime:0.0564s ]

[ 2016-05-06T21:50:51+08:00 ] ::1 /register_system/index.php/Admin/Enter/pub_issued_admis.html
INFO: [ app_begin ] --START--
INFO: Run Behavior\ReadHtmlCacheBehavior [ RunTime:0.000656s ]
INFO: [ app_begin ] --END-- [ RunTime:0.001157s ]
SQL: SHOW COLUMNS FROM `setting` [ RunTime:0.0155s ]
SQL: SELECT * FROM `setting` LIMIT 1   [ RunTime:0.0003s ]
SQL: SHOW COLUMNS FROM `register` [ RunTime:0.0038s ]
SQL: UPDATE `register` SET `pub_release`='1' WHERE `pub_junior` = 9 AND `pub_status` IN ('1','2') [ RunTime:0.0476s ]

[ 2016-05-06T21:51:18+08:00 ] ::1 /register_system/index.php/Admin/Enter/pub_admis.html
INFO: [ app_begin ] --START--
INFO: Run Behavior\ReadHtmlCacheBehavior [ RunTime:0.000582s ]
INFO: [ app_begin ] --END-- [ RunTime:0.001201s ]
SQL: SHOW COLUMNS FROM `setting` [ RunTime:0.0137s ]
SQL: SELECT * FROM `setting` LIMIT 1   [ RunTime:0.0003s ]
SQL: SHOW COLUMNS FROM `register` [ RunTime:0.0039s ]
SQL: UPDATE `register` SET `pub_status`='1' WHERE `id` IN ('8') AND `pub_junior` = 9 [ RunTime:0.0557s ]

[ 2016-05-06T21:53:05+08:00 ] ::1 /register_system/index.php/Admin/Enter/pub_Nadmis.html
INFO: [ app_begin ] --START--
INFO: Run Behavior\ReadHtmlCacheBehavior [ RunTime:0.000649s ]
INFO: [ app_begin ] --END-- [ RunTime:0.001177s ]
SQL: SHOW COLUMNS FROM `setting` [ RunTime:0.0037s ]
SQL: SELECT * FROM `setting` LIMIT 1   [ RunTime:0.0003s ]
SQL: SHOW COLUMNS FROM `register` [ RunTime:0.0058s ]
SQL: UPDATE `register` SET `pub_status`='2' WHERE `pub_junior` = 9 AND `id` IN ('11') [ RunTime:0.0566s ]

[ 2016-05-06T21:53:07+08:00 ] ::1 /register_system/index.php/Admin/Enter/pub_admis.html
INFO: [ app_begin ] --START--
INFO: Run Behavior\ReadHtmlCacheBehavior [ RunTime:0.000532s ]
INFO: [ app_begin ] --END-- [ RunTime:0.001035s ]
SQL: SHOW COLUMNS FROM `setting` [ RunTime:0.0290s ]
SQL: SELECT * FROM `setting` LIMIT 1   [ RunTime:0.0002s ]
SQL: SHOW COLUMNS FROM `register` [ RunTime:0.0048s ]
SQL: UPDATE `register` SET `pub_status`='1' WHERE `id` IN ('14') AND `pub_junior` = 9 [ RunTime:0.0439s ]

[ 2016-05-06T21:53:07+08:00 ] ::1 /register_system/index.php/Admin/Enter/pub_Nadmis.html
INFO: [ app_begin ] --START--
INFO: Run Behavior\ReadHtmlCacheBehavior [ RunTime:0.000698s ]
INFO: [ app_begin ] --END-- [ RunTime:0.001174s ]
SQL: SHOW COLUMNS FROM `setting` [ RunTime:0.0059s ]
SQL: SELECT * FROM `setting` LIMIT 1   [ RunTime:0.0003s ]
SQL: SHOW COLUMNS FROM `register` [ RunTime:0.0044s ]
SQL: UPDATE `register` SET `pub_status`='2' WHERE `pub_junior` = 9 AND `id` IN ('15') [ RunTime:0.0548s ]

[ 2016-05-06T21:53:11+08:00 ] ::1 /register_system/index.php/Admin/Enter/pub_issued_admis.html
INFO: [ app_begin ] --START--
INFO: Run Behavior\ReadHtmlCacheBehavior [ RunTime:0.000692s ]
INFO: [ app_begin ] --END-- [ RunTime:0.001195s ]
SQL: SHOW COLUMNS FROM `setting` [ RunTime:0.0156s ]
SQL: SELECT * FROM `setting` LIMIT 1   [ RunTime:0.0003s ]
SQL: SHOW COLUMNS FROM `register` [ RunTime:0.0037s ]
SQL: UPDATE `register` SET `pub_release`='1' WHERE `pub_junior` = 9 AND `pub_status` IN ('1','2') [ RunTime:0.0506s ]

