[ 2016-05-04T20:02:41+08:00 ] ::1 /register_system/index.php/Admin/Enter/civil_admis.html
INFO: [ app_begin ] --START--
INFO: Run Behavior\ReadHtmlCacheBehavior [ RunTime:0.000793s ]
INFO: [ app_begin ] --END-- [ RunTime:0.001423s ]
SQL: SHOW COLUMNS FROM `setting` [ RunTime:0.0116s ]
SQL: SELECT * FROM `setting` LIMIT 1   [ RunTime:0.0002s ]
SQL: SHOW COLUMNS FROM `register` [ RunTime:0.0059s ]
SQL: UPDATE `register` SET `civil_status`='2' WHERE `id` IN ('1','4','5') AND `civil_junior` = 12 [ RunTime:0.1144s ]
INFO: [ app_end ] --START--
INFO: Run Behavior\ShowPageTraceBehavior [ RunTime:0.000662s ]
INFO: [ app_end ] --END-- [ RunTime:0.000779s ]

[ 2016-05-04T20:02:57+08:00 ] ::1 /register_system/index.php/Admin/Enter/civil_admis.html
INFO: [ app_begin ] --START--
INFO: Run Behavior\ReadHtmlCacheBehavior [ RunTime:0.000569s ]
INFO: [ app_begin ] --END-- [ RunTime:0.001031s ]
SQL: SHOW COLUMNS FROM `setting` [ RunTime:0.0309s ]
SQL: SELECT * FROM `setting` LIMIT 1   [ RunTime:0.0003s ]
SQL: SHOW COLUMNS FROM `register` [ RunTime:0.0058s ]
SQL: UPDATE `register` SET `civil_status`='2' WHERE `id` IN ('1','4','5') AND `civil_junior` = 12 [ RunTime:0.0607s ]
INFO: [ app_end ] --START--
INFO: Run Behavior\ShowPageTraceBehavior [ RunTime:0.000918s ]
INFO: [ app_end ] --END-- [ RunTime:0.001107s ]

[ 2016-05-04T20:05:15+08:00 ] ::1 /register_system/index.php/Admin/ExportExel/get_exel.html
ERR: 无法加载控制器:ExportExel

[ 2016-05-04T20:05:19+08:00 ] ::1 /register_system/index.php/Admin/ExportExel/get_exel.html
ERR: 无法加载控制器:ExportExel

[ 2016-05-04T20:05:24+08:00 ] ::1 /register_system/index.php/Admin/Enter/NlotNum.html
INFO: [ app_begin ] --START--
INFO: Run Behavior\ReadHtmlCacheBehavior [ RunTime:0.000779s ]
INFO: [ app_begin ] --END-- [ RunTime:0.001329s ]
SQL: SHOW COLUMNS FROM `setting` [ RunTime:0.0070s ]
SQL: SELECT * FROM `setting` LIMIT 1   [ RunTime:0.0003s ]
SQL: SHOW COLUMNS FROM `register` [ RunTime:0.0065s ]
SQL: UPDATE `register` SET `civil_status`='3' WHERE `civil_junior` = 12 AND `id` = 1 [ RunTime:0.0821s ]
INFO: [ app_end ] --START--
INFO: Run Behavior\ShowPageTraceBehavior [ RunTime:0.001065s ]
INFO: [ app_end ] --END-- [ RunTime:0.001235s ]

[ 2016-05-04T20:05:28+08:00 ] ::1 /register_system/index.php/Admin/Enter/NlotNum.html
INFO: [ app_begin ] --START--
INFO: Run Behavior\ReadHtmlCacheBehavior [ RunTime:0.000566s ]
INFO: [ app_begin ] --END-- [ RunTime:0.001034s ]
SQL: SHOW COLUMNS FROM `setting` [ RunTime:0.0075s ]
SQL: SELECT * FROM `setting` LIMIT 1   [ RunTime:0.0003s ]
SQL: SHOW COLUMNS FROM `register` [ RunTime:0.0056s ]
SQL: UPDATE `register` SET `civil_status`='3' WHERE `civil_junior` = 12 AND `id` = 2 [ RunTime:0.0795s ]
INFO: [ app_end ] --START--
INFO: Run Behavior\ShowPageTraceBehavior [ RunTime:0.000694s ]
INFO: [ app_end ] --END-- [ RunTime:0.000814s ]

[ 2016-05-04T20:05:36+08:00 ] ::1 /register_system/index.php/Admin/Enter/lotNum.html
INFO: [ app_begin ] --START--
INFO: Run Behavior\ReadHtmlCacheBehavior [ RunTime:0.000629s ]
INFO: [ app_begin ] --END-- [ RunTime:0.001557s ]
SQL: SHOW COLUMNS FROM `setting` [ RunTime:0.0086s ]
SQL: SELECT * FROM `setting` LIMIT 1   [ RunTime:0.0002s ]
SQL: SHOW COLUMNS FROM `register` [ RunTime:0.0046s ]
SQL: UPDATE `register` SET `civil_status`='1' WHERE `civil_junior` = 12 AND `id` = 2 [ RunTime:0.0817s ]
INFO: [ app_end ] --START--
INFO: Run Behavior\ShowPageTraceBehavior [ RunTime:0.000676s ]
INFO: [ app_end ] --END-- [ RunTime:0.000789s ]

[ 2016-05-04T20:05:39+08:00 ] ::1 /register_system/index.php/Admin/Enter/NlotNum.html
INFO: [ app_begin ] --START--
INFO: Run Behavior\ReadHtmlCacheBehavior [ RunTime:0.000624s ]
INFO: [ app_begin ] --END-- [ RunTime:0.001071s ]
SQL: SHOW COLUMNS FROM `setting` [ RunTime:0.0070s ]
SQL: SELECT * FROM `setting` LIMIT 1   [ RunTime:0.0004s ]
SQL: SHOW COLUMNS FROM `register` [ RunTime:0.0057s ]
SQL: UPDATE `register` SET `civil_status`='3' WHERE `civil_junior` = 12 AND `id` = 3 [ RunTime:0.0792s ]
INFO: [ app_end ] --START--
INFO: Run Behavior\ShowPageTraceBehavior [ RunTime:0.000878s ]
INFO: [ app_end ] --END-- [ RunTime:0.001045s ]

[ 2016-05-04T20:05:42+08:00 ] ::1 /register_system/index.php/Admin/Enter/lotNum.html
INFO: [ app_begin ] --START--
INFO: Run Behavior\ReadHtmlCacheBehavior [ RunTime:0.000838s ]
INFO: [ app_begin ] --END-- [ RunTime:0.001413s ]
SQL: SHOW COLUMNS FROM `setting` [ RunTime:0.0049s ]
SQL: SELECT * FROM `setting` LIMIT 1   [ RunTime:0.0002s ]
SQL: SHOW COLUMNS FROM `register` [ RunTime:0.0084s ]
SQL: UPDATE `register` SET `civil_status`='1' WHERE `civil_junior` = 12 AND `id` = 4 [ RunTime:0.0624s ]
INFO: [ app_end ] --START--
INFO: Run Behavior\ShowPageTraceBehavior [ RunTime:0.000715s ]
INFO: [ app_end ] --END-- [ RunTime:0.000831s ]

[ 2016-05-04T20:05:45+08:00 ] ::1 /register_system/index.php/Admin/Enter/NlotNum.html
INFO: [ app_begin ] --START--
INFO: Run Behavior\ReadHtmlCacheBehavior [ RunTime:0.000917s ]
INFO: [ app_begin ] --END-- [ RunTime:0.001699s ]
SQL: SHOW COLUMNS FROM `setting` [ RunTime:0.0068s ]
SQL: SELECT * FROM `setting` LIMIT 1   [ RunTime:0.0002s ]
SQL: SHOW COLUMNS FROM `register` [ RunTime:0.0070s ]
SQL: UPDATE `register` SET `civil_status`='3' WHERE `civil_junior` = 12 AND `id` = 5 [ RunTime:0.0659s ]
INFO: [ app_end ] --START--
INFO: Run Behavior\ShowPageTraceBehavior [ RunTime:0.000674s ]
INFO: [ app_end ] --END-- [ RunTime:0.000787s ]

[ 2016-05-04T20:05:48+08:00 ] ::1 /register_system/index.php/Admin/Enter/lotNum.html
INFO: [ app_begin ] --START--
INFO: Run Behavior\ReadHtmlCacheBehavior [ RunTime:0.000831s ]
INFO: [ app_begin ] --END-- [ RunTime:0.001666s ]
SQL: SHOW COLUMNS FROM `setting` [ RunTime:0.0078s ]
SQL: SELECT * FROM `setting` LIMIT 1   [ RunTime:0.0002s ]
SQL: SHOW COLUMNS FROM `register` [ RunTime:0.0059s ]
SQL: UPDATE `register` SET `civil_status`='1' WHERE `civil_junior` = 12 AND `id` = 6 [ RunTime:0.0697s ]
INFO: [ app_end ] --START--
INFO: Run Behavior\ShowPageTraceBehavior [ RunTime:0.000672s ]
INFO: [ app_end ] --END-- [ RunTime:0.000785s ]

[ 2016-05-04T20:05:51+08:00 ] ::1 /register_system/index.php/Admin/Enter/cilil_issued_lot.html
INFO: [ app_begin ] --START--
INFO: Run Behavior\ReadHtmlCacheBehavior [ RunTime:0.000563s ]
INFO: [ app_begin ] --END-- [ RunTime:0.001058s ]
SQL: SHOW COLUMNS FROM `setting` [ RunTime:0.0059s ]
SQL: SELECT * FROM `setting` LIMIT 1   [ RunTime:0.0002s ]
SQL: SHOW COLUMNS FROM `register` [ RunTime:0.0063s ]
SQL: UPDATE `register` SET `lot_release`='1' WHERE `civil_junior` = 12 AND `civil_status` = 1 [ RunTime:0.0003s ]
SQL: UPDATE `register` SET `lot_release`='1',`civil_release`='1' WHERE `civil_junior` = 12 AND `civil_status` = 3 [ RunTime:0.0002s ]
INFO: [ app_end ] --START--
INFO: Run Behavior\ShowPageTraceBehavior [ RunTime:0.000669s ]
INFO: [ app_end ] --END-- [ RunTime:0.000804s ]

[ 2016-05-04T20:06:14+08:00 ] ::1 /register_system/index.php/Admin/Enter/civil_admis.html
INFO: [ app_begin ] --START--
INFO: Run Behavior\ReadHtmlCacheBehavior [ RunTime:0.000558s ]
INFO: [ app_begin ] --END-- [ RunTime:0.001008s ]
SQL: SHOW COLUMNS FROM `setting` [ RunTime:0.0689s ]
SQL: SELECT * FROM `setting` LIMIT 1   [ RunTime:0.0003s ]
SQL: SHOW COLUMNS FROM `register` [ RunTime:0.0195s ]
SQL: UPDATE `register` SET `civil_status`='2' WHERE `id` IN ('2','4','6') AND `civil_junior` = 12 [ RunTime:0.0738s ]
INFO: [ app_end ] --START--
INFO: Run Behavior\ShowPageTraceBehavior [ RunTime:0.000654s ]
INFO: [ app_end ] --END-- [ RunTime:0.000771s ]

[ 2016-05-04T20:06:19+08:00 ] ::1 /register_system/index.php/Admin/Enter/civil_Nadmis.html
INFO: [ app_begin ] --START--
INFO: Run Behavior\ReadHtmlCacheBehavior [ RunTime:0.000589s ]
INFO: [ app_begin ] --END-- [ RunTime:0.001036s ]
SQL: SHOW COLUMNS FROM `setting` [ RunTime:0.0051s ]
SQL: SELECT * FROM `setting` LIMIT 1   [ RunTime:0.0002s ]

[ 2016-05-04T20:06:34+08:00 ] ::1 /register_system/index.php/Admin/Enter/civil_Nadmis.html
INFO: [ app_begin ] --START--
INFO: Run Behavior\ReadHtmlCacheBehavior [ RunTime:0.001049s ]
INFO: [ app_begin ] --END-- [ RunTime:0.001633s ]
SQL: SHOW COLUMNS FROM `setting` [ RunTime:0.0066s ]
SQL: SELECT * FROM `setting` LIMIT 1   [ RunTime:0.0002s ]
SQL: SHOW COLUMNS FROM `register` [ RunTime:0.0062s ]
SQL: UPDATE `register` SET `civil_status`='3' WHERE `id` IN ('2','4','6') AND `civil_junior` = 12 [ RunTime:0.0854s ]
NOTIC: [8] Undefined index: auccess D:\wamp\www\register_system\Application\Admin\Controller\EnterController.class.php 第 329 行.

[ 2016-05-04T20:06:48+08:00 ] ::1 /register_system/index.php/Admin/Enter/civil_admis.html
INFO: [ app_begin ] --START--
INFO: Run Behavior\ReadHtmlCacheBehavior [ RunTime:0.000571s ]
INFO: [ app_begin ] --END-- [ RunTime:0.001112s ]
SQL: SHOW COLUMNS FROM `setting` [ RunTime:0.0067s ]
SQL: SELECT * FROM `setting` LIMIT 1   [ RunTime:0.0002s ]
SQL: SHOW COLUMNS FROM `register` [ RunTime:0.0056s ]
SQL: UPDATE `register` SET `civil_status`='2' WHERE `id` IN ('2','4','6') AND `civil_junior` = 12 [ RunTime:0.0739s ]
INFO: [ app_end ] --START--
INFO: Run Behavior\ShowPageTraceBehavior [ RunTime:0.000885s ]
INFO: [ app_end ] --END-- [ RunTime:0.001063s ]

[ 2016-05-04T20:06:52+08:00 ] ::1 /register_system/index.php/Admin/Enter/civil_issued_admis.html
INFO: [ app_begin ] --START--
INFO: Run Behavior\ReadHtmlCacheBehavior [ RunTime:0.000835s ]
INFO: [ app_begin ] --END-- [ RunTime:0.001488s ]
SQL: SHOW COLUMNS FROM `setting` [ RunTime:0.0053s ]
SQL: SELECT * FROM `setting` LIMIT 1   [ RunTime:0.0003s ]

[ 2016-05-04T20:07:18+08:00 ] ::1 /register_system/index.php/Admin/Enter/civil_Nadmis.html
INFO: [ app_begin ] --START--
INFO: Run Behavior\ReadHtmlCacheBehavior [ RunTime:0.000741s ]
INFO: [ app_begin ] --END-- [ RunTime:0.001278s ]
SQL: SHOW COLUMNS FROM `setting` [ RunTime:0.0403s ]
SQL: SELECT * FROM `setting` LIMIT 1   [ RunTime:0.0002s ]
SQL: SHOW COLUMNS FROM `register` [ RunTime:0.0050s ]
SQL: UPDATE `register` SET `civil_status`='3' WHERE `id` IN ('2','4','6') AND `civil_junior` = 12 [ RunTime:0.0516s ]
NOTIC: [8] Undefined index: auccess D:\wamp\www\register_system\Application\Admin\Controller\EnterController.class.php 第 329 行.

[ 2016-05-04T20:09:13+08:00 ] ::1 /register_system/index.php/Admin/Enter/civil_admis.html
INFO: [ app_begin ] --START--
INFO: Run Behavior\ReadHtmlCacheBehavior [ RunTime:0.000853s ]
INFO: [ app_begin ] --END-- [ RunTime:0.001419s ]
SQL: SHOW COLUMNS FROM `setting` [ RunTime:0.0052s ]
SQL: SELECT * FROM `setting` LIMIT 1   [ RunTime:0.0003s ]
SQL: SHOW COLUMNS FROM `register` [ RunTime:0.0058s ]
SQL: UPDATE `register` SET `civil_status`='2' WHERE `id` IN ('2','4','6') AND `civil_junior` = 12 [ RunTime:0.0908s ]
INFO: [ app_end ] --START--
INFO: Run Behavior\ShowPageTraceBehavior [ RunTime:0.001186s ]
INFO: [ app_end ] --END-- [ RunTime:0.001357s ]

[ 2016-05-04T20:10:01+08:00 ] ::1 /register_system/index.php/Admin/Enter/civil_Nadmis.html
INFO: [ app_begin ] --START--
INFO: Run Behavior\ReadHtmlCacheBehavior [ RunTime:0.000794s ]
INFO: [ app_begin ] --END-- [ RunTime:0.001333s ]
SQL: SHOW COLUMNS FROM `setting` [ RunTime:0.0320s ]
SQL: SELECT * FROM `setting` LIMIT 1   [ RunTime:0.0003s ]
SQL: SHOW COLUMNS FROM `register` [ RunTime:0.0097s ]
SQL: UPDATE `register` SET `civil_status`='3' WHERE `id` IN ('2') AND `civil_junior` = 12 [ RunTime:0.0567s ]
NOTIC: [8] Undefined index: auccess D:\wamp\www\register_system\Application\Admin\Controller\EnterController.class.php 第 329 行.

[ 2016-05-04T20:10:12+08:00 ] ::1 /register_system/index.php/Admin/Enter/civil_Nadmis.html
INFO: [ app_begin ] --START--
INFO: Run Behavior\ReadHtmlCacheBehavior [ RunTime:0.001105s ]
INFO: [ app_begin ] --END-- [ RunTime:0.001897s ]
SQL: SHOW COLUMNS FROM `setting` [ RunTime:0.0065s ]
SQL: SELECT * FROM `setting` LIMIT 1   [ RunTime:0.0003s ]
SQL: SHOW COLUMNS FROM `register` [ RunTime:0.0060s ]
SQL: UPDATE `register` SET `civil_status`='3' WHERE `id` IN ('2','4','6') AND `civil_junior` = 12 [ RunTime:0.0717s ]
NOTIC: [8] Undefined index: auccess D:\wamp\www\register_system\Application\Admin\Controller\EnterController.class.php 第 329 行.

[ 2016-05-04T20:10:18+08:00 ] ::1 /register_system/index.php/Admin/Enter/civil_admis.html
INFO: [ app_begin ] --START--
INFO: Run Behavior\ReadHtmlCacheBehavior [ RunTime:0.000865s ]
INFO: [ app_begin ] --END-- [ RunTime:0.001559s ]
SQL: SHOW COLUMNS FROM `setting` [ RunTime:0.0266s ]
SQL: SELECT * FROM `setting` LIMIT 1   [ RunTime:0.0003s ]
SQL: SHOW COLUMNS FROM `register` [ RunTime:0.0054s ]
SQL: UPDATE `register` SET `civil_status`='2' WHERE `id` IN ('2','4','6') AND `civil_junior` = 12 [ RunTime:0.0734s ]
INFO: [ app_end ] --START--
INFO: Run Behavior\ShowPageTraceBehavior [ RunTime:0.001004s ]
INFO: [ app_end ] --END-- [ RunTime:0.001191s ]

[ 2016-05-04T20:10:22+08:00 ] ::1 /register_system/index.php/Admin/Enter/civil_Nadmis.html
INFO: [ app_begin ] --START--
INFO: Run Behavior\ReadHtmlCacheBehavior [ RunTime:0.000863s ]
INFO: [ app_begin ] --END-- [ RunTime:0.001544s ]
SQL: SHOW COLUMNS FROM `setting` [ RunTime:0.0136s ]
SQL: SELECT * FROM `setting` LIMIT 1   [ RunTime:0.0003s ]
SQL: SHOW COLUMNS FROM `register` [ RunTime:0.0051s ]
SQL: UPDATE `register` SET `civil_status`='3' WHERE `id` IN ('2','4','6') AND `civil_junior` = 12 [ RunTime:0.0840s ]
NOTIC: [8] Undefined index: auccess D:\wamp\www\register_system\Application\Admin\Controller\EnterController.class.php 第 329 行.

[ 2016-05-04T20:10:26+08:00 ] ::1 /register_system/index.php/Admin/Enter/civil_admis.html
INFO: [ app_begin ] --START--
INFO: Run Behavior\ReadHtmlCacheBehavior [ RunTime:0.000582s ]
INFO: [ app_begin ] --END-- [ RunTime:0.001094s ]
SQL: SHOW COLUMNS FROM `setting` [ RunTime:0.0051s ]
SQL: SELECT * FROM `setting` LIMIT 1   [ RunTime:0.0003s ]
SQL: SHOW COLUMNS FROM `register` [ RunTime:0.0062s ]
SQL: UPDATE `register` SET `civil_status`='2' WHERE `id` IN ('2','4','6') AND `civil_junior` = 12 [ RunTime:0.0662s ]
INFO: [ app_end ] --START--
INFO: Run Behavior\ShowPageTraceBehavior [ RunTime:0.000981s ]
INFO: [ app_end ] --END-- [ RunTime:0.001186s ]

[ 2016-05-04T20:10:29+08:00 ] ::1 /register_system/index.php/Admin/Enter/civil_Nadmis.html
INFO: [ app_begin ] --START--
INFO: Run Behavior\ReadHtmlCacheBehavior [ RunTime:0.000835s ]
INFO: [ app_begin ] --END-- [ RunTime:0.001496s ]
SQL: SHOW COLUMNS FROM `setting` [ RunTime:0.0148s ]
SQL: SELECT * FROM `setting` LIMIT 1   [ RunTime:0.0003s ]
SQL: SHOW COLUMNS FROM `register` [ RunTime:0.0057s ]
SQL: UPDATE `register` SET `civil_status`='3' WHERE `id` IN ('2','4','6') AND `civil_junior` = 12 [ RunTime:0.0692s ]
NOTIC: [8] Undefined index: auccess D:\wamp\www\register_system\Application\Admin\Controller\EnterController.class.php 第 329 行.

[ 2016-05-04T20:10:34+08:00 ] ::1 /register_system/index.php/Admin/Enter/civil_admis.html
INFO: [ app_begin ] --START--
INFO: Run Behavior\ReadHtmlCacheBehavior [ RunTime:0.000584s ]
INFO: [ app_begin ] --END-- [ RunTime:0.001068s ]
SQL: SHOW COLUMNS FROM `setting` [ RunTime:0.0275s ]
SQL: SELECT * FROM `setting` LIMIT 1   [ RunTime:0.0003s ]
SQL: SHOW COLUMNS FROM `register` [ RunTime:0.0052s ]
SQL: UPDATE `register` SET `civil_status`='2' WHERE `id` IN ('2','4','6') AND `civil_junior` = 12 [ RunTime:0.0616s ]
INFO: [ app_end ] --START--
INFO: Run Behavior\ShowPageTraceBehavior [ RunTime:0.000665s ]
INFO: [ app_end ] --END-- [ RunTime:0.000781s ]

[ 2016-05-04T20:10:37+08:00 ] ::1 /register_system/index.php/Admin/Enter/civil_Nadmis.html
INFO: [ app_begin ] --START--
INFO: Run Behavior\ReadHtmlCacheBehavior [ RunTime:0.001094s ]
INFO: [ app_begin ] --END-- [ RunTime:0.001736s ]
SQL: SHOW COLUMNS FROM `setting` [ RunTime:0.0123s ]
SQL: SELECT * FROM `setting` LIMIT 1   [ RunTime:0.0003s ]
SQL: SHOW COLUMNS FROM `register` [ RunTime:0.0058s ]
SQL: UPDATE `register` SET `civil_status`='3' WHERE `id` IN ('2','4','6') AND `civil_junior` = 12 [ RunTime:0.0634s ]
NOTIC: [8] Undefined index: auccess D:\wamp\www\register_system\Application\Admin\Controller\EnterController.class.php 第 329 行.

[ 2016-05-04T20:10:41+08:00 ] ::1 /register_system/index.php/Admin/Enter/civil_admis.html
INFO: [ app_begin ] --START--
INFO: Run Behavior\ReadHtmlCacheBehavior [ RunTime:0.000685s ]
INFO: [ app_begin ] --END-- [ RunTime:0.001209s ]
SQL: SHOW COLUMNS FROM `setting` [ RunTime:0.0059s ]
SQL: SELECT * FROM `setting` LIMIT 1   [ RunTime:0.0002s ]
SQL: SHOW COLUMNS FROM `register` [ RunTime:0.0075s ]
SQL: UPDATE `register` SET `civil_status`='2' WHERE `id` IN ('2','4','6') AND `civil_junior` = 12 [ RunTime:0.0731s ]
INFO: [ app_end ] --START--
INFO: Run Behavior\ShowPageTraceBehavior [ RunTime:0.000688s ]
INFO: [ app_end ] --END-- [ RunTime:0.000809s ]

[ 2016-05-04T20:10:45+08:00 ] ::1 /register_system/index.php/Admin/Enter/civil_Nadmis.html
INFO: [ app_begin ] --START--
INFO: Run Behavior\ReadHtmlCacheBehavior [ RunTime:0.000820s ]
INFO: [ app_begin ] --END-- [ RunTime:0.001483s ]
SQL: SHOW COLUMNS FROM `setting` [ RunTime:0.0048s ]
SQL: SELECT * FROM `setting` LIMIT 1   [ RunTime:0.0003s ]
SQL: SHOW COLUMNS FROM `register` [ RunTime:0.0055s ]
SQL: UPDATE `register` SET `civil_status`='3' WHERE `id` IN ('2','4','6') AND `civil_junior` = 12 [ RunTime:0.0791s ]
NOTIC: [8] Undefined index: auccess D:\wamp\www\register_system\Application\Admin\Controller\EnterController.class.php 第 329 行.

[ 2016-05-04T20:10:49+08:00 ] ::1 /register_system/index.php/Admin/Enter/civil_admis.html
INFO: [ app_begin ] --START--
INFO: Run Behavior\ReadHtmlCacheBehavior [ RunTime:0.000784s ]
INFO: [ app_begin ] --END-- [ RunTime:0.001325s ]
SQL: SHOW COLUMNS FROM `setting` [ RunTime:0.0052s ]
SQL: SELECT * FROM `setting` LIMIT 1   [ RunTime:0.0002s ]
SQL: SHOW COLUMNS FROM `register` [ RunTime:0.0053s ]
SQL: UPDATE `register` SET `civil_status`='2' WHERE `id` IN ('2','4','6') AND `civil_junior` = 12 [ RunTime:0.0765s ]
INFO: [ app_end ] --START--
INFO: Run Behavior\ShowPageTraceBehavior [ RunTime:0.000771s ]
INFO: [ app_end ] --END-- [ RunTime:0.000930s ]

[ 2016-05-04T20:10:53+08:00 ] ::1 /register_system/index.php/Admin/Enter/civil_Nadmis.html
INFO: [ app_begin ] --START--
INFO: Run Behavior\ReadHtmlCacheBehavior [ RunTime:0.001276s ]
INFO: [ app_begin ] --END-- [ RunTime:0.002102s ]
SQL: SHOW COLUMNS FROM `setting` [ RunTime:0.0058s ]
SQL: SELECT * FROM `setting` LIMIT 1   [ RunTime:0.0004s ]
SQL: SHOW COLUMNS FROM `register` [ RunTime:0.0075s ]
SQL: UPDATE `register` SET `civil_status`='3' WHERE `id` IN ('2','4','6') AND `civil_junior` = 12 [ RunTime:0.0640s ]
NOTIC: [8] Undefined index: auccess D:\wamp\www\register_system\Application\Admin\Controller\EnterController.class.php 第 329 行.

[ 2016-05-04T20:16:54+08:00 ] ::1 /register_system/index.php/Admin/Enter/civil_admis.html
INFO: [ app_begin ] --START--
INFO: Run Behavior\ReadHtmlCacheBehavior [ RunTime:0.000772s ]
INFO: [ app_begin ] --END-- [ RunTime:0.001341s ]
SQL: SHOW COLUMNS FROM `setting` [ RunTime:0.0158s ]
SQL: SELECT * FROM `setting` LIMIT 1   [ RunTime:0.0003s ]
SQL: SHOW COLUMNS FROM `register` [ RunTime:0.0056s ]
SQL: UPDATE `register` SET `civil_status`='2' WHERE `id` IN ('2','4','6') AND `civil_junior` = 12 [ RunTime:0.0628s ]
INFO: [ app_end ] --START--
INFO: Run Behavior\ShowPageTraceBehavior [ RunTime:0.001119s ]
INFO: [ app_end ] --END-- [ RunTime:0.001296s ]

[ 2016-05-04T20:19:08+08:00 ] ::1 /register_system/index.php/Admin/Enter/civil_admis.html
INFO: [ app_begin ] --START--
INFO: Run Behavior\ReadHtmlCacheBehavior [ RunTime:0.001115s ]
INFO: [ app_begin ] --END-- [ RunTime:0.001775s ]
SQL: SHOW COLUMNS FROM `setting` [ RunTime:0.0236s ]
SQL: SELECT * FROM `setting` LIMIT 1   [ RunTime:0.0003s ]
SQL: SHOW COLUMNS FROM `register` [ RunTime:0.0050s ]
SQL: UPDATE `register` SET `civil_status`='2' WHERE `id` IN ('2','4','6') AND `civil_junior` = 12 [ RunTime:0.1244s ]
INFO: [ app_end ] --START--
INFO: Run Behavior\ShowPageTraceBehavior [ RunTime:0.001009s ]
INFO: [ app_end ] --END-- [ RunTime:0.001201s ]

[ 2016-05-04T20:19:20+08:00 ] ::1 /register_system/index.php/Admin/Enter/civil_admis.html
INFO: [ app_begin ] --START--
INFO: Run Behavior\ReadHtmlCacheBehavior [ RunTime:0.001065s ]
INFO: [ app_begin ] --END-- [ RunTime:0.001721s ]
SQL: SHOW COLUMNS FROM `setting` [ RunTime:0.0057s ]
SQL: SELECT * FROM `setting` LIMIT 1   [ RunTime:0.0003s ]
SQL: SHOW COLUMNS FROM `register` [ RunTime:0.0060s ]
SQL: UPDATE `register` SET `civil_status`='2' WHERE `id` IN ('2','4','6') AND `civil_junior` = 12 [ RunTime:0.0710s ]
INFO: [ app_end ] --START--
INFO: Run Behavior\ShowPageTraceBehavior [ RunTime:0.000939s ]
INFO: [ app_end ] --END-- [ RunTime:0.001120s ]

[ 2016-05-04T20:19:24+08:00 ] ::1 /register_system/index.php/Admin/Enter/civil_Nadmis.html
INFO: [ app_begin ] --START--
INFO: Run Behavior\ReadHtmlCacheBehavior [ RunTime:0.000668s ]
INFO: [ app_begin ] --END-- [ RunTime:0.001377s ]
SQL: SHOW COLUMNS FROM `setting` [ RunTime:0.0062s ]
SQL: SELECT * FROM `setting` LIMIT 1   [ RunTime:0.0003s ]
SQL: SHOW COLUMNS FROM `register` [ RunTime:0.0066s ]
SQL: UPDATE `register` SET `civil_status`='3' WHERE `id` IN ('2','4','6') AND `civil_junior` = 12 [ RunTime:0.0708s ]
NOTIC: [8] Undefined index: auccess D:\wamp\www\register_system\Application\Admin\Controller\EnterController.class.php 第 329 行.

[ 2016-05-04T20:19:36+08:00 ] ::1 /register_system/index.php/Admin/Enter/civil_admis.html
INFO: [ app_begin ] --START--
INFO: Run Behavior\ReadHtmlCacheBehavior [ RunTime:0.000814s ]
INFO: [ app_begin ] --END-- [ RunTime:0.001399s ]
SQL: SHOW COLUMNS FROM `setting` [ RunTime:0.0309s ]
SQL: SELECT * FROM `setting` LIMIT 1   [ RunTime:0.0002s ]
SQL: SHOW COLUMNS FROM `register` [ RunTime:0.0058s ]
SQL: UPDATE `register` SET `civil_status`='2' WHERE `id` IN ('2','4','6') AND `civil_junior` = 12 [ RunTime:0.0625s ]
INFO: [ app_end ] --START--
INFO: Run Behavior\ShowPageTraceBehavior [ RunTime:0.001178s ]
INFO: [ app_end ] --END-- [ RunTime:0.001355s ]

[ 2016-05-04T20:19:39+08:00 ] ::1 /register_system/index.php/Admin/Enter/civil_admis.html
INFO: [ app_begin ] --START--
INFO: Run Behavior\ReadHtmlCacheBehavior [ RunTime:0.000921s ]
INFO: [ app_begin ] --END-- [ RunTime:0.001738s ]
SQL: SHOW COLUMNS FROM `setting` [ RunTime:0.0054s ]
SQL: SELECT * FROM `setting` LIMIT 1   [ RunTime:0.0003s ]
SQL: SHOW COLUMNS FROM `register` [ RunTime:0.0057s ]
SQL: UPDATE `register` SET `civil_status`='2' WHERE `id` IN ('2','4','6') AND `civil_junior` = 12 [ RunTime:0.0769s ]
INFO: [ app_end ] --START--
INFO: Run Behavior\ShowPageTraceBehavior [ RunTime:0.000769s ]
INFO: [ app_end ] --END-- [ RunTime:0.000942s ]

[ 2016-05-04T20:19:41+08:00 ] ::1 /register_system/index.php/Admin/Enter/civil_admis.html
INFO: [ app_begin ] --START--
INFO: Run Behavior\ReadHtmlCacheBehavior [ RunTime:0.000810s ]
INFO: [ app_begin ] --END-- [ RunTime:0.001492s ]
SQL: SHOW COLUMNS FROM `setting` [ RunTime:0.0283s ]
SQL: SELECT * FROM `setting` LIMIT 1   [ RunTime:0.0003s ]
SQL: SHOW COLUMNS FROM `register` [ RunTime:0.0052s ]
SQL: UPDATE `register` SET `civil_status`='2' WHERE `id` IN ('2','4','6') AND `civil_junior` = 12 [ RunTime:0.0605s ]
INFO: [ app_end ] --START--
INFO: Run Behavior\ShowPageTraceBehavior [ RunTime:0.000894s ]
INFO: [ app_end ] --END-- [ RunTime:0.001089s ]

[ 2016-05-04T20:19:42+08:00 ] ::1 /register_system/index.php/Admin/Enter/civil_admis.html
INFO: [ app_begin ] --START--
INFO: Run Behavior\ReadHtmlCacheBehavior [ RunTime:0.000577s ]
INFO: [ app_begin ] --END-- [ RunTime:0.001026s ]
SQL: SHOW COLUMNS FROM `setting` [ RunTime:0.0057s ]
SQL: SELECT * FROM `setting` LIMIT 1   [ RunTime:0.0003s ]
SQL: SHOW COLUMNS FROM `register` [ RunTime:0.0055s ]
SQL: UPDATE `register` SET `civil_status`='2' WHERE `id` IN ('2','4','6') AND `civil_junior` = 12 [ RunTime:0.0724s ]
INFO: [ app_end ] --START--
INFO: Run Behavior\ShowPageTraceBehavior [ RunTime:0.000965s ]
INFO: [ app_end ] --END-- [ RunTime:0.001155s ]

[ 2016-05-04T20:20:52+08:00 ] ::1 /register_system/index.php/Admin/Enter/civil_admis.html
INFO: [ app_begin ] --START--
INFO: Run Behavior\ReadHtmlCacheBehavior [ RunTime:0.000892s ]
INFO: [ app_begin ] --END-- [ RunTime:0.001623s ]
SQL: SHOW COLUMNS FROM `setting` [ RunTime:0.0059s ]
SQL: SELECT * FROM `setting` LIMIT 1   [ RunTime:0.0003s ]
SQL: SHOW COLUMNS FROM `register` [ RunTime:0.0054s ]
SQL: UPDATE `register` SET `civil_status`='2' WHERE `id` IN ('2','4','6') AND `civil_junior` = 12 [ RunTime:0.0780s ]

[ 2016-05-04T20:21:13+08:00 ] ::1 /register_system/index.php/Admin/Enter/civil_Nadmis.html
INFO: [ app_begin ] --START--
INFO: Run Behavior\ReadHtmlCacheBehavior [ RunTime:0.001105s ]
INFO: [ app_begin ] --END-- [ RunTime:0.001867s ]
SQL: SHOW COLUMNS FROM `setting` [ RunTime:0.0711s ]
SQL: SELECT * FROM `setting` LIMIT 1   [ RunTime:0.0003s ]
SQL: SHOW COLUMNS FROM `register` [ RunTime:0.0293s ]
SQL: UPDATE `register` SET `civil_status`='3' WHERE `id` IN ('2','4','6') AND `civil_junior` = 12 [ RunTime:0.0642s ]
NOTIC: [8] Undefined index: auccess D:\wamp\www\register_system\Application\Admin\Controller\EnterController.class.php 第 328 行.

[ 2016-05-04T20:21:18+08:00 ] ::1 /register_system/index.php/Admin/Enter/civil_admis.html
INFO: [ app_begin ] --START--
INFO: Run Behavior\ReadHtmlCacheBehavior [ RunTime:0.001047s ]
INFO: [ app_begin ] --END-- [ RunTime:0.001906s ]
SQL: SHOW COLUMNS FROM `setting` [ RunTime:0.0426s ]
SQL: SELECT * FROM `setting` LIMIT 1   [ RunTime:0.0004s ]
SQL: SHOW COLUMNS FROM `register` [ RunTime:0.0526s ]
SQL: UPDATE `register` SET `civil_status`='2' WHERE `id` IN ('2','4','6') AND `civil_junior` = 12 [ RunTime:0.0423s ]
NOTIC: [8] Undefined index: auccess D:\wamp\www\register_system\Application\Admin\Controller\EnterController.class.php 第 312 行.

[ 2016-05-04T20:21:56+08:00 ] ::1 /register_system/index.php/Admin/Enter/civil_Nadmis.html
INFO: [ app_begin ] --START--
INFO: Run Behavior\ReadHtmlCacheBehavior [ RunTime:0.001114s ]
INFO: [ app_begin ] --END-- [ RunTime:0.001803s ]
SQL: SHOW COLUMNS FROM `setting` [ RunTime:0.0102s ]
SQL: SELECT * FROM `setting` LIMIT 1   [ RunTime:0.0003s ]
SQL: SHOW COLUMNS FROM `register` [ RunTime:0.0091s ]
SQL: UPDATE `register` SET `civil_status`='3' WHERE `id` IN ('2','4','6') AND `civil_junior` = 12 [ RunTime:0.1177s ]
NOTIC: [8] Undefined index: auccess D:\wamp\www\register_system\Application\Admin\Controller\EnterController.class.php 第 328 行.

[ 2016-05-04T20:22:00+08:00 ] ::1 /register_system/index.php/Admin/Enter/civil_admis.html
INFO: [ app_begin ] --START--
INFO: Run Behavior\ReadHtmlCacheBehavior [ RunTime:0.000735s ]
INFO: [ app_begin ] --END-- [ RunTime:0.001237s ]
SQL: SHOW COLUMNS FROM `setting` [ RunTime:0.0186s ]
SQL: SELECT * FROM `setting` LIMIT 1   [ RunTime:0.0002s ]
SQL: SHOW COLUMNS FROM `register` [ RunTime:0.0064s ]
SQL: UPDATE `register` SET `civil_status`='2' WHERE `id` IN ('2','4','6') AND `civil_junior` = 12 [ RunTime:0.0731s ]
NOTIC: [8] Undefined index: auccess D:\wamp\www\register_system\Application\Admin\Controller\EnterController.class.php 第 312 行.
NOTIC: [8] Undefined index: auccess D:\wamp\www\register_system\Application\Admin\Controller\EnterController.class.php 第 314 行.

[ 2016-05-04T20:22:38+08:00 ] ::1 /register_system/index.php/Admin/Enter/civil_Nadmis.html
INFO: [ app_begin ] --START--
INFO: Run Behavior\ReadHtmlCacheBehavior [ RunTime:0.000859s ]
INFO: [ app_begin ] --END-- [ RunTime:0.001594s ]
SQL: SHOW COLUMNS FROM `setting` [ RunTime:0.0335s ]
SQL: SELECT * FROM `setting` LIMIT 1   [ RunTime:0.0002s ]
SQL: SHOW COLUMNS FROM `register` [ RunTime:0.0049s ]
SQL: UPDATE `register` SET `civil_status`='3' WHERE `id` IN ('2','4','6') AND `civil_junior` = 12 [ RunTime:0.1421s ]
NOTIC: [8] Undefined index: auccess D:\wamp\www\register_system\Application\Admin\Controller\EnterController.class.php 第 328 行.

[ 2016-05-04T20:22:42+08:00 ] ::1 /register_system/index.php/Admin/Enter/civil_admis.html
INFO: [ app_begin ] --START--
INFO: Run Behavior\ReadHtmlCacheBehavior [ RunTime:0.000826s ]
INFO: [ app_begin ] --END-- [ RunTime:0.001473s ]
SQL: SHOW COLUMNS FROM `setting` [ RunTime:0.0058s ]
SQL: SELECT * FROM `setting` LIMIT 1   [ RunTime:0.0003s ]
SQL: SHOW COLUMNS FROM `register` [ RunTime:0.0046s ]
SQL: UPDATE `register` SET `civil_status`='2' WHERE `id` IN ('2','4','6') AND `civil_junior` = 12 [ RunTime:0.0768s ]

[ 2016-05-04T20:24:58+08:00 ] ::1 /register_system/index.php/Admin/Enter/civil_admis.html
INFO: [ app_begin ] --START--
INFO: Run Behavior\ReadHtmlCacheBehavior [ RunTime:0.000757s ]
INFO: [ app_begin ] --END-- [ RunTime:0.001281s ]
SQL: SHOW COLUMNS FROM `setting` [ RunTime:0.0189s ]
SQL: SELECT * FROM `setting` LIMIT 1   [ RunTime:0.0003s ]
SQL: SHOW COLUMNS FROM `register` [ RunTime:0.0051s ]
SQL: UPDATE `register` SET `civil_status`='2' WHERE `id` IN ('2','4','6') AND `civil_junior` = 12 [ RunTime:0.0628s ]
INFO: [ app_end ] --START--
INFO: Run Behavior\ShowPageTraceBehavior [ RunTime:0.001301s ]
INFO: [ app_end ] --END-- [ RunTime:0.001525s ]

[ 2016-05-04T20:25:09+08:00 ] ::1 /register_system/index.php/Admin/Enter/civil_admis.html
INFO: [ app_begin ] --START--
INFO: Run Behavior\ReadHtmlCacheBehavior [ RunTime:0.000896s ]
INFO: [ app_begin ] --END-- [ RunTime:0.001415s ]
SQL: SHOW COLUMNS FROM `setting` [ RunTime:0.0068s ]
SQL: SELECT * FROM `setting` LIMIT 1   [ RunTime:0.0003s ]
SQL: SHOW COLUMNS FROM `register` [ RunTime:0.0047s ]
SQL: UPDATE `register` SET `civil_status`='2' WHERE `id` IN ('2','4','6') AND `civil_junior` = 12 [ RunTime:0.0671s ]

[ 2016-05-04T20:25:19+08:00 ] ::1 /register_system/index.php/Admin/Enter/civil_admis.html
INFO: [ app_begin ] --START--
INFO: Run Behavior\ReadHtmlCacheBehavior [ RunTime:0.000766s ]
INFO: [ app_begin ] --END-- [ RunTime:0.001350s ]
SQL: SHOW COLUMNS FROM `setting` [ RunTime:0.0086s ]
SQL: SELECT * FROM `setting` LIMIT 1   [ RunTime:0.0003s ]
SQL: SHOW COLUMNS FROM `register` [ RunTime:0.0053s ]
SQL: UPDATE `register` SET `civil_status`='2' WHERE `id` IN ('2','4','6') AND `civil_junior` = 12 [ RunTime:0.0600s ]

[ 2016-05-04T20:25:45+08:00 ] ::1 /register_system/index.php/Admin/Enter/civil_admis.html
INFO: [ app_begin ] --START--
INFO: Run Behavior\ReadHtmlCacheBehavior [ RunTime:0.000568s ]
INFO: [ app_begin ] --END-- [ RunTime:0.001032s ]
SQL: SHOW COLUMNS FROM `setting` [ RunTime:0.0052s ]
SQL: SELECT * FROM `setting` LIMIT 1   [ RunTime:0.0002s ]
SQL: SHOW COLUMNS FROM `register` [ RunTime:0.0053s ]
SQL: UPDATE `register` SET `civil_status`='2' WHERE `id` IN ('2','4','6') AND `civil_junior` = 12 [ RunTime:0.0911s ]

[ 2016-05-04T20:25:48+08:00 ] ::1 /register_system/index.php/Admin/Enter/civil_Nadmis.html
INFO: [ app_begin ] --START--
INFO: Run Behavior\ReadHtmlCacheBehavior [ RunTime:0.000636s ]
INFO: [ app_begin ] --END-- [ RunTime:0.001164s ]
SQL: SHOW COLUMNS FROM `setting` [ RunTime:0.0055s ]
SQL: SELECT * FROM `setting` LIMIT 1   [ RunTime:0.0003s ]
SQL: SHOW COLUMNS FROM `register` [ RunTime:0.0049s ]
SQL: UPDATE `register` SET `civil_status`='3' WHERE `id` IN ('2','4','6') AND `civil_junior` = 12 [ RunTime:0.0678s ]
NOTIC: [8] Undefined index: auccess D:\wamp\www\register_system\Application\Admin\Controller\EnterController.class.php 第 331 行.

[ 2016-05-04T20:25:55+08:00 ] ::1 /register_system/index.php/Admin/Enter/civil_admis.html
INFO: [ app_begin ] --START--
INFO: Run Behavior\ReadHtmlCacheBehavior [ RunTime:0.000572s ]
INFO: [ app_begin ] --END-- [ RunTime:0.001034s ]
SQL: SHOW COLUMNS FROM `setting` [ RunTime:0.0209s ]
SQL: SELECT * FROM `setting` LIMIT 1   [ RunTime:0.0002s ]
SQL: SHOW COLUMNS FROM `register` [ RunTime:0.0050s ]
SQL: UPDATE `register` SET `civil_status`='2' WHERE `id` IN ('2','4','6') AND `civil_junior` = 12 [ RunTime:0.0621s ]

[ 2016-05-04T20:26:00+08:00 ] ::1 /register_system/index.php/Admin/Enter/civil_admis.html
INFO: [ app_begin ] --START--
INFO: Run Behavior\ReadHtmlCacheBehavior [ RunTime:0.000814s ]
INFO: [ app_begin ] --END-- [ RunTime:0.001461s ]
SQL: SHOW COLUMNS FROM `setting` [ RunTime:0.0049s ]
SQL: SELECT * FROM `setting` LIMIT 1   [ RunTime:0.0002s ]
SQL: SHOW COLUMNS FROM `register` [ RunTime:0.0051s ]
SQL: UPDATE `register` SET `civil_status`='2' WHERE `id` IN ('2','4','6') AND `civil_junior` = 12 [ RunTime:0.0776s ]

[ 2016-05-04T20:26:01+08:00 ] ::1 /register_system/index.php/Admin/Enter/civil_admis.html
INFO: [ app_begin ] --START--
INFO: Run Behavior\ReadHtmlCacheBehavior [ RunTime:0.000828s ]
INFO: [ app_begin ] --END-- [ RunTime:0.001478s ]
SQL: SHOW COLUMNS FROM `setting` [ RunTime:0.0049s ]
SQL: SELECT * FROM `setting` LIMIT 1   [ RunTime:0.0002s ]
SQL: SHOW COLUMNS FROM `register` [ RunTime:0.0053s ]
SQL: UPDATE `register` SET `civil_status`='2' WHERE `id` IN ('2','4','6') AND `civil_junior` = 12 [ RunTime:0.0834s ]

[ 2016-05-04T20:26:01+08:00 ] ::1 /register_system/index.php/Admin/Enter/civil_admis.html
INFO: [ app_begin ] --START--
INFO: Run Behavior\ReadHtmlCacheBehavior [ RunTime:0.000676s ]
INFO: [ app_begin ] --END-- [ RunTime:0.001206s ]
SQL: SHOW COLUMNS FROM `setting` [ RunTime:0.0054s ]
SQL: SELECT * FROM `setting` LIMIT 1   [ RunTime:0.0003s ]
SQL: SHOW COLUMNS FROM `register` [ RunTime:0.0058s ]
SQL: UPDATE `register` SET `civil_status`='2' WHERE `id` IN ('2','4','6') AND `civil_junior` = 12 [ RunTime:0.1440s ]

[ 2016-05-04T20:26:01+08:00 ] ::1 /register_system/index.php/Admin/Enter/civil_admis.html
INFO: [ app_begin ] --START--
INFO: Run Behavior\ReadHtmlCacheBehavior [ RunTime:0.001100s ]
INFO: [ app_begin ] --END-- [ RunTime:0.001810s ]
SQL: SHOW COLUMNS FROM `setting` [ RunTime:0.0055s ]
SQL: SELECT * FROM `setting` LIMIT 1   [ RunTime:0.0002s ]
SQL: SHOW COLUMNS FROM `register` [ RunTime:0.0055s ]
SQL: UPDATE `register` SET `civil_status`='2' WHERE `id` IN ('2','4','6') AND `civil_junior` = 12 [ RunTime:0.1154s ]

[ 2016-05-04T20:26:07+08:00 ] ::1 /register_system/index.php/Admin/Enter/civil_admis.html
INFO: [ app_begin ] --START--
INFO: Run Behavior\ReadHtmlCacheBehavior [ RunTime:0.000764s ]
INFO: [ app_begin ] --END-- [ RunTime:0.001280s ]
SQL: SHOW COLUMNS FROM `setting` [ RunTime:0.0336s ]
SQL: SELECT * FROM `setting` LIMIT 1   [ RunTime:0.0002s ]
SQL: SHOW COLUMNS FROM `register` [ RunTime:0.0057s ]
SQL: UPDATE `register` SET `civil_status`='2' WHERE `id` IN ('2','4','6') AND `civil_junior` = 12 [ RunTime:0.0504s ]

[ 2016-05-04T20:26:07+08:00 ] ::1 /register_system/index.php/Admin/Enter/civil_admis.html
INFO: [ app_begin ] --START--
INFO: Run Behavior\ReadHtmlCacheBehavior [ RunTime:0.000831s ]
INFO: [ app_begin ] --END-- [ RunTime:0.001472s ]
SQL: SHOW COLUMNS FROM `setting` [ RunTime:0.0235s ]
SQL: SELECT * FROM `setting` LIMIT 1   [ RunTime:0.0002s ]
SQL: SHOW COLUMNS FROM `register` [ RunTime:0.0054s ]
SQL: UPDATE `register` SET `civil_status`='2' WHERE `id` IN ('2','4','6') AND `civil_junior` = 12 [ RunTime:0.0630s ]

[ 2016-05-04T20:26:08+08:00 ] ::1 /register_system/index.php/Admin/Enter/civil_admis.html
INFO: [ app_begin ] --START--
INFO: Run Behavior\ReadHtmlCacheBehavior [ RunTime:0.000571s ]
INFO: [ app_begin ] --END-- [ RunTime:0.001040s ]
SQL: SHOW COLUMNS FROM `setting` [ RunTime:0.0050s ]
SQL: SELECT * FROM `setting` LIMIT 1   [ RunTime:0.0002s ]
SQL: SHOW COLUMNS FROM `register` [ RunTime:0.0055s ]
SQL: UPDATE `register` SET `civil_status`='2' WHERE `id` IN ('2','4','6') AND `civil_junior` = 12 [ RunTime:0.0651s ]

[ 2016-05-04T20:26:08+08:00 ] ::1 /register_system/index.php/Admin/Enter/civil_admis.html
INFO: [ app_begin ] --START--
INFO: Run Behavior\ReadHtmlCacheBehavior [ RunTime:0.000852s ]
INFO: [ app_begin ] --END-- [ RunTime:0.001528s ]
SQL: SHOW COLUMNS FROM `setting` [ RunTime:0.0051s ]
SQL: SELECT * FROM `setting` LIMIT 1   [ RunTime:0.0002s ]
SQL: SHOW COLUMNS FROM `register` [ RunTime:0.0058s ]
SQL: UPDATE `register` SET `civil_status`='2' WHERE `id` IN ('2','4','6') AND `civil_junior` = 12 [ RunTime:0.0599s ]

[ 2016-05-04T20:26:08+08:00 ] ::1 /register_system/index.php/Admin/Enter/civil_admis.html
INFO: [ app_begin ] --START--
INFO: Run Behavior\ReadHtmlCacheBehavior [ RunTime:0.000660s ]
INFO: [ app_begin ] --END-- [ RunTime:0.001149s ]
SQL: SHOW COLUMNS FROM `setting` [ RunTime:0.0046s ]
SQL: SELECT * FROM `setting` LIMIT 1   [ RunTime:0.0002s ]
SQL: SHOW COLUMNS FROM `register` [ RunTime:0.0061s ]
SQL: UPDATE `register` SET `civil_status`='2' WHERE `id` IN ('2','4','6') AND `civil_junior` = 12 [ RunTime:0.0607s ]

[ 2016-05-04T20:26:08+08:00 ] ::1 /register_system/index.php/Admin/Enter/civil_admis.html
INFO: [ app_begin ] --START--
INFO: Run Behavior\ReadHtmlCacheBehavior [ RunTime:0.000659s ]
INFO: [ app_begin ] --END-- [ RunTime:0.001254s ]
SQL: SHOW COLUMNS FROM `setting` [ RunTime:0.0051s ]
SQL: SELECT * FROM `setting` LIMIT 1   [ RunTime:0.0004s ]
SQL: SHOW COLUMNS FROM `register` [ RunTime:0.0050s ]
SQL: UPDATE `register` SET `civil_status`='2' WHERE `id` IN ('2','4','6') AND `civil_junior` = 12 [ RunTime:0.0656s ]

[ 2016-05-04T20:26:08+08:00 ] ::1 /register_system/index.php/Admin/Enter/civil_admis.html
INFO: [ app_begin ] --START--
INFO: Run Behavior\ReadHtmlCacheBehavior [ RunTime:0.000576s ]
INFO: [ app_begin ] --END-- [ RunTime:0.001063s ]
SQL: SHOW COLUMNS FROM `setting` [ RunTime:0.0044s ]
SQL: SELECT * FROM `setting` LIMIT 1   [ RunTime:0.0003s ]
SQL: SHOW COLUMNS FROM `register` [ RunTime:0.0053s ]
SQL: UPDATE `register` SET `civil_status`='2' WHERE `id` IN ('2','4','6') AND `civil_junior` = 12 [ RunTime:0.0725s ]

[ 2016-05-04T20:26:08+08:00 ] ::1 /register_system/index.php/Admin/Enter/civil_admis.html
INFO: [ app_begin ] --START--
INFO: Run Behavior\ReadHtmlCacheBehavior [ RunTime:0.000824s ]
INFO: [ app_begin ] --END-- [ RunTime:0.001471s ]
SQL: SHOW COLUMNS FROM `setting` [ RunTime:0.0049s ]
SQL: SELECT * FROM `setting` LIMIT 1   [ RunTime:0.0002s ]
SQL: SHOW COLUMNS FROM `register` [ RunTime:0.0057s ]
SQL: UPDATE `register` SET `civil_status`='2' WHERE `id` IN ('2','4','6') AND `civil_junior` = 12 [ RunTime:0.0750s ]

[ 2016-05-04T20:26:09+08:00 ] ::1 /register_system/index.php/Admin/Enter/civil_admis.html
INFO: [ app_begin ] --START--
INFO: Run Behavior\ReadHtmlCacheBehavior [ RunTime:0.000816s ]
INFO: [ app_begin ] --END-- [ RunTime:0.001447s ]
SQL: SHOW COLUMNS FROM `setting` [ RunTime:0.0055s ]
SQL: SELECT * FROM `setting` LIMIT 1   [ RunTime:0.0003s ]
SQL: SHOW COLUMNS FROM `register` [ RunTime:0.0048s ]
SQL: UPDATE `register` SET `civil_status`='2' WHERE `id` IN ('2','4','6') AND `civil_junior` = 12 [ RunTime:0.0571s ]

[ 2016-05-04T20:26:09+08:00 ] ::1 /register_system/index.php/Admin/Enter/civil_admis.html
INFO: [ app_begin ] --START--
INFO: Run Behavior\ReadHtmlCacheBehavior [ RunTime:0.000742s ]
INFO: [ app_begin ] --END-- [ RunTime:0.001292s ]
SQL: SHOW COLUMNS FROM `setting` [ RunTime:0.0239s ]
SQL: SELECT * FROM `setting` LIMIT 1   [ RunTime:0.0002s ]
SQL: SHOW COLUMNS FROM `register` [ RunTime:0.0049s ]
SQL: UPDATE `register` SET `civil_status`='2' WHERE `id` IN ('2','4','6') AND `civil_junior` = 12 [ RunTime:0.0587s ]

[ 2016-05-04T20:26:10+08:00 ] ::1 /register_system/index.php/Admin/Enter/civil_admis.html
INFO: [ app_begin ] --START--
INFO: Run Behavior\ReadHtmlCacheBehavior [ RunTime:0.000857s ]
INFO: [ app_begin ] --END-- [ RunTime:0.001576s ]
SQL: SHOW COLUMNS FROM `setting` [ RunTime:0.0198s ]
SQL: SELECT * FROM `setting` LIMIT 1   [ RunTime:0.0003s ]
SQL: SHOW COLUMNS FROM `register` [ RunTime:0.0048s ]
SQL: UPDATE `register` SET `civil_status`='2' WHERE `id` IN ('2','4','6') AND `civil_junior` = 12 [ RunTime:0.0700s ]

[ 2016-05-04T20:26:11+08:00 ] ::1 /register_system/index.php/Admin/Enter/civil_admis.html
INFO: [ app_begin ] --START--
INFO: Run Behavior\ReadHtmlCacheBehavior [ RunTime:0.000596s ]
INFO: [ app_begin ] --END-- [ RunTime:0.001088s ]
SQL: SHOW COLUMNS FROM `setting` [ RunTime:0.0051s ]
SQL: SELECT * FROM `setting` LIMIT 1   [ RunTime:0.0003s ]
SQL: SHOW COLUMNS FROM `register` [ RunTime:0.0046s ]
SQL: UPDATE `register` SET `civil_status`='2' WHERE `id` IN ('2','4','6') AND `civil_junior` = 12 [ RunTime:0.0834s ]

[ 2016-05-04T20:26:34+08:00 ] ::1 /register_system/index.php/Admin/Enter/civil_admis.html
INFO: [ app_begin ] --START--
INFO: Run Behavior\ReadHtmlCacheBehavior [ RunTime:0.000845s ]
INFO: [ app_begin ] --END-- [ RunTime:0.001515s ]
SQL: SHOW COLUMNS FROM `setting` [ RunTime:0.0162s ]
SQL: SELECT * FROM `setting` LIMIT 1   [ RunTime:0.0003s ]
SQL: SHOW COLUMNS FROM `register` [ RunTime:0.0053s ]
SQL: UPDATE `register` SET `civil_status`='2' WHERE `id` IN ('2','4','6') AND `civil_junior` = 12 [ RunTime:0.0621s ]

[ 2016-05-04T20:26:41+08:00 ] ::1 /register_system/index.php/Admin/Enter/civil_admis.html
INFO: [ app_begin ] --START--
INFO: Run Behavior\ReadHtmlCacheBehavior [ RunTime:0.000578s ]
INFO: [ app_begin ] --END-- [ RunTime:0.001059s ]
SQL: SHOW COLUMNS FROM `setting` [ RunTime:0.0251s ]
SQL: SELECT * FROM `setting` LIMIT 1   [ RunTime:0.0002s ]
SQL: SHOW COLUMNS FROM `register` [ RunTime:0.0056s ]
SQL: UPDATE `register` SET `civil_status`='2' WHERE `id` IN ('2','4','6') AND `civil_junior` = 12 [ RunTime:0.0625s ]

[ 2016-05-04T20:26:42+08:00 ] ::1 /register_system/index.php/Admin/Enter/civil_admis.html
INFO: [ app_begin ] --START--
INFO: Run Behavior\ReadHtmlCacheBehavior [ RunTime:0.000611s ]
INFO: [ app_begin ] --END-- [ RunTime:0.001070s ]
SQL: SHOW COLUMNS FROM `setting` [ RunTime:0.0054s ]
SQL: SELECT * FROM `setting` LIMIT 1   [ RunTime:0.0003s ]
SQL: SHOW COLUMNS FROM `register` [ RunTime:0.0057s ]
SQL: UPDATE `register` SET `civil_status`='2' WHERE `id` IN ('2','4','6') AND `civil_junior` = 12 [ RunTime:0.0488s ]

[ 2016-05-04T20:26:43+08:00 ] ::1 /register_system/index.php/Admin/Enter/civil_admis.html
INFO: [ app_begin ] --START--
INFO: Run Behavior\ReadHtmlCacheBehavior [ RunTime:0.000697s ]
INFO: [ app_begin ] --END-- [ RunTime:0.001189s ]
SQL: SHOW COLUMNS FROM `setting` [ RunTime:0.0331s ]
SQL: SELECT * FROM `setting` LIMIT 1   [ RunTime:0.0002s ]
SQL: SHOW COLUMNS FROM `register` [ RunTime:0.0051s ]
SQL: UPDATE `register` SET `civil_status`='2' WHERE `id` IN ('2','4','6') AND `civil_junior` = 12 [ RunTime:0.0743s ]

[ 2016-05-04T20:26:44+08:00 ] ::1 /register_system/index.php/Admin/Enter/civil_admis.html
INFO: [ app_begin ] --START--
INFO: Run Behavior\ReadHtmlCacheBehavior [ RunTime:0.000598s ]
INFO: [ app_begin ] --END-- [ RunTime:0.001140s ]
SQL: SHOW COLUMNS FROM `setting` [ RunTime:0.0059s ]
SQL: SELECT * FROM `setting` LIMIT 1   [ RunTime:0.0003s ]
SQL: SHOW COLUMNS FROM `register` [ RunTime:0.0057s ]
SQL: UPDATE `register` SET `civil_status`='2' WHERE `id` IN ('2','4','6') AND `civil_junior` = 12 [ RunTime:0.0590s ]

[ 2016-05-04T20:26:45+08:00 ] ::1 /register_system/index.php/Admin/Enter/civil_admis.html
INFO: [ app_begin ] --START--
INFO: Run Behavior\ReadHtmlCacheBehavior [ RunTime:0.000570s ]
INFO: [ app_begin ] --END-- [ RunTime:0.001038s ]
SQL: SHOW COLUMNS FROM `setting` [ RunTime:0.0050s ]
SQL: SELECT * FROM `setting` LIMIT 1   [ RunTime:0.0003s ]
SQL: SHOW COLUMNS FROM `register` [ RunTime:0.0052s ]
SQL: UPDATE `register` SET `civil_status`='2' WHERE `id` IN ('2','4','6') AND `civil_junior` = 12 [ RunTime:0.0619s ]

[ 2016-05-04T20:27:35+08:00 ] ::1 /register_system/index.php/Admin/Enter/civil_admis.html
INFO: [ app_begin ] --START--
INFO: Run Behavior\ReadHtmlCacheBehavior [ RunTime:0.001183s ]
INFO: [ app_begin ] --END-- [ RunTime:0.002061s ]
SQL: SHOW COLUMNS FROM `setting` [ RunTime:0.0061s ]
SQL: SELECT * FROM `setting` LIMIT 1   [ RunTime:0.0003s ]
SQL: SHOW COLUMNS FROM `register` [ RunTime:0.0045s ]
SQL: UPDATE `register` SET `civil_status`='2' WHERE `id` IN ('2','4','6') AND `civil_junior` = 12 [ RunTime:0.0741s ]

[ 2016-05-04T20:27:52+08:00 ] ::1 /register_system/index.php/Admin/Enter/civil_admis.html
INFO: [ app_begin ] --START--
INFO: Run Behavior\ReadHtmlCacheBehavior [ RunTime:0.000776s ]
INFO: [ app_begin ] --END-- [ RunTime:0.001506s ]
SQL: SHOW COLUMNS FROM `setting` [ RunTime:0.0053s ]
SQL: SELECT * FROM `setting` LIMIT 1   [ RunTime:0.0002s ]
SQL: SHOW COLUMNS FROM `register` [ RunTime:0.0058s ]
SQL: UPDATE `register` SET `civil_status`='2' WHERE `id` IN ('2','4','6') AND `civil_junior` = 12 [ RunTime:0.0689s ]

[ 2016-05-04T20:28:02+08:00 ] ::1 /register_system/index.php/Admin/Enter/civil_admis.html
INFO: [ app_begin ] --START--
INFO: Run Behavior\ReadHtmlCacheBehavior [ RunTime:0.000605s ]
INFO: [ app_begin ] --END-- [ RunTime:0.001077s ]
SQL: SHOW COLUMNS FROM `setting` [ RunTime:0.0091s ]
SQL: SELECT * FROM `setting` LIMIT 1   [ RunTime:0.0002s ]
SQL: SHOW COLUMNS FROM `register` [ RunTime:0.0052s ]
SQL: UPDATE `register` SET `civil_status`='2' WHERE `id` IN ('2','4','6') AND `civil_junior` = 12 [ RunTime:0.0673s ]

[ 2016-05-04T20:28:03+08:00 ] ::1 /register_system/index.php/Admin/Enter/civil_admis.html
INFO: [ app_begin ] --START--
INFO: Run Behavior\ReadHtmlCacheBehavior [ RunTime:0.000789s ]
INFO: [ app_begin ] --END-- [ RunTime:0.001466s ]
SQL: SHOW COLUMNS FROM `setting` [ RunTime:0.0310s ]
SQL: SELECT * FROM `setting` LIMIT 1   [ RunTime:0.0002s ]
SQL: SHOW COLUMNS FROM `register` [ RunTime:0.0049s ]
SQL: UPDATE `register` SET `civil_status`='2' WHERE `id` IN ('2','4','6') AND `civil_junior` = 12 [ RunTime:0.0694s ]

[ 2016-05-04T20:29:48+08:00 ] ::1 /register_system/index.php/Admin/Enter/civil_admis.html
INFO: [ app_begin ] --START--
INFO: Run Behavior\ReadHtmlCacheBehavior [ RunTime:0.000852s ]
INFO: [ app_begin ] --END-- [ RunTime:0.001500s ]
SQL: SHOW COLUMNS FROM `setting` [ RunTime:0.0216s ]
SQL: SELECT * FROM `setting` LIMIT 1   [ RunTime:0.0003s ]
SQL: SHOW COLUMNS FROM `register` [ RunTime:0.0051s ]
SQL: UPDATE `register` SET `civil_status`='2' WHERE `id` IN ('2','4','6') AND `civil_junior` = 12 [ RunTime:0.0563s ]

[ 2016-05-04T20:29:50+08:00 ] ::1 /register_system/index.php/Admin/Enter/civil_admis.html
INFO: [ app_begin ] --START--
INFO: Run Behavior\ReadHtmlCacheBehavior [ RunTime:0.000643s ]
INFO: [ app_begin ] --END-- [ RunTime:0.001224s ]
SQL: SHOW COLUMNS FROM `setting` [ RunTime:0.0062s ]
SQL: SELECT * FROM `setting` LIMIT 1   [ RunTime:0.0004s ]
SQL: SHOW COLUMNS FROM `register` [ RunTime:0.0057s ]
SQL: UPDATE `register` SET `civil_status`='2' WHERE `id` IN ('2','4','6') AND `civil_junior` = 12 [ RunTime:0.1879s ]

[ 2016-05-04T20:30:13+08:00 ] ::1 /register_system/index.php/Admin/Enter/civil_admis.html
INFO: [ app_begin ] --START--
INFO: Run Behavior\ReadHtmlCacheBehavior [ RunTime:0.001070s ]
INFO: [ app_begin ] --END-- [ RunTime:0.001811s ]
SQL: SHOW COLUMNS FROM `setting` [ RunTime:0.0053s ]
SQL: SELECT * FROM `setting` LIMIT 1   [ RunTime:0.0003s ]
SQL: SHOW COLUMNS FROM `register` [ RunTime:0.0057s ]

[ 2016-05-04T20:30:14+08:00 ] ::1 /register_system/index.php/Admin/Enter/civil_admis.html
INFO: [ app_begin ] --START--
INFO: Run Behavior\ReadHtmlCacheBehavior [ RunTime:0.000814s ]
INFO: [ app_begin ] --END-- [ RunTime:0.001436s ]
SQL: SHOW COLUMNS FROM `setting` [ RunTime:0.0052s ]
SQL: SELECT * FROM `setting` LIMIT 1   [ RunTime:0.0003s ]
SQL: SHOW COLUMNS FROM `register` [ RunTime:0.0049s ]

[ 2016-05-04T20:30:54+08:00 ] ::1 /register_system/index.php/Admin/Enter/civil_admis.html
INFO: [ app_begin ] --START--
INFO: Run Behavior\ReadHtmlCacheBehavior [ RunTime:0.001062s ]
INFO: [ app_begin ] --END-- [ RunTime:0.001783s ]
SQL: SHOW COLUMNS FROM `setting` [ RunTime:0.0061s ]
SQL: SELECT * FROM `setting` LIMIT 1   [ RunTime:0.0003s ]
SQL: SHOW COLUMNS FROM `register` [ RunTime:0.0053s ]
SQL: UPDATE `register` SET `civil_status`='2' WHERE `id` IN ('2','4','6') AND `civil_junior` = 12 [ RunTime:0.0780s ]

[ 2016-05-04T20:31:33+08:00 ] ::1 /register_system/index.php/Admin/Enter/civil_admis.html
INFO: [ app_begin ] --START--
INFO: Run Behavior\ReadHtmlCacheBehavior [ RunTime:0.000834s ]
INFO: [ app_begin ] --END-- [ RunTime:0.001542s ]
SQL: SHOW COLUMNS FROM `setting` [ RunTime:0.0052s ]
SQL: SELECT * FROM `setting` LIMIT 1   [ RunTime:0.0003s ]
SQL: SHOW COLUMNS FROM `register` [ RunTime:0.0057s ]
SQL: UPDATE `register` SET `civil_status`='2' WHERE `id` IN ('2','4','6') AND `civil_junior` = 12 [ RunTime:0.0560s ]

[ 2016-05-04T20:31:36+08:00 ] ::1 /register_system/index.php/Admin/Enter/civil_admis.html
INFO: [ app_begin ] --START--
INFO: Run Behavior\ReadHtmlCacheBehavior [ RunTime:0.000592s ]
INFO: [ app_begin ] --END-- [ RunTime:0.001107s ]
SQL: SHOW COLUMNS FROM `setting` [ RunTime:0.0051s ]
SQL: SELECT * FROM `setting` LIMIT 1   [ RunTime:0.0003s ]
SQL: SHOW COLUMNS FROM `register` [ RunTime:0.0053s ]
SQL: UPDATE `register` SET `civil_status`='2' WHERE `id` IN ('2','4','6') AND `civil_junior` = 12 [ RunTime:0.0593s ]

[ 2016-05-04T20:32:01+08:00 ] ::1 /register_system/index.php/Admin/Enter/civil_admis.html
INFO: [ app_begin ] --START--
INFO: Run Behavior\ReadHtmlCacheBehavior [ RunTime:0.000592s ]
INFO: [ app_begin ] --END-- [ RunTime:0.001047s ]
SQL: SHOW COLUMNS FROM `setting` [ RunTime:0.0058s ]
SQL: SELECT * FROM `setting` LIMIT 1   [ RunTime:0.0003s ]
SQL: SHOW COLUMNS FROM `register` [ RunTime:0.0056s ]
SQL: UPDATE `register` SET `civil_status`='2' WHERE `id` IN ('2','4','6') AND `civil_junior` = 12 [ RunTime:0.0531s ]

[ 2016-05-04T20:32:39+08:00 ] ::1 /register_system/index.php/Admin/Enter/civil_Nadmis.html
INFO: [ app_begin ] --START--
INFO: Run Behavior\ReadHtmlCacheBehavior [ RunTime:0.000582s ]
INFO: [ app_begin ] --END-- [ RunTime:0.001034s ]
SQL: SHOW COLUMNS FROM `setting` [ RunTime:0.0051s ]
SQL: SELECT * FROM `setting` LIMIT 1   [ RunTime:0.0003s ]
SQL: SHOW COLUMNS FROM `register` [ RunTime:0.0053s ]
SQL: UPDATE `register` SET `civil_status`='3' WHERE `id` IN ('2','4','6') AND `civil_junior` = 12 [ RunTime:0.0630s ]
NOTIC: [8] Undefined index: auccess D:\wamp\www\register_system\Application\Admin\Controller\EnterController.class.php 第 328 行.

[ 2016-05-04T20:32:47+08:00 ] ::1 /register_system/index.php/Admin/Enter/civil_admis.html
INFO: [ app_begin ] --START--
INFO: Run Behavior\ReadHtmlCacheBehavior [ RunTime:0.000586s ]
INFO: [ app_begin ] --END-- [ RunTime:0.001043s ]
SQL: SHOW COLUMNS FROM `setting` [ RunTime:0.0170s ]
SQL: SELECT * FROM `setting` LIMIT 1   [ RunTime:0.0002s ]
SQL: SHOW COLUMNS FROM `register` [ RunTime:0.0055s ]
SQL: UPDATE `register` SET `civil_status`='2' WHERE `id` IN ('2','4','6') AND `civil_junior` = 12 [ RunTime:0.0631s ]

[ 2016-05-04T20:32:50+08:00 ] ::1 /register_system/index.php/Admin/Enter/civil_admis.html
INFO: [ app_begin ] --START--
INFO: Run Behavior\ReadHtmlCacheBehavior [ RunTime:0.000846s ]
INFO: [ app_begin ] --END-- [ RunTime:0.001480s ]
SQL: SHOW COLUMNS FROM `setting` [ RunTime:0.0193s ]
SQL: SELECT * FROM `setting` LIMIT 1   [ RunTime:0.0003s ]
SQL: SHOW COLUMNS FROM `register` [ RunTime:0.0054s ]
SQL: UPDATE `register` SET `civil_status`='2' WHERE `id` IN ('2','4','6') AND `civil_junior` = 12 [ RunTime:0.0627s ]

[ 2016-05-04T20:32:51+08:00 ] ::1 /register_system/index.php/Admin/Enter/civil_admis.html
INFO: [ app_begin ] --START--
INFO: Run Behavior\ReadHtmlCacheBehavior [ RunTime:0.000588s ]
INFO: [ app_begin ] --END-- [ RunTime:0.001089s ]
SQL: SHOW COLUMNS FROM `setting` [ RunTime:0.0143s ]
SQL: SELECT * FROM `setting` LIMIT 1   [ RunTime:0.0003s ]
SQL: SHOW COLUMNS FROM `register` [ RunTime:0.0049s ]
SQL: UPDATE `register` SET `civil_status`='2' WHERE `id` IN ('2','4','6') AND `civil_junior` = 12 [ RunTime:0.0648s ]

[ 2016-05-04T20:32:51+08:00 ] ::1 /register_system/index.php/Admin/Enter/civil_admis.html
INFO: [ app_begin ] --START--
INFO: Run Behavior\ReadHtmlCacheBehavior [ RunTime:0.000594s ]
INFO: [ app_begin ] --END-- [ RunTime:0.001208s ]
SQL: SHOW COLUMNS FROM `setting` [ RunTime:0.0170s ]
SQL: SELECT * FROM `setting` LIMIT 1   [ RunTime:0.0003s ]
SQL: SHOW COLUMNS FROM `register` [ RunTime:0.0049s ]
SQL: UPDATE `register` SET `civil_status`='2' WHERE `id` IN ('2','4','6') AND `civil_junior` = 12 [ RunTime:0.0671s ]

[ 2016-05-04T20:34:19+08:00 ] ::1 /register_system/index.php/Admin/Enter/civil_Nadmis.html
INFO: [ app_begin ] --START--
INFO: Run Behavior\ReadHtmlCacheBehavior [ RunTime:0.000776s ]
INFO: [ app_begin ] --END-- [ RunTime:0.001297s ]
SQL: SHOW COLUMNS FROM `setting` [ RunTime:0.0215s ]
SQL: SELECT * FROM `setting` LIMIT 1   [ RunTime:0.0003s ]
SQL: SHOW COLUMNS FROM `register` [ RunTime:0.0053s ]
SQL: UPDATE `register` SET `civil_status`='3' WHERE `id` IN ('2','4','6') AND `civil_junior` = 12 [ RunTime:0.0731s ]
NOTIC: [8] Undefined index: auccess D:\wamp\www\register_system\Application\Admin\Controller\EnterController.class.php 第 328 行.

[ 2016-05-04T20:45:04+08:00 ] ::1 /register_system/index.php/Admin/Enter/civil_Nadmis.html
INFO: [ app_begin ] --START--
INFO: Run Behavior\ReadHtmlCacheBehavior [ RunTime:0.000596s ]
INFO: [ app_begin ] --END-- [ RunTime:0.001066s ]
SQL: SHOW COLUMNS FROM `setting` [ RunTime:0.0054s ]
SQL: SELECT * FROM `setting` LIMIT 1   [ RunTime:0.0003s ]
SQL: SHOW COLUMNS FROM `register` [ RunTime:0.0050s ]
SQL: UPDATE `register` SET `civil_status`='3' WHERE `id` IN ('2','4','6') AND `civil_junior` = 12 [ RunTime:0.0594s ]
NOTIC: [8] Undefined index: auccess D:\wamp\www\register_system\Application\Admin\Controller\EnterController.class.php 第 328 行.

[ 2016-05-04T20:45:07+08:00 ] ::1 /register_system/index.php/Admin/Enter/civil_admis.html
INFO: [ app_begin ] --START--
INFO: Run Behavior\ReadHtmlCacheBehavior [ RunTime:0.000776s ]
INFO: [ app_begin ] --END-- [ RunTime:0.001479s ]
SQL: SHOW COLUMNS FROM `setting` [ RunTime:0.0059s ]
SQL: SELECT * FROM `setting` LIMIT 1   [ RunTime:0.0003s ]
SQL: SHOW COLUMNS FROM `register` [ RunTime:0.0053s ]
SQL: UPDATE `register` SET `civil_status`='2' WHERE `id` IN ('2','4','6') AND `civil_junior` = 12 [ RunTime:0.0604s ]

[ 2016-05-04T21:00:14+08:00 ] ::1 /register_system/index.php/Admin/Enter/civil_issued_admis.html
INFO: [ app_begin ] --START--
INFO: Run Behavior\ReadHtmlCacheBehavior [ RunTime:0.000821s ]
INFO: [ app_begin ] --END-- [ RunTime:0.001365s ]
SQL: SHOW COLUMNS FROM `setting` [ RunTime:0.0076s ]
SQL: SELECT * FROM `setting` LIMIT 1   [ RunTime:0.0007s ]
SQL: SHOW COLUMNS FROM `register` [ RunTime:0.0056s ]
ERR: 表达式错误:or

[ 2016-05-04T21:04:09+08:00 ] ::1 /register_system/index.php/Admin/Enter/civil_issued_admis.html
INFO: [ app_begin ] --START--
INFO: Run Behavior\ReadHtmlCacheBehavior [ RunTime:0.001732s ]
INFO: [ app_begin ] --END-- [ RunTime:0.003085s ]
SQL: SHOW COLUMNS FROM `setting` [ RunTime:0.0228s ]
SQL: SELECT * FROM `setting` LIMIT 1   [ RunTime:0.0002s ]
SQL: SHOW COLUMNS FROM `register` [ RunTime:0.0061s ]
SQL: UPDATE `register` SET `civil_release`='1' WHERE `civil_junior` = 12 AND `civil_status` IN ('2','3') [ RunTime:0.0842s ]
INFO: [ app_end ] --START--
INFO: Run Behavior\ShowPageTraceBehavior [ RunTime:0.001033s ]
INFO: [ app_end ] --END-- [ RunTime:0.001194s ]

[ 2016-05-04T21:59:43+08:00 ] ::1 /register_system/index.php/Admin/Enter/lotNum.html
INFO: [ app_begin ] --START--
INFO: Run Behavior\ReadHtmlCacheBehavior [ RunTime:0.000773s ]
INFO: [ app_begin ] --END-- [ RunTime:0.001384s ]
SQL: SHOW COLUMNS FROM `setting` [ RunTime:0.0055s ]
SQL: SELECT * FROM `setting` LIMIT 1   [ RunTime:0.0003s ]
SQL: SHOW COLUMNS FROM `register` [ RunTime:0.0053s ]
SQL: UPDATE `register` SET `civil_status`='1' WHERE `civil_junior` = 12 AND `id` IN ('1') [ RunTime:0.0625s ]

[ 2016-05-04T21:59:50+08:00 ] ::1 /register_system/index.php/Admin/Enter/lotNum.html
INFO: [ app_begin ] --START--
INFO: Run Behavior\ReadHtmlCacheBehavior [ RunTime:0.001385s ]
INFO: [ app_begin ] --END-- [ RunTime:0.002315s ]
SQL: SHOW COLUMNS FROM `setting` [ RunTime:0.0219s ]
SQL: SELECT * FROM `setting` LIMIT 1   [ RunTime:0.0003s ]
SQL: SHOW COLUMNS FROM `register` [ RunTime:0.0069s ]
SQL: UPDATE `register` SET `civil_status`='1' WHERE `civil_junior` = 12 AND `id` IN ('2') [ RunTime:0.0603s ]

[ 2016-05-04T21:59:57+08:00 ] ::1 /register_system/index.php/Admin/Enter/NlotNum.html
INFO: [ app_begin ] --START--
INFO: Run Behavior\ReadHtmlCacheBehavior [ RunTime:0.000604s ]
INFO: [ app_begin ] --END-- [ RunTime:0.001391s ]
SQL: SHOW COLUMNS FROM `setting` [ RunTime:0.0453s ]
SQL: SELECT * FROM `setting` LIMIT 1   [ RunTime:0.0005s ]
SQL: SHOW COLUMNS FROM `register` [ RunTime:0.0055s ]
SQL: UPDATE `register` SET `civil_status`='3' WHERE `civil_junior` = 12 AND `id` IN ('3') [ RunTime:0.0608s ]

[ 2016-05-04T22:00:00+08:00 ] ::1 /register_system/index.php/Admin/Enter/NlotNum.html
INFO: [ app_begin ] --START--
INFO: Run Behavior\ReadHtmlCacheBehavior [ RunTime:0.001139s ]
INFO: [ app_begin ] --END-- [ RunTime:0.001736s ]
SQL: SHOW COLUMNS FROM `setting` [ RunTime:0.0291s ]
SQL: SELECT * FROM `setting` LIMIT 1   [ RunTime:0.0006s ]
SQL: SHOW COLUMNS FROM `register` [ RunTime:0.0054s ]
SQL: UPDATE `register` SET `civil_status`='3' WHERE `civil_junior` = 12 AND `id` IN ('4') [ RunTime:0.0613s ]

[ 2016-05-04T22:00:03+08:00 ] ::1 /register_system/index.php/Admin/Enter/lotNum.html
INFO: [ app_begin ] --START--
INFO: Run Behavior\ReadHtmlCacheBehavior [ RunTime:0.001304s ]
INFO: [ app_begin ] --END-- [ RunTime:0.002095s ]
SQL: SHOW COLUMNS FROM `setting` [ RunTime:0.0344s ]
SQL: SELECT * FROM `setting` LIMIT 1   [ RunTime:0.0008s ]
SQL: SHOW COLUMNS FROM `register` [ RunTime:0.0051s ]
SQL: UPDATE `register` SET `civil_status`='1' WHERE `civil_junior` = 12 AND `id` IN ('5') [ RunTime:0.0610s ]

[ 2016-05-04T22:00:05+08:00 ] ::1 /register_system/index.php/Admin/Enter/NlotNum.html
INFO: [ app_begin ] --START--
INFO: Run Behavior\ReadHtmlCacheBehavior [ RunTime:0.000582s ]
INFO: [ app_begin ] --END-- [ RunTime:0.001140s ]
SQL: SHOW COLUMNS FROM `setting` [ RunTime:0.0405s ]
SQL: SELECT * FROM `setting` LIMIT 1   [ RunTime:0.0003s ]
SQL: SHOW COLUMNS FROM `register` [ RunTime:0.0055s ]
SQL: UPDATE `register` SET `civil_status`='3' WHERE `civil_junior` = 12 AND `id` IN ('6') [ RunTime:0.0521s ]

[ 2016-05-04T22:06:30+08:00 ] ::1 /register_system/index.php/Admin/Enter/NlotNum.html
INFO: [ app_begin ] --START--
INFO: Run Behavior\ReadHtmlCacheBehavior [ RunTime:0.001573s ]
INFO: [ app_begin ] --END-- [ RunTime:0.002246s ]
SQL: SHOW COLUMNS FROM `setting` [ RunTime:0.0200s ]
SQL: SELECT * FROM `setting` LIMIT 1   [ RunTime:0.0002s ]
SQL: SHOW COLUMNS FROM `register` [ RunTime:0.0056s ]
SQL: UPDATE `register` SET `civil_status`='3' WHERE `civil_junior` = 12 AND `id` IN ('3') [ RunTime:0.0620s ]

[ 2016-05-04T22:06:34+08:00 ] ::1 /register_system/index.php/Admin/Enter/NlotNum.html
INFO: [ app_begin ] --START--
INFO: Run Behavior\ReadHtmlCacheBehavior [ RunTime:0.000835s ]
INFO: [ app_begin ] --END-- [ RunTime:0.001521s ]
SQL: SHOW COLUMNS FROM `setting` [ RunTime:0.0109s ]
SQL: SELECT * FROM `setting` LIMIT 1   [ RunTime:0.0002s ]
SQL: SHOW COLUMNS FROM `register` [ RunTime:0.0057s ]
SQL: UPDATE `register` SET `civil_status`='3' WHERE `civil_junior` = 12 AND `id` IN ('4') [ RunTime:0.0659s ]

[ 2016-05-04T22:06:37+08:00 ] ::1 /register_system/index.php/Admin/Enter/NlotNum.html
INFO: [ app_begin ] --START--
INFO: Run Behavior\ReadHtmlCacheBehavior [ RunTime:0.000918s ]
INFO: [ app_begin ] --END-- [ RunTime:0.001768s ]
SQL: SHOW COLUMNS FROM `setting` [ RunTime:0.0327s ]
SQL: SELECT * FROM `setting` LIMIT 1   [ RunTime:0.0004s ]
SQL: SHOW COLUMNS FROM `register` [ RunTime:0.0076s ]
SQL: UPDATE `register` SET `civil_status`='3' WHERE `civil_junior` = 12 AND `id` IN ('6') [ RunTime:0.0585s ]

[ 2016-05-04T22:07:45+08:00 ] ::1 /register_system/index.php/Admin/Enter/lotNum.html
INFO: [ app_begin ] --START--
INFO: Run Behavior\ReadHtmlCacheBehavior [ RunTime:0.000855s ]
INFO: [ app_begin ] --END-- [ RunTime:0.001599s ]
SQL: SHOW COLUMNS FROM `setting` [ RunTime:0.0062s ]
SQL: SELECT * FROM `setting` LIMIT 1   [ RunTime:0.0007s ]
SQL: SHOW COLUMNS FROM `register` [ RunTime:0.0077s ]
SQL: UPDATE `register` SET `civil_status`='1' WHERE `civil_junior` = 12 AND `id` IN ('3') [ RunTime:0.0763s ]

[ 2016-05-04T22:07:58+08:00 ] ::1 /register_system/index.php/Admin/Enter/NlotNum.html
INFO: [ app_begin ] --START--
INFO: Run Behavior\ReadHtmlCacheBehavior [ RunTime:0.000564s ]
INFO: [ app_begin ] --END-- [ RunTime:0.001024s ]
SQL: SHOW COLUMNS FROM `setting` [ RunTime:0.0075s ]
SQL: SELECT * FROM `setting` LIMIT 1   [ RunTime:0.0003s ]
SQL: SHOW COLUMNS FROM `register` [ RunTime:0.0048s ]
SQL: UPDATE `register` SET `civil_status`='3' WHERE `civil_junior` = 12 AND `id` IN ('1','2','3') [ RunTime:0.0761s ]

[ 2016-05-04T22:08:07+08:00 ] ::1 /register_system/index.php/Admin/Enter/NlotNum.html
INFO: [ app_begin ] --START--
INFO: Run Behavior\ReadHtmlCacheBehavior [ RunTime:0.001091s ]
INFO: [ app_begin ] --END-- [ RunTime:0.001857s ]
SQL: SHOW COLUMNS FROM `setting` [ RunTime:0.0066s ]
SQL: SELECT * FROM `setting` LIMIT 1   [ RunTime:0.0003s ]
SQL: SHOW COLUMNS FROM `register` [ RunTime:0.0050s ]
SQL: UPDATE `register` SET `civil_status`='3' WHERE `civil_junior` = 12 AND `id` IN ('5') [ RunTime:0.0864s ]

[ 2016-05-04T22:08:12+08:00 ] ::1 /register_system/index.php/Admin/Enter/lotNum.html
INFO: [ app_begin ] --START--
INFO: Run Behavior\ReadHtmlCacheBehavior [ RunTime:0.000793s ]
INFO: [ app_begin ] --END-- [ RunTime:0.001460s ]
SQL: SHOW COLUMNS FROM `setting` [ RunTime:0.0199s ]
SQL: SELECT * FROM `setting` LIMIT 1   [ RunTime:0.0003s ]
SQL: SHOW COLUMNS FROM `register` [ RunTime:0.0050s ]
SQL: UPDATE `register` SET `civil_status`='1' WHERE `civil_junior` = 12 AND `id` IN ('1','2','3','4','5','6') [ RunTime:0.0736s ]

[ 2016-05-04T22:10:45+08:00 ] ::1 /register_system/index.php/Admin/Enter/cilil_issued_lot.html
INFO: [ app_begin ] --START--
INFO: Run Behavior\ReadHtmlCacheBehavior [ RunTime:0.001108s ]
INFO: [ app_begin ] --END-- [ RunTime:0.001858s ]
SQL: SHOW COLUMNS FROM `setting` [ RunTime:0.0061s ]
SQL: SELECT * FROM `setting` LIMIT 1   [ RunTime:0.0002s ]
SQL: SHOW COLUMNS FROM `register` [ RunTime:0.0054s ]
SQL: UPDATE `register` SET `lot_release`='1' WHERE `civil_junior` = 12 AND `civil_status` = 1 [ RunTime:0.0004s ]
SQL: UPDATE `register` SET `lot_release`='1',`civil_release`='1' WHERE `civil_junior` = 12 AND `civil_status` = 3 [ RunTime:0.0002s ]

[ 2016-05-04T22:11:08+08:00 ] ::1 /register_system/index.php/Admin/Enter/civil_issued_admis.html
INFO: [ app_begin ] --START--
INFO: Run Behavior\ReadHtmlCacheBehavior [ RunTime:0.000580s ]
INFO: [ app_begin ] --END-- [ RunTime:0.001044s ]
SQL: SHOW COLUMNS FROM `setting` [ RunTime:0.0063s ]
SQL: SELECT * FROM `setting` LIMIT 1   [ RunTime:0.0003s ]
SQL: SHOW COLUMNS FROM `register` [ RunTime:0.0047s ]
SQL: UPDATE `register` SET `civil_release`='1' WHERE `civil_junior` = 12 AND `civil_status` IN ('2','3') [ RunTime:0.0005s ]

[ 2016-05-04T22:11:17+08:00 ] ::1 /register_system/index.php/Admin/Enter/civil_issued_admis.html
INFO: [ app_begin ] --START--
INFO: Run Behavior\ReadHtmlCacheBehavior [ RunTime:0.000737s ]
INFO: [ app_begin ] --END-- [ RunTime:0.001349s ]
SQL: SHOW COLUMNS FROM `setting` [ RunTime:0.0054s ]
SQL: SELECT * FROM `setting` LIMIT 1   [ RunTime:0.0003s ]
SQL: SHOW COLUMNS FROM `register` [ RunTime:0.0055s ]
SQL: UPDATE `register` SET `civil_release`='1' WHERE `civil_junior` = 12 AND `civil_status` IN ('2','3') [ RunTime:0.0004s ]

[ 2016-05-04T22:13:30+08:00 ] ::1 /register_system/index.php/Admin/Enter/civil_admis.html
INFO: [ app_begin ] --START--
INFO: Run Behavior\ReadHtmlCacheBehavior [ RunTime:0.000573s ]
INFO: [ app_begin ] --END-- [ RunTime:0.001087s ]
SQL: SHOW COLUMNS FROM `setting` [ RunTime:0.0064s ]
SQL: SELECT * FROM `setting` LIMIT 1   [ RunTime:0.0003s ]
SQL: SHOW COLUMNS FROM `register` [ RunTime:0.0060s ]
SQL: UPDATE `register` SET `civil_status`='2' WHERE `id` IN ('1','2','3','4','5','6') AND `civil_junior` = 12 [ RunTime:0.0752s ]

[ 2016-05-04T22:13:36+08:00 ] ::1 /register_system/index.php/Admin/Enter/civil_Nadmis.html
INFO: [ app_begin ] --START--
INFO: Run Behavior\ReadHtmlCacheBehavior [ RunTime:0.000582s ]
INFO: [ app_begin ] --END-- [ RunTime:0.001045s ]
SQL: SHOW COLUMNS FROM `setting` [ RunTime:0.0290s ]
SQL: SELECT * FROM `setting` LIMIT 1   [ RunTime:0.0003s ]
SQL: SHOW COLUMNS FROM `register` [ RunTime:0.0045s ]
SQL: UPDATE `register` SET `civil_status`='3' WHERE `id` IN ('1','2','3','4','5','6') AND `civil_junior` = 12 [ RunTime:0.0627s ]
NOTIC: [8] Undefined index: auccess D:\wamp\www\register_system\Application\Admin\Controller\EnterController.class.php 第 350 行.

[ 2016-05-04T22:17:31+08:00 ] ::1 /register_system/index.php/Admin/Enter/civil_Nadmis.html
INFO: [ app_begin ] --START--
INFO: Run Behavior\ReadHtmlCacheBehavior [ RunTime:0.001615s ]
INFO: [ app_begin ] --END-- [ RunTime:0.002705s ]
SQL: SHOW COLUMNS FROM `setting` [ RunTime:0.0061s ]
SQL: SELECT * FROM `setting` LIMIT 1   [ RunTime:0.0002s ]

[ 2016-05-04T22:18:36+08:00 ] ::1 /register_system/index.php/Admin/Enter/civil_Nadmis.html
INFO: [ app_begin ] --START--
INFO: Run Behavior\ReadHtmlCacheBehavior [ RunTime:0.001753s ]
INFO: [ app_begin ] --END-- [ RunTime:0.002681s ]
SQL: SHOW COLUMNS FROM `setting` [ RunTime:0.0247s ]
SQL: SELECT * FROM `setting` LIMIT 1   [ RunTime:0.0002s ]

[ 2016-05-04T22:18:50+08:00 ] ::1 /register_system/index.php/Admin/Enter/civil_Nadmis.html
INFO: [ app_begin ] --START--
INFO: Run Behavior\ReadHtmlCacheBehavior [ RunTime:0.000627s ]
INFO: [ app_begin ] --END-- [ RunTime:0.001371s ]
SQL: SHOW COLUMNS FROM `setting` [ RunTime:0.0071s ]
SQL: SELECT * FROM `setting` LIMIT 1   [ RunTime:0.0003s ]

[ 2016-05-04T22:19:18+08:00 ] ::1 /register_system/index.php/Admin/Enter/civil_Nadmis.html
INFO: [ app_begin ] --START--
INFO: Run Behavior\ReadHtmlCacheBehavior [ RunTime:0.000761s ]
INFO: [ app_begin ] --END-- [ RunTime:0.001319s ]
SQL: SHOW COLUMNS FROM `setting` [ RunTime:0.0222s ]
SQL: SELECT * FROM `setting` LIMIT 1   [ RunTime:0.0003s ]

[ 2016-05-04T22:27:03+08:00 ] ::1 /register_system/index.php/Admin/Enter/civil_admis.html
INFO: [ app_begin ] --START--
INFO: Run Behavior\ReadHtmlCacheBehavior [ RunTime:0.000785s ]
INFO: [ app_begin ] --END-- [ RunTime:0.001331s ]
SQL: SHOW COLUMNS FROM `setting` [ RunTime:0.0419s ]
SQL: SELECT * FROM `setting` LIMIT 1   [ RunTime:0.0003s ]

[ 2016-05-04T22:29:17+08:00 ] ::1 /register_system/index.php/Admin/Enter/civil_admis.html
INFO: [ app_begin ] --START--
INFO: Run Behavior\ReadHtmlCacheBehavior [ RunTime:0.001114s ]
INFO: [ app_begin ] --END-- [ RunTime:0.001933s ]
SQL: SHOW COLUMNS FROM `setting` [ RunTime:0.1003s ]
SQL: SELECT * FROM `setting` LIMIT 1   [ RunTime:0.0003s ]

[ 2016-05-04T22:33:20+08:00 ] ::1 /register_system/index.php/Admin/Enter/civil_admis.html
INFO: [ app_begin ] --START--
INFO: Run Behavior\ReadHtmlCacheBehavior [ RunTime:0.000753s ]
INFO: [ app_begin ] --END-- [ RunTime:0.001276s ]
SQL: SHOW COLUMNS FROM `setting` [ RunTime:0.0075s ]
SQL: SELECT * FROM `setting` LIMIT 1   [ RunTime:0.0003s ]
SQL: SHOW COLUMNS FROM `register` [ RunTime:0.0055s ]
SQL: UPDATE `register` SET `civil_status`='2' WHERE `id` IN ('1') AND `civil_junior` = 12 [ RunTime:0.0813s ]

[ 2016-05-04T22:33:32+08:00 ] ::1 /register_system/index.php/Admin/Enter/civil_admis.html
INFO: [ app_begin ] --START--
INFO: Run Behavior\ReadHtmlCacheBehavior [ RunTime:0.000761s ]
INFO: [ app_begin ] --END-- [ RunTime:0.001283s ]
SQL: SHOW COLUMNS FROM `setting` [ RunTime:0.0056s ]
SQL: SELECT * FROM `setting` LIMIT 1   [ RunTime:0.0003s ]
SQL: SHOW COLUMNS FROM `register` [ RunTime:0.0051s ]
SQL: UPDATE `register` SET `civil_status`='2' WHERE `id` IN ('1','2','3','4','5','6') AND `civil_junior` = 12 [ RunTime:0.0793s ]

[ 2016-05-04T22:33:42+08:00 ] ::1 /register_system/index.php/Admin/Enter/civil_Nadmis.html
INFO: [ app_begin ] --START--
INFO: Run Behavior\ReadHtmlCacheBehavior [ RunTime:0.000873s ]
INFO: [ app_begin ] --END-- [ RunTime:0.001522s ]
SQL: SHOW COLUMNS FROM `setting` [ RunTime:0.0067s ]
SQL: SELECT * FROM `setting` LIMIT 1   [ RunTime:0.0007s ]

[ 2016-05-04T22:33:50+08:00 ] ::1 /register_system/index.php/Admin/Enter/civil_Nadmis.html
INFO: [ app_begin ] --START--
INFO: Run Behavior\ReadHtmlCacheBehavior [ RunTime:0.001086s ]
INFO: [ app_begin ] --END-- [ RunTime:0.001790s ]
SQL: SHOW COLUMNS FROM `setting` [ RunTime:0.0329s ]
SQL: SELECT * FROM `setting` LIMIT 1   [ RunTime:0.0003s ]
SQL: SHOW COLUMNS FROM `register` [ RunTime:0.0048s ]
SQL: UPDATE `register` SET `civil_status`='3' WHERE `civil_junior` = 12 AND `id` IN ('1','2','3','4','5','6') [ RunTime:0.0513s ]
NOTIC: [8] Undefined index: auccess D:\wamp\www\register_system\Application\Admin\Controller\EnterController.class.php 第 350 行.

[ 2016-05-04T22:33:58+08:00 ] ::1 /register_system/index.php/Admin/Enter/civil_admis.html
INFO: [ app_begin ] --START--
INFO: Run Behavior\ReadHtmlCacheBehavior [ RunTime:0.000881s ]
INFO: [ app_begin ] --END-- [ RunTime:0.001394s ]
SQL: SHOW COLUMNS FROM `setting` [ RunTime:0.0332s ]
SQL: SELECT * FROM `setting` LIMIT 1   [ RunTime:0.0002s ]

[ 2016-05-04T22:35:48+08:00 ] ::1 /register_system/index.php/Admin/Enter/civil_admis.html
INFO: [ app_begin ] --START--
INFO: Run Behavior\ReadHtmlCacheBehavior [ RunTime:0.001005s ]
INFO: [ app_begin ] --END-- [ RunTime:0.001611s ]
SQL: SHOW COLUMNS FROM `setting` [ RunTime:0.0066s ]
SQL: SELECT * FROM `setting` LIMIT 1   [ RunTime:0.0003s ]
SQL: SHOW COLUMNS FROM `register` [ RunTime:0.0053s ]
SQL: UPDATE `register` SET `civil_status`='2' WHERE `id` IN ('1','2','3','4','5','6') AND `civil_junior` = 12 [ RunTime:0.0767s ]

[ 2016-05-04T22:35:53+08:00 ] ::1 /register_system/index.php/Admin/Enter/civil_Nadmis.html
INFO: [ app_begin ] --START--
INFO: Run Behavior\ReadHtmlCacheBehavior [ RunTime:0.000961s ]
INFO: [ app_begin ] --END-- [ RunTime:0.001656s ]
SQL: SHOW COLUMNS FROM `setting` [ RunTime:0.0113s ]
SQL: SELECT * FROM `setting` LIMIT 1   [ RunTime:0.0003s ]

[ 2016-05-04T22:35:57+08:00 ] ::1 /register_system/index.php/Admin/Enter/civil_Nadmis.html
INFO: [ app_begin ] --START--
INFO: Run Behavior\ReadHtmlCacheBehavior [ RunTime:0.001311s ]
INFO: [ app_begin ] --END-- [ RunTime:0.002164s ]
SQL: SHOW COLUMNS FROM `setting` [ RunTime:0.0074s ]
SQL: SELECT * FROM `setting` LIMIT 1   [ RunTime:0.0002s ]

[ 2016-05-04T22:36:17+08:00 ] ::1 /register_system/index.php/Admin/Enter/civil_Nadmis.html
INFO: [ app_begin ] --START--
INFO: Run Behavior\ReadHtmlCacheBehavior [ RunTime:0.001188s ]
INFO: [ app_begin ] --END-- [ RunTime:0.001877s ]
SQL: SHOW COLUMNS FROM `setting` [ RunTime:0.0336s ]
SQL: SELECT * FROM `setting` LIMIT 1   [ RunTime:0.0002s ]

[ 2016-05-04T22:41:07+08:00 ] ::1 /register_system/index.php/Admin/Enter/NlotNum.html
INFO: [ app_begin ] --START--
INFO: Run Behavior\ReadHtmlCacheBehavior [ RunTime:0.000778s ]
INFO: [ app_begin ] --END-- [ RunTime:0.001312s ]
SQL: SHOW COLUMNS FROM `setting` [ RunTime:0.0069s ]
SQL: SELECT * FROM `setting` LIMIT 1   [ RunTime:0.0003s ]
SQL: SHOW COLUMNS FROM `register` [ RunTime:0.0059s ]
SQL: UPDATE `register` SET `civil_status`='3' WHERE `civil_junior` = 12 AND `id` IN ('1') [ RunTime:0.0493s ]

[ 2016-05-04T22:41:15+08:00 ] ::1 /register_system/index.php/Admin/Enter/lotNum.html
INFO: [ app_begin ] --START--
INFO: Run Behavior\ReadHtmlCacheBehavior [ RunTime:0.001244s ]
INFO: [ app_begin ] --END-- [ RunTime:0.002142s ]
SQL: SHOW COLUMNS FROM `setting` [ RunTime:0.0065s ]
SQL: SELECT * FROM `setting` LIMIT 1   [ RunTime:0.0003s ]
SQL: SHOW COLUMNS FROM `register` [ RunTime:0.0050s ]
SQL: UPDATE `register` SET `civil_status`='1' WHERE `civil_junior` = 12 AND `id` IN ('2') [ RunTime:0.0719s ]

[ 2016-05-04T22:42:05+08:00 ] ::1 /register_system/index.php/Admin/Enter/lotNum.html
INFO: [ app_begin ] --START--
INFO: Run Behavior\ReadHtmlCacheBehavior [ RunTime:0.001111s ]
INFO: [ app_begin ] --END-- [ RunTime:0.001877s ]
SQL: SHOW COLUMNS FROM `setting` [ RunTime:0.0064s ]
SQL: SELECT * FROM `setting` LIMIT 1   [ RunTime:0.0003s ]
SQL: SHOW COLUMNS FROM `register` [ RunTime:0.0058s ]
SQL: UPDATE `register` SET `civil_status`='1' WHERE `civil_junior` = 12 AND `id` IN ('1','2','3','4','5','6') [ RunTime:0.0937s ]

