[ 2016-05-10T09:48:24+08:00 ] ::1 /register_system/index.php/Admin/Enter/lotNum.html
INFO: [ app_begin ] --START--
INFO: Run Behavior\ReadHtmlCacheBehavior [ RunTime:0.000788s ]
INFO: [ app_begin ] --END-- [ RunTime:0.001284s ]
SQL: SHOW COLUMNS FROM `setting` [ RunTime:0.0042s ]
SQL: SELECT * FROM `setting` LIMIT 1   [ RunTime:0.0003s ]
SQL: SHOW COLUMNS FROM `register` [ RunTime:0.0040s ]
SQL: UPDATE `register` SET `civil_status`='1' WHERE `civil_junior` = 12 AND `id` IN ('1','3','5','7','8','9','10','11','12','13') [ RunTime:0.1032s ]

[ 2016-05-10T09:58:56+08:00 ] ::1 /register_system/index.php/Admin/Enter/lotNum.html
INFO: [ app_begin ] --START--
INFO: Run Behavior\ReadHtmlCacheBehavior [ RunTime:0.000751s ]
INFO: [ app_begin ] --END-- [ RunTime:0.001221s ]
SQL: SHOW COLUMNS FROM `setting` [ RunTime:0.0044s ]
SQL: SELECT * FROM `setting` LIMIT 1   [ RunTime:0.0004s ]
SQL: SHOW COLUMNS FROM `register` [ RunTime:0.0043s ]
SQL: UPDATE `register` SET `civil_status`='1' WHERE `civil_junior` = 12 AND `id` IN ('13') [ RunTime:0.1115s ]

[ 2016-05-10T09:59:06+08:00 ] ::1 /register_system/index.php/Admin/Enter/lotNum.html
INFO: [ app_begin ] --START--
INFO: Run Behavior\ReadHtmlCacheBehavior [ RunTime:0.000757s ]
INFO: [ app_begin ] --END-- [ RunTime:0.001248s ]
SQL: SHOW COLUMNS FROM `setting` [ RunTime:0.0135s ]
SQL: SELECT * FROM `setting` LIMIT 1   [ RunTime:0.0003s ]
SQL: SHOW COLUMNS FROM `register` [ RunTime:0.0044s ]
SQL: UPDATE `register` SET `civil_status`='1' WHERE `civil_junior` = 12 AND `id` IN ('1','2','3','5','7','8','9','10','11','12') [ RunTime:0.0616s ]

[ 2016-05-10T09:59:18+08:00 ] ::1 /register_system/index.php/Admin/Enter/NlotNum.html
INFO: [ app_begin ] --START--
INFO: Run Behavior\ReadHtmlCacheBehavior [ RunTime:0.000827s ]
INFO: [ app_begin ] --END-- [ RunTime:0.001330s ]
SQL: SHOW COLUMNS FROM `setting` [ RunTime:0.0054s ]
SQL: SELECT * FROM `setting` LIMIT 1   [ RunTime:0.0003s ]
SQL: SHOW COLUMNS FROM `register` [ RunTime:0.0042s ]
SQL: UPDATE `register` SET `civil_status`='3' WHERE `civil_junior` = 12 AND `id` IN ('1','2','3','5','7','8','9','10','11','12') [ RunTime:0.0621s ]

[ 2016-05-10T09:59:43+08:00 ] ::1 /register_system/index.php/Admin/Enter/lotNum.html
INFO: [ app_begin ] --START--
INFO: Run Behavior\ReadHtmlCacheBehavior [ RunTime:0.000696s ]
INFO: [ app_begin ] --END-- [ RunTime:0.001197s ]
SQL: SHOW COLUMNS FROM `setting` [ RunTime:0.0079s ]
SQL: SELECT * FROM `setting` LIMIT 1   [ RunTime:0.0003s ]
SQL: SHOW COLUMNS FROM `register` [ RunTime:0.0047s ]
SQL: UPDATE `register` SET `civil_status`='1' WHERE `civil_junior` = 12 AND `id` IN ('2','8','10','12') [ RunTime:0.0728s ]

[ 2016-05-10T09:59:50+08:00 ] ::1 /register_system/index.php/Admin/Enter/NlotNum.html
INFO: [ app_begin ] --START--
INFO: Run Behavior\ReadHtmlCacheBehavior [ RunTime:0.001736s ]
INFO: [ app_begin ] --END-- [ RunTime:0.002780s ]
SQL: SHOW COLUMNS FROM `setting` [ RunTime:0.0040s ]
SQL: SELECT * FROM `setting` LIMIT 1   [ RunTime:0.0003s ]
SQL: SHOW COLUMNS FROM `register` [ RunTime:0.0044s ]
SQL: UPDATE `register` SET `civil_status`='3' WHERE `civil_junior` = 12 AND `id` IN ('13') [ RunTime:0.0643s ]

[ 2016-05-10T09:59:59+08:00 ] ::1 /register_system/index.php/Admin/Enter/cilil_issued_lot.html
INFO: [ app_begin ] --START--
INFO: Run Behavior\ReadHtmlCacheBehavior [ RunTime:0.000896s ]
INFO: [ app_begin ] --END-- [ RunTime:0.001442s ]
SQL: SHOW COLUMNS FROM `setting` [ RunTime:0.0057s ]
SQL: SELECT * FROM `setting` LIMIT 1   [ RunTime:0.0003s ]
SQL: SHOW COLUMNS FROM `register` [ RunTime:0.0046s ]
SQL: UPDATE `register` SET `lot_release`='1' WHERE `civil_junior` = 12 AND `civil_status` = 1 [ RunTime:0.0087s ]
SQL: UPDATE `register` SET `lot_release`='1',`civil_release`='1' WHERE `civil_junior` = 12 AND `civil_status` = 3 [ RunTime:0.0003s ]

[ 2016-05-10T10:02:08+08:00 ] ::1 /register_system/index.php/Admin/Enter/civil_admis.html
INFO: [ app_begin ] --START--
INFO: Run Behavior\ReadHtmlCacheBehavior [ RunTime:0.000737s ]
INFO: [ app_begin ] --END-- [ RunTime:0.001210s ]
SQL: SHOW COLUMNS FROM `setting` [ RunTime:0.0040s ]
SQL: SELECT * FROM `setting` LIMIT 1   [ RunTime:0.0002s ]
SQL: SHOW COLUMNS FROM `register` [ RunTime:0.0042s ]
SQL: UPDATE `register` SET `civil_status`='2' WHERE `id` IN ('2','8','10','12') AND `civil_junior` = 12 [ RunTime:0.0664s ]

[ 2016-05-10T10:02:10+08:00 ] ::1 /register_system/index.php/Admin/Enter/civil_issued_admis.html
INFO: [ app_begin ] --START--
INFO: Run Behavior\ReadHtmlCacheBehavior [ RunTime:0.000691s ]
INFO: [ app_begin ] --END-- [ RunTime:0.001162s ]
SQL: SHOW COLUMNS FROM `setting` [ RunTime:0.0418s ]
SQL: SELECT * FROM `setting` LIMIT 1   [ RunTime:0.0002s ]
SQL: SHOW COLUMNS FROM `register` [ RunTime:0.0039s ]
SQL: UPDATE `register` SET `civil_release`='1' WHERE `civil_junior` = 12 AND `civil_status` IN ('2','3') [ RunTime:0.0423s ]

[ 2016-05-10T10:46:13+08:00 ] ::1 /register_system/index.php/Admin/Enter/lotNum.html
INFO: [ app_begin ] --START--
INFO: Run Behavior\ReadHtmlCacheBehavior [ RunTime:0.000750s ]
INFO: [ app_begin ] --END-- [ RunTime:0.001232s ]
SQL: SHOW COLUMNS FROM `setting` [ RunTime:0.0045s ]
SQL: SELECT * FROM `setting` LIMIT 1   [ RunTime:0.0003s ]
SQL: SHOW COLUMNS FROM `register` [ RunTime:0.0040s ]
SQL: UPDATE `register` SET `civil_status`='1' WHERE `civil_junior` = 12 AND `id` IN ('1','2','3','5','7','8','9','10','11','12') [ RunTime:0.0697s ]

[ 2016-05-10T10:46:16+08:00 ] ::1 /register_system/index.php/Admin/Enter/cilil_issued_lot.html
INFO: [ app_begin ] --START--
INFO: Run Behavior\ReadHtmlCacheBehavior [ RunTime:0.000815s ]
INFO: [ app_begin ] --END-- [ RunTime:0.001373s ]
SQL: SHOW COLUMNS FROM `setting` [ RunTime:0.0327s ]
SQL: SELECT * FROM `setting` LIMIT 1   [ RunTime:0.0004s ]
SQL: SHOW COLUMNS FROM `register` [ RunTime:0.0048s ]
SQL: UPDATE `register` SET `lot_release`='1' WHERE `civil_junior` = 12 AND `civil_status` = 1 [ RunTime:0.0004s ]
SQL: UPDATE `register` SET `lot_release`='1',`civil_release`='1' WHERE `civil_junior` = 12 AND `civil_status` = 3 [ RunTime:0.0003s ]

[ 2016-05-10T10:46:37+08:00 ] ::1 /register_system/index.php/Admin/Enter/civil_admis.html
INFO: [ app_begin ] --START--
INFO: Run Behavior\ReadHtmlCacheBehavior [ RunTime:0.000742s ]
INFO: [ app_begin ] --END-- [ RunTime:0.001233s ]
SQL: SHOW COLUMNS FROM `setting` [ RunTime:0.0039s ]
SQL: SELECT * FROM `setting` LIMIT 1   [ RunTime:0.0003s ]
SQL: SHOW COLUMNS FROM `register` [ RunTime:0.0042s ]
SQL: UPDATE `register` SET `civil_status`='2' WHERE `id` IN ('1','2','3','5','7','8','9','10','11','12') AND `civil_junior` = 12 [ RunTime:0.0674s ]

[ 2016-05-10T10:46:39+08:00 ] ::1 /register_system/index.php/Admin/Enter/civil_issued_admis.html
INFO: [ app_begin ] --START--
INFO: Run Behavior\ReadHtmlCacheBehavior [ RunTime:0.000833s ]
INFO: [ app_begin ] --END-- [ RunTime:0.001626s ]
SQL: SHOW COLUMNS FROM `setting` [ RunTime:0.0298s ]
SQL: SELECT * FROM `setting` LIMIT 1   [ RunTime:0.0003s ]
SQL: SHOW COLUMNS FROM `register` [ RunTime:0.0041s ]
SQL: UPDATE `register` SET `civil_release`='1' WHERE `civil_junior` = 12 AND `civil_status` IN ('2','3') [ RunTime:0.0454s ]

[ 2016-05-10T10:47:19+08:00 ] ::1 /register_system/index.php/Admin/Enter/lotNum.html
INFO: [ app_begin ] --START--
INFO: Run Behavior\ReadHtmlCacheBehavior [ RunTime:0.000717s ]
INFO: [ app_begin ] --END-- [ RunTime:0.001222s ]
SQL: SHOW COLUMNS FROM `setting` [ RunTime:0.0041s ]
SQL: SELECT * FROM `setting` LIMIT 1   [ RunTime:0.0003s ]
SQL: SHOW COLUMNS FROM `register` [ RunTime:0.0041s ]
SQL: UPDATE `register` SET `civil_status`='1' WHERE `civil_junior` = 12 AND `id` IN ('1','2','3','5','7','8','9','10','11','12') [ RunTime:0.0584s ]

[ 2016-05-10T10:47:22+08:00 ] ::1 /register_system/index.php/Admin/Enter/cilil_issued_lot.html
INFO: [ app_begin ] --START--
INFO: Run Behavior\ReadHtmlCacheBehavior [ RunTime:0.000765s ]
INFO: [ app_begin ] --END-- [ RunTime:0.001243s ]
SQL: SHOW COLUMNS FROM `setting` [ RunTime:0.0296s ]
SQL: SELECT * FROM `setting` LIMIT 1   [ RunTime:0.0006s ]
SQL: SHOW COLUMNS FROM `register` [ RunTime:0.0043s ]
SQL: UPDATE `register` SET `lot_release`='1' WHERE `civil_junior` = 12 AND `civil_status` = 1 [ RunTime:0.0004s ]
SQL: UPDATE `register` SET `lot_release`='1',`civil_release`='1' WHERE `civil_junior` = 12 AND `civil_status` = 3 [ RunTime:0.0003s ]

[ 2016-05-10T10:49:07+08:00 ] ::1 /register_system/index.php/Admin/Enter/civil_admis.html
INFO: [ app_begin ] --START--
INFO: Run Behavior\ReadHtmlCacheBehavior [ RunTime:0.000827s ]
INFO: [ app_begin ] --END-- [ RunTime:0.001364s ]
SQL: SHOW COLUMNS FROM `setting` [ RunTime:0.0053s ]
SQL: SELECT * FROM `setting` LIMIT 1   [ RunTime:0.0003s ]
SQL: SHOW COLUMNS FROM `register` [ RunTime:0.0054s ]
SQL: UPDATE `register` SET `civil_status`='2' WHERE `id` IN ('1','2','3','5','7','8','9','10','11','12') AND `civil_junior` = 12 [ RunTime:0.0728s ]

[ 2016-05-10T11:01:15+08:00 ] ::1 /register_system/index.php/Admin/Enter/civil_Nadmis.html
INFO: [ app_begin ] --START--
INFO: Run Behavior\ReadHtmlCacheBehavior [ RunTime:0.000782s ]
INFO: [ app_begin ] --END-- [ RunTime:0.001294s ]
SQL: SHOW COLUMNS FROM `setting` [ RunTime:0.0061s ]
SQL: SELECT * FROM `setting` LIMIT 1   [ RunTime:0.0003s ]
SQL: SHOW COLUMNS FROM `register` [ RunTime:0.0042s ]
SQL: UPDATE `register` SET `civil_status`='3' WHERE `civil_junior` = 12 AND `id` IN ('1','2','3','5','7','8','9','10','11','12') [ RunTime:0.0706s ]
NOTIC: [8] Undefined index: auccess D:\wamp\www\register_system\Application\Admin\Controller\EnterController.class.php 第 389 行.

[ 2016-05-10T11:02:20+08:00 ] ::1 /register_system/index.php/Admin/Enter/civil_admis.html
INFO: [ app_begin ] --START--
INFO: Run Behavior\ReadHtmlCacheBehavior [ RunTime:0.000949s ]
INFO: [ app_begin ] --END-- [ RunTime:0.001701s ]
SQL: SHOW COLUMNS FROM `setting` [ RunTime:0.0050s ]
SQL: SELECT * FROM `setting` LIMIT 1   [ RunTime:0.0003s ]
SQL: SHOW COLUMNS FROM `register` [ RunTime:0.0043s ]
SQL: UPDATE `register` SET `civil_status`='2' WHERE `id` IN ('1','2','3','5','7','8','9','10','11','12') AND `civil_junior` = 12 [ RunTime:0.0737s ]

